[2025-06-25 17:13:11.982 +03:00  INF]  User profile is available. Using 'C:\Users\Pro\AppData\Local\ASP.NET\DataProtection-Keys' as key repository and Windows DPAPI to encrypt keys at rest.
[2025-06-25 17:13:12.469 +03:00  WRN]  The WebRootPath was not found: D:\waslaa\api\WaslaAPI\Wasla_App\wwwroot. Static files may be unavailable.
[2025-06-25 17:13:12.822 +03:00  INF]  Now listening on: https://localhost:7283
[2025-06-25 17:13:12.823 +03:00  INF]  Now listening on: http://localhost:5074
[2025-06-25 17:13:13.033 +03:00  INF]  Application started. Press Ctrl+C to shut down.
[2025-06-25 17:13:13.034 +03:00  INF]  Hosting environment: Development
[2025-06-25 17:13:13.034 +03:00  INF]  Content root path: D:\waslaa\api\WaslaAPI\Wasla_App
[2025-06-25 17:13:13.744 +03:00  INF]  Request starting HTTP/2 GET https://localhost:7283/swagger/index.html - null null
[2025-06-25 17:13:14.131 +03:00  INF]  Request finished HTTP/2 GET https://localhost:7283/swagger/index.html - 200 null text/html;charset=utf-8 401.3819ms
[2025-06-25 17:13:14.163 +03:00  INF]  Request starting HTTP/2 GET https://localhost:7283/_framework/aspnetcore-browser-refresh.js - null null
[2025-06-25 17:13:14.165 +03:00  INF]  Request starting HTTP/2 GET https://localhost:7283/_vs/browserLink - null null
[2025-06-25 17:13:14.176 +03:00  INF]  Request finished HTTP/2 GET https://localhost:7283/_framework/aspnetcore-browser-refresh.js - 200 16503 application/javascript; charset=utf-8 13.3497ms
[2025-06-25 17:13:14.280 +03:00  INF]  Request finished HTTP/2 GET https://localhost:7283/_vs/browserLink - 200 null text/javascript; charset=UTF-8 115.1083ms
[2025-06-25 17:13:14.605 +03:00  INF]  Request starting HTTP/2 GET https://localhost:7283/swagger/v1/swagger.json - null null
[2025-06-25 17:13:14.665 +03:00  INF]  Request finished HTTP/2 GET https://localhost:7283/swagger/v1/swagger.json - 200 null application/json;charset=utf-8 60.3326ms
[2025-06-25 17:29:27.200 +03:00  INF]  User profile is available. Using 'C:\Users\Pro\AppData\Local\ASP.NET\DataProtection-Keys' as key repository and Windows DPAPI to encrypt keys at rest.
[2025-06-25 17:29:27.575 +03:00  WRN]  The WebRootPath was not found: D:\waslaa\api\WaslaAPI\Wasla_App\wwwroot. Static files may be unavailable.
[2025-06-25 17:29:27.790 +03:00  INF]  Now listening on: https://localhost:7283
[2025-06-25 17:29:27.791 +03:00  INF]  Now listening on: http://localhost:5074
[2025-06-25 17:29:28.004 +03:00  INF]  Application started. Press Ctrl+C to shut down.
[2025-06-25 17:29:28.004 +03:00  INF]  Hosting environment: Development
[2025-06-25 17:29:28.004 +03:00  INF]  Content root path: D:\waslaa\api\WaslaAPI\Wasla_App
[2025-06-25 17:29:28.991 +03:00  INF]  Request starting HTTP/2 GET https://localhost:7283/swagger/index.html - null null
[2025-06-25 17:29:30.098 +03:00  INF]  Request finished HTTP/2 GET https://localhost:7283/swagger/index.html - 200 null text/html;charset=utf-8 1120.7988ms
[2025-06-25 17:29:32.661 +03:00  INF]  Request starting HTTP/2 GET https://localhost:7283/_framework/aspnetcore-browser-refresh.js - null null
[2025-06-25 17:29:32.667 +03:00  INF]  Request finished HTTP/2 GET https://localhost:7283/_framework/aspnetcore-browser-refresh.js - 200 16503 application/javascript; charset=utf-8 6.4672ms
[2025-06-25 17:29:32.795 +03:00  INF]  Request starting HTTP/2 GET https://localhost:7283/_vs/browserLink - null null
[2025-06-25 17:29:32.868 +03:00  INF]  Request finished HTTP/2 GET https://localhost:7283/_vs/browserLink - 200 null text/javascript; charset=UTF-8 74.1714ms
[2025-06-25 17:29:33.998 +03:00  INF]  Request starting HTTP/2 GET https://localhost:7283/swagger/v1/swagger.json - null null
[2025-06-25 17:29:34.042 +03:00  INF]  Request finished HTTP/2 GET https://localhost:7283/swagger/v1/swagger.json - 200 null application/json;charset=utf-8 44.1429ms
[2025-06-25 17:29:58.937 +03:00  INF]  Request starting HTTP/2 POST https://localhost:7283/api/WaslaBrowse/GetPricingPackageWithService - application/json 59
[2025-06-25 17:29:58.968 +03:00  INF]  CORS policy execution successful.
[2025-06-25 17:30:00.801 +03:00  INF]  Executing endpoint 'Wasla_App.Controllers.WaslaBrowseController.GetPricingPackageWithService (Wasla_App)'
[2025-06-25 17:30:00.843 +03:00  INF]  Route matched with {action = "GetPricingPackageWithService", controller = "WaslaBrowse"}. Executing controller action with signature System.Threading.Tasks.Task`1[Microsoft.AspNetCore.Mvc.IActionResult] GetPricingPackageWithService(WaslaApp.Data.Models.global.LangReq) on controller Wasla_App.Controllers.WaslaBrowseController (Wasla_App).
[2025-06-25 17:30:04.036 +03:00  INF]  Executed DbCommand (119ms) [Parameters=[@__req_lang_0='?', @__ToLower_1='?'], CommandType='"Text"', CommandTimeout='30']
SELECT p.service_id, p.curr_code, p.lang_code, p.package_sale_price, p.active, p.discount_amount, p.discount_type, COALESCE(p.start_date::text, '') AS "end_dateStr", p.package_price, p.package_name, p.package_id, p.package_desc, p.start_date, p.end_date, p."order", p.package_details, s0."productName" AS service_name, p.is_recommend, p.package_code, FALSE AS "isSelected", p.is_custom, s0.service_code
FROM "PricingPackages" AS p
INNER JOIN (
    SELECT s."productId", s."productName", s.service_code
    FROM "Services" AS s
    WHERE s.lang_code = @__req_lang_0
) AS s0 ON p.service_id = s0."productId"
WHERE p.lang_code = @__req_lang_0 AND lower(p.curr_code) = @__ToLower_1 AND p.active
[2025-06-25 17:30:04.074 +03:00  INF]  Executing OkObjectResult, writing value of type 'System.Collections.Generic.List`1[[WaslaApp.Data.Models.PackagesAndServices.ServicesWithPkg, WaslaApp.Data, Version=1.0.0.0, Culture=neutral, PublicKeyToken=null]]'.
[2025-06-25 17:30:04.107 +03:00  INF]  Executed action Wasla_App.Controllers.WaslaBrowseController.GetPricingPackageWithService (Wasla_App) in 3258.4599ms
[2025-06-25 17:30:04.108 +03:00  INF]  Executed endpoint 'Wasla_App.Controllers.WaslaBrowseController.GetPricingPackageWithService (Wasla_App)'
[2025-06-25 17:30:04.118 +03:00  INF]  Request finished HTTP/2 POST https://localhost:7283/api/WaslaBrowse/GetPricingPackageWithService - 200 null application/json; charset=utf-8 5181.0395ms
[2025-06-25 17:30:13.144 +03:00  INF]  Request starting HTTP/2 POST https://localhost:7283/api/WaslaBrowse/GetPricingPackageWithService - application/json 59
[2025-06-25 17:30:13.146 +03:00  INF]  CORS policy execution successful.
[2025-06-25 17:30:13.149 +03:00  INF]  Executing endpoint 'Wasla_App.Controllers.WaslaBrowseController.GetPricingPackageWithService (Wasla_App)'
[2025-06-25 17:30:13.149 +03:00  INF]  Route matched with {action = "GetPricingPackageWithService", controller = "WaslaBrowse"}. Executing controller action with signature System.Threading.Tasks.Task`1[Microsoft.AspNetCore.Mvc.IActionResult] GetPricingPackageWithService(WaslaApp.Data.Models.global.LangReq) on controller Wasla_App.Controllers.WaslaBrowseController (Wasla_App).
[2025-06-25 17:30:13.220 +03:00  INF]  Executed DbCommand (8ms) [Parameters=[@__req_lang_0='?', @__ToLower_1='?'], CommandType='"Text"', CommandTimeout='30']
SELECT p.service_id, p.curr_code, p.lang_code, p.package_sale_price, p.active, p.discount_amount, p.discount_type, COALESCE(p.start_date::text, '') AS "end_dateStr", p.package_price, p.package_name, p.package_id, p.package_desc, p.start_date, p.end_date, p."order", p.package_details, s0."productName" AS service_name, p.is_recommend, p.package_code, FALSE AS "isSelected", p.is_custom, s0.service_code
FROM "PricingPackages" AS p
INNER JOIN (
    SELECT s."productId", s."productName", s.service_code
    FROM "Services" AS s
    WHERE s.lang_code = @__req_lang_0
) AS s0 ON p.service_id = s0."productId"
WHERE p.lang_code = @__req_lang_0 AND lower(p.curr_code) = @__ToLower_1 AND p.active
[2025-06-25 17:30:13.222 +03:00  INF]  Executing OkObjectResult, writing value of type 'System.Collections.Generic.List`1[[WaslaApp.Data.Models.PackagesAndServices.ServicesWithPkg, WaslaApp.Data, Version=1.0.0.0, Culture=neutral, PublicKeyToken=null]]'.
[2025-06-25 17:30:13.222 +03:00  INF]  Executed action Wasla_App.Controllers.WaslaBrowseController.GetPricingPackageWithService (Wasla_App) in 72.536ms
[2025-06-25 17:30:13.222 +03:00  INF]  Executed endpoint 'Wasla_App.Controllers.WaslaBrowseController.GetPricingPackageWithService (Wasla_App)'
[2025-06-25 17:30:13.222 +03:00  INF]  Request finished HTTP/2 POST https://localhost:7283/api/WaslaBrowse/GetPricingPackageWithService - 200 null application/json; charset=utf-8 78.4677ms
[2025-06-25 17:30:17.703 +03:00  INF]  Request starting HTTP/2 POST https://localhost:7283/api/WaslaBrowse/GetPricingPackageWithService - application/json 59
[2025-06-25 17:30:17.703 +03:00  INF]  CORS policy execution successful.
[2025-06-25 17:30:17.705 +03:00  INF]  Executing endpoint 'Wasla_App.Controllers.WaslaBrowseController.GetPricingPackageWithService (Wasla_App)'
[2025-06-25 17:30:17.705 +03:00  INF]  Route matched with {action = "GetPricingPackageWithService", controller = "WaslaBrowse"}. Executing controller action with signature System.Threading.Tasks.Task`1[Microsoft.AspNetCore.Mvc.IActionResult] GetPricingPackageWithService(WaslaApp.Data.Models.global.LangReq) on controller Wasla_App.Controllers.WaslaBrowseController (Wasla_App).
[2025-06-25 17:30:17.800 +03:00  INF]  Executed DbCommand (3ms) [Parameters=[@__req_lang_0='?', @__ToLower_1='?'], CommandType='"Text"', CommandTimeout='30']
SELECT p.service_id, p.curr_code, p.lang_code, p.package_sale_price, p.active, p.discount_amount, p.discount_type, COALESCE(p.start_date::text, '') AS "end_dateStr", p.package_price, p.package_name, p.package_id, p.package_desc, p.start_date, p.end_date, p."order", p.package_details, s0."productName" AS service_name, p.is_recommend, p.package_code, FALSE AS "isSelected", p.is_custom, s0.service_code
FROM "PricingPackages" AS p
INNER JOIN (
    SELECT s."productId", s."productName", s.service_code
    FROM "Services" AS s
    WHERE s.lang_code = @__req_lang_0
) AS s0 ON p.service_id = s0."productId"
WHERE p.lang_code = @__req_lang_0 AND lower(p.curr_code) = @__ToLower_1 AND p.active
[2025-06-25 17:30:17.914 +03:00  INF]  Executed DbCommand (7ms) [Parameters=[@__req_active_0='?' (DbType = Boolean), @__req_package_id_1='?' (DbType = Int32), @__req_lang_code_2='?'], CommandType='"Text"', CommandTimeout='30']
SELECT p.id, p.active, p.feature_desc, p.feature_name, p.lang_code, p.package_id
FROM "PricingPkgFeatures" AS p
WHERE p.active = @__req_active_0 AND p.package_id = @__req_package_id_1 AND p.lang_code = @__req_lang_code_2
[2025-06-25 17:30:18.008 +03:00  INF]  Executed DbCommand (1ms) [Parameters=[@__req_active_0='?' (DbType = Boolean), @__req_package_id_1='?' (DbType = Int32), @__req_lang_code_2='?'], CommandType='"Text"', CommandTimeout='30']
SELECT p.id, p.active, p.feature_desc, p.feature_name, p.lang_code, p.package_id
FROM "PricingPkgFeatures" AS p
WHERE p.active = @__req_active_0 AND p.package_id = @__req_package_id_1 AND p.lang_code = @__req_lang_code_2
[2025-06-25 17:30:18.009 +03:00  INF]  Executed DbCommand (0ms) [Parameters=[@__req_active_0='?' (DbType = Boolean), @__req_package_id_1='?' (DbType = Int32), @__req_lang_code_2='?'], CommandType='"Text"', CommandTimeout='30']
SELECT p.id, p.active, p.feature_desc, p.feature_name, p.lang_code, p.package_id
FROM "PricingPkgFeatures" AS p
WHERE p.active = @__req_active_0 AND p.package_id = @__req_package_id_1 AND p.lang_code = @__req_lang_code_2
[2025-06-25 17:30:18.010 +03:00  INF]  Executed DbCommand (0ms) [Parameters=[@__req_active_0='?' (DbType = Boolean), @__req_package_id_1='?' (DbType = Int32), @__req_lang_code_2='?'], CommandType='"Text"', CommandTimeout='30']
SELECT p.id, p.active, p.feature_desc, p.feature_name, p.lang_code, p.package_id
FROM "PricingPkgFeatures" AS p
WHERE p.active = @__req_active_0 AND p.package_id = @__req_package_id_1 AND p.lang_code = @__req_lang_code_2
[2025-06-25 17:30:18.011 +03:00  INF]  Executed DbCommand (1ms) [Parameters=[@__req_active_0='?' (DbType = Boolean), @__req_package_id_1='?' (DbType = Int32), @__req_lang_code_2='?'], CommandType='"Text"', CommandTimeout='30']
SELECT p.id, p.active, p.feature_desc, p.feature_name, p.lang_code, p.package_id
FROM "PricingPkgFeatures" AS p
WHERE p.active = @__req_active_0 AND p.package_id = @__req_package_id_1 AND p.lang_code = @__req_lang_code_2
[2025-06-25 17:30:18.012 +03:00  INF]  Executed DbCommand (1ms) [Parameters=[@__req_active_0='?' (DbType = Boolean), @__req_package_id_1='?' (DbType = Int32), @__req_lang_code_2='?'], CommandType='"Text"', CommandTimeout='30']
SELECT p.id, p.active, p.feature_desc, p.feature_name, p.lang_code, p.package_id
FROM "PricingPkgFeatures" AS p
WHERE p.active = @__req_active_0 AND p.package_id = @__req_package_id_1 AND p.lang_code = @__req_lang_code_2
[2025-06-25 17:30:18.016 +03:00  INF]  Executing OkObjectResult, writing value of type 'System.Collections.Generic.List`1[[WaslaApp.Data.Models.PackagesAndServices.ServicesWithPkg, WaslaApp.Data, Version=1.0.0.0, Culture=neutral, PublicKeyToken=null]]'.
[2025-06-25 17:30:18.039 +03:00  INF]  Executed action Wasla_App.Controllers.WaslaBrowseController.GetPricingPackageWithService (Wasla_App) in 333.3594ms
[2025-06-25 17:30:18.039 +03:00  INF]  Executed endpoint 'Wasla_App.Controllers.WaslaBrowseController.GetPricingPackageWithService (Wasla_App)'
[2025-06-25 17:30:18.039 +03:00  INF]  Request finished HTTP/2 POST https://localhost:7283/api/WaslaBrowse/GetPricingPackageWithService - 200 null application/json; charset=utf-8 336.5633ms
