[2025-05-20 10:16:29.455 +03:00  INF]  User profile is available. Using 'C:\Users\ICONS\AppData\Local\ASP.NET\DataProtection-Keys' as key repository and Windows DPAPI to encrypt keys at rest.
[2025-05-20 10:16:29.935 +03:00  WRN]  The WebRootPath was not found: D:\WaslaProjectApi\Wasla_App\Wasla_App\wwwroot. Static files may be unavailable.
[2025-05-20 10:16:30.728 +03:00  INF]  Now listening on: https://localhost:7283
[2025-05-20 10:16:30.729 +03:00  INF]  Now listening on: http://localhost:5074
[2025-05-20 10:16:31.032 +03:00  INF]  Application started. Press Ctrl+C to shut down.
[2025-05-20 10:16:31.033 +03:00  INF]  Hosting environment: Development
[2025-05-20 10:16:31.033 +03:00  INF]  Content root path: D:\WaslaProjectApi\Wasla_App\Wasla_App
[2025-05-20 10:16:33.845 +03:00  INF]  Request starting HTTP/2 GET https://localhost:7283/swagger - null null
[2025-05-20 10:16:34.091 +03:00  INF]  Request finished HTTP/2 GET https://localhost:7283/swagger - 301 0 null 260.2231ms
[2025-05-20 10:16:34.103 +03:00  INF]  Request starting HTTP/2 GET https://localhost:7283/swagger/index.html - null null
[2025-05-20 10:16:34.226 +03:00  INF]  Request finished HTTP/2 GET https://localhost:7283/swagger/index.html - 200 null text/html;charset=utf-8 122.3923ms
[2025-05-20 10:16:34.234 +03:00  INF]  Request starting HTTP/2 GET https://localhost:7283/swagger/swagger-ui.css - null null
[2025-05-20 10:16:34.235 +03:00  INF]  Request starting HTTP/2 GET https://localhost:7283/swagger/swagger-ui-standalone-preset.js - null null
[2025-05-20 10:16:34.235 +03:00  INF]  Request starting HTTP/2 GET https://localhost:7283/swagger/swagger-ui-bundle.js - null null
[2025-05-20 10:16:34.309 +03:00  INF]  Request starting HTTP/2 GET https://localhost:7283/_framework/aspnetcore-browser-refresh.js - null null
[2025-05-20 10:16:34.331 +03:00  INF]  Sending file. Request path: '/swagger-ui.css'. Physical path: 'N/A'
[2025-05-20 10:16:34.335 +03:00  INF]  Request finished HTTP/2 GET https://localhost:7283/swagger/swagger-ui.css - 200 152034 text/css 100.7443ms
[2025-05-20 10:16:34.339 +03:00  INF]  Sending file. Request path: '/swagger-ui-standalone-preset.js'. Physical path: 'N/A'
[2025-05-20 10:16:34.339 +03:00  INF]  Request finished HTTP/2 GET https://localhost:7283/swagger/swagger-ui-standalone-preset.js - 200 230280 text/javascript 104.094ms
[2025-05-20 10:16:34.341 +03:00  INF]  Request finished HTTP/2 GET https://localhost:7283/_framework/aspnetcore-browser-refresh.js - 200 13770 application/javascript; charset=utf-8 31.7548ms
[2025-05-20 10:16:34.351 +03:00  INF]  Request starting HTTP/2 GET https://localhost:7283/_vs/browserLink - null null
[2025-05-20 10:16:34.465 +03:00  INF]  Sending file. Request path: '/swagger-ui-bundle.js'. Physical path: 'N/A'
[2025-05-20 10:16:34.466 +03:00  INF]  Request finished HTTP/2 GET https://localhost:7283/swagger/swagger-ui-bundle.js - 200 1456926 text/javascript 230.82ms
[2025-05-20 10:16:34.508 +03:00  INF]  Request finished HTTP/2 GET https://localhost:7283/_vs/browserLink - 200 null text/javascript; charset=UTF-8 157.6696ms
[2025-05-20 10:16:34.798 +03:00  INF]  Request starting HTTP/2 GET https://localhost:7283/swagger/v1/swagger.json - null null
[2025-05-20 10:16:34.859 +03:00  INF]  Request finished HTTP/2 GET https://localhost:7283/swagger/v1/swagger.json - 200 null application/json;charset=utf-8 60.9033ms
[2025-05-20 10:16:34.880 +03:00  INF]  Request starting HTTP/2 GET https://localhost:7283/swagger/favicon-32x32.png - null null
[2025-05-20 10:16:34.881 +03:00  INF]  Sending file. Request path: '/favicon-32x32.png'. Physical path: 'N/A'
[2025-05-20 10:16:34.883 +03:00  INF]  Request finished HTTP/2 GET https://localhost:7283/swagger/favicon-32x32.png - 200 628 image/png 1.8029ms
[2025-05-20 10:17:08.067 +03:00  INF]  Request starting HTTP/2 POST https://localhost:7283/api/WaslaAdmin/GetProduct_Tree - application/json 18
[2025-05-20 10:17:08.081 +03:00  INF]  CORS policy execution successful.
[2025-05-20 10:17:09.817 +03:00  INF]  Executing endpoint 'Wasla_App.Controllers.WaslaAdminController.GetProduct_Tree (Wasla_App)'
[2025-05-20 10:17:09.864 +03:00  INF]  Route matched with {action = "GetProduct_Tree", controller = "WaslaAdmin"}. Executing controller action with signature System.Threading.Tasks.Task`1[Microsoft.AspNetCore.Mvc.IActionResult] GetProduct_Tree(WaslaApp.Data.Models.LangReq) on controller Wasla_App.Controllers.WaslaAdminController (Wasla_App).
[2025-05-20 10:17:12.347 +03:00  INF]  Executed DbCommand (29ms) [Parameters=[], CommandType='"Text"', CommandTimeout='30']
SELECT p."productId", p.active, p.lang_code, p.package_id, p."productName", p."productParent", p.product_desc
FROM "Product" AS p
[2025-05-20 10:17:12.512 +03:00  INF]  Executing OkObjectResult, writing value of type 'System.Collections.Generic.List`1[[WaslaApp.Data.Models.Product_Tree, WaslaApp.Data, Version=1.0.0.0, Culture=neutral, PublicKeyToken=null]]'.
[2025-05-20 10:17:12.539 +03:00  INF]  Executed action Wasla_App.Controllers.WaslaAdminController.GetProduct_Tree (Wasla_App) in 2669.2577ms
[2025-05-20 10:17:12.540 +03:00  INF]  Executed endpoint 'Wasla_App.Controllers.WaslaAdminController.GetProduct_Tree (Wasla_App)'
[2025-05-20 10:17:12.552 +03:00  INF]  Request finished HTTP/2 POST https://localhost:7283/api/WaslaAdmin/GetProduct_Tree - 200 null application/json; charset=utf-8 4485.7723ms
[2025-05-20 10:18:45.782 +03:00  INF]  Request starting HTTP/2 POST https://localhost:7283/api/WaslaAdmin/GetPricingPackage - application/json 18
[2025-05-20 10:18:45.793 +03:00  INF]  CORS policy execution successful.
[2025-05-20 10:18:45.799 +03:00  INF]  Executing endpoint 'Wasla_App.Controllers.WaslaAdminController.GetPricingPackage (Wasla_App)'
[2025-05-20 10:18:45.807 +03:00  INF]  Route matched with {action = "GetPricingPackage", controller = "WaslaAdmin"}. Executing controller action with signature System.Threading.Tasks.Task`1[Microsoft.AspNetCore.Mvc.IActionResult] GetPricingPackage(WaslaApp.Data.Models.LangReq) on controller Wasla_App.Controllers.WaslaAdminController (Wasla_App).
[2025-05-20 10:18:46.059 +03:00  INF]  Executed DbCommand (25ms) [Parameters=[@__req_lang_0='?'], CommandType='"Text"', CommandTimeout='30']
SELECT p.lang_code, p.end_date, COALESCE(p.end_date::text, '') AS "end_dateStr", p.package_desc, p.package_details, p.package_id, p.package_name, p.package_price, p.package_sale_price, p.start_date, COALESCE(p.start_date::text, '') AS "start_dateStr"
FROM "PricingPackages" AS p
WHERE p.lang_code = @__req_lang_0
[2025-05-20 10:18:46.060 +03:00  INF]  Executing OkObjectResult, writing value of type 'System.Collections.Generic.List`1[[WaslaApp.Data.Models.PricingPackageCast, WaslaApp.Data, Version=1.0.0.0, Culture=neutral, PublicKeyToken=null]]'.
[2025-05-20 10:18:46.070 +03:00  INF]  Executed action Wasla_App.Controllers.WaslaAdminController.GetPricingPackage (Wasla_App) in 263.7359ms
[2025-05-20 10:18:46.071 +03:00  INF]  Executed endpoint 'Wasla_App.Controllers.WaslaAdminController.GetPricingPackage (Wasla_App)'
[2025-05-20 10:18:46.072 +03:00  INF]  Request finished HTTP/2 POST https://localhost:7283/api/WaslaAdmin/GetPricingPackage - 200 null application/json; charset=utf-8 289.0742ms
[2025-05-20 10:19:10.312 +03:00  INF]  User profile is available. Using 'C:\Users\ICONS\AppData\Local\ASP.NET\DataProtection-Keys' as key repository and Windows DPAPI to encrypt keys at rest.
[2025-05-20 10:19:10.532 +03:00  WRN]  The WebRootPath was not found: D:\WaslaProjectApi\Wasla_App\Wasla_App\wwwroot. Static files may be unavailable.
[2025-05-20 10:19:10.739 +03:00  INF]  Now listening on: https://localhost:7283
[2025-05-20 10:19:10.739 +03:00  INF]  Now listening on: http://localhost:5074
[2025-05-20 10:19:11.227 +03:00  INF]  Application started. Press Ctrl+C to shut down.
[2025-05-20 10:19:11.228 +03:00  INF]  Hosting environment: Development
[2025-05-20 10:19:11.228 +03:00  INF]  Content root path: D:\WaslaProjectApi\Wasla_App\Wasla_App
[2025-05-20 10:19:12.259 +03:00  INF]  Request starting HTTP/2 GET https://localhost:7283/swagger/index.html - null null
[2025-05-20 10:19:12.788 +03:00  INF]  Request finished HTTP/2 GET https://localhost:7283/swagger/index.html - 200 null text/html;charset=utf-8 547.7185ms
[2025-05-20 10:19:12.846 +03:00  INF]  Request starting HTTP/2 GET https://localhost:7283/_vs/browserLink - null null
[2025-05-20 10:19:12.846 +03:00  INF]  Request starting HTTP/2 GET https://localhost:7283/_framework/aspnetcore-browser-refresh.js - null null
[2025-05-20 10:19:12.858 +03:00  INF]  Request finished HTTP/2 GET https://localhost:7283/_framework/aspnetcore-browser-refresh.js - 200 13770 application/javascript; charset=utf-8 12.2055ms
[2025-05-20 10:19:13.047 +03:00  INF]  Request finished HTTP/2 GET https://localhost:7283/_vs/browserLink - 200 null text/javascript; charset=UTF-8 201.3906ms
[2025-05-20 10:19:13.221 +03:00  INF]  Request starting HTTP/2 GET https://localhost:7283/swagger/v1/swagger.json - null null
[2025-05-20 10:19:13.274 +03:00  INF]  Request finished HTTP/2 GET https://localhost:7283/swagger/v1/swagger.json - 200 null application/json;charset=utf-8 54.8469ms
[2025-05-20 10:20:40.654 +03:00  INF]  Request starting HTTP/2 POST https://localhost:7283/api/WaslaAdmin/SavePricingPackage - application/json 309
[2025-05-20 10:20:40.662 +03:00  INF]  CORS policy execution successful.
[2025-05-20 10:20:40.817 +03:00  INF]  Executing endpoint 'Wasla_App.Controllers.WaslaAdminController.SavePricingPackage (Wasla_App)'
[2025-05-20 10:20:40.852 +03:00  INF]  Route matched with {action = "SavePricingPackage", controller = "WaslaAdmin"}. Executing controller action with signature Microsoft.AspNetCore.Mvc.IActionResult SavePricingPackage(WaslaApp.Data.Models.PricingPackageCast) on controller Wasla_App.Controllers.WaslaAdminController (Wasla_App).
[2025-05-20 10:20:54.325 +03:00  INF]  Executed DbCommand (90ms) [Parameters=[@__package_package_id_0='?' (DbType = Int32), @__package_package_name_1='?', @__package_active_2='?' (DbType = Boolean)], CommandType='"Text"', CommandTimeout='30']
SELECT p.package_id, p.active, p.end_date, p.lang_code, p.package_desc, p.package_details, p.package_name, p.package_price, p.package_sale_price, p.start_date
FROM "PricingPackages" AS p
WHERE p.package_id = @__package_package_id_0 AND p.package_name = @__package_package_name_1 AND p.active = @__package_active_2
LIMIT 2
[2025-05-20 10:20:57.372 +03:00  INF]  Executed DbCommand (4ms) [Parameters=[], CommandType='"Text"', CommandTimeout='30']
SELECT max(p.package_id)
FROM "PricingPackages" AS p
[2025-05-20 10:20:57.403 +03:00  ERR]  An exception occurred while iterating over the results of a query for context type 'WaslaApp.Data.Data.wasla_client_dbContext'.
System.InvalidOperationException: Sequence contains no elements.
   at lambda_method29(Closure, QueryContext, DbDataReader, ResultContext, SingleQueryResultCoordinator)
   at Microsoft.EntityFrameworkCore.Query.Internal.SingleQueryingEnumerable`1.Enumerator.MoveNext()
System.InvalidOperationException: Sequence contains no elements.
   at lambda_method29(Closure, QueryContext, DbDataReader, ResultContext, SingleQueryResultCoordinator)
   at Microsoft.EntityFrameworkCore.Query.Internal.SingleQueryingEnumerable`1.Enumerator.MoveNext()
[2025-05-20 10:21:08.590 +03:00  INF]  Executing OkObjectResult, writing value of type 'WaslaApp.Data.Models.ResponseCls'.
[2025-05-20 10:21:08.617 +03:00  INF]  Executed action Wasla_App.Controllers.WaslaAdminController.SavePricingPackage (Wasla_App) in 27759.0202ms
[2025-05-20 10:21:08.617 +03:00  INF]  Executed endpoint 'Wasla_App.Controllers.WaslaAdminController.SavePricingPackage (Wasla_App)'
[2025-05-20 10:21:08.633 +03:00  INF]  Request finished HTTP/2 POST https://localhost:7283/api/WaslaAdmin/SavePricingPackage - 200 null application/json; charset=utf-8 27982.6842ms
[2025-05-20 10:22:34.307 +03:00  INF]  User profile is available. Using 'C:\Users\ICONS\AppData\Local\ASP.NET\DataProtection-Keys' as key repository and Windows DPAPI to encrypt keys at rest.
[2025-05-20 10:22:34.448 +03:00  WRN]  The WebRootPath was not found: D:\WaslaProjectApi\Wasla_App\Wasla_App\wwwroot. Static files may be unavailable.
[2025-05-20 10:22:34.630 +03:00  INF]  Now listening on: https://localhost:7283
[2025-05-20 10:22:34.631 +03:00  INF]  Now listening on: http://localhost:5074
[2025-05-20 10:22:34.814 +03:00  INF]  Application started. Press Ctrl+C to shut down.
[2025-05-20 10:22:34.815 +03:00  INF]  Hosting environment: Development
[2025-05-20 10:22:34.815 +03:00  INF]  Content root path: D:\WaslaProjectApi\Wasla_App\Wasla_App
[2025-05-20 10:22:36.372 +03:00  INF]  Request starting HTTP/2 GET https://localhost:7283/swagger/index.html - null null
[2025-05-20 10:22:36.850 +03:00  INF]  Request finished HTTP/2 GET https://localhost:7283/swagger/index.html - 200 null text/html;charset=utf-8 494.1797ms
[2025-05-20 10:22:37.045 +03:00  INF]  Request starting HTTP/2 GET https://localhost:7283/_framework/aspnetcore-browser-refresh.js - null null
[2025-05-20 10:22:37.045 +03:00  INF]  Request starting HTTP/2 GET https://localhost:7283/_vs/browserLink - null null
[2025-05-20 10:22:37.062 +03:00  INF]  Request finished HTTP/2 GET https://localhost:7283/_framework/aspnetcore-browser-refresh.js - 200 13770 application/javascript; charset=utf-8 16.8237ms
[2025-05-20 10:22:37.140 +03:00  INF]  Request finished HTTP/2 GET https://localhost:7283/_vs/browserLink - 200 null text/javascript; charset=UTF-8 94.9513ms
[2025-05-20 10:22:37.240 +03:00  INF]  Request starting HTTP/2 GET https://localhost:7283/swagger/v1/swagger.json - null null
[2025-05-20 10:22:37.311 +03:00  INF]  Request finished HTTP/2 GET https://localhost:7283/swagger/v1/swagger.json - 200 null application/json;charset=utf-8 71.7177ms
[2025-05-20 10:24:43.508 +03:00  INF]  Request starting HTTP/2 POST https://localhost:7283/api/WaslaAdmin/SavePricingPackage - application/json 309
[2025-05-20 10:24:43.531 +03:00  INF]  CORS policy execution successful.
[2025-05-20 10:24:43.691 +03:00  INF]  Executing endpoint 'Wasla_App.Controllers.WaslaAdminController.SavePricingPackage (Wasla_App)'
[2025-05-20 10:24:43.748 +03:00  INF]  Route matched with {action = "SavePricingPackage", controller = "WaslaAdmin"}. Executing controller action with signature Microsoft.AspNetCore.Mvc.IActionResult SavePricingPackage(WaslaApp.Data.Models.PricingPackageCast) on controller Wasla_App.Controllers.WaslaAdminController (Wasla_App).
[2025-05-20 10:24:50.081 +03:00  INF]  Executed DbCommand (28ms) [Parameters=[], CommandType='"Text"', CommandTimeout='30']
SELECT count(*)::int
FROM "PricingPackages" AS p
[2025-05-20 10:24:52.793 +03:00  INF]  Executed DbCommand (45ms) [Parameters=[@p0='?' (DbType = Int32), @p1='?' (DbType = Boolean), @p2='?' (DbType = DateTime2), @p3='?', @p4='?', @p5='?', @p6='?', @p7='?' (DbType = Decimal), @p8='?' (DbType = Decimal), @p9='?' (DbType = DateTime2)], CommandType='"Text"', CommandTimeout='30']
INSERT INTO "PricingPackages" (package_id, active, end_date, lang_code, package_desc, package_details, package_name, package_price, package_sale_price, start_date)
VALUES (@p0, @p1, @p2, @p3, @p4, @p5, @p6, @p7, @p8, @p9);
[2025-05-20 10:24:56.577 +03:00  INF]  Executing OkObjectResult, writing value of type 'WaslaApp.Data.Models.ResponseCls'.
[2025-05-20 10:24:56.595 +03:00  INF]  Executed action Wasla_App.Controllers.WaslaAdminController.SavePricingPackage (Wasla_App) in 12841.7649ms
[2025-05-20 10:24:56.595 +03:00  INF]  Executed endpoint 'Wasla_App.Controllers.WaslaAdminController.SavePricingPackage (Wasla_App)'
[2025-05-20 10:24:56.607 +03:00  INF]  Request finished HTTP/2 POST https://localhost:7283/api/WaslaAdmin/SavePricingPackage - 200 null application/json; charset=utf-8 13100.3124ms
[2025-05-20 10:25:49.661 +03:00  INF]  Request starting HTTP/2 POST https://localhost:7283/api/WaslaAdmin/SavePricingPackage - application/json 309
[2025-05-20 10:25:49.662 +03:00  INF]  CORS policy execution successful.
[2025-05-20 10:25:49.668 +03:00  INF]  Executing endpoint 'Wasla_App.Controllers.WaslaAdminController.SavePricingPackage (Wasla_App)'
[2025-05-20 10:25:49.669 +03:00  INF]  Route matched with {action = "SavePricingPackage", controller = "WaslaAdmin"}. Executing controller action with signature Microsoft.AspNetCore.Mvc.IActionResult SavePricingPackage(WaslaApp.Data.Models.PricingPackageCast) on controller Wasla_App.Controllers.WaslaAdminController (Wasla_App).
[2025-05-20 10:25:54.325 +03:00  INF]  Executed DbCommand (1ms) [Parameters=[], CommandType='"Text"', CommandTimeout='30']
SELECT count(*)::int
FROM "PricingPackages" AS p
[2025-05-20 10:25:56.198 +03:00  INF]  Executed DbCommand (2ms) [Parameters=[@__package_package_id_0='?' (DbType = Int32), @__package_package_name_1='?', @__package_active_2='?' (DbType = Boolean)], CommandType='"Text"', CommandTimeout='30']
SELECT p.package_id, p.active, p.end_date, p.lang_code, p.package_desc, p.package_details, p.package_name, p.package_price, p.package_sale_price, p.start_date
FROM "PricingPackages" AS p
WHERE p.package_id = @__package_package_id_0 AND p.package_name = @__package_package_name_1 AND p.active = @__package_active_2
LIMIT 2
[2025-05-20 10:25:58.588 +03:00  INF]  Executed DbCommand (4ms) [Parameters=[], CommandType='"Text"', CommandTimeout='30']
SELECT max(p.package_id)
FROM "PricingPackages" AS p
[2025-05-20 10:25:58.591 +03:00  INF]  Executed DbCommand (1ms) [Parameters=[@p0='?' (DbType = Int32), @p1='?' (DbType = Boolean), @p2='?' (DbType = DateTime2), @p3='?', @p4='?', @p5='?', @p6='?', @p7='?' (DbType = Decimal), @p8='?' (DbType = Decimal), @p9='?' (DbType = DateTime2)], CommandType='"Text"', CommandTimeout='30']
INSERT INTO "PricingPackages" (package_id, active, end_date, lang_code, package_desc, package_details, package_name, package_price, package_sale_price, start_date)
VALUES (@p0, @p1, @p2, @p3, @p4, @p5, @p6, @p7, @p8, @p9);
[2025-05-20 10:25:58.593 +03:00  INF]  Executing OkObjectResult, writing value of type 'WaslaApp.Data.Models.ResponseCls'.
[2025-05-20 10:25:58.594 +03:00  INF]  Executed action Wasla_App.Controllers.WaslaAdminController.SavePricingPackage (Wasla_App) in 8924.8547ms
[2025-05-20 10:25:58.594 +03:00  INF]  Executed endpoint 'Wasla_App.Controllers.WaslaAdminController.SavePricingPackage (Wasla_App)'
[2025-05-20 10:25:58.594 +03:00  INF]  Request finished HTTP/2 POST https://localhost:7283/api/WaslaAdmin/SavePricingPackage - 200 null application/json; charset=utf-8 8934.3319ms
[2025-05-20 10:26:20.733 +03:00  INF]  Request starting HTTP/2 POST https://localhost:7283/api/WaslaAdmin/SavePricingPackage - application/json 309
[2025-05-20 10:26:20.735 +03:00  INF]  CORS policy execution successful.
[2025-05-20 10:26:20.739 +03:00  INF]  Executing endpoint 'Wasla_App.Controllers.WaslaAdminController.SavePricingPackage (Wasla_App)'
[2025-05-20 10:26:20.739 +03:00  INF]  Route matched with {action = "SavePricingPackage", controller = "WaslaAdmin"}. Executing controller action with signature Microsoft.AspNetCore.Mvc.IActionResult SavePricingPackage(WaslaApp.Data.Models.PricingPackageCast) on controller Wasla_App.Controllers.WaslaAdminController (Wasla_App).
[2025-05-20 10:26:28.044 +03:00  INF]  Executed DbCommand (1ms) [Parameters=[], CommandType='"Text"', CommandTimeout='30']
SELECT count(*)::int
FROM "PricingPackages" AS p
[2025-05-20 10:26:49.177 +03:00  INF]  Executed DbCommand (1ms) [Parameters=[@__package_package_id_0='?' (DbType = Int32), @__package_package_name_1='?', @__package_active_2='?' (DbType = Boolean)], CommandType='"Text"', CommandTimeout='30']
SELECT p.package_id, p.active, p.end_date, p.lang_code, p.package_desc, p.package_details, p.package_name, p.package_price, p.package_sale_price, p.start_date
FROM "PricingPackages" AS p
WHERE p.package_id = @__package_package_id_0 AND p.package_name = @__package_package_name_1 AND p.active = @__package_active_2
LIMIT 2
[2025-05-20 10:28:05.039 +03:00  INF]  Executed DbCommand (1ms) [Parameters=[], CommandType='"Text"', CommandTimeout='30']
SELECT max(p.package_id)
FROM "PricingPackages" AS p
[2025-05-20 10:28:05.042 +03:00  INF]  Executed DbCommand (1ms) [Parameters=[@p0='?' (DbType = Int32), @p1='?' (DbType = Boolean), @p2='?' (DbType = DateTime2), @p3='?', @p4='?', @p5='?', @p6='?', @p7='?' (DbType = Decimal), @p8='?' (DbType = Decimal), @p9='?' (DbType = DateTime2)], CommandType='"Text"', CommandTimeout='30']
INSERT INTO "PricingPackages" (package_id, active, end_date, lang_code, package_desc, package_details, package_name, package_price, package_sale_price, start_date)
VALUES (@p0, @p1, @p2, @p3, @p4, @p5, @p6, @p7, @p8, @p9);
[2025-05-20 10:28:05.042 +03:00  INF]  Executing OkObjectResult, writing value of type 'WaslaApp.Data.Models.ResponseCls'.
[2025-05-20 10:28:05.043 +03:00  INF]  Executed action Wasla_App.Controllers.WaslaAdminController.SavePricingPackage (Wasla_App) in 104303.4897ms
[2025-05-20 10:28:05.043 +03:00  INF]  Executed endpoint 'Wasla_App.Controllers.WaslaAdminController.SavePricingPackage (Wasla_App)'
[2025-05-20 10:28:05.043 +03:00  INF]  Request finished HTTP/2 POST https://localhost:7283/api/WaslaAdmin/SavePricingPackage - 200 null application/json; charset=utf-8 104310.1784ms
[2025-05-20 10:28:06.102 +03:00  INF]  Request starting HTTP/2 GET https://localhost:7283/swagger/index.html - null null
[2025-05-20 10:28:06.180 +03:00  INF]  Request finished HTTP/2 GET https://localhost:7283/swagger/index.html - 200 null text/html;charset=utf-8 78.3224ms
[2025-05-20 10:28:06.420 +03:00  INF]  Request starting HTTP/2 GET https://localhost:7283/_framework/aspnetcore-browser-refresh.js - null null
[2025-05-20 10:28:06.427 +03:00  INF]  Request starting HTTP/2 GET https://localhost:7283/_vs/browserLink - null null
[2025-05-20 10:28:06.443 +03:00  INF]  Request finished HTTP/2 GET https://localhost:7283/_framework/aspnetcore-browser-refresh.js - 200 13770 application/javascript; charset=utf-8 24.5066ms
[2025-05-20 10:28:06.545 +03:00  INF]  Request finished HTTP/2 GET https://localhost:7283/_vs/browserLink - 200 null text/javascript; charset=UTF-8 117.9126ms
[2025-05-20 10:28:06.667 +03:00  INF]  Request starting HTTP/2 GET https://localhost:7283/swagger/v1/swagger.json - null null
[2025-05-20 10:28:06.801 +03:00  INF]  Request finished HTTP/2 GET https://localhost:7283/swagger/v1/swagger.json - 200 null application/json;charset=utf-8 134.0478ms
[2025-05-20 10:28:22.396 +03:00  INF]  User profile is available. Using 'C:\Users\ICONS\AppData\Local\ASP.NET\DataProtection-Keys' as key repository and Windows DPAPI to encrypt keys at rest.
[2025-05-20 10:28:22.566 +03:00  WRN]  The WebRootPath was not found: D:\WaslaProjectApi\Wasla_App\Wasla_App\wwwroot. Static files may be unavailable.
[2025-05-20 10:28:22.768 +03:00  INF]  Now listening on: https://localhost:7283
[2025-05-20 10:28:22.769 +03:00  INF]  Now listening on: http://localhost:5074
[2025-05-20 10:28:22.987 +03:00  INF]  Application started. Press Ctrl+C to shut down.
[2025-05-20 10:28:22.988 +03:00  INF]  Hosting environment: Development
[2025-05-20 10:28:22.988 +03:00  INF]  Content root path: D:\WaslaProjectApi\Wasla_App\Wasla_App
[2025-05-20 10:28:24.460 +03:00  INF]  Request starting HTTP/2 GET https://localhost:7283/swagger/index.html - null null
[2025-05-20 10:28:24.975 +03:00  INF]  Request finished HTTP/2 GET https://localhost:7283/swagger/index.html - 200 null text/html;charset=utf-8 533.7181ms
[2025-05-20 10:28:24.996 +03:00  INF]  Request starting HTTP/2 GET https://localhost:7283/_vs/browserLink - null null
[2025-05-20 10:28:24.996 +03:00  INF]  Request starting HTTP/2 GET https://localhost:7283/_framework/aspnetcore-browser-refresh.js - null null
[2025-05-20 10:28:25.012 +03:00  INF]  Request finished HTTP/2 GET https://localhost:7283/_framework/aspnetcore-browser-refresh.js - 200 13770 application/javascript; charset=utf-8 15.2489ms
[2025-05-20 10:28:25.130 +03:00  INF]  Request finished HTTP/2 GET https://localhost:7283/_vs/browserLink - 200 null text/javascript; charset=UTF-8 133.5604ms
[2025-05-20 10:28:25.225 +03:00  INF]  Request starting HTTP/2 GET https://localhost:7283/swagger/v1/swagger.json - null null
[2025-05-20 10:28:25.308 +03:00  INF]  Request finished HTTP/2 GET https://localhost:7283/swagger/v1/swagger.json - 200 null application/json;charset=utf-8 83.6248ms
[2025-05-20 10:38:27.689 +03:00  INF]  Request starting HTTP/2 POST https://localhost:7283/api/WaslaAdmin/SavePricingPackage - application/json 309
[2025-05-20 10:38:27.699 +03:00  INF]  CORS policy execution successful.
[2025-05-20 10:38:27.873 +03:00  INF]  Executing endpoint 'Wasla_App.Controllers.WaslaAdminController.SavePricingPackage (Wasla_App)'
[2025-05-20 10:38:27.921 +03:00  INF]  Route matched with {action = "SavePricingPackage", controller = "WaslaAdmin"}. Executing controller action with signature Microsoft.AspNetCore.Mvc.IActionResult SavePricingPackage(WaslaApp.Data.Models.PricingPackageCast) on controller Wasla_App.Controllers.WaslaAdminController (Wasla_App).
[2025-05-20 10:38:36.057 +03:00  INF]  Executed DbCommand (157ms) [Parameters=[], CommandType='"Text"', CommandTimeout='30']
SELECT count(*)::int
FROM "PricingPackages" AS p
[2025-05-20 10:38:39.036 +03:00  INF]  Executed DbCommand (27ms) [Parameters=[@p0='?' (DbType = Int32), @p1='?' (DbType = Boolean), @p2='?' (DbType = DateTime2), @p3='?', @p4='?', @p5='?', @p6='?', @p7='?' (DbType = Decimal), @p8='?' (DbType = Decimal), @p9='?' (DbType = DateTime2)], CommandType='"Text"', CommandTimeout='30']
INSERT INTO "PricingPackages" (package_id, active, end_date, lang_code, package_desc, package_details, package_name, package_price, package_sale_price, start_date)
VALUES (@p0, @p1, @p2, @p3, @p4, @p5, @p6, @p7, @p8, @p9);
[2025-05-20 10:38:39.051 +03:00  INF]  Executing OkObjectResult, writing value of type 'WaslaApp.Data.Models.ResponseCls'.
[2025-05-20 10:38:39.066 +03:00  INF]  Executed action Wasla_App.Controllers.WaslaAdminController.SavePricingPackage (Wasla_App) in 11139.4438ms
[2025-05-20 10:38:39.066 +03:00  INF]  Executed endpoint 'Wasla_App.Controllers.WaslaAdminController.SavePricingPackage (Wasla_App)'
[2025-05-20 10:38:39.076 +03:00  INF]  Request finished HTTP/2 POST https://localhost:7283/api/WaslaAdmin/SavePricingPackage - 200 null application/json; charset=utf-8 11387.6805ms
[2025-05-20 10:38:47.156 +03:00  INF]  Request starting HTTP/2 POST https://localhost:7283/api/WaslaAdmin/SavePricingPackage - application/json 309
[2025-05-20 10:38:47.157 +03:00  INF]  CORS policy execution successful.
[2025-05-20 10:38:47.164 +03:00  INF]  Executing endpoint 'Wasla_App.Controllers.WaslaAdminController.SavePricingPackage (Wasla_App)'
[2025-05-20 10:38:47.165 +03:00  INF]  Route matched with {action = "SavePricingPackage", controller = "WaslaAdmin"}. Executing controller action with signature Microsoft.AspNetCore.Mvc.IActionResult SavePricingPackage(WaslaApp.Data.Models.PricingPackageCast) on controller Wasla_App.Controllers.WaslaAdminController (Wasla_App).
[2025-05-20 10:38:51.796 +03:00  INF]  Executed DbCommand (1ms) [Parameters=[], CommandType='"Text"', CommandTimeout='30']
SELECT count(*)::int
FROM "PricingPackages" AS p
[2025-05-20 10:38:53.552 +03:00  INF]  Executed DbCommand (2ms) [Parameters=[@__package_package_name_0='?', @__package_active_1='?' (DbType = Boolean)], CommandType='"Text"', CommandTimeout='30']
SELECT p.package_id, p.active, p.end_date, p.lang_code, p.package_desc, p.package_details, p.package_name, p.package_price, p.package_sale_price, p.start_date
FROM "PricingPackages" AS p
WHERE p.package_name = @__package_package_name_0 AND p.active = @__package_active_1
LIMIT 2
[2025-05-20 10:38:56.482 +03:00  INF]  Executing OkObjectResult, writing value of type 'WaslaApp.Data.Models.ResponseCls'.
[2025-05-20 10:38:56.483 +03:00  INF]  Executed action Wasla_App.Controllers.WaslaAdminController.SavePricingPackage (Wasla_App) in 9318.3656ms
[2025-05-20 10:38:56.483 +03:00  INF]  Executed endpoint 'Wasla_App.Controllers.WaslaAdminController.SavePricingPackage (Wasla_App)'
[2025-05-20 10:38:56.484 +03:00  INF]  Request finished HTTP/2 POST https://localhost:7283/api/WaslaAdmin/SavePricingPackage - 200 null application/json; charset=utf-8 9328.5411ms
[2025-05-20 10:39:15.555 +03:00  INF]  Request starting HTTP/2 POST https://localhost:7283/api/WaslaAdmin/SavePricingPackage - application/json 307
[2025-05-20 10:39:15.563 +03:00  INF]  CORS policy execution successful.
[2025-05-20 10:39:15.569 +03:00  INF]  Executing endpoint 'Wasla_App.Controllers.WaslaAdminController.SavePricingPackage (Wasla_App)'
[2025-05-20 10:39:15.569 +03:00  INF]  Route matched with {action = "SavePricingPackage", controller = "WaslaAdmin"}. Executing controller action with signature Microsoft.AspNetCore.Mvc.IActionResult SavePricingPackage(WaslaApp.Data.Models.PricingPackageCast) on controller Wasla_App.Controllers.WaslaAdminController (Wasla_App).
[2025-05-20 10:39:16.780 +03:00  INF]  Executed DbCommand (1ms) [Parameters=[], CommandType='"Text"', CommandTimeout='30']
SELECT count(*)::int
FROM "PricingPackages" AS p
[2025-05-20 10:39:16.786 +03:00  INF]  Executed DbCommand (1ms) [Parameters=[@__package_package_name_0='?', @__package_active_1='?' (DbType = Boolean)], CommandType='"Text"', CommandTimeout='30']
SELECT p.package_id, p.active, p.end_date, p.lang_code, p.package_desc, p.package_details, p.package_name, p.package_price, p.package_sale_price, p.start_date
FROM "PricingPackages" AS p
WHERE p.package_name = @__package_package_name_0 AND p.active = @__package_active_1
LIMIT 2
[2025-05-20 10:39:16.803 +03:00  INF]  Executed DbCommand (2ms) [Parameters=[], CommandType='"Text"', CommandTimeout='30']
SELECT max(p.package_id)
FROM "PricingPackages" AS p
[2025-05-20 10:39:16.807 +03:00  INF]  Executed DbCommand (1ms) [Parameters=[@p0='?' (DbType = Int32), @p1='?' (DbType = Boolean), @p2='?' (DbType = DateTime2), @p3='?', @p4='?', @p5='?', @p6='?', @p7='?' (DbType = Decimal), @p8='?' (DbType = Decimal), @p9='?' (DbType = DateTime2)], CommandType='"Text"', CommandTimeout='30']
INSERT INTO "PricingPackages" (package_id, active, end_date, lang_code, package_desc, package_details, package_name, package_price, package_sale_price, start_date)
VALUES (@p0, @p1, @p2, @p3, @p4, @p5, @p6, @p7, @p8, @p9);
[2025-05-20 10:39:16.808 +03:00  INF]  Executing OkObjectResult, writing value of type 'WaslaApp.Data.Models.ResponseCls'.
[2025-05-20 10:39:16.809 +03:00  INF]  Executed action Wasla_App.Controllers.WaslaAdminController.SavePricingPackage (Wasla_App) in 1239.6713ms
[2025-05-20 10:39:16.809 +03:00  INF]  Executed endpoint 'Wasla_App.Controllers.WaslaAdminController.SavePricingPackage (Wasla_App)'
[2025-05-20 10:39:16.809 +03:00  INF]  Request finished HTTP/2 POST https://localhost:7283/api/WaslaAdmin/SavePricingPackage - 200 null application/json; charset=utf-8 1253.8423ms
[2025-05-20 10:39:35.652 +03:00  INF]  Request starting HTTP/2 POST https://localhost:7283/api/WaslaAdmin/GetPricingPackage - application/json 18
[2025-05-20 10:39:35.652 +03:00  INF]  CORS policy execution successful.
[2025-05-20 10:39:35.652 +03:00  INF]  Executing endpoint 'Wasla_App.Controllers.WaslaAdminController.GetPricingPackage (Wasla_App)'
[2025-05-20 10:39:35.676 +03:00  INF]  Route matched with {action = "GetPricingPackage", controller = "WaslaAdmin"}. Executing controller action with signature System.Threading.Tasks.Task`1[Microsoft.AspNetCore.Mvc.IActionResult] GetPricingPackage(WaslaApp.Data.Models.LangReq) on controller Wasla_App.Controllers.WaslaAdminController (Wasla_App).
[2025-05-20 10:39:37.308 +03:00  INF]  Executed DbCommand (30ms) [Parameters=[@__req_lang_0='?'], CommandType='"Text"', CommandTimeout='30']
SELECT p.lang_code, p.end_date, COALESCE(p.end_date::text, '') AS "end_dateStr", p.package_desc, p.package_details, p.package_id, p.package_name, p.package_price, p.package_sale_price, p.start_date, COALESCE(p.start_date::text, '') AS "start_dateStr"
FROM "PricingPackages" AS p
WHERE p.lang_code = @__req_lang_0
[2025-05-20 10:39:37.335 +03:00  INF]  Executing OkObjectResult, writing value of type 'System.Collections.Generic.List`1[[WaslaApp.Data.Models.PricingPackageCast, WaslaApp.Data, Version=1.0.0.0, Culture=neutral, PublicKeyToken=null]]'.
[2025-05-20 10:39:37.351 +03:00  INF]  Executed action Wasla_App.Controllers.WaslaAdminController.GetPricingPackage (Wasla_App) in 1674.5314ms
[2025-05-20 10:39:37.352 +03:00  INF]  Executed endpoint 'Wasla_App.Controllers.WaslaAdminController.GetPricingPackage (Wasla_App)'
[2025-05-20 10:39:37.354 +03:00  INF]  Request finished HTTP/2 POST https://localhost:7283/api/WaslaAdmin/GetPricingPackage - 200 null application/json; charset=utf-8 1703.0445ms
[2025-05-20 10:40:04.017 +03:00  INF]  Request starting HTTP/2 POST https://localhost:7283/api/WaslaAdmin/GetPricingPackage - application/json 18
[2025-05-20 10:40:04.017 +03:00  INF]  CORS policy execution successful.
[2025-05-20 10:40:04.018 +03:00  INF]  Executing endpoint 'Wasla_App.Controllers.WaslaAdminController.GetPricingPackage (Wasla_App)'
[2025-05-20 10:40:04.018 +03:00  INF]  Route matched with {action = "GetPricingPackage", controller = "WaslaAdmin"}. Executing controller action with signature System.Threading.Tasks.Task`1[Microsoft.AspNetCore.Mvc.IActionResult] GetPricingPackage(WaslaApp.Data.Models.LangReq) on controller Wasla_App.Controllers.WaslaAdminController (Wasla_App).
[2025-05-20 10:40:06.384 +03:00  INF]  Executed DbCommand (1ms) [Parameters=[@__req_lang_0='?'], CommandType='"Text"', CommandTimeout='30']
SELECT p.lang_code, p.end_date, COALESCE(p.end_date::text, '') AS "end_dateStr", p.package_desc, p.package_details, p.package_id, p.package_name, p.package_price, p.package_sale_price, p.start_date, COALESCE(p.start_date::text, '') AS "start_dateStr"
FROM "PricingPackages" AS p
WHERE p.lang_code = @__req_lang_0
[2025-05-20 10:40:06.385 +03:00  INF]  Executing OkObjectResult, writing value of type 'System.Collections.Generic.List`1[[WaslaApp.Data.Models.PricingPackageCast, WaslaApp.Data, Version=1.0.0.0, Culture=neutral, PublicKeyToken=null]]'.
[2025-05-20 10:40:06.385 +03:00  INF]  Executed action Wasla_App.Controllers.WaslaAdminController.GetPricingPackage (Wasla_App) in 2367.525ms
[2025-05-20 10:40:06.385 +03:00  INF]  Executed endpoint 'Wasla_App.Controllers.WaslaAdminController.GetPricingPackage (Wasla_App)'
[2025-05-20 10:40:06.386 +03:00  INF]  Request finished HTTP/2 POST https://localhost:7283/api/WaslaAdmin/GetPricingPackage - 200 null application/json; charset=utf-8 2369.9191ms
[2025-05-20 10:40:55.549 +03:00  INF]  Request starting HTTP/2 POST https://localhost:7283/api/WaslaAdmin/AssignPackageToServices - application/json 52
[2025-05-20 10:40:55.549 +03:00  INF]  CORS policy execution successful.
[2025-05-20 10:40:55.549 +03:00  INF]  Executing endpoint 'Wasla_App.Controllers.WaslaAdminController.AssignPackageToServices (Wasla_App)'
[2025-05-20 10:40:55.552 +03:00  INF]  Route matched with {action = "AssignPackageToServices", controller = "WaslaAdmin"}. Executing controller action with signature Microsoft.AspNetCore.Mvc.IActionResult AssignPackageToServices(WaslaApp.Data.Models.PackageServiceAssignReq) on controller Wasla_App.Controllers.WaslaAdminController (Wasla_App).
[2025-05-20 10:41:06.325 +03:00  INF]  Executed DbCommand (77ms) [Parameters=[@__req_product_ids_0='?' (DbType = Object)], CommandType='"Text"', CommandTimeout='30']
SELECT p."productId", p.active, p.lang_code, p.package_id, p."productName", p."productParent", p.product_desc
FROM "Product" AS p
WHERE p."productId" = ANY (@__req_product_ids_0)
[2025-05-20 10:41:09.394 +03:00  INF]  Executed DbCommand (9ms) [Parameters=[@p1='?' (DbType = Int32), @p0='?' (DbType = Int32), @p3='?' (DbType = Int32), @p2='?' (DbType = Int32)], CommandType='"Text"', CommandTimeout='30']
UPDATE "Product" SET package_id = @p0
WHERE "productId" = @p1;
UPDATE "Product" SET package_id = @p2
WHERE "productId" = @p3;
[2025-05-20 10:41:11.354 +03:00  INF]  Executing OkObjectResult, writing value of type 'WaslaApp.Data.Models.ResponseCls'.
[2025-05-20 10:41:11.354 +03:00  INF]  Executed action Wasla_App.Controllers.WaslaAdminController.AssignPackageToServices (Wasla_App) in 15802.019ms
[2025-05-20 10:41:11.355 +03:00  INF]  Executed endpoint 'Wasla_App.Controllers.WaslaAdminController.AssignPackageToServices (Wasla_App)'
[2025-05-20 10:41:11.355 +03:00  INF]  Request finished HTTP/2 POST https://localhost:7283/api/WaslaAdmin/AssignPackageToServices - 200 null application/json; charset=utf-8 15806.8587ms
[2025-05-20 10:41:44.397 +03:00  INF]  Request starting HTTP/2 POST https://localhost:7283/api/WaslaAdmin/AssignPackageToServices - application/json 52
[2025-05-20 10:41:44.397 +03:00  INF]  CORS policy execution successful.
[2025-05-20 10:41:44.398 +03:00  INF]  Executing endpoint 'Wasla_App.Controllers.WaslaAdminController.AssignPackageToServices (Wasla_App)'
[2025-05-20 10:41:44.398 +03:00  INF]  Route matched with {action = "AssignPackageToServices", controller = "WaslaAdmin"}. Executing controller action with signature Microsoft.AspNetCore.Mvc.IActionResult AssignPackageToServices(WaslaApp.Data.Models.PackageServiceAssignReq) on controller Wasla_App.Controllers.WaslaAdminController (Wasla_App).
[2025-05-20 10:41:49.065 +03:00  INF]  Executed DbCommand (1ms) [Parameters=[@__req_product_ids_0='?' (DbType = Object)], CommandType='"Text"', CommandTimeout='30']
SELECT p."productId", p.active, p.lang_code, p.package_id, p."productName", p."productParent", p.product_desc
FROM "Product" AS p
WHERE p."productId" = ANY (@__req_product_ids_0)
[2025-05-20 10:41:50.785 +03:00  INF]  Executing OkObjectResult, writing value of type 'WaslaApp.Data.Models.ResponseCls'.
[2025-05-20 10:41:50.785 +03:00  INF]  Executed action Wasla_App.Controllers.WaslaAdminController.AssignPackageToServices (Wasla_App) in 6386.8754ms
[2025-05-20 10:41:50.785 +03:00  INF]  Executed endpoint 'Wasla_App.Controllers.WaslaAdminController.AssignPackageToServices (Wasla_App)'
[2025-05-20 10:41:50.785 +03:00  INF]  Request finished HTTP/2 POST https://localhost:7283/api/WaslaAdmin/AssignPackageToServices - 200 null application/json; charset=utf-8 6388.227ms
[2025-05-20 10:42:07.828 +03:00  INF]  Request starting HTTP/2 POST https://localhost:7283/api/WaslaAdmin/AssignPackageToServices - application/json 52
[2025-05-20 10:42:07.828 +03:00  INF]  CORS policy execution successful.
[2025-05-20 10:42:07.831 +03:00  INF]  Executing endpoint 'Wasla_App.Controllers.WaslaAdminController.AssignPackageToServices (Wasla_App)'
[2025-05-20 10:42:07.831 +03:00  INF]  Route matched with {action = "AssignPackageToServices", controller = "WaslaAdmin"}. Executing controller action with signature Microsoft.AspNetCore.Mvc.IActionResult AssignPackageToServices(WaslaApp.Data.Models.PackageServiceAssignReq) on controller Wasla_App.Controllers.WaslaAdminController (Wasla_App).
[2025-05-20 10:42:11.999 +03:00  INF]  Executed DbCommand (1ms) [Parameters=[@__req_product_ids_0='?' (DbType = Object)], CommandType='"Text"', CommandTimeout='30']
SELECT p."productId", p.active, p.lang_code, p.package_id, p."productName", p."productParent", p.product_desc
FROM "Product" AS p
WHERE p."productId" = ANY (@__req_product_ids_0)
[2025-05-20 10:42:12.977 +03:00  INF]  Executed DbCommand (1ms) [Parameters=[@p1='?' (DbType = Int32), @p0='?' (DbType = Int32), @p3='?' (DbType = Int32), @p2='?' (DbType = Int32)], CommandType='"Text"', CommandTimeout='30']
UPDATE "Product" SET package_id = @p0
WHERE "productId" = @p1;
UPDATE "Product" SET package_id = @p2
WHERE "productId" = @p3;
[2025-05-20 10:42:14.402 +03:00  INF]  Executing OkObjectResult, writing value of type 'WaslaApp.Data.Models.ResponseCls'.
[2025-05-20 10:42:14.402 +03:00  INF]  Executed action Wasla_App.Controllers.WaslaAdminController.AssignPackageToServices (Wasla_App) in 6571.2307ms
[2025-05-20 10:42:14.402 +03:00  INF]  Executed endpoint 'Wasla_App.Controllers.WaslaAdminController.AssignPackageToServices (Wasla_App)'
[2025-05-20 10:42:14.402 +03:00  INF]  Request finished HTTP/2 POST https://localhost:7283/api/WaslaAdmin/AssignPackageToServices - 200 null application/json; charset=utf-8 6574.8056ms
[2025-05-20 10:43:06.926 +03:00  INF]  Request starting HTTP/2 POST https://localhost:7283/api/WaslaAdmin/GetProduct_Tree - application/json 18
[2025-05-20 10:43:06.926 +03:00  INF]  CORS policy execution successful.
[2025-05-20 10:43:06.927 +03:00  INF]  Executing endpoint 'Wasla_App.Controllers.WaslaAdminController.GetProduct_Tree (Wasla_App)'
[2025-05-20 10:43:06.934 +03:00  INF]  Route matched with {action = "GetProduct_Tree", controller = "WaslaAdmin"}. Executing controller action with signature System.Threading.Tasks.Task`1[Microsoft.AspNetCore.Mvc.IActionResult] GetProduct_Tree(WaslaApp.Data.Models.LangReq) on controller Wasla_App.Controllers.WaslaAdminController (Wasla_App).
[2025-05-20 10:43:06.955 +03:00  INF]  Executed DbCommand (9ms) [Parameters=[], CommandType='"Text"', CommandTimeout='30']
SELECT p."productId", p.active, p.lang_code, p.package_id, p."productName", p."productParent", p.product_desc
FROM "Product" AS p
[2025-05-20 10:43:06.961 +03:00  INF]  Executing OkObjectResult, writing value of type 'System.Collections.Generic.List`1[[WaslaApp.Data.Models.Product_Tree, WaslaApp.Data, Version=1.0.0.0, Culture=neutral, PublicKeyToken=null]]'.
[2025-05-20 10:43:06.967 +03:00  INF]  Executed action Wasla_App.Controllers.WaslaAdminController.GetProduct_Tree (Wasla_App) in 32.618ms
[2025-05-20 10:43:06.967 +03:00  INF]  Executed endpoint 'Wasla_App.Controllers.WaslaAdminController.GetProduct_Tree (Wasla_App)'
[2025-05-20 10:43:06.967 +03:00  INF]  Request finished HTTP/2 POST https://localhost:7283/api/WaslaAdmin/GetProduct_Tree - 200 null application/json; charset=utf-8 42.1598ms
