[2025-06-02 09:16:04.565 +03:00  INF]  User profile is available. Using 'C:\Users\Pro\AppData\Local\ASP.NET\DataProtection-Keys' as key repository and Windows DPAPI to encrypt keys at rest.
[2025-06-02 09:16:04.931 +03:00  WRN]  The WebRootPath was not found: D:\waslaa\api\WaslaAPI\Wasla_App\wwwroot. Static files may be unavailable.
[2025-06-02 09:16:05.214 +03:00  INF]  Now listening on: https://localhost:7283
[2025-06-02 09:16:05.215 +03:00  INF]  Now listening on: http://localhost:5074
[2025-06-02 09:16:05.424 +03:00  INF]  Application started. Press Ctrl+C to shut down.
[2025-06-02 09:16:05.424 +03:00  INF]  Hosting environment: Development
[2025-06-02 09:16:05.424 +03:00  INF]  Content root path: D:\waslaa\api\WaslaAPI\Wasla_App
[2025-06-02 09:16:07.003 +03:00  INF]  Request starting HTTP/2 GET https://localhost:7283/swagger/index.html - null null
[2025-06-02 09:16:07.717 +03:00  INF]  Request finished HTTP/2 GET https://localhost:7283/swagger/index.html - 200 null text/html;charset=utf-8 727.2777ms
[2025-06-02 09:16:07.760 +03:00  INF]  Request starting HTTP/2 GET https://localhost:7283/_vs/browserLink - null null
[2025-06-02 09:16:07.760 +03:00  INF]  Request starting HTTP/2 GET https://localhost:7283/_framework/aspnetcore-browser-refresh.js - null null
[2025-06-02 09:16:07.784 +03:00  INF]  Request finished HTTP/2 GET https://localhost:7283/_framework/aspnetcore-browser-refresh.js - 200 16503 application/javascript; charset=utf-8 24.6503ms
[2025-06-02 09:16:07.892 +03:00  INF]  Request finished HTTP/2 GET https://localhost:7283/_vs/browserLink - 200 null text/javascript; charset=UTF-8 132.8113ms
[2025-06-02 09:16:08.065 +03:00  INF]  Request starting HTTP/2 GET https://localhost:7283/swagger/v1/swagger.json - null null
[2025-06-02 09:16:08.149 +03:00  INF]  Request finished HTTP/2 GET https://localhost:7283/swagger/v1/swagger.json - 200 null application/json;charset=utf-8 84.5225ms
[2025-06-02 09:18:42.862 +03:00  INF]  Request starting HTTP/2 POST https://localhost:7283/api/WaslaAdmin/GetPricingPackageWithService - application/json 40
[2025-06-02 09:18:42.876 +03:00  INF]  CORS policy execution successful.
[2025-06-02 09:18:44.397 +03:00  INF]  Executing endpoint 'Wasla_App.Controllers.WaslaAdminController.GetPricingPackageWithService (Wasla_App)'
[2025-06-02 09:18:44.450 +03:00  INF]  Route matched with {action = "GetPricingPackageWithService", controller = "WaslaAdmin"}. Executing controller action with signature System.Threading.Tasks.Task`1[Microsoft.AspNetCore.Mvc.IActionResult] GetPricingPackageWithService(WaslaApp.Data.Models.LangReq) on controller Wasla_App.Controllers.WaslaAdminController (Wasla_App).
[2025-06-02 09:19:20.600 +03:00  INF]  Executing OkObjectResult, writing value of type 'null'.
[2025-06-02 09:19:20.604 +03:00  INF]  Executed action Wasla_App.Controllers.WaslaAdminController.GetPricingPackageWithService (Wasla_App) in 36150.5651ms
[2025-06-02 09:19:20.604 +03:00  INF]  Executed endpoint 'Wasla_App.Controllers.WaslaAdminController.GetPricingPackageWithService (Wasla_App)'
[2025-06-02 09:19:20.611 +03:00  INF]  Request finished HTTP/2 POST https://localhost:7283/api/WaslaAdmin/GetPricingPackageWithService - 204 null null 37749.1229ms
[2025-06-02 09:21:50.519 +03:00  INF]  User profile is available. Using 'C:\Users\Pro\AppData\Local\ASP.NET\DataProtection-Keys' as key repository and Windows DPAPI to encrypt keys at rest.
[2025-06-02 09:21:50.773 +03:00  WRN]  The WebRootPath was not found: D:\waslaa\api\WaslaAPI\Wasla_App\wwwroot. Static files may be unavailable.
[2025-06-02 09:21:50.941 +03:00  INF]  Now listening on: https://localhost:7283
[2025-06-02 09:21:50.941 +03:00  INF]  Now listening on: http://localhost:5074
[2025-06-02 09:21:51.129 +03:00  INF]  Application started. Press Ctrl+C to shut down.
[2025-06-02 09:21:51.129 +03:00  INF]  Hosting environment: Development
[2025-06-02 09:21:51.129 +03:00  INF]  Content root path: D:\waslaa\api\WaslaAPI\Wasla_App
[2025-06-02 09:21:52.036 +03:00  INF]  Request starting HTTP/2 GET https://localhost:7283/swagger/index.html - null null
[2025-06-02 09:21:52.416 +03:00  INF]  Request finished HTTP/2 GET https://localhost:7283/swagger/index.html - 200 null text/html;charset=utf-8 393.8796ms
[2025-06-02 09:21:52.468 +03:00  INF]  Request starting HTTP/2 GET https://localhost:7283/_framework/aspnetcore-browser-refresh.js - null null
[2025-06-02 09:21:52.468 +03:00  INF]  Request starting HTTP/2 GET https://localhost:7283/_vs/browserLink - null null
[2025-06-02 09:21:52.479 +03:00  INF]  Request finished HTTP/2 GET https://localhost:7283/_framework/aspnetcore-browser-refresh.js - 200 16503 application/javascript; charset=utf-8 10.7979ms
[2025-06-02 09:21:52.551 +03:00  INF]  Request finished HTTP/2 GET https://localhost:7283/_vs/browserLink - 200 null text/javascript; charset=UTF-8 83.4134ms
[2025-06-02 09:21:52.629 +03:00  INF]  Request starting HTTP/2 GET https://localhost:7283/swagger/v1/swagger.json - null null
[2025-06-02 09:21:52.684 +03:00  INF]  Request finished HTTP/2 GET https://localhost:7283/swagger/v1/swagger.json - 200 null application/json;charset=utf-8 55.1815ms
[2025-06-02 09:22:04.509 +03:00  INF]  Request starting HTTP/2 POST https://localhost:7283/api/WaslaBrowse/GetPricingPackageWithService - application/json 40
[2025-06-02 09:22:04.517 +03:00  INF]  CORS policy execution successful.
[2025-06-02 09:22:04.629 +03:00  INF]  Executing endpoint 'Wasla_App.Controllers.WaslaBrowseController.GetPricingPackageWithService (Wasla_App)'
[2025-06-02 09:22:04.674 +03:00  INF]  Route matched with {action = "GetPricingPackageWithService", controller = "WaslaBrowse"}. Executing controller action with signature System.Threading.Tasks.Task`1[Microsoft.AspNetCore.Mvc.IActionResult] GetPricingPackageWithService(WaslaApp.Data.Models.LangReq) on controller Wasla_App.Controllers.WaslaBrowseController (Wasla_App).
[2025-06-02 09:23:23.057 +03:00  INF]  User profile is available. Using 'C:\Users\Pro\AppData\Local\ASP.NET\DataProtection-Keys' as key repository and Windows DPAPI to encrypt keys at rest.
[2025-06-02 09:23:23.471 +03:00  WRN]  The WebRootPath was not found: D:\waslaa\api\WaslaAPI\Wasla_App\wwwroot. Static files may be unavailable.
[2025-06-02 09:23:23.715 +03:00  INF]  Now listening on: https://localhost:7283
[2025-06-02 09:23:23.716 +03:00  INF]  Now listening on: http://localhost:5074
[2025-06-02 09:23:23.949 +03:00  INF]  Application started. Press Ctrl+C to shut down.
[2025-06-02 09:23:23.949 +03:00  INF]  Hosting environment: Development
[2025-06-02 09:23:23.949 +03:00  INF]  Content root path: D:\waslaa\api\WaslaAPI\Wasla_App
[2025-06-02 09:23:24.704 +03:00  INF]  Request starting HTTP/2 GET https://localhost:7283/swagger/index.html - null null
[2025-06-02 09:23:25.017 +03:00  INF]  Request finished HTTP/2 GET https://localhost:7283/swagger/index.html - 200 null text/html;charset=utf-8 326.2658ms
[2025-06-02 09:23:25.097 +03:00  INF]  Request starting HTTP/2 GET https://localhost:7283/_framework/aspnetcore-browser-refresh.js - null null
[2025-06-02 09:23:25.198 +03:00  INF]  Request starting HTTP/2 GET https://localhost:7283/_vs/browserLink - null null
[2025-06-02 09:23:25.206 +03:00  INF]  Request finished HTTP/2 GET https://localhost:7283/_framework/aspnetcore-browser-refresh.js - 200 16503 application/javascript; charset=utf-8 108.5745ms
[2025-06-02 09:23:25.266 +03:00  INF]  Request finished HTTP/2 GET https://localhost:7283/_vs/browserLink - 200 null text/javascript; charset=UTF-8 67.4822ms
[2025-06-02 09:23:25.331 +03:00  INF]  Request starting HTTP/2 GET https://localhost:7283/swagger/v1/swagger.json - null null
[2025-06-02 09:23:25.450 +03:00  INF]  Request finished HTTP/2 GET https://localhost:7283/swagger/v1/swagger.json - 200 null application/json;charset=utf-8 119.338ms
[2025-06-02 09:23:57.712 +03:00  INF]  Request starting HTTP/2 POST https://localhost:7283/api/WaslaBrowse/GetPricingPackageWithService - application/json 40
[2025-06-02 09:23:57.722 +03:00  INF]  CORS policy execution successful.
[2025-06-02 09:23:57.825 +03:00  INF]  Executing endpoint 'Wasla_App.Controllers.WaslaBrowseController.GetPricingPackageWithService (Wasla_App)'
[2025-06-02 09:23:57.862 +03:00  INF]  Route matched with {action = "GetPricingPackageWithService", controller = "WaslaBrowse"}. Executing controller action with signature System.Threading.Tasks.Task`1[Microsoft.AspNetCore.Mvc.IActionResult] GetPricingPackageWithService(WaslaApp.Data.Models.LangReq) on controller Wasla_App.Controllers.WaslaBrowseController (Wasla_App).
[2025-06-02 09:24:06.417 +03:00  INF]  Executing OkObjectResult, writing value of type 'null'.
[2025-06-02 09:24:06.421 +03:00  INF]  Executed action Wasla_App.Controllers.WaslaBrowseController.GetPricingPackageWithService (Wasla_App) in 8555.8108ms
[2025-06-02 09:24:06.421 +03:00  INF]  Executed endpoint 'Wasla_App.Controllers.WaslaBrowseController.GetPricingPackageWithService (Wasla_App)'
[2025-06-02 09:24:06.438 +03:00  INF]  Request finished HTTP/2 POST https://localhost:7283/api/WaslaBrowse/GetPricingPackageWithService - 204 null null 8725.9239ms
[2025-06-02 09:27:07.532 +03:00  INF]  User profile is available. Using 'C:\Users\Pro\AppData\Local\ASP.NET\DataProtection-Keys' as key repository and Windows DPAPI to encrypt keys at rest.
[2025-06-02 09:27:07.893 +03:00  WRN]  The WebRootPath was not found: D:\waslaa\api\WaslaAPI\Wasla_App\wwwroot. Static files may be unavailable.
[2025-06-02 09:27:08.083 +03:00  INF]  Now listening on: https://localhost:7283
[2025-06-02 09:27:08.084 +03:00  INF]  Now listening on: http://localhost:5074
[2025-06-02 09:27:08.277 +03:00  INF]  Application started. Press Ctrl+C to shut down.
[2025-06-02 09:27:08.277 +03:00  INF]  Hosting environment: Development
[2025-06-02 09:27:08.277 +03:00  INF]  Content root path: D:\waslaa\api\WaslaAPI\Wasla_App
[2025-06-02 09:27:09.406 +03:00  INF]  Request starting HTTP/2 GET https://localhost:7283/swagger/index.html - null null
[2025-06-02 09:27:09.866 +03:00  INF]  Request finished HTTP/2 GET https://localhost:7283/swagger/index.html - 200 null text/html;charset=utf-8 475.8734ms
[2025-06-02 09:27:09.958 +03:00  INF]  Request starting HTTP/2 GET https://localhost:7283/_framework/aspnetcore-browser-refresh.js - null null
[2025-06-02 09:27:09.963 +03:00  INF]  Request finished HTTP/2 GET https://localhost:7283/_framework/aspnetcore-browser-refresh.js - 200 16503 application/javascript; charset=utf-8 5.3771ms
[2025-06-02 09:27:10.018 +03:00  INF]  Request starting HTTP/2 GET https://localhost:7283/_vs/browserLink - null null
[2025-06-02 09:27:10.070 +03:00  INF]  Request finished HTTP/2 GET https://localhost:7283/_vs/browserLink - 200 null text/javascript; charset=UTF-8 51.9639ms
[2025-06-02 09:27:10.290 +03:00  INF]  Request starting HTTP/2 GET https://localhost:7283/swagger/v1/swagger.json - null null
[2025-06-02 09:27:10.326 +03:00  INF]  Request finished HTTP/2 GET https://localhost:7283/swagger/v1/swagger.json - 200 null application/json;charset=utf-8 35.2545ms
[2025-06-02 09:28:28.814 +03:00  INF]  Request starting HTTP/2 POST https://localhost:7283/api/WaslaBrowse/GetPricingPackageWithService - application/json 40
[2025-06-02 09:28:28.820 +03:00  INF]  CORS policy execution successful.
[2025-06-02 09:28:28.919 +03:00  INF]  Executing endpoint 'Wasla_App.Controllers.WaslaBrowseController.GetPricingPackageWithService (Wasla_App)'
[2025-06-02 09:28:28.968 +03:00  INF]  Route matched with {action = "GetPricingPackageWithService", controller = "WaslaBrowse"}. Executing controller action with signature System.Threading.Tasks.Task`1[Microsoft.AspNetCore.Mvc.IActionResult] GetPricingPackageWithService(WaslaApp.Data.Models.LangReq) on controller Wasla_App.Controllers.WaslaBrowseController (Wasla_App).
[2025-06-02 09:28:34.174 +03:00  INF]  Executed DbCommand (110ms) [Parameters=[@__req_active_0='?' (DbType = Boolean), @__req_package_id_1='?' (DbType = Int32), @__req_lang_code_2='?'], CommandType='"Text"', CommandTimeout='30']
SELECT p.id, p.active, p.feature_desc, p.feature_name, p.lang_code, p.package_id
FROM "PricingPkgFeatures" AS p
WHERE p.active = @__req_active_0 AND p.package_id = @__req_package_id_1 AND p.lang_code = @__req_lang_code_2
[2025-06-02 09:28:34.420 +03:00  INF]  Executed DbCommand (18ms) [Parameters=[@__req_lang_0='?', @__ToLower_1='?'], CommandType='"Text"', CommandTimeout='30']
SELECT p.service_id, p.curr_code, p.lang_code, p.package_sale_price, p.active, p.discount_amount, p.discount_type, COALESCE(p.start_date::text, ''), p.package_price, p.package_name, p.package_id, p.package_desc, p.start_date, p.end_date, p."order", p.package_details, s0."productName"
FROM "PricingPackages" AS p
INNER JOIN (
    SELECT s."productId", s."productName"
    FROM "Services" AS s
    WHERE s.lang_code = @__req_lang_0
) AS s0 ON p.service_id = s0."productId"
WHERE p.lang_code = @__req_lang_0 AND lower(p.curr_code) = @__ToLower_1
[2025-06-02 09:28:34.473 +03:00  INF]  Executing OkObjectResult, writing value of type 'System.Collections.Generic.List`1[[WaslaApp.Data.Models.ServicesWithPkg, WaslaApp.Data, Version=1.0.0.0, Culture=neutral, PublicKeyToken=null]]'.
[2025-06-02 09:28:34.520 +03:00  INF]  Executed action Wasla_App.Controllers.WaslaBrowseController.GetPricingPackageWithService (Wasla_App) in 5546.6177ms
[2025-06-02 09:28:34.521 +03:00  INF]  Executed endpoint 'Wasla_App.Controllers.WaslaBrowseController.GetPricingPackageWithService (Wasla_App)'
[2025-06-02 09:28:34.533 +03:00  INF]  Request finished HTTP/2 POST https://localhost:7283/api/WaslaBrowse/GetPricingPackageWithService - 200 null application/json; charset=utf-8 5719.8246ms
[2025-06-02 09:53:20.279 +03:00  INF]  User profile is available. Using 'C:\Users\Pro\AppData\Local\ASP.NET\DataProtection-Keys' as key repository and Windows DPAPI to encrypt keys at rest.
[2025-06-02 09:53:20.535 +03:00  WRN]  The WebRootPath was not found: D:\waslaa\api\WaslaAPI\Wasla_App\wwwroot. Static files may be unavailable.
[2025-06-02 09:53:20.698 +03:00  INF]  Now listening on: https://localhost:7283
[2025-06-02 09:53:20.699 +03:00  INF]  Now listening on: http://localhost:5074
[2025-06-02 09:53:20.869 +03:00  INF]  Application started. Press Ctrl+C to shut down.
[2025-06-02 09:53:20.870 +03:00  INF]  Hosting environment: Development
[2025-06-02 09:53:20.870 +03:00  INF]  Content root path: D:\waslaa\api\WaslaAPI\Wasla_App
[2025-06-02 09:53:21.600 +03:00  INF]  Request starting HTTP/2 GET https://localhost:7283/swagger/index.html - null null
[2025-06-02 09:53:22.050 +03:00  INF]  Request finished HTTP/2 GET https://localhost:7283/swagger/index.html - 200 null text/html;charset=utf-8 463.0605ms
[2025-06-02 09:53:22.120 +03:00  INF]  Request starting HTTP/2 GET https://localhost:7283/_framework/aspnetcore-browser-refresh.js - null null
[2025-06-02 09:53:22.120 +03:00  INF]  Request starting HTTP/2 GET https://localhost:7283/_vs/browserLink - null null
[2025-06-02 09:53:22.142 +03:00  INF]  Request finished HTTP/2 GET https://localhost:7283/_framework/aspnetcore-browser-refresh.js - 200 16503 application/javascript; charset=utf-8 21.8936ms
[2025-06-02 09:53:22.234 +03:00  INF]  Request finished HTTP/2 GET https://localhost:7283/_vs/browserLink - 200 null text/javascript; charset=UTF-8 114.0164ms
[2025-06-02 09:53:22.334 +03:00  INF]  Request starting HTTP/2 GET https://localhost:7283/swagger/v1/swagger.json - null null
[2025-06-02 09:53:22.382 +03:00  INF]  Request finished HTTP/2 GET https://localhost:7283/swagger/v1/swagger.json - 200 null application/json;charset=utf-8 48.2352ms
[2025-06-02 09:53:34.857 +03:00  INF]  Request starting HTTP/2 POST https://localhost:7283/api/WaslaBrowse/GetPricingPackageWithService - application/json 40
[2025-06-02 09:53:34.865 +03:00  INF]  CORS policy execution successful.
[2025-06-02 09:53:34.972 +03:00  INF]  Executing endpoint 'Wasla_App.Controllers.WaslaBrowseController.GetPricingPackageWithService (Wasla_App)'
[2025-06-02 09:53:35.024 +03:00  INF]  Route matched with {action = "GetPricingPackageWithService", controller = "WaslaBrowse"}. Executing controller action with signature System.Threading.Tasks.Task`1[Microsoft.AspNetCore.Mvc.IActionResult] GetPricingPackageWithService(WaslaApp.Data.Models.LangReq) on controller Wasla_App.Controllers.WaslaBrowseController (Wasla_App).
[2025-06-02 09:53:39.602 +03:00  INF]  Executed DbCommand (108ms) [Parameters=[@__req_lang_0='?', @__ToLower_1='?'], CommandType='"Text"', CommandTimeout='30']
SELECT p.service_id, p.curr_code, p.lang_code, p.package_sale_price, p.active, p.discount_amount, p.discount_type, COALESCE(p.start_date::text, '') AS "end_dateStr", p.package_price, p.package_name, p.package_id, p.package_desc, p.start_date, p.end_date, p."order", p.package_details, s0."productName" AS service_name
FROM "PricingPackages" AS p
INNER JOIN (
    SELECT s."productId", s."productName"
    FROM "Services" AS s
    WHERE s.lang_code = @__req_lang_0
) AS s0 ON p.service_id = s0."productId"
WHERE p.lang_code = @__req_lang_0 AND lower(p.curr_code) = @__ToLower_1
[2025-06-02 09:53:41.328 +03:00  INF]  Executed DbCommand (7ms) [Parameters=[@__req_active_0='?' (DbType = Boolean), @__req_package_id_1='?' (DbType = Int32), @__req_lang_code_2='?'], CommandType='"Text"', CommandTimeout='30']
SELECT p.id, p.active, p.feature_desc, p.feature_name, p.lang_code, p.package_id
FROM "PricingPkgFeatures" AS p
WHERE p.active = @__req_active_0 AND p.package_id = @__req_package_id_1 AND p.lang_code = @__req_lang_code_2
[2025-06-02 09:53:44.138 +03:00  INF]  Executed DbCommand (1ms) [Parameters=[@__req_active_0='?' (DbType = Boolean), @__req_package_id_1='?' (DbType = Int32), @__req_lang_code_2='?'], CommandType='"Text"', CommandTimeout='30']
SELECT p.id, p.active, p.feature_desc, p.feature_name, p.lang_code, p.package_id
FROM "PricingPkgFeatures" AS p
WHERE p.active = @__req_active_0 AND p.package_id = @__req_package_id_1 AND p.lang_code = @__req_lang_code_2
[2025-06-02 09:53:45.811 +03:00  INF]  Executed DbCommand (1ms) [Parameters=[@__req_active_0='?' (DbType = Boolean), @__req_package_id_1='?' (DbType = Int32), @__req_lang_code_2='?'], CommandType='"Text"', CommandTimeout='30']
SELECT p.id, p.active, p.feature_desc, p.feature_name, p.lang_code, p.package_id
FROM "PricingPkgFeatures" AS p
WHERE p.active = @__req_active_0 AND p.package_id = @__req_package_id_1 AND p.lang_code = @__req_lang_code_2
[2025-06-02 09:53:46.666 +03:00  INF]  Executed DbCommand (1ms) [Parameters=[@__req_active_0='?' (DbType = Boolean), @__req_package_id_1='?' (DbType = Int32), @__req_lang_code_2='?'], CommandType='"Text"', CommandTimeout='30']
SELECT p.id, p.active, p.feature_desc, p.feature_name, p.lang_code, p.package_id
FROM "PricingPkgFeatures" AS p
WHERE p.active = @__req_active_0 AND p.package_id = @__req_package_id_1 AND p.lang_code = @__req_lang_code_2
[2025-06-02 09:53:49.799 +03:00  INF]  Executed DbCommand (1ms) [Parameters=[@__req_active_0='?' (DbType = Boolean), @__req_package_id_1='?' (DbType = Int32), @__req_lang_code_2='?'], CommandType='"Text"', CommandTimeout='30']
SELECT p.id, p.active, p.feature_desc, p.feature_name, p.lang_code, p.package_id
FROM "PricingPkgFeatures" AS p
WHERE p.active = @__req_active_0 AND p.package_id = @__req_package_id_1 AND p.lang_code = @__req_lang_code_2
[2025-06-02 09:53:49.800 +03:00  INF]  Executed DbCommand (1ms) [Parameters=[@__req_active_0='?' (DbType = Boolean), @__req_package_id_1='?' (DbType = Int32), @__req_lang_code_2='?'], CommandType='"Text"', CommandTimeout='30']
SELECT p.id, p.active, p.feature_desc, p.feature_name, p.lang_code, p.package_id
FROM "PricingPkgFeatures" AS p
WHERE p.active = @__req_active_0 AND p.package_id = @__req_package_id_1 AND p.lang_code = @__req_lang_code_2
[2025-06-02 09:53:49.816 +03:00  INF]  Executing OkObjectResult, writing value of type 'System.Collections.Generic.List`1[[WaslaApp.Data.Models.ServicesWithPkg, WaslaApp.Data, Version=1.0.0.0, Culture=neutral, PublicKeyToken=null]]'.
[2025-06-02 09:53:49.851 +03:00  INF]  Executed action Wasla_App.Controllers.WaslaBrowseController.GetPricingPackageWithService (Wasla_App) in 14823.1882ms
[2025-06-02 09:53:49.851 +03:00  INF]  Executed endpoint 'Wasla_App.Controllers.WaslaBrowseController.GetPricingPackageWithService (Wasla_App)'
[2025-06-02 09:53:49.862 +03:00  INF]  Request finished HTTP/2 POST https://localhost:7283/api/WaslaBrowse/GetPricingPackageWithService - 200 null application/json; charset=utf-8 15004.7128ms
[2025-06-02 09:57:05.919 +03:00  INF]  Request starting HTTP/2 POST https://localhost:7283/api/WaslaAdmin/GetPricingPkgFeatures - application/json 60
[2025-06-02 09:57:05.921 +03:00  INF]  CORS policy execution successful.
[2025-06-02 09:57:05.950 +03:00  INF]  Executing endpoint 'Wasla_App.Controllers.WaslaAdminController.GetPricingPkgFeatures (Wasla_App)'
[2025-06-02 09:57:05.966 +03:00  INF]  Route matched with {action = "GetPricingPkgFeatures", controller = "WaslaAdmin"}. Executing controller action with signature Microsoft.AspNetCore.Mvc.IActionResult GetPricingPkgFeatures(WaslaApp.Data.Models.PricingPkgFeatureReq) on controller Wasla_App.Controllers.WaslaAdminController (Wasla_App).
[2025-06-02 09:57:05.995 +03:00  INF]  Executed DbCommand (2ms) [Parameters=[@__req_active_0='?' (DbType = Boolean), @__req_package_id_1='?' (DbType = Int32), @__req_lang_code_2='?'], CommandType='"Text"', CommandTimeout='30']
SELECT p.id, p.active, p.feature_desc, p.feature_name, p.lang_code, p.package_id
FROM "PricingPkgFeatures" AS p
WHERE p.active = @__req_active_0 AND p.package_id = @__req_package_id_1 AND p.lang_code = @__req_lang_code_2
[2025-06-02 09:57:06.062 +03:00  INF]  Executing OkObjectResult, writing value of type 'System.Collections.Generic.List`1[[WaslaApp.Data.Entities.PricingPkgFeature, WaslaApp.Data, Version=1.0.0.0, Culture=neutral, PublicKeyToken=null]]'.
[2025-06-02 09:57:06.064 +03:00  INF]  Executed action Wasla_App.Controllers.WaslaAdminController.GetPricingPkgFeatures (Wasla_App) in 97.7374ms
[2025-06-02 09:57:06.064 +03:00  INF]  Executed endpoint 'Wasla_App.Controllers.WaslaAdminController.GetPricingPkgFeatures (Wasla_App)'
[2025-06-02 09:57:06.064 +03:00  INF]  Request finished HTTP/2 POST https://localhost:7283/api/WaslaAdmin/GetPricingPkgFeatures - 200 null application/json; charset=utf-8 145.1693ms
[2025-06-02 09:57:14.452 +03:00  INF]  Request starting HTTP/2 POST https://localhost:7283/api/WaslaAdmin/GetPricingPkgFeatures - application/json 60
[2025-06-02 09:57:14.453 +03:00  INF]  CORS policy execution successful.
[2025-06-02 09:57:14.463 +03:00  INF]  Executing endpoint 'Wasla_App.Controllers.WaslaAdminController.GetPricingPkgFeatures (Wasla_App)'
[2025-06-02 09:57:14.463 +03:00  INF]  Route matched with {action = "GetPricingPkgFeatures", controller = "WaslaAdmin"}. Executing controller action with signature Microsoft.AspNetCore.Mvc.IActionResult GetPricingPkgFeatures(WaslaApp.Data.Models.PricingPkgFeatureReq) on controller Wasla_App.Controllers.WaslaAdminController (Wasla_App).
[2025-06-02 09:57:14.564 +03:00  INF]  Executed DbCommand (1ms) [Parameters=[@__req_active_0='?' (DbType = Boolean), @__req_package_id_1='?' (DbType = Int32), @__req_lang_code_2='?'], CommandType='"Text"', CommandTimeout='30']
SELECT p.id, p.active, p.feature_desc, p.feature_name, p.lang_code, p.package_id
FROM "PricingPkgFeatures" AS p
WHERE p.active = @__req_active_0 AND p.package_id = @__req_package_id_1 AND p.lang_code = @__req_lang_code_2
[2025-06-02 09:57:14.565 +03:00  INF]  Executing OkObjectResult, writing value of type 'System.Collections.Generic.List`1[[WaslaApp.Data.Entities.PricingPkgFeature, WaslaApp.Data, Version=1.0.0.0, Culture=neutral, PublicKeyToken=null]]'.
[2025-06-02 09:57:14.565 +03:00  INF]  Executed action Wasla_App.Controllers.WaslaAdminController.GetPricingPkgFeatures (Wasla_App) in 101.6863ms
[2025-06-02 09:57:14.565 +03:00  INF]  Executed endpoint 'Wasla_App.Controllers.WaslaAdminController.GetPricingPkgFeatures (Wasla_App)'
[2025-06-02 09:57:14.565 +03:00  INF]  Request finished HTTP/2 POST https://localhost:7283/api/WaslaAdmin/GetPricingPkgFeatures - 200 null application/json; charset=utf-8 113.2116ms
[2025-06-02 09:57:20.967 +03:00  INF]  Request starting HTTP/2 POST https://localhost:7283/api/WaslaAdmin/GetPricingPkgFeatures - application/json 60
[2025-06-02 09:57:20.968 +03:00  INF]  CORS policy execution successful.
[2025-06-02 09:57:20.968 +03:00  INF]  Executing endpoint 'Wasla_App.Controllers.WaslaAdminController.GetPricingPkgFeatures (Wasla_App)'
[2025-06-02 09:57:20.968 +03:00  INF]  Route matched with {action = "GetPricingPkgFeatures", controller = "WaslaAdmin"}. Executing controller action with signature Microsoft.AspNetCore.Mvc.IActionResult GetPricingPkgFeatures(WaslaApp.Data.Models.PricingPkgFeatureReq) on controller Wasla_App.Controllers.WaslaAdminController (Wasla_App).
[2025-06-02 09:57:20.970 +03:00  INF]  Executed DbCommand (0ms) [Parameters=[@__req_active_0='?' (DbType = Boolean), @__req_package_id_1='?' (DbType = Int32), @__req_lang_code_2='?'], CommandType='"Text"', CommandTimeout='30']
SELECT p.id, p.active, p.feature_desc, p.feature_name, p.lang_code, p.package_id
FROM "PricingPkgFeatures" AS p
WHERE p.active = @__req_active_0 AND p.package_id = @__req_package_id_1 AND p.lang_code = @__req_lang_code_2
[2025-06-02 09:57:20.971 +03:00  INF]  Executing OkObjectResult, writing value of type 'System.Collections.Generic.List`1[[WaslaApp.Data.Entities.PricingPkgFeature, WaslaApp.Data, Version=1.0.0.0, Culture=neutral, PublicKeyToken=null]]'.
[2025-06-02 09:57:20.971 +03:00  INF]  Executed action Wasla_App.Controllers.WaslaAdminController.GetPricingPkgFeatures (Wasla_App) in 2.5545ms
[2025-06-02 09:57:20.971 +03:00  INF]  Executed endpoint 'Wasla_App.Controllers.WaslaAdminController.GetPricingPkgFeatures (Wasla_App)'
[2025-06-02 09:57:20.971 +03:00  INF]  Request finished HTTP/2 POST https://localhost:7283/api/WaslaAdmin/GetPricingPkgFeatures - 200 null application/json; charset=utf-8 3.9123ms
[2025-06-02 09:57:26.707 +03:00  INF]  Request starting HTTP/2 POST https://localhost:7283/api/WaslaBrowse/GetPricingPackageWithService - application/json 40
[2025-06-02 09:57:26.708 +03:00  INF]  CORS policy execution successful.
[2025-06-02 09:57:26.708 +03:00  INF]  Executing endpoint 'Wasla_App.Controllers.WaslaBrowseController.GetPricingPackageWithService (Wasla_App)'
[2025-06-02 09:57:26.708 +03:00  INF]  Route matched with {action = "GetPricingPackageWithService", controller = "WaslaBrowse"}. Executing controller action with signature System.Threading.Tasks.Task`1[Microsoft.AspNetCore.Mvc.IActionResult] GetPricingPackageWithService(WaslaApp.Data.Models.LangReq) on controller Wasla_App.Controllers.WaslaBrowseController (Wasla_App).
[2025-06-02 09:57:28.286 +03:00  INF]  Executed DbCommand (14ms) [Parameters=[@__req_lang_0='?', @__ToLower_1='?'], CommandType='"Text"', CommandTimeout='30']
SELECT p.service_id, p.curr_code, p.lang_code, p.package_sale_price, p.active, p.discount_amount, p.discount_type, COALESCE(p.start_date::text, '') AS "end_dateStr", p.package_price, p.package_name, p.package_id, p.package_desc, p.start_date, p.end_date, p."order", p.package_details, s0."productName" AS service_name
FROM "PricingPackages" AS p
INNER JOIN (
    SELECT s."productId", s."productName"
    FROM "Services" AS s
    WHERE s.lang_code = @__req_lang_0
) AS s0 ON p.service_id = s0."productId"
WHERE p.lang_code = @__req_lang_0 AND lower(p.curr_code) = @__ToLower_1
[2025-06-02 09:57:28.287 +03:00  INF]  Executed DbCommand (0ms) [Parameters=[@__req_active_0='?' (DbType = Boolean), @__req_package_id_1='?' (DbType = Int32), @__req_lang_code_2='?'], CommandType='"Text"', CommandTimeout='30']
SELECT p.id, p.active, p.feature_desc, p.feature_name, p.lang_code, p.package_id
FROM "PricingPkgFeatures" AS p
WHERE p.active = @__req_active_0 AND p.package_id = @__req_package_id_1 AND p.lang_code = @__req_lang_code_2
[2025-06-02 09:57:28.289 +03:00  INF]  Executed DbCommand (1ms) [Parameters=[@__req_active_0='?' (DbType = Boolean), @__req_package_id_1='?' (DbType = Int32), @__req_lang_code_2='?'], CommandType='"Text"', CommandTimeout='30']
SELECT p.id, p.active, p.feature_desc, p.feature_name, p.lang_code, p.package_id
FROM "PricingPkgFeatures" AS p
WHERE p.active = @__req_active_0 AND p.package_id = @__req_package_id_1 AND p.lang_code = @__req_lang_code_2
[2025-06-02 09:57:28.290 +03:00  INF]  Executed DbCommand (1ms) [Parameters=[@__req_active_0='?' (DbType = Boolean), @__req_package_id_1='?' (DbType = Int32), @__req_lang_code_2='?'], CommandType='"Text"', CommandTimeout='30']
SELECT p.id, p.active, p.feature_desc, p.feature_name, p.lang_code, p.package_id
FROM "PricingPkgFeatures" AS p
WHERE p.active = @__req_active_0 AND p.package_id = @__req_package_id_1 AND p.lang_code = @__req_lang_code_2
[2025-06-02 09:57:28.291 +03:00  INF]  Executed DbCommand (0ms) [Parameters=[@__req_active_0='?' (DbType = Boolean), @__req_package_id_1='?' (DbType = Int32), @__req_lang_code_2='?'], CommandType='"Text"', CommandTimeout='30']
SELECT p.id, p.active, p.feature_desc, p.feature_name, p.lang_code, p.package_id
FROM "PricingPkgFeatures" AS p
WHERE p.active = @__req_active_0 AND p.package_id = @__req_package_id_1 AND p.lang_code = @__req_lang_code_2
[2025-06-02 09:57:28.292 +03:00  INF]  Executed DbCommand (0ms) [Parameters=[@__req_active_0='?' (DbType = Boolean), @__req_package_id_1='?' (DbType = Int32), @__req_lang_code_2='?'], CommandType='"Text"', CommandTimeout='30']
SELECT p.id, p.active, p.feature_desc, p.feature_name, p.lang_code, p.package_id
FROM "PricingPkgFeatures" AS p
WHERE p.active = @__req_active_0 AND p.package_id = @__req_package_id_1 AND p.lang_code = @__req_lang_code_2
[2025-06-02 09:57:28.293 +03:00  INF]  Executed DbCommand (0ms) [Parameters=[@__req_active_0='?' (DbType = Boolean), @__req_package_id_1='?' (DbType = Int32), @__req_lang_code_2='?'], CommandType='"Text"', CommandTimeout='30']
SELECT p.id, p.active, p.feature_desc, p.feature_name, p.lang_code, p.package_id
FROM "PricingPkgFeatures" AS p
WHERE p.active = @__req_active_0 AND p.package_id = @__req_package_id_1 AND p.lang_code = @__req_lang_code_2
[2025-06-02 09:57:28.293 +03:00  INF]  Executing OkObjectResult, writing value of type 'System.Collections.Generic.List`1[[WaslaApp.Data.Models.ServicesWithPkg, WaslaApp.Data, Version=1.0.0.0, Culture=neutral, PublicKeyToken=null]]'.
[2025-06-02 09:57:28.294 +03:00  INF]  Executed action Wasla_App.Controllers.WaslaBrowseController.GetPricingPackageWithService (Wasla_App) in 1586.2112ms
[2025-06-02 09:57:28.294 +03:00  INF]  Executed endpoint 'Wasla_App.Controllers.WaslaBrowseController.GetPricingPackageWithService (Wasla_App)'
[2025-06-02 09:57:28.295 +03:00  INF]  Request finished HTTP/2 POST https://localhost:7283/api/WaslaBrowse/GetPricingPackageWithService - 200 null application/json; charset=utf-8 1587.2517ms
[2025-06-02 09:58:04.337 +03:00  INF]  Request starting HTTP/2 POST https://localhost:7283/api/WaslaAdmin/SavePricingPKgFeatureLst - application/json 145
[2025-06-02 09:58:04.337 +03:00  INF]  CORS policy execution successful.
[2025-06-02 09:58:04.337 +03:00  INF]  Executing endpoint 'Wasla_App.Controllers.WaslaAdminController.SavePricingPKgFeatureLst (Wasla_App)'
[2025-06-02 09:58:04.340 +03:00  INF]  Route matched with {action = "SavePricingPKgFeatureLst", controller = "WaslaAdmin"}. Executing controller action with signature Microsoft.AspNetCore.Mvc.IActionResult SavePricingPKgFeatureLst(System.Collections.Generic.List`1[WaslaApp.Data.Entities.PricingPkgFeature]) on controller Wasla_App.Controllers.WaslaAdminController (Wasla_App).
[2025-06-02 09:58:07.048 +03:00  INF]  Executed DbCommand (1ms) [Parameters=[], CommandType='"Text"', CommandTimeout='30']
SELECT count(*)::int
FROM "PricingPkgFeatures" AS p
[2025-06-02 09:58:07.056 +03:00  INF]  Executed DbCommand (0ms) [Parameters=[@__row_package_id_0='?' (DbType = Int32), @__row_feature_name_1='?'], CommandType='"Text"', CommandTimeout='30']
SELECT p.id, p.active, p.feature_desc, p.feature_name, p.lang_code, p.package_id
FROM "PricingPkgFeatures" AS p
WHERE p.package_id = @__row_package_id_0 AND p.feature_name = @__row_feature_name_1
LIMIT 2
[2025-06-02 09:58:07.069 +03:00  INF]  Executed DbCommand (1ms) [Parameters=[], CommandType='"Text"', CommandTimeout='30']
SELECT max(p.id)
FROM "PricingPkgFeatures" AS p
[2025-06-02 09:58:07.229 +03:00  INF]  Executed DbCommand (7ms) [Parameters=[@p0='?' (DbType = Decimal), @p1='?' (DbType = Boolean), @p2='?', @p3='?', @p4='?', @p5='?' (DbType = Int32)], CommandType='"Text"', CommandTimeout='30']
INSERT INTO "PricingPkgFeatures" (id, active, feature_desc, feature_name, lang_code, package_id)
VALUES (@p0, @p1, @p2, @p3, @p4, @p5);
[2025-06-02 09:58:07.240 +03:00  INF]  Executing OkObjectResult, writing value of type 'WaslaApp.Data.Models.ResponseCls'.
[2025-06-02 09:58:07.243 +03:00  INF]  Executed action Wasla_App.Controllers.WaslaAdminController.SavePricingPKgFeatureLst (Wasla_App) in 2903.38ms
[2025-06-02 09:58:07.243 +03:00  INF]  Executed endpoint 'Wasla_App.Controllers.WaslaAdminController.SavePricingPKgFeatureLst (Wasla_App)'
[2025-06-02 09:58:07.243 +03:00  INF]  Request finished HTTP/2 POST https://localhost:7283/api/WaslaAdmin/SavePricingPKgFeatureLst - 200 null application/json; charset=utf-8 2906.8371ms
[2025-06-02 09:58:33.383 +03:00  INF]  Request starting HTTP/2 POST https://localhost:7283/api/WaslaAdmin/SavePricingPKgFeatureLst - application/json 286
[2025-06-02 09:58:33.384 +03:00  INF]  CORS policy execution successful.
[2025-06-02 09:58:33.384 +03:00  INF]  Executing endpoint 'Wasla_App.Controllers.WaslaAdminController.SavePricingPKgFeatureLst (Wasla_App)'
[2025-06-02 09:58:33.384 +03:00  INF]  Route matched with {action = "SavePricingPKgFeatureLst", controller = "WaslaAdmin"}. Executing controller action with signature Microsoft.AspNetCore.Mvc.IActionResult SavePricingPKgFeatureLst(System.Collections.Generic.List`1[WaslaApp.Data.Entities.PricingPkgFeature]) on controller Wasla_App.Controllers.WaslaAdminController (Wasla_App).
[2025-06-02 09:58:35.850 +03:00  INF]  Executed DbCommand (1ms) [Parameters=[], CommandType='"Text"', CommandTimeout='30']
SELECT count(*)::int
FROM "PricingPkgFeatures" AS p
[2025-06-02 09:58:35.852 +03:00  INF]  Executed DbCommand (1ms) [Parameters=[@__row_package_id_0='?' (DbType = Int32), @__row_feature_name_1='?'], CommandType='"Text"', CommandTimeout='30']
SELECT p.id, p.active, p.feature_desc, p.feature_name, p.lang_code, p.package_id
FROM "PricingPkgFeatures" AS p
WHERE p.package_id = @__row_package_id_0 AND p.feature_name = @__row_feature_name_1
LIMIT 2
[2025-06-02 09:58:35.854 +03:00  INF]  Executed DbCommand (0ms) [Parameters=[], CommandType='"Text"', CommandTimeout='30']
SELECT max(p.id)
FROM "PricingPkgFeatures" AS p
[2025-06-02 09:58:35.858 +03:00  INF]  Executed DbCommand (2ms) [Parameters=[@p0='?' (DbType = Decimal), @p1='?' (DbType = Boolean), @p2='?', @p3='?', @p4='?', @p5='?' (DbType = Int32)], CommandType='"Text"', CommandTimeout='30']
INSERT INTO "PricingPkgFeatures" (id, active, feature_desc, feature_name, lang_code, package_id)
VALUES (@p0, @p1, @p2, @p3, @p4, @p5);
[2025-06-02 09:58:35.859 +03:00  INF]  Executed DbCommand (0ms) [Parameters=[], CommandType='"Text"', CommandTimeout='30']
SELECT count(*)::int
FROM "PricingPkgFeatures" AS p
[2025-06-02 09:58:35.860 +03:00  INF]  Executed DbCommand (0ms) [Parameters=[@__row_package_id_0='?' (DbType = Int32), @__row_feature_name_1='?'], CommandType='"Text"', CommandTimeout='30']
SELECT p.id, p.active, p.feature_desc, p.feature_name, p.lang_code, p.package_id
FROM "PricingPkgFeatures" AS p
WHERE p.package_id = @__row_package_id_0 AND p.feature_name = @__row_feature_name_1
LIMIT 2
[2025-06-02 09:58:35.860 +03:00  INF]  Executed DbCommand (0ms) [Parameters=[], CommandType='"Text"', CommandTimeout='30']
SELECT max(p.id)
FROM "PricingPkgFeatures" AS p
[2025-06-02 09:58:35.864 +03:00  INF]  Executed DbCommand (1ms) [Parameters=[@p0='?' (DbType = Decimal), @p1='?' (DbType = Boolean), @p2='?', @p3='?', @p4='?', @p5='?' (DbType = Int32)], CommandType='"Text"', CommandTimeout='30']
INSERT INTO "PricingPkgFeatures" (id, active, feature_desc, feature_name, lang_code, package_id)
VALUES (@p0, @p1, @p2, @p3, @p4, @p5);
[2025-06-02 09:58:35.864 +03:00  INF]  Executing OkObjectResult, writing value of type 'WaslaApp.Data.Models.ResponseCls'.
[2025-06-02 09:58:35.864 +03:00  INF]  Executed action Wasla_App.Controllers.WaslaAdminController.SavePricingPKgFeatureLst (Wasla_App) in 2480.1458ms
[2025-06-02 09:58:35.864 +03:00  INF]  Executed endpoint 'Wasla_App.Controllers.WaslaAdminController.SavePricingPKgFeatureLst (Wasla_App)'
[2025-06-02 09:58:35.864 +03:00  INF]  Request finished HTTP/2 POST https://localhost:7283/api/WaslaAdmin/SavePricingPKgFeatureLst - 200 null application/json; charset=utf-8 2482.7587ms
[2025-06-02 09:59:12.731 +03:00  INF]  Request starting HTTP/2 POST https://localhost:7283/api/WaslaAdmin/SavePricingPKgFeatureLst - application/json 286
[2025-06-02 09:59:12.735 +03:00  INF]  CORS policy execution successful.
[2025-06-02 09:59:12.735 +03:00  INF]  Executing endpoint 'Wasla_App.Controllers.WaslaAdminController.SavePricingPKgFeatureLst (Wasla_App)'
[2025-06-02 09:59:12.735 +03:00  INF]  Route matched with {action = "SavePricingPKgFeatureLst", controller = "WaslaAdmin"}. Executing controller action with signature Microsoft.AspNetCore.Mvc.IActionResult SavePricingPKgFeatureLst(System.Collections.Generic.List`1[WaslaApp.Data.Entities.PricingPkgFeature]) on controller Wasla_App.Controllers.WaslaAdminController (Wasla_App).
[2025-06-02 09:59:21.962 +03:00  INF]  Executed DbCommand (6ms) [Parameters=[@p5='?' (DbType = Decimal), @p0='?' (DbType = Boolean), @p1='?', @p2='?', @p3='?', @p4='?' (DbType = Int32)], CommandType='"Text"', CommandTimeout='30']
UPDATE "PricingPkgFeatures" SET active = @p0, feature_desc = @p1, feature_name = @p2, lang_code = @p3, package_id = @p4
WHERE id = @p5;
[2025-06-02 09:59:21.964 +03:00  INF]  Executed DbCommand (1ms) [Parameters=[@p5='?' (DbType = Decimal), @p0='?' (DbType = Boolean), @p1='?', @p2='?', @p3='?', @p4='?' (DbType = Int32)], CommandType='"Text"', CommandTimeout='30']
UPDATE "PricingPkgFeatures" SET active = @p0, feature_desc = @p1, feature_name = @p2, lang_code = @p3, package_id = @p4
WHERE id = @p5;
[2025-06-02 09:59:21.964 +03:00  INF]  Executing OkObjectResult, writing value of type 'WaslaApp.Data.Models.ResponseCls'.
[2025-06-02 09:59:21.965 +03:00  INF]  Executed action Wasla_App.Controllers.WaslaAdminController.SavePricingPKgFeatureLst (Wasla_App) in 9229.1501ms
[2025-06-02 09:59:21.965 +03:00  INF]  Executed endpoint 'Wasla_App.Controllers.WaslaAdminController.SavePricingPKgFeatureLst (Wasla_App)'
[2025-06-02 09:59:21.965 +03:00  INF]  Request finished HTTP/2 POST https://localhost:7283/api/WaslaAdmin/SavePricingPKgFeatureLst - 200 null application/json; charset=utf-8 9233.7834ms
[2025-06-02 09:59:48.221 +03:00  INF]  Request starting HTTP/2 POST https://localhost:7283/api/WaslaAdmin/GetPricingPkgFeatures - application/json 60
[2025-06-02 09:59:48.221 +03:00  INF]  CORS policy execution successful.
[2025-06-02 09:59:48.221 +03:00  INF]  Executing endpoint 'Wasla_App.Controllers.WaslaAdminController.GetPricingPkgFeatures (Wasla_App)'
[2025-06-02 09:59:48.221 +03:00  INF]  Route matched with {action = "GetPricingPkgFeatures", controller = "WaslaAdmin"}. Executing controller action with signature Microsoft.AspNetCore.Mvc.IActionResult GetPricingPkgFeatures(WaslaApp.Data.Models.PricingPkgFeatureReq) on controller Wasla_App.Controllers.WaslaAdminController (Wasla_App).
[2025-06-02 09:59:48.225 +03:00  INF]  Executed DbCommand (2ms) [Parameters=[@__req_active_0='?' (DbType = Boolean), @__req_package_id_1='?' (DbType = Int32), @__req_lang_code_2='?'], CommandType='"Text"', CommandTimeout='30']
SELECT p.id, p.active, p.feature_desc, p.feature_name, p.lang_code, p.package_id
FROM "PricingPkgFeatures" AS p
WHERE p.active = @__req_active_0 AND p.package_id = @__req_package_id_1 AND p.lang_code = @__req_lang_code_2
[2025-06-02 09:59:48.226 +03:00  INF]  Executing OkObjectResult, writing value of type 'System.Collections.Generic.List`1[[WaslaApp.Data.Entities.PricingPkgFeature, WaslaApp.Data, Version=1.0.0.0, Culture=neutral, PublicKeyToken=null]]'.
[2025-06-02 09:59:48.226 +03:00  INF]  Executed action Wasla_App.Controllers.WaslaAdminController.GetPricingPkgFeatures (Wasla_App) in 4.8382ms
[2025-06-02 09:59:48.246 +03:00  INF]  Executed endpoint 'Wasla_App.Controllers.WaslaAdminController.GetPricingPkgFeatures (Wasla_App)'
[2025-06-02 09:59:48.246 +03:00  INF]  Request finished HTTP/2 POST https://localhost:7283/api/WaslaAdmin/GetPricingPkgFeatures - 200 null application/json; charset=utf-8 25.2914ms
[2025-06-02 10:15:04.466 +03:00  INF]  User profile is available. Using 'C:\Users\Pro\AppData\Local\ASP.NET\DataProtection-Keys' as key repository and Windows DPAPI to encrypt keys at rest.
[2025-06-02 10:15:04.715 +03:00  WRN]  The WebRootPath was not found: D:\waslaa\api\WaslaAPI\Wasla_App\wwwroot. Static files may be unavailable.
[2025-06-02 10:15:04.868 +03:00  INF]  Now listening on: https://localhost:7283
[2025-06-02 10:15:04.868 +03:00  INF]  Now listening on: http://localhost:5074
[2025-06-02 10:15:05.111 +03:00  INF]  Application started. Press Ctrl+C to shut down.
[2025-06-02 10:15:05.112 +03:00  INF]  Hosting environment: Development
[2025-06-02 10:15:05.112 +03:00  INF]  Content root path: D:\waslaa\api\WaslaAPI\Wasla_App
[2025-06-02 10:15:05.709 +03:00  INF]  Request starting HTTP/2 GET https://localhost:7283/swagger/index.html - null null
[2025-06-02 10:15:06.081 +03:00  INF]  Request finished HTTP/2 GET https://localhost:7283/swagger/index.html - 200 null text/html;charset=utf-8 383.1452ms
[2025-06-02 10:15:06.097 +03:00  INF]  Request starting HTTP/2 GET https://localhost:7283/_framework/aspnetcore-browser-refresh.js - null null
[2025-06-02 10:15:06.104 +03:00  INF]  Request starting HTTP/2 GET https://localhost:7283/_vs/browserLink - null null
[2025-06-02 10:15:06.117 +03:00  INF]  Request finished HTTP/2 GET https://localhost:7283/_framework/aspnetcore-browser-refresh.js - 200 16503 application/javascript; charset=utf-8 19.5741ms
[2025-06-02 10:15:06.204 +03:00  INF]  Request finished HTTP/2 GET https://localhost:7283/_vs/browserLink - 200 null text/javascript; charset=UTF-8 99.4044ms
[2025-06-02 10:15:06.273 +03:00  INF]  Request starting HTTP/2 GET https://localhost:7283/swagger/v1/swagger.json - null null
[2025-06-02 10:15:06.347 +03:00  INF]  Request finished HTTP/2 GET https://localhost:7283/swagger/v1/swagger.json - 200 null application/json;charset=utf-8 74.5931ms
[2025-06-02 10:16:14.491 +03:00  INF]  Request starting HTTP/2 POST https://localhost:7283/api/WaslaAdmin/SavePricingPackage - application/json 354
[2025-06-02 10:16:14.513 +03:00  INF]  CORS policy execution successful.
[2025-06-02 10:16:14.623 +03:00  INF]  Executing endpoint 'Wasla_App.Controllers.WaslaAdminController.SavePricingPackage (Wasla_App)'
[2025-06-02 10:16:14.666 +03:00  INF]  Route matched with {action = "SavePricingPackage", controller = "WaslaAdmin"}. Executing controller action with signature Microsoft.AspNetCore.Mvc.IActionResult SavePricingPackage(WaslaApp.Data.Entities.PricingPackage) on controller Wasla_App.Controllers.WaslaAdminController (Wasla_App).
[2025-06-02 10:16:15.015 +03:00  INF]  Executing BadRequestObjectResult, writing value of type 'Microsoft.AspNetCore.Mvc.ValidationProblemDetails'.
[2025-06-02 10:16:15.047 +03:00  INF]  Executed action Wasla_App.Controllers.WaslaAdminController.SavePricingPackage (Wasla_App) in 375.376ms
[2025-06-02 10:16:15.047 +03:00  INF]  Executed endpoint 'Wasla_App.Controllers.WaslaAdminController.SavePricingPackage (Wasla_App)'
[2025-06-02 10:16:15.050 +03:00  INF]  Request finished HTTP/2 POST https://localhost:7283/api/WaslaAdmin/SavePricingPackage - 400 null application/problem+json; charset=utf-8 559.1227ms
[2025-06-02 10:16:48.827 +03:00  INF]  Request starting HTTP/2 POST https://localhost:7283/api/WaslaAdmin/SavePricingPackage - application/json 354
[2025-06-02 10:16:48.828 +03:00  INF]  CORS policy execution successful.
[2025-06-02 10:16:48.861 +03:00  INF]  Executing endpoint 'Wasla_App.Controllers.WaslaAdminController.SavePricingPackage (Wasla_App)'
[2025-06-02 10:16:48.862 +03:00  INF]  Route matched with {action = "SavePricingPackage", controller = "WaslaAdmin"}. Executing controller action with signature Microsoft.AspNetCore.Mvc.IActionResult SavePricingPackage(WaslaApp.Data.Entities.PricingPackage) on controller Wasla_App.Controllers.WaslaAdminController (Wasla_App).
[2025-06-02 10:16:48.895 +03:00  INF]  Executing BadRequestObjectResult, writing value of type 'Microsoft.AspNetCore.Mvc.ValidationProblemDetails'.
[2025-06-02 10:16:48.906 +03:00  INF]  Executed action Wasla_App.Controllers.WaslaAdminController.SavePricingPackage (Wasla_App) in 44.4016ms
[2025-06-02 10:16:48.907 +03:00  INF]  Executed endpoint 'Wasla_App.Controllers.WaslaAdminController.SavePricingPackage (Wasla_App)'
[2025-06-02 10:16:48.907 +03:00  INF]  Request finished HTTP/2 POST https://localhost:7283/api/WaslaAdmin/SavePricingPackage - 400 null application/problem+json; charset=utf-8 80.1745ms
[2025-06-02 10:17:08.695 +03:00  INF]  Request starting HTTP/2 POST https://localhost:7283/api/WaslaAdmin/SavePricingPackage - application/json 353
[2025-06-02 10:17:08.695 +03:00  INF]  CORS policy execution successful.
[2025-06-02 10:17:08.698 +03:00  INF]  Executing endpoint 'Wasla_App.Controllers.WaslaAdminController.SavePricingPackage (Wasla_App)'
[2025-06-02 10:17:08.698 +03:00  INF]  Route matched with {action = "SavePricingPackage", controller = "WaslaAdmin"}. Executing controller action with signature Microsoft.AspNetCore.Mvc.IActionResult SavePricingPackage(WaslaApp.Data.Entities.PricingPackage) on controller Wasla_App.Controllers.WaslaAdminController (Wasla_App).
[2025-06-02 10:17:14.906 +03:00  INF]  Executed DbCommand (45ms) [Parameters=[], CommandType='"Text"', CommandTimeout='30']
SELECT count(*)::int
FROM "PricingPackages" AS p
[2025-06-02 10:17:15.257 +03:00  INF]  Executed DbCommand (20ms) [Parameters=[@__package_package_name_0='?', @__package_active_1='?' (DbType = Boolean), @__package_lang_code_2='?', @__ToLower_3='?', @__package_service_id_4='?' (DbType = Int32)], CommandType='"Text"', CommandTimeout='30']
SELECT p.package_id, p.active, p.curr_code, p.discount_amount, p.discount_type, p.end_date, p.lang_code, p."order", p.package_desc, p.package_details, p.package_name, p.package_price, p.package_sale_price, p.service_id, p.start_date
FROM "PricingPackages" AS p
WHERE p.package_name = @__package_package_name_0 AND p.active = @__package_active_1 AND p.lang_code = @__package_lang_code_2 AND lower(p.curr_code) = @__ToLower_3 AND p.service_id = @__package_service_id_4
LIMIT 2
[2025-06-02 10:17:15.263 +03:00  INF]  Executed DbCommand (0ms) [Parameters=[], CommandType='"Text"', CommandTimeout='30']
SELECT max(p.package_id)
FROM "PricingPackages" AS p
[2025-06-02 10:17:15.554 +03:00  INF]  Executed DbCommand (12ms) [Parameters=[@p0='?' (DbType = Int32), @p1='?' (DbType = Boolean), @p2='?', @p3='?' (DbType = Decimal), @p4='?' (DbType = Int16), @p5='?' (DbType = DateTime2), @p6='?', @p7='?' (DbType = Int32), @p8='?', @p9='?', @p10='?', @p11='?' (DbType = Decimal), @p12='?' (DbType = Decimal), @p13='?' (DbType = Int32), @p14='?' (DbType = DateTime2)], CommandType='"Text"', CommandTimeout='30']
INSERT INTO "PricingPackages" (package_id, active, curr_code, discount_amount, discount_type, end_date, lang_code, "order", package_desc, package_details, package_name, package_price, package_sale_price, service_id, start_date)
VALUES (@p0, @p1, @p2, @p3, @p4, @p5, @p6, @p7, @p8, @p9, @p10, @p11, @p12, @p13, @p14);
[2025-06-02 10:17:15.563 +03:00  INF]  Executing OkObjectResult, writing value of type 'WaslaApp.Data.Models.ResponseCls'.
[2025-06-02 10:17:15.568 +03:00  INF]  Executed action Wasla_App.Controllers.WaslaAdminController.SavePricingPackage (Wasla_App) in 6869.0941ms
[2025-06-02 10:17:15.568 +03:00  INF]  Executed endpoint 'Wasla_App.Controllers.WaslaAdminController.SavePricingPackage (Wasla_App)'
[2025-06-02 10:17:15.577 +03:00  INF]  Request finished HTTP/2 POST https://localhost:7283/api/WaslaAdmin/SavePricingPackage - 200 null application/json; charset=utf-8 6882.8897ms
[2025-06-02 10:36:17.195 +03:00  INF]  User profile is available. Using 'C:\Users\Pro\AppData\Local\ASP.NET\DataProtection-Keys' as key repository and Windows DPAPI to encrypt keys at rest.
[2025-06-02 10:36:17.545 +03:00  WRN]  The WebRootPath was not found: D:\waslaa\api\WaslaAPI\Wasla_App\wwwroot. Static files may be unavailable.
[2025-06-02 10:36:17.721 +03:00  INF]  Now listening on: https://localhost:7283
[2025-06-02 10:36:17.721 +03:00  INF]  Now listening on: http://localhost:5074
[2025-06-02 10:36:17.934 +03:00  INF]  Application started. Press Ctrl+C to shut down.
[2025-06-02 10:36:17.935 +03:00  INF]  Hosting environment: Development
[2025-06-02 10:36:17.935 +03:00  INF]  Content root path: D:\waslaa\api\WaslaAPI\Wasla_App
[2025-06-02 10:36:18.962 +03:00  INF]  Request starting HTTP/2 GET https://localhost:7283/swagger/index.html - null null
[2025-06-02 10:36:19.408 +03:00  INF]  Request starting HTTP/2 GET https://localhost:7283/_framework/aspnetcore-browser-refresh.js - null null
[2025-06-02 10:36:19.430 +03:00  INF]  Request starting HTTP/2 GET https://localhost:7283/_vs/browserLink - null null
[2025-06-02 10:36:19.450 +03:00  INF]  Request finished HTTP/2 GET https://localhost:7283/swagger/index.html - 200 null text/html;charset=utf-8 501.9117ms
[2025-06-02 10:36:19.450 +03:00  INF]  Request finished HTTP/2 GET https://localhost:7283/_framework/aspnetcore-browser-refresh.js - 200 16503 application/javascript; charset=utf-8 42.2265ms
[2025-06-02 10:36:19.542 +03:00  INF]  Request finished HTTP/2 GET https://localhost:7283/_vs/browserLink - 200 null text/javascript; charset=UTF-8 111.9606ms
[2025-06-02 10:36:19.673 +03:00  INF]  Request starting HTTP/2 GET https://localhost:7283/swagger/v1/swagger.json - null null
[2025-06-02 10:36:19.721 +03:00  INF]  Request finished HTTP/2 GET https://localhost:7283/swagger/v1/swagger.json - 200 null application/json;charset=utf-8 47.7888ms
[2025-06-02 22:47:13.793 +03:00  INF]  User profile is available. Using 'C:\Users\Pro\AppData\Local\ASP.NET\DataProtection-Keys' as key repository and Windows DPAPI to encrypt keys at rest.
[2025-06-02 22:47:14.843 +03:00  WRN]  The WebRootPath was not found: D:\waslaa\api\WaslaAPI\Wasla_App\wwwroot. Static files may be unavailable.
[2025-06-02 22:47:15.134 +03:00  INF]  Now listening on: https://localhost:7283
[2025-06-02 22:47:15.136 +03:00  INF]  Now listening on: http://localhost:5074
[2025-06-02 22:47:16.204 +03:00  INF]  Application started. Press Ctrl+C to shut down.
[2025-06-02 22:47:16.205 +03:00  INF]  Hosting environment: Development
[2025-06-02 22:47:16.205 +03:00  INF]  Content root path: D:\waslaa\api\WaslaAPI\Wasla_App
[2025-06-02 22:47:16.505 +03:00  INF]  Request starting HTTP/2 GET https://localhost:7283/swagger/index.html - null null
[2025-06-02 22:47:17.127 +03:00  INF]  Request finished HTTP/2 GET https://localhost:7283/swagger/index.html - 200 null text/html;charset=utf-8 638.535ms
[2025-06-02 22:47:17.167 +03:00  INF]  Request starting HTTP/2 GET https://localhost:7283/_framework/aspnetcore-browser-refresh.js - null null
[2025-06-02 22:47:17.168 +03:00  INF]  Request starting HTTP/2 GET https://localhost:7283/_vs/browserLink - null null
[2025-06-02 22:47:17.195 +03:00  INF]  Request finished HTTP/2 GET https://localhost:7283/_framework/aspnetcore-browser-refresh.js - 200 16503 application/javascript; charset=utf-8 27.7513ms
[2025-06-02 22:47:17.358 +03:00  INF]  Request finished HTTP/2 GET https://localhost:7283/_vs/browserLink - 200 null text/javascript; charset=UTF-8 190.0833ms
[2025-06-02 22:47:17.455 +03:00  INF]  Request starting HTTP/2 GET https://localhost:7283/swagger/v1/swagger.json - null null
[2025-06-02 22:47:17.528 +03:00  INF]  Request finished HTTP/2 GET https://localhost:7283/swagger/v1/swagger.json - 200 null application/json;charset=utf-8 73.2715ms
[2025-06-02 22:47:58.158 +03:00  INF]  Request starting HTTP/2 POST https://localhost:7283/api/WaslaAdmin/GetPricingPackages - application/json 83
[2025-06-02 22:47:58.172 +03:00  INF]  CORS policy execution successful.
[2025-06-02 22:47:58.392 +03:00  INF]  Executing endpoint 'Wasla_App.Controllers.WaslaAdminController.GetPricingPackages (Wasla_App)'
[2025-06-02 22:47:58.452 +03:00  INF]  Route matched with {action = "GetPricingPackages", controller = "WaslaAdmin"}. Executing controller action with signature System.Threading.Tasks.Task`1[Microsoft.AspNetCore.Mvc.IActionResult] GetPricingPackages(WaslaApp.Data.Models.PricingPackageReq) on controller Wasla_App.Controllers.WaslaAdminController (Wasla_App).
[2025-06-02 22:48:01.894 +03:00  INF]  Executed DbCommand (141ms) [Parameters=[@__req_active_0='?' (DbType = Boolean)], CommandType='"Text"', CommandTimeout='30']
SELECT p.service_id, p.curr_code, p.lang_code, p.package_sale_price, p.active, p.discount_amount, p.discount_type, p.package_price, p.package_name, p.package_id, p.package_desc, p.start_date, p.end_date, p."order", p.package_details, s."productName" AS service_name
FROM "PricingPackages" AS p
INNER JOIN "Services" AS s ON p.service_id = s."productId" AND (p.lang_code = s.lang_code OR (p.lang_code IS NULL AND s.lang_code IS NULL))
WHERE p.active = @__req_active_0 AND (p.lang_code = p.lang_code OR p.lang_code IS NULL) AND (p.curr_code = p.curr_code OR p.curr_code IS NULL) AND p.active = @__req_active_0
[2025-06-02 22:48:01.983 +03:00  INF]  Executing OkObjectResult, writing value of type 'System.Collections.Generic.List`1[[WaslaApp.Data.Entities.PricingPackage, WaslaApp.Data, Version=1.0.0.0, Culture=neutral, PublicKeyToken=null]]'.
[2025-06-02 22:48:02.038 +03:00  INF]  Executed action Wasla_App.Controllers.WaslaAdminController.GetPricingPackages (Wasla_App) in 3580.4555ms
[2025-06-02 22:48:02.038 +03:00  INF]  Executed endpoint 'Wasla_App.Controllers.WaslaAdminController.GetPricingPackages (Wasla_App)'
[2025-06-02 22:48:02.056 +03:00  INF]  Request finished HTTP/2 POST https://localhost:7283/api/WaslaAdmin/GetPricingPackages - 200 null application/json; charset=utf-8 3897.9214ms
[2025-06-02 22:48:14.912 +03:00  INF]  Request starting HTTP/2 POST https://localhost:7283/api/WaslaAdmin/GetPricingPackages - application/json 82
[2025-06-02 22:48:14.913 +03:00  INF]  CORS policy execution successful.
[2025-06-02 22:48:14.925 +03:00  INF]  Executing endpoint 'Wasla_App.Controllers.WaslaAdminController.GetPricingPackages (Wasla_App)'
[2025-06-02 22:48:14.926 +03:00  INF]  Route matched with {action = "GetPricingPackages", controller = "WaslaAdmin"}. Executing controller action with signature System.Threading.Tasks.Task`1[Microsoft.AspNetCore.Mvc.IActionResult] GetPricingPackages(WaslaApp.Data.Models.PricingPackageReq) on controller Wasla_App.Controllers.WaslaAdminController (Wasla_App).
[2025-06-02 22:48:15.024 +03:00  INF]  Executed DbCommand (15ms) [Parameters=[@__req_active_0='?' (DbType = Boolean), @__req_lang_code_1='?', @__req_curr_code_2='?'], CommandType='"Text"', CommandTimeout='30']
SELECT p.service_id, p.curr_code, p.lang_code, p.package_sale_price, p.active, p.discount_amount, p.discount_type, p.package_price, p.package_name, p.package_id, p.package_desc, p.start_date, p.end_date, p."order", p.package_details, s."productName" AS service_name
FROM "PricingPackages" AS p
INNER JOIN "Services" AS s ON p.service_id = s."productId" AND (p.lang_code = s.lang_code OR (p.lang_code IS NULL AND s.lang_code IS NULL))
WHERE p.active = @__req_active_0 AND p.lang_code = @__req_lang_code_1 AND p.curr_code = @__req_curr_code_2 AND p.active = @__req_active_0
[2025-06-02 22:48:15.026 +03:00  INF]  Executing OkObjectResult, writing value of type 'System.Collections.Generic.List`1[[WaslaApp.Data.Entities.PricingPackage, WaslaApp.Data, Version=1.0.0.0, Culture=neutral, PublicKeyToken=null]]'.
[2025-06-02 22:48:15.027 +03:00  INF]  Executed action Wasla_App.Controllers.WaslaAdminController.GetPricingPackages (Wasla_App) in 100.3228ms
[2025-06-02 22:48:15.027 +03:00  INF]  Executed endpoint 'Wasla_App.Controllers.WaslaAdminController.GetPricingPackages (Wasla_App)'
[2025-06-02 22:48:15.027 +03:00  INF]  Request finished HTTP/2 POST https://localhost:7283/api/WaslaAdmin/GetPricingPackages - 200 null application/json; charset=utf-8 115.3465ms
[2025-06-02 22:50:18.868 +03:00  INF]  User profile is available. Using 'C:\Users\Pro\AppData\Local\ASP.NET\DataProtection-Keys' as key repository and Windows DPAPI to encrypt keys at rest.
[2025-06-02 22:50:19.260 +03:00  WRN]  The WebRootPath was not found: D:\waslaa\api\WaslaAPI\Wasla_App\wwwroot. Static files may be unavailable.
[2025-06-02 22:50:19.485 +03:00  INF]  Now listening on: https://localhost:7283
[2025-06-02 22:50:19.489 +03:00  INF]  Now listening on: http://localhost:5074
[2025-06-02 22:50:19.754 +03:00  INF]  Application started. Press Ctrl+C to shut down.
[2025-06-02 22:50:19.755 +03:00  INF]  Hosting environment: Development
[2025-06-02 22:50:19.755 +03:00  INF]  Content root path: D:\waslaa\api\WaslaAPI\Wasla_App
[2025-06-02 22:50:20.719 +03:00  INF]  Request starting HTTP/2 GET https://localhost:7283/swagger/index.html - null null
[2025-06-02 22:50:21.181 +03:00  INF]  Request finished HTTP/2 GET https://localhost:7283/swagger/index.html - 200 null text/html;charset=utf-8 479.4819ms
[2025-06-02 22:50:21.274 +03:00  INF]  Request starting HTTP/2 GET https://localhost:7283/_framework/aspnetcore-browser-refresh.js - null null
[2025-06-02 22:50:21.282 +03:00  INF]  Request starting HTTP/2 GET https://localhost:7283/_vs/browserLink - null null
[2025-06-02 22:50:21.316 +03:00  INF]  Request finished HTTP/2 GET https://localhost:7283/_framework/aspnetcore-browser-refresh.js - 200 16503 application/javascript; charset=utf-8 42.7382ms
[2025-06-02 22:50:21.419 +03:00  INF]  Request finished HTTP/2 GET https://localhost:7283/_vs/browserLink - 200 null text/javascript; charset=UTF-8 137.5377ms
[2025-06-02 22:50:21.514 +03:00  INF]  Request starting HTTP/2 GET https://localhost:7283/swagger/v1/swagger.json - null null
[2025-06-02 22:50:21.620 +03:00  INF]  Request finished HTTP/2 GET https://localhost:7283/swagger/v1/swagger.json - 200 null application/json;charset=utf-8 108.0119ms
[2025-06-02 22:50:34.725 +03:00  INF]  Request starting HTTP/2 POST https://localhost:7283/api/WaslaAdmin/GetPricingPackages - application/json 82
[2025-06-02 22:50:34.735 +03:00  INF]  CORS policy execution successful.
[2025-06-02 22:50:34.936 +03:00  INF]  Executing endpoint 'Wasla_App.Controllers.WaslaAdminController.GetPricingPackages (Wasla_App)'
[2025-06-02 22:50:35.027 +03:00  INF]  Route matched with {action = "GetPricingPackages", controller = "WaslaAdmin"}. Executing controller action with signature System.Threading.Tasks.Task`1[Microsoft.AspNetCore.Mvc.IActionResult] GetPricingPackages(WaslaApp.Data.Models.PricingPackageReq) on controller Wasla_App.Controllers.WaslaAdminController (Wasla_App).
[2025-06-02 22:50:37.692 +03:00  INF]  Executed DbCommand (112ms) [Parameters=[@__req_active_0='?' (DbType = Boolean), @__req_lang_code_1='?'], CommandType='"Text"', CommandTimeout='30']
SELECT p.service_id, p.curr_code, p.lang_code, p.package_sale_price, p.active, p.discount_amount, p.discount_type, p.package_price, p.package_name, p.package_id, p.package_desc, p.start_date, p.end_date, p."order", p.package_details, s."productName" AS service_name
FROM "PricingPackages" AS p
INNER JOIN "Services" AS s ON p.service_id = s."productId" AND (p.lang_code = s.lang_code OR (p.lang_code IS NULL AND s.lang_code IS NULL))
WHERE p.active = @__req_active_0 AND p.lang_code = @__req_lang_code_1 AND (p.curr_code = p.curr_code OR p.curr_code IS NULL) AND p.active = @__req_active_0
[2025-06-02 22:50:37.790 +03:00  INF]  Executing OkObjectResult, writing value of type 'System.Collections.Generic.List`1[[WaslaApp.Data.Entities.PricingPackage, WaslaApp.Data, Version=1.0.0.0, Culture=neutral, PublicKeyToken=null]]'.
[2025-06-02 22:50:37.831 +03:00  INF]  Executed action Wasla_App.Controllers.WaslaAdminController.GetPricingPackages (Wasla_App) in 2797.0891ms
[2025-06-02 22:50:37.832 +03:00  INF]  Executed endpoint 'Wasla_App.Controllers.WaslaAdminController.GetPricingPackages (Wasla_App)'
[2025-06-02 22:50:37.849 +03:00  INF]  Request finished HTTP/2 POST https://localhost:7283/api/WaslaAdmin/GetPricingPackages - 200 null application/json; charset=utf-8 3124.2406ms
