[2025-05-29 20:17:15.723 +03:00  INF]  User profile is available. Using 'C:\Users\Pro\AppData\Local\ASP.NET\DataProtection-Keys' as key repository and Windows DPAPI to encrypt keys at rest.
[2025-05-29 20:17:16.762 +03:00  WRN]  The WebRootPath was not found: D:\waslaa\api\WaslaAPI\Wasla_App\wwwroot. Static files may be unavailable.
[2025-05-29 20:17:17.356 +03:00  INF]  Now listening on: https://localhost:7283
[2025-05-29 20:17:17.357 +03:00  INF]  Now listening on: http://localhost:5074
[2025-05-29 20:17:18.156 +03:00  INF]  Application started. Press Ctrl+C to shut down.
[2025-05-29 20:17:18.157 +03:00  INF]  Hosting environment: Development
[2025-05-29 20:17:18.157 +03:00  INF]  Content root path: D:\waslaa\api\WaslaAPI\Wasla_App
[2025-05-29 20:17:25.588 +03:00  INF]  Request starting HTTP/2 GET https://localhost:7283/swagger/index.html - null null
[2025-05-29 20:17:26.284 +03:00  INF]  Request finished HTTP/2 GET https://localhost:7283/swagger/index.html - 200 null text/html;charset=utf-8 715.8453ms
[2025-05-29 20:17:26.425 +03:00  INF]  Request starting HTTP/2 GET https://localhost:7283/_framework/aspnetcore-browser-refresh.js - null null
[2025-05-29 20:17:26.676 +03:00  INF]  Request starting HTTP/2 GET https://localhost:7283/_vs/browserLink - null null
[2025-05-29 20:17:26.779 +03:00  INF]  Request finished HTTP/2 GET https://localhost:7283/_framework/aspnetcore-browser-refresh.js - 200 16503 application/javascript; charset=utf-8 354.5809ms
[2025-05-29 20:17:26.981 +03:00  INF]  Request finished HTTP/2 GET https://localhost:7283/_vs/browserLink - 200 null text/javascript; charset=UTF-8 305.2007ms
[2025-05-29 20:17:27.151 +03:00  INF]  Request starting HTTP/2 GET https://localhost:7283/swagger/v1/swagger.json - null null
[2025-05-29 20:17:27.228 +03:00  INF]  Request starting HTTP/2 GET https://localhost:7283/swagger/favicon-32x32.png - null null
[2025-05-29 20:17:27.250 +03:00  INF]  Request finished HTTP/2 GET https://localhost:7283/swagger/v1/swagger.json - 200 null application/json;charset=utf-8 99.3271ms
[2025-05-29 20:17:27.253 +03:00  INF]  Sending file. Request path: '/favicon-32x32.png'. Physical path: 'N/A'
[2025-05-29 20:17:27.254 +03:00  INF]  Request finished HTTP/2 GET https://localhost:7283/swagger/favicon-32x32.png - 200 628 image/png 29.2802ms
[2025-05-29 20:17:37.527 +03:00  INF]  Request starting HTTP/2 POST https://localhost:7283/api/WaslaBrowse/SendTestEmail2Async - null 0
[2025-05-29 20:17:37.550 +03:00  INF]  CORS policy execution successful.
[2025-05-29 20:17:40.654 +03:00  INF]  Executing endpoint 'Wasla_App.Controllers.WaslaBrowseController.SendTestEmail2Async (Wasla_App)'
[2025-05-29 20:17:40.717 +03:00  INF]  Route matched with {action = "SendTestEmail2", controller = "WaslaBrowse"}. Executing controller action with signature System.Threading.Tasks.Task`1[Microsoft.AspNetCore.Mvc.IActionResult] SendTestEmail2Async() on controller Wasla_App.Controllers.WaslaBrowseController (Wasla_App).
[2025-05-29 20:18:30.840 +03:00  INF]  Executed action Wasla_App.Controllers.WaslaBrowseController.SendTestEmail2Async (Wasla_App) in 50117.1699ms
[2025-05-29 20:18:30.842 +03:00  INF]  Executed endpoint 'Wasla_App.Controllers.WaslaBrowseController.SendTestEmail2Async (Wasla_App)'
[2025-05-29 20:18:30.843 +03:00  ERR]  An unhandled exception has occurred while executing the request.
System.NullReferenceException: Object reference not set to an instance of an object.
   at Wasla_App.services.CustomViewRendererService.RenderViewToStringAsync(String viewName, Object model, ControllerContext controllerContext, Boolean isPartial) in D:\waslaa\api\WaslaAPI\Wasla_App\services\CustomViewRendererService.cs:line 55
   at Wasla_App.Controllers.WaslaBrowseController.SendTestEmail2Async() in D:\waslaa\api\WaslaAPI\Wasla_App\Controllers\WaslaBrowseController.cs:line 31
   at Microsoft.AspNetCore.Mvc.Infrastructure.ActionMethodExecutor.TaskOfIActionResultExecutor.Execute(ActionContext actionContext, IActionResultTypeMapper mapper, ObjectMethodExecutor executor, Object controller, Object[] arguments)
   at Microsoft.AspNetCore.Mvc.Infrastructure.ControllerActionInvoker.<InvokeActionMethodAsync>g__Awaited|12_0(ControllerActionInvoker invoker, ValueTask`1 actionResultValueTask)
   at Microsoft.AspNetCore.Mvc.Infrastructure.ControllerActionInvoker.<InvokeNextActionFilterAsync>g__Awaited|10_0(ControllerActionInvoker invoker, Task lastTask, State next, Scope scope, Object state, Boolean isCompleted)
   at Microsoft.AspNetCore.Mvc.Infrastructure.ControllerActionInvoker.Rethrow(ActionExecutedContextSealed context)
   at Microsoft.AspNetCore.Mvc.Infrastructure.ControllerActionInvoker.Next(State& next, Scope& scope, Object& state, Boolean& isCompleted)
   at Microsoft.AspNetCore.Mvc.Infrastructure.ControllerActionInvoker.InvokeInnerFilterAsync()
--- End of stack trace from previous location ---
   at Microsoft.AspNetCore.Mvc.Infrastructure.ResourceInvoker.<InvokeFilterPipelineAsync>g__Awaited|20_0(ResourceInvoker invoker, Task lastTask, State next, Scope scope, Object state, Boolean isCompleted)
   at Microsoft.AspNetCore.Mvc.Infrastructure.ResourceInvoker.<InvokeAsync>g__Logged|17_1(ResourceInvoker invoker)
   at Microsoft.AspNetCore.Mvc.Infrastructure.ResourceInvoker.<InvokeAsync>g__Logged|17_1(ResourceInvoker invoker)
   at Microsoft.AspNetCore.Routing.EndpointMiddleware.<Invoke>g__AwaitRequestTask|7_0(Endpoint endpoint, Task requestTask, ILogger logger)
   at Microsoft.AspNetCore.Authorization.AuthorizationMiddleware.Invoke(HttpContext context)
   at Microsoft.AspNetCore.Authentication.AuthenticationMiddleware.Invoke(HttpContext context)
   at Swashbuckle.AspNetCore.SwaggerUI.SwaggerUIMiddleware.Invoke(HttpContext httpContext)
   at Swashbuckle.AspNetCore.Swagger.SwaggerMiddleware.Invoke(HttpContext httpContext, ISwaggerProvider swaggerProvider)
   at Microsoft.AspNetCore.Diagnostics.DeveloperExceptionPageMiddlewareImpl.Invoke(HttpContext context)
[2025-05-29 20:18:30.883 +03:00  INF]  Request finished HTTP/2 POST https://localhost:7283/api/WaslaBrowse/SendTestEmail2Async - 500 null text/plain; charset=utf-8 53356.5122ms
[2025-05-29 20:21:57.119 +03:00  INF]  User profile is available. Using 'C:\Users\Pro\AppData\Local\ASP.NET\DataProtection-Keys' as key repository and Windows DPAPI to encrypt keys at rest.
[2025-05-29 20:21:57.349 +03:00  WRN]  The WebRootPath was not found: D:\waslaa\api\WaslaAPI\Wasla_App\wwwroot. Static files may be unavailable.
[2025-05-29 20:21:57.546 +03:00  INF]  Now listening on: https://localhost:7283
[2025-05-29 20:21:57.547 +03:00  INF]  Now listening on: http://localhost:5074
[2025-05-29 20:21:57.757 +03:00  INF]  Application started. Press Ctrl+C to shut down.
[2025-05-29 20:21:57.757 +03:00  INF]  Hosting environment: Development
[2025-05-29 20:21:57.757 +03:00  INF]  Content root path: D:\waslaa\api\WaslaAPI\Wasla_App
[2025-05-29 20:21:58.669 +03:00  INF]  Request starting HTTP/2 GET https://localhost:7283/swagger/index.html - null null
[2025-05-29 20:21:59.107 +03:00  INF]  Request finished HTTP/2 GET https://localhost:7283/swagger/index.html - 200 null text/html;charset=utf-8 453.0286ms
[2025-05-29 20:21:59.181 +03:00  INF]  Request starting HTTP/2 GET https://localhost:7283/_framework/aspnetcore-browser-refresh.js - null null
[2025-05-29 20:21:59.196 +03:00  INF]  Request starting HTTP/2 GET https://localhost:7283/_vs/browserLink - null null
[2025-05-29 20:21:59.210 +03:00  INF]  Request finished HTTP/2 GET https://localhost:7283/_framework/aspnetcore-browser-refresh.js - 200 16503 application/javascript; charset=utf-8 29.3742ms
[2025-05-29 20:21:59.302 +03:00  INF]  Request finished HTTP/2 GET https://localhost:7283/_vs/browserLink - 200 null text/javascript; charset=UTF-8 105.2776ms
[2025-05-29 20:21:59.669 +03:00  INF]  Request starting HTTP/2 GET https://localhost:7283/swagger/v1/swagger.json - null null
[2025-05-29 20:21:59.762 +03:00  INF]  Request finished HTTP/2 GET https://localhost:7283/swagger/v1/swagger.json - 200 null application/json;charset=utf-8 92.4695ms
[2025-05-29 20:22:04.392 +03:00  INF]  Request starting HTTP/2 POST https://localhost:7283/api/WaslaBrowse/SendTestEmail2Async - null 0
[2025-05-29 20:22:04.401 +03:00  INF]  CORS policy execution successful.
[2025-05-29 20:22:04.565 +03:00  INF]  Executing endpoint 'Wasla_App.Controllers.WaslaBrowseController.SendTestEmail2Async (Wasla_App)'
[2025-05-29 20:22:04.610 +03:00  INF]  Route matched with {action = "SendTestEmail2", controller = "WaslaBrowse"}. Executing controller action with signature System.Threading.Tasks.Task`1[Microsoft.AspNetCore.Mvc.IActionResult] SendTestEmail2Async() on controller Wasla_App.Controllers.WaslaBrowseController (Wasla_App).
[2025-05-29 20:22:53.525 +03:00  INF]  Executed action Wasla_App.Controllers.WaslaBrowseController.SendTestEmail2Async (Wasla_App) in 48909.1006ms
[2025-05-29 20:22:53.526 +03:00  INF]  Executed endpoint 'Wasla_App.Controllers.WaslaBrowseController.SendTestEmail2Async (Wasla_App)'
[2025-05-29 20:22:53.528 +03:00  ERR]  An unhandled exception has occurred while executing the request.
System.NullReferenceException: Object reference not set to an instance of an object.
   at Wasla_App.services.CustomViewRendererService.RenderViewToStringAsync(String viewName, Object model, ControllerContext controllerContext, Boolean isPartial) in D:\waslaa\api\WaslaAPI\Wasla_App\services\CustomViewRendererService.cs:line 55
   at Wasla_App.Controllers.WaslaBrowseController.SendTestEmail2Async() in D:\waslaa\api\WaslaAPI\Wasla_App\Controllers\WaslaBrowseController.cs:line 34
   at Microsoft.AspNetCore.Mvc.Infrastructure.ActionMethodExecutor.TaskOfIActionResultExecutor.Execute(ActionContext actionContext, IActionResultTypeMapper mapper, ObjectMethodExecutor executor, Object controller, Object[] arguments)
   at Microsoft.AspNetCore.Mvc.Infrastructure.ControllerActionInvoker.<InvokeActionMethodAsync>g__Awaited|12_0(ControllerActionInvoker invoker, ValueTask`1 actionResultValueTask)
   at Microsoft.AspNetCore.Mvc.Infrastructure.ControllerActionInvoker.<InvokeNextActionFilterAsync>g__Awaited|10_0(ControllerActionInvoker invoker, Task lastTask, State next, Scope scope, Object state, Boolean isCompleted)
   at Microsoft.AspNetCore.Mvc.Infrastructure.ControllerActionInvoker.Rethrow(ActionExecutedContextSealed context)
   at Microsoft.AspNetCore.Mvc.Infrastructure.ControllerActionInvoker.Next(State& next, Scope& scope, Object& state, Boolean& isCompleted)
   at Microsoft.AspNetCore.Mvc.Infrastructure.ControllerActionInvoker.InvokeInnerFilterAsync()
--- End of stack trace from previous location ---
   at Microsoft.AspNetCore.Mvc.Infrastructure.ResourceInvoker.<InvokeFilterPipelineAsync>g__Awaited|20_0(ResourceInvoker invoker, Task lastTask, State next, Scope scope, Object state, Boolean isCompleted)
   at Microsoft.AspNetCore.Mvc.Infrastructure.ResourceInvoker.<InvokeAsync>g__Logged|17_1(ResourceInvoker invoker)
   at Microsoft.AspNetCore.Mvc.Infrastructure.ResourceInvoker.<InvokeAsync>g__Logged|17_1(ResourceInvoker invoker)
   at Microsoft.AspNetCore.Routing.EndpointMiddleware.<Invoke>g__AwaitRequestTask|7_0(Endpoint endpoint, Task requestTask, ILogger logger)
   at Microsoft.AspNetCore.Authorization.AuthorizationMiddleware.Invoke(HttpContext context)
   at Microsoft.AspNetCore.Authentication.AuthenticationMiddleware.Invoke(HttpContext context)
   at Swashbuckle.AspNetCore.SwaggerUI.SwaggerUIMiddleware.Invoke(HttpContext httpContext)
   at Swashbuckle.AspNetCore.Swagger.SwaggerMiddleware.Invoke(HttpContext httpContext, ISwaggerProvider swaggerProvider)
   at Microsoft.AspNetCore.Diagnostics.DeveloperExceptionPageMiddlewareImpl.Invoke(HttpContext context)
[2025-05-29 20:22:53.575 +03:00  INF]  Request finished HTTP/2 POST https://localhost:7283/api/WaslaBrowse/SendTestEmail2Async - 500 null text/plain; charset=utf-8 49182.4455ms
[2025-05-29 20:31:47.144 +03:00  INF]  User profile is available. Using 'C:\Users\Pro\AppData\Local\ASP.NET\DataProtection-Keys' as key repository and Windows DPAPI to encrypt keys at rest.
[2025-05-29 20:31:47.389 +03:00  WRN]  The WebRootPath was not found: D:\waslaa\api\WaslaAPI\Wasla_App\wwwroot. Static files may be unavailable.
[2025-05-29 20:31:47.663 +03:00  INF]  Now listening on: https://localhost:7283
[2025-05-29 20:31:47.664 +03:00  INF]  Now listening on: http://localhost:5074
[2025-05-29 20:31:48.391 +03:00  INF]  Application started. Press Ctrl+C to shut down.
[2025-05-29 20:31:48.392 +03:00  INF]  Hosting environment: Development
[2025-05-29 20:31:48.392 +03:00  INF]  Content root path: D:\waslaa\api\WaslaAPI\Wasla_App
[2025-05-29 20:31:48.529 +03:00  INF]  Request starting HTTP/2 GET https://localhost:7283/swagger/index.html - null null
[2025-05-29 20:31:49.053 +03:00  INF]  Request finished HTTP/2 GET https://localhost:7283/swagger/index.html - 200 null text/html;charset=utf-8 544.012ms
[2025-05-29 20:31:49.073 +03:00  INF]  Request starting HTTP/2 GET https://localhost:7283/_framework/aspnetcore-browser-refresh.js - null null
[2025-05-29 20:31:49.086 +03:00  INF]  Request starting HTTP/2 GET https://localhost:7283/_vs/browserLink - null null
[2025-05-29 20:31:49.109 +03:00  INF]  Request finished HTTP/2 GET https://localhost:7283/_framework/aspnetcore-browser-refresh.js - 200 16503 application/javascript; charset=utf-8 34.9816ms
[2025-05-29 20:31:49.204 +03:00  INF]  Request finished HTTP/2 GET https://localhost:7283/_vs/browserLink - 200 null text/javascript; charset=UTF-8 117.4885ms
[2025-05-29 20:31:49.295 +03:00  INF]  Request starting HTTP/2 GET https://localhost:7283/swagger/v1/swagger.json - null null
[2025-05-29 20:31:49.343 +03:00  INF]  Request finished HTTP/2 GET https://localhost:7283/swagger/v1/swagger.json - 200 null application/json;charset=utf-8 48.3234ms
[2025-05-29 20:31:54.013 +03:00  INF]  Request starting HTTP/2 POST https://localhost:7283/api/WaslaBrowse/SendTestEmail2Async - null 0
[2025-05-29 20:31:54.025 +03:00  INF]  CORS policy execution successful.
[2025-05-29 20:31:54.189 +03:00  INF]  Executing endpoint 'Wasla_App.Controllers.WaslaBrowseController.SendTestEmail2Async (Wasla_App)'
[2025-05-29 20:31:54.226 +03:00  INF]  Route matched with {action = "SendTestEmail2", controller = "WaslaBrowse"}. Executing controller action with signature System.Threading.Tasks.Task`1[Microsoft.AspNetCore.Mvc.IActionResult] SendTestEmail2Async() on controller Wasla_App.Controllers.WaslaBrowseController (Wasla_App).
[2025-05-29 20:36:24.058 +03:00  INF]  User profile is available. Using 'C:\Users\Pro\AppData\Local\ASP.NET\DataProtection-Keys' as key repository and Windows DPAPI to encrypt keys at rest.
[2025-05-29 20:36:24.439 +03:00  WRN]  The WebRootPath was not found: D:\waslaa\api\WaslaAPI\Wasla_App\wwwroot. Static files may be unavailable.
[2025-05-29 20:36:24.644 +03:00  INF]  Now listening on: https://localhost:7283
[2025-05-29 20:36:24.644 +03:00  INF]  Now listening on: http://localhost:5074
[2025-05-29 20:36:24.922 +03:00  INF]  Application started. Press Ctrl+C to shut down.
[2025-05-29 20:36:24.922 +03:00  INF]  Hosting environment: Development
[2025-05-29 20:36:24.923 +03:00  INF]  Content root path: D:\waslaa\api\WaslaAPI\Wasla_App
[2025-05-29 20:36:25.527 +03:00  INF]  Request starting HTTP/2 GET https://localhost:7283/swagger/index.html - null null
[2025-05-29 20:36:25.956 +03:00  INF]  Request finished HTTP/2 GET https://localhost:7283/swagger/index.html - 200 null text/html;charset=utf-8 471.5239ms
[2025-05-29 20:36:26.022 +03:00  INF]  Request starting HTTP/2 GET https://localhost:7283/_framework/aspnetcore-browser-refresh.js - null null
[2025-05-29 20:36:26.087 +03:00  INF]  Request starting HTTP/2 GET https://localhost:7283/_vs/browserLink - null null
[2025-05-29 20:36:26.172 +03:00  INF]  Request finished HTTP/2 GET https://localhost:7283/_framework/aspnetcore-browser-refresh.js - 200 16503 application/javascript; charset=utf-8 150.1775ms
[2025-05-29 20:36:26.271 +03:00  INF]  Request finished HTTP/2 GET https://localhost:7283/_vs/browserLink - 200 null text/javascript; charset=UTF-8 183.8242ms
[2025-05-29 20:36:26.409 +03:00  INF]  Request starting HTTP/2 GET https://localhost:7283/swagger/v1/swagger.json - null null
[2025-05-29 20:36:26.470 +03:00  INF]  Request finished HTTP/2 GET https://localhost:7283/swagger/v1/swagger.json - 200 null application/json;charset=utf-8 60.598ms
[2025-05-29 20:36:31.501 +03:00  INF]  Request starting HTTP/2 POST https://localhost:7283/api/WaslaBrowse/SendTestEmail2Async - null 0
[2025-05-29 20:36:31.514 +03:00  INF]  CORS policy execution successful.
[2025-05-29 20:36:31.715 +03:00  INF]  Executing endpoint 'Wasla_App.Controllers.WaslaBrowseController.SendTestEmail2Async (Wasla_App)'
[2025-05-29 20:36:31.774 +03:00  INF]  Route matched with {action = "SendTestEmail2", controller = "WaslaBrowse"}. Executing controller action with signature System.Threading.Tasks.Task`1[Microsoft.AspNetCore.Mvc.IActionResult] SendTestEmail2Async() on controller Wasla_App.Controllers.WaslaBrowseController (Wasla_App).
[2025-05-29 20:36:34.509 +03:00  INF]  Executing OkObjectResult, writing value of type 'System.String'.
[2025-05-29 20:36:34.525 +03:00  INF]  Executed action Wasla_App.Controllers.WaslaBrowseController.SendTestEmail2Async (Wasla_App) in 2738.6108ms
[2025-05-29 20:36:34.526 +03:00  INF]  Executed endpoint 'Wasla_App.Controllers.WaslaBrowseController.SendTestEmail2Async (Wasla_App)'
[2025-05-29 20:36:34.531 +03:00  INF]  Request finished HTTP/2 POST https://localhost:7283/api/WaslaBrowse/SendTestEmail2Async - 200 null text/plain; charset=utf-8 3029.9486ms
