[2025-11-08 10:00:51.446 +02:00  INF]  User profile is available. Using 'C:\Users\Pro\AppData\Local\ASP.NET\DataProtection-Keys' as key repository and Windows DPAPI to encrypt keys at rest.
[2025-11-08 10:00:53.109 +02:00  INF]  Now listening on: https://localhost:7283
[2025-11-08 10:00:53.110 +02:00  INF]  Now listening on: http://localhost:5074
[2025-11-08 10:00:53.451 +02:00  INF]  Application started. Press Ctrl+C to shut down.
[2025-11-08 10:00:53.451 +02:00  INF]  Hosting environment: Development
[2025-11-08 10:00:53.451 +02:00  INF]  Content root path: D:\waslaa\api\WaslaAPI\Wasla_App
[2025-11-08 10:00:54.077 +02:00  INF]  Request starting HTTP/2 GET https://localhost:7283/swagger/index.html - null null
[2025-11-08 10:00:54.796 +02:00  INF]  Request finished HTTP/2 GET https://localhost:7283/swagger/index.html - 200 null text/html;charset=utf-8 730.4609ms
[2025-11-08 10:00:54.860 +02:00  INF]  Request starting HTTP/2 GET https://localhost:7283/_framework/aspnetcore-browser-refresh.js - null null
[2025-11-08 10:00:54.893 +02:00  INF]  Request starting HTTP/2 GET https://localhost:7283/_vs/browserLink - null null
[2025-11-08 10:00:54.895 +02:00  INF]  Request finished HTTP/2 GET https://localhost:7283/_framework/aspnetcore-browser-refresh.js - 200 16503 application/javascript; charset=utf-8 35.4818ms
[2025-11-08 10:00:54.988 +02:00  INF]  Request finished HTTP/2 GET https://localhost:7283/_vs/browserLink - 200 null text/javascript; charset=UTF-8 95.0112ms
[2025-11-08 10:00:55.180 +02:00  INF]  Request starting HTTP/2 GET https://localhost:7283/swagger/v1/swagger.json - null null
[2025-11-08 10:00:55.262 +02:00  INF]  Request finished HTTP/2 GET https://localhost:7283/swagger/v1/swagger.json - 200 null application/json;charset=utf-8 82.1722ms
[2025-11-08 10:01:07.189 +02:00  INF]  Request starting HTTP/2 OPTIONS https://localhost:7283/api/WaslaClient/getQuesWithAnswers - null null
[2025-11-08 10:01:07.212 +02:00  INF]  CORS policy execution successful.
[2025-11-08 10:01:07.214 +02:00  INF]  Request finished HTTP/2 OPTIONS https://localhost:7283/api/WaslaClient/getQuesWithAnswers - 204 null null 25.4866ms
[2025-11-08 10:01:07.227 +02:00  INF]  Request starting HTTP/2 POST https://localhost:7283/api/WaslaClient/getQuesWithAnswers - application/json 13
[2025-11-08 10:01:07.228 +02:00  INF]  CORS policy execution successful.
[2025-11-08 10:01:09.523 +02:00  INF]  Failed to validate the token.
Microsoft.IdentityModel.Tokens.SecurityTokenExpiredException: IDX10223: Lifetime validation failed. The token is expired. ValidTo (UTC): '7‏‏/11‏‏/2025 4:06:17 م', Current time (UTC): '8‏‏/11‏‏/2025 8:01:09 ص'.
   at Microsoft.IdentityModel.Tokens.Validators.ValidateLifetime(Nullable`1 notBefore, Nullable`1 expires, SecurityToken securityToken, TokenValidationParameters validationParameters)
   at Microsoft.IdentityModel.JsonWebTokens.JsonWebTokenHandler.ValidateTokenPayloadAsync(JsonWebToken jsonWebToken, TokenValidationParameters validationParameters, BaseConfiguration configuration)
   at Microsoft.IdentityModel.JsonWebTokens.JsonWebTokenHandler.ValidateJWSAsync(JsonWebToken jsonWebToken, TokenValidationParameters validationParameters, BaseConfiguration configuration)
[2025-11-08 10:01:09.543 +02:00  INF]  Bearer was not authenticated. Failure message: IDX10223: Lifetime validation failed. The token is expired. ValidTo (UTC): '7‏‏/11‏‏/2025 4:06:17 م', Current time (UTC): '8‏‏/11‏‏/2025 8:01:09 ص'.
[2025-11-08 10:01:09.590 +02:00  INF]  Authorization failed. These requirements were not met:
DenyAnonymousAuthorizationRequirement: Requires an authenticated user.
[2025-11-08 10:01:09.600 +02:00  INF]  AuthenticationScheme: Bearer was challenged.
[2025-11-08 10:01:09.601 +02:00  INF]  Request finished HTTP/2 POST https://localhost:7283/api/WaslaClient/getQuesWithAnswers - 401 0 null 2374.6949ms
[2025-11-08 10:02:07.871 +02:00  INF]  Request starting HTTP/2 OPTIONS https://localhost:7283/api/WaslaClient/getQuesWithAnswers - null null
[2025-11-08 10:02:07.872 +02:00  INF]  CORS policy execution successful.
[2025-11-08 10:02:07.873 +02:00  INF]  Request finished HTTP/2 OPTIONS https://localhost:7283/api/WaslaClient/getQuesWithAnswers - 204 null null 2.0508ms
[2025-11-08 10:02:07.876 +02:00  INF]  Request starting HTTP/2 POST https://localhost:7283/api/WaslaClient/getQuesWithAnswers - application/json 13
[2025-11-08 10:02:07.878 +02:00  INF]  CORS policy execution successful.
[2025-11-08 10:02:07.974 +02:00  INF]  Executing endpoint 'Wasla_App.Controllers.WaslaClientController.getQuesWithAnswers (Wasla_App)'
[2025-11-08 10:02:08.032 +02:00  INF]  Route matched with {action = "getQuesWithAnswers", controller = "WaslaClient"}. Executing controller action with signature Microsoft.AspNetCore.Mvc.IActionResult getQuesWithAnswers(WaslaApp.Data.Models.profile.QuesLstReq) on controller Wasla_App.Controllers.WaslaClientController (Wasla_App).
[2025-11-08 10:02:14.688 +02:00  INF]  Executed DbCommand (73ms) [Parameters=[@__clientId_1='?', @__lang_0='?'], CommandType='"Text"', CommandTimeout='30']
SELECT r.ques_id, r.lang_code, r1.client_id, r1.answer, r."order", r.ques_title
FROM registrationqueswithlangs AS r
LEFT JOIN (
    SELECT r0.answer, r0.client_id, r0.ques_id
    FROM "RegistrationAnswers" AS r0
    WHERE r0.client_id = @__clientId_1
) AS r1 ON r.ques_id = r1.ques_id
WHERE r.lang_code = @__lang_0
[2025-11-08 10:02:14.722 +02:00  INF]  Executing OkObjectResult, writing value of type 'System.Collections.Generic.List`1[[WaslaApp.Data.Models.profile.QuesWithAnswers, WaslaApp.Data, Version=1.0.0.0, Culture=neutral, PublicKeyToken=null]]'.
[2025-11-08 10:02:14.780 +02:00  INF]  Executed action Wasla_App.Controllers.WaslaClientController.getQuesWithAnswers (Wasla_App) in 6739.8126ms
[2025-11-08 10:02:14.780 +02:00  INF]  Executed endpoint 'Wasla_App.Controllers.WaslaClientController.getQuesWithAnswers (Wasla_App)'
[2025-11-08 10:02:14.800 +02:00  INF]  Request finished HTTP/2 POST https://localhost:7283/api/WaslaClient/getQuesWithAnswers - 200 1207 application/json; charset=utf-8 6923.365ms
[2025-11-08 10:02:25.706 +02:00  INF]  Request starting HTTP/2 OPTIONS https://localhost:7283/api/WaslaClient/saveRegistrationSteps - null null
[2025-11-08 10:02:25.706 +02:00  INF]  CORS policy execution successful.
[2025-11-08 10:02:25.707 +02:00  INF]  Request finished HTTP/2 OPTIONS https://localhost:7283/api/WaslaClient/saveRegistrationSteps - 204 null null 0.7417ms
[2025-11-08 10:02:25.710 +02:00  INF]  Request starting HTTP/2 POST https://localhost:7283/api/WaslaClient/saveRegistrationSteps - application/json 477
[2025-11-08 10:02:25.710 +02:00  INF]  CORS policy execution successful.
[2025-11-08 10:02:25.713 +02:00  INF]  Executing endpoint 'Wasla_App.Controllers.WaslaClientController.saveRegistrationSteps (Wasla_App)'
[2025-11-08 10:02:25.718 +02:00  INF]  Route matched with {action = "saveRegistrationSteps", controller = "WaslaClient"}. Executing controller action with signature Microsoft.AspNetCore.Mvc.IActionResult saveRegistrationSteps(System.Collections.Generic.List`1[WaslaApp.Data.Entities.RegistrationAnswer]) on controller Wasla_App.Controllers.WaslaClientController (Wasla_App).
[2025-11-08 10:02:25.846 +02:00  INF]  Executed DbCommand (2ms) [Parameters=[@__answer_client_id_0='?', @__answer_ques_id_1='?' (DbType = Int32), @__answer_lang_code_2='?'], CommandType='"Text"', CommandTimeout='30']
SELECT r.id, r.answer, r.client_id, r.created_at, r.created_by, r.lang_code, r.ques_id, r.updated_at
FROM "RegistrationAnswers" AS r
WHERE r.client_id = @__answer_client_id_0 AND r.ques_id = @__answer_ques_id_1 AND r.lang_code = @__answer_lang_code_2
LIMIT 2
[2025-11-08 10:02:25.977 +02:00  INF]  Executed DbCommand (1ms) [Parameters=[@__answer_client_id_0='?', @__answer_ques_id_1='?' (DbType = Int32), @__answer_lang_code_2='?'], CommandType='"Text"', CommandTimeout='30']
SELECT r.id, r.answer, r.client_id, r.created_at, r.created_by, r.lang_code, r.ques_id, r.updated_at
FROM "RegistrationAnswers" AS r
WHERE r.client_id = @__answer_client_id_0 AND r.ques_id = @__answer_ques_id_1 AND r.lang_code = @__answer_lang_code_2
LIMIT 2
[2025-11-08 10:02:25.981 +02:00  INF]  Executed DbCommand (1ms) [Parameters=[@__answer_client_id_0='?', @__answer_ques_id_1='?' (DbType = Int32), @__answer_lang_code_2='?'], CommandType='"Text"', CommandTimeout='30']
SELECT r.id, r.answer, r.client_id, r.created_at, r.created_by, r.lang_code, r.ques_id, r.updated_at
FROM "RegistrationAnswers" AS r
WHERE r.client_id = @__answer_client_id_0 AND r.ques_id = @__answer_ques_id_1 AND r.lang_code = @__answer_lang_code_2
LIMIT 2
[2025-11-08 10:02:25.982 +02:00  INF]  Executed DbCommand (1ms) [Parameters=[@__answer_client_id_0='?', @__answer_ques_id_1='?' (DbType = Int32), @__answer_lang_code_2='?'], CommandType='"Text"', CommandTimeout='30']
SELECT r.id, r.answer, r.client_id, r.created_at, r.created_by, r.lang_code, r.ques_id, r.updated_at
FROM "RegistrationAnswers" AS r
WHERE r.client_id = @__answer_client_id_0 AND r.ques_id = @__answer_ques_id_1 AND r.lang_code = @__answer_lang_code_2
LIMIT 2
[2025-11-08 10:02:25.983 +02:00  INF]  Executed DbCommand (1ms) [Parameters=[@__answer_client_id_0='?', @__answer_ques_id_1='?' (DbType = Int32), @__answer_lang_code_2='?'], CommandType='"Text"', CommandTimeout='30']
SELECT r.id, r.answer, r.client_id, r.created_at, r.created_by, r.lang_code, r.ques_id, r.updated_at
FROM "RegistrationAnswers" AS r
WHERE r.client_id = @__answer_client_id_0 AND r.ques_id = @__answer_ques_id_1 AND r.lang_code = @__answer_lang_code_2
LIMIT 2
[2025-11-08 10:02:25.985 +02:00  INF]  Executed DbCommand (0ms) [Parameters=[@__answer_client_id_0='?', @__answer_ques_id_1='?' (DbType = Int32), @__answer_lang_code_2='?'], CommandType='"Text"', CommandTimeout='30']
SELECT r.id, r.answer, r.client_id, r.created_at, r.created_by, r.lang_code, r.ques_id, r.updated_at
FROM "RegistrationAnswers" AS r
WHERE r.client_id = @__answer_client_id_0 AND r.ques_id = @__answer_ques_id_1 AND r.lang_code = @__answer_lang_code_2
LIMIT 2
[2025-11-08 10:02:25.986 +02:00  INF]  Executed DbCommand (0ms) [Parameters=[@__answer_client_id_0='?', @__answer_ques_id_1='?' (DbType = Int32), @__answer_lang_code_2='?'], CommandType='"Text"', CommandTimeout='30']
SELECT r.id, r.answer, r.client_id, r.created_at, r.created_by, r.lang_code, r.ques_id, r.updated_at
FROM "RegistrationAnswers" AS r
WHERE r.client_id = @__answer_client_id_0 AND r.ques_id = @__answer_ques_id_1 AND r.lang_code = @__answer_lang_code_2
LIMIT 2
[2025-11-08 10:02:26.133 +02:00  INF]  Executed DbCommand (15ms) [Parameters=[@p0='?', @p1='?', @p2='?', @p3='?', @p4='?' (DbType = Int32), @p5='?', @p6='?', @p7='?', @p8='?', @p9='?' (DbType = Int32), @p10='?', @p11='?', @p12='?', @p13='?', @p14='?' (DbType = Int32), @p15='?', @p16='?', @p17='?', @p18='?', @p19='?' (DbType = Int32), @p20='?', @p21='?', @p22='?', @p23='?', @p24='?' (DbType = Int32), @p25='?', @p26='?', @p27='?', @p28='?', @p29='?' (DbType = Int32), @p30='?', @p31='?', @p32='?', @p33='?', @p34='?' (DbType = Int32)], CommandType='"Text"', CommandTimeout='30']
INSERT INTO "RegistrationAnswers" (answer, client_id, created_by, lang_code, ques_id)
VALUES (@p0, @p1, @p2, @p3, @p4)
RETURNING id, created_at, updated_at;
INSERT INTO "RegistrationAnswers" (answer, client_id, created_by, lang_code, ques_id)
VALUES (@p5, @p6, @p7, @p8, @p9)
RETURNING id, created_at, updated_at;
INSERT INTO "RegistrationAnswers" (answer, client_id, created_by, lang_code, ques_id)
VALUES (@p10, @p11, @p12, @p13, @p14)
RETURNING id, created_at, updated_at;
INSERT INTO "RegistrationAnswers" (answer, client_id, created_by, lang_code, ques_id)
VALUES (@p15, @p16, @p17, @p18, @p19)
RETURNING id, created_at, updated_at;
INSERT INTO "RegistrationAnswers" (answer, client_id, created_by, lang_code, ques_id)
VALUES (@p20, @p21, @p22, @p23, @p24)
RETURNING id, created_at, updated_at;
INSERT INTO "RegistrationAnswers" (answer, client_id, created_by, lang_code, ques_id)
VALUES (@p25, @p26, @p27, @p28, @p29)
RETURNING id, created_at, updated_at;
INSERT INTO "RegistrationAnswers" (answer, client_id, created_by, lang_code, ques_id)
VALUES (@p30, @p31, @p32, @p33, @p34)
RETURNING id, created_at, updated_at;
[2025-11-08 10:02:26.229 +02:00  INF]  Executed DbCommand (2ms) [Parameters=[], CommandType='"Text"', CommandTimeout='30']
SELECT count(*)::int
FROM "ClientCopouns" AS c
[2025-11-08 10:02:26.244 +02:00  INF]  Executed DbCommand (2ms) [Parameters=[@__copoun_client_id_0='?', @__copoun_start_date_1='?' (DbType = Date), @__copoun_end_date_2='?' (DbType = Date)], CommandType='"Text"', CommandTimeout='30']
SELECT c.id, c.client_id, c.copoun, c.created_at, c.created_by, c.discount_type, c.discount_value, c.end_date, c.start_date, c.updated_at
FROM "ClientCopouns" AS c
WHERE c.client_id = @__copoun_client_id_0 AND c.start_date = @__copoun_start_date_1 AND c.end_date = @__copoun_end_date_2
LIMIT 2
[2025-11-08 10:02:26.265 +02:00  INF]  Executed DbCommand (1ms) [Parameters=[], CommandType='"Text"', CommandTimeout='30']
SELECT max(c.id)
FROM "ClientCopouns" AS c
[2025-11-08 10:02:26.345 +02:00  INF]  Executed DbCommand (7ms) [Parameters=[@p0='?' (DbType = Decimal), @p1='?', @p2='?', @p3='?', @p4='?' (DbType = Int16), @p5='?' (DbType = Decimal), @p6='?' (DbType = Date), @p7='?' (DbType = Date)], CommandType='"Text"', CommandTimeout='30']
INSERT INTO "ClientCopouns" (id, client_id, copoun, created_by, discount_type, discount_value, end_date, start_date)
VALUES (@p0, @p1, @p2, @p3, @p4, @p5, @p6, @p7)
RETURNING created_at, updated_at;
[2025-11-08 10:02:28.960 +02:00  INF]  Executing OkObjectResult, writing value of type 'WaslaApp.Data.Models.profile.RegsistrationQuesResponse'.
[2025-11-08 10:02:28.964 +02:00  INF]  Executed action Wasla_App.Controllers.WaslaClientController.saveRegistrationSteps (Wasla_App) in 3245.4395ms
[2025-11-08 10:02:28.964 +02:00  INF]  Executed endpoint 'Wasla_App.Controllers.WaslaClientController.saveRegistrationSteps (Wasla_App)'
[2025-11-08 10:02:28.965 +02:00  INF]  Request finished HTTP/2 POST https://localhost:7283/api/WaslaClient/saveRegistrationSteps - 200 317 application/json; charset=utf-8 3255.0225ms
[2025-11-08 10:07:38.730 +02:00  INF]  User profile is available. Using 'C:\Users\Pro\AppData\Local\ASP.NET\DataProtection-Keys' as key repository and Windows DPAPI to encrypt keys at rest.
[2025-11-08 10:07:39.423 +02:00  INF]  Now listening on: https://localhost:7283
[2025-11-08 10:07:39.425 +02:00  INF]  Now listening on: http://localhost:5074
[2025-11-08 10:07:39.876 +02:00  INF]  Application started. Press Ctrl+C to shut down.
[2025-11-08 10:07:39.876 +02:00  INF]  Hosting environment: Development
[2025-11-08 10:07:39.876 +02:00  INF]  Content root path: D:\waslaa\api\WaslaAPI\Wasla_App
[2025-11-08 10:07:40.278 +02:00  INF]  Request starting HTTP/2 GET https://localhost:7283/swagger/index.html - null null
[2025-11-08 10:07:40.758 +02:00  INF]  Request finished HTTP/2 GET https://localhost:7283/swagger/index.html - 200 null text/html;charset=utf-8 492.4697ms
[2025-11-08 10:07:40.765 +02:00  INF]  Request starting HTTP/2 GET https://localhost:7283/_framework/aspnetcore-browser-refresh.js - null null
[2025-11-08 10:07:40.770 +02:00  INF]  Request starting HTTP/2 GET https://localhost:7283/_vs/browserLink - null null
[2025-11-08 10:07:40.783 +02:00  INF]  Request finished HTTP/2 GET https://localhost:7283/_framework/aspnetcore-browser-refresh.js - 200 16503 application/javascript; charset=utf-8 17.479ms
[2025-11-08 10:07:41.028 +02:00  INF]  Request finished HTTP/2 GET https://localhost:7283/_vs/browserLink - 200 null text/javascript; charset=UTF-8 257.5711ms
[2025-11-08 10:07:41.909 +02:00  INF]  Request starting HTTP/2 GET https://localhost:7283/swagger/v1/swagger.json - null null
[2025-11-08 10:07:41.978 +02:00  INF]  Request finished HTTP/2 GET https://localhost:7283/swagger/v1/swagger.json - 200 null application/json;charset=utf-8 70.1607ms
[2025-11-08 10:09:36.758 +02:00  INF]  Request starting HTTP/2 OPTIONS https://localhost:7283/api/WaslaClient/getQuesWithAnswers - null null
[2025-11-08 10:09:36.780 +02:00  INF]  CORS policy execution successful.
[2025-11-08 10:09:36.782 +02:00  INF]  Request finished HTTP/2 OPTIONS https://localhost:7283/api/WaslaClient/getQuesWithAnswers - 204 null null 24.5606ms
[2025-11-08 10:09:36.790 +02:00  INF]  Request starting HTTP/2 POST https://localhost:7283/api/WaslaClient/getQuesWithAnswers - application/json 13
[2025-11-08 10:09:36.792 +02:00  INF]  CORS policy execution successful.
[2025-11-08 10:09:37.214 +02:00  INF]  Executing endpoint 'Wasla_App.Controllers.WaslaClientController.getQuesWithAnswers (Wasla_App)'
[2025-11-08 10:09:37.259 +02:00  INF]  Route matched with {action = "getQuesWithAnswers", controller = "WaslaClient"}. Executing controller action with signature Microsoft.AspNetCore.Mvc.IActionResult getQuesWithAnswers(WaslaApp.Data.Models.profile.QuesLstReq) on controller Wasla_App.Controllers.WaslaClientController (Wasla_App).
[2025-11-08 10:09:43.747 +02:00  INF]  Executed DbCommand (69ms) [Parameters=[@__clientId_1='?', @__lang_0='?'], CommandType='"Text"', CommandTimeout='30']
SELECT r.ques_id, r.lang_code, r1.client_id, r1.answer, r."order", r.ques_title
FROM registrationqueswithlangs AS r
LEFT JOIN (
    SELECT r0.answer, r0.client_id, r0.ques_id
    FROM "RegistrationAnswers" AS r0
    WHERE r0.client_id = @__clientId_1
) AS r1 ON r.ques_id = r1.ques_id
WHERE r.lang_code = @__lang_0
[2025-11-08 10:09:43.789 +02:00  INF]  Executing OkObjectResult, writing value of type 'System.Collections.Generic.List`1[[WaslaApp.Data.Models.profile.QuesWithAnswers, WaslaApp.Data, Version=1.0.0.0, Culture=neutral, PublicKeyToken=null]]'.
[2025-11-08 10:09:43.834 +02:00  INF]  Executed action Wasla_App.Controllers.WaslaClientController.getQuesWithAnswers (Wasla_App) in 6569.0573ms
[2025-11-08 10:09:43.834 +02:00  INF]  Executed endpoint 'Wasla_App.Controllers.WaslaClientController.getQuesWithAnswers (Wasla_App)'
[2025-11-08 10:09:43.854 +02:00  INF]  Request finished HTTP/2 POST https://localhost:7283/api/WaslaClient/getQuesWithAnswers - 200 1207 application/json; charset=utf-8 7063.9358ms
[2025-11-08 10:14:07.882 +02:00  INF]  Request starting HTTP/2 OPTIONS https://localhost:7283/api/WaslaClient/saveRegistrationSteps - null null
[2025-11-08 10:14:07.883 +02:00  INF]  CORS policy execution successful.
[2025-11-08 10:14:07.885 +02:00  INF]  Request finished HTTP/2 OPTIONS https://localhost:7283/api/WaslaClient/saveRegistrationSteps - 204 null null 2.4855ms
[2025-11-08 10:14:07.888 +02:00  INF]  Request starting HTTP/2 POST https://localhost:7283/api/WaslaClient/saveRegistrationSteps - application/json 477
[2025-11-08 10:14:07.888 +02:00  INF]  CORS policy execution successful.
[2025-11-08 10:14:07.907 +02:00  INF]  Executing endpoint 'Wasla_App.Controllers.WaslaClientController.saveRegistrationSteps (Wasla_App)'
[2025-11-08 10:14:07.929 +02:00  INF]  Route matched with {action = "saveRegistrationSteps", controller = "WaslaClient"}. Executing controller action with signature Microsoft.AspNetCore.Mvc.IActionResult saveRegistrationSteps(System.Collections.Generic.List`1[WaslaApp.Data.Entities.RegistrationAnswer]) on controller Wasla_App.Controllers.WaslaClientController (Wasla_App).
[2025-11-08 10:14:08.028 +02:00  INF]  Executed DbCommand (2ms) [Parameters=[@__answer_client_id_0='?', @__answer_ques_id_1='?' (DbType = Int32), @__answer_lang_code_2='?'], CommandType='"Text"', CommandTimeout='30']
SELECT r.id, r.answer, r.client_id, r.created_at, r.created_by, r.lang_code, r.ques_id, r.updated_at
FROM "RegistrationAnswers" AS r
WHERE r.client_id = @__answer_client_id_0 AND r.ques_id = @__answer_ques_id_1 AND r.lang_code = @__answer_lang_code_2
LIMIT 2
[2025-11-08 10:14:08.120 +02:00  INF]  Executed DbCommand (2ms) [Parameters=[@__answer_client_id_0='?', @__answer_ques_id_1='?' (DbType = Int32), @__answer_lang_code_2='?'], CommandType='"Text"', CommandTimeout='30']
SELECT r.id, r.answer, r.client_id, r.created_at, r.created_by, r.lang_code, r.ques_id, r.updated_at
FROM "RegistrationAnswers" AS r
WHERE r.client_id = @__answer_client_id_0 AND r.ques_id = @__answer_ques_id_1 AND r.lang_code = @__answer_lang_code_2
LIMIT 2
[2025-11-08 10:14:08.123 +02:00  INF]  Executed DbCommand (1ms) [Parameters=[@__answer_client_id_0='?', @__answer_ques_id_1='?' (DbType = Int32), @__answer_lang_code_2='?'], CommandType='"Text"', CommandTimeout='30']
SELECT r.id, r.answer, r.client_id, r.created_at, r.created_by, r.lang_code, r.ques_id, r.updated_at
FROM "RegistrationAnswers" AS r
WHERE r.client_id = @__answer_client_id_0 AND r.ques_id = @__answer_ques_id_1 AND r.lang_code = @__answer_lang_code_2
LIMIT 2
[2025-11-08 10:14:08.125 +02:00  INF]  Executed DbCommand (1ms) [Parameters=[@__answer_client_id_0='?', @__answer_ques_id_1='?' (DbType = Int32), @__answer_lang_code_2='?'], CommandType='"Text"', CommandTimeout='30']
SELECT r.id, r.answer, r.client_id, r.created_at, r.created_by, r.lang_code, r.ques_id, r.updated_at
FROM "RegistrationAnswers" AS r
WHERE r.client_id = @__answer_client_id_0 AND r.ques_id = @__answer_ques_id_1 AND r.lang_code = @__answer_lang_code_2
LIMIT 2
[2025-11-08 10:14:08.127 +02:00  INF]  Executed DbCommand (1ms) [Parameters=[@__answer_client_id_0='?', @__answer_ques_id_1='?' (DbType = Int32), @__answer_lang_code_2='?'], CommandType='"Text"', CommandTimeout='30']
SELECT r.id, r.answer, r.client_id, r.created_at, r.created_by, r.lang_code, r.ques_id, r.updated_at
FROM "RegistrationAnswers" AS r
WHERE r.client_id = @__answer_client_id_0 AND r.ques_id = @__answer_ques_id_1 AND r.lang_code = @__answer_lang_code_2
LIMIT 2
[2025-11-08 10:14:08.128 +02:00  INF]  Executed DbCommand (1ms) [Parameters=[@__answer_client_id_0='?', @__answer_ques_id_1='?' (DbType = Int32), @__answer_lang_code_2='?'], CommandType='"Text"', CommandTimeout='30']
SELECT r.id, r.answer, r.client_id, r.created_at, r.created_by, r.lang_code, r.ques_id, r.updated_at
FROM "RegistrationAnswers" AS r
WHERE r.client_id = @__answer_client_id_0 AND r.ques_id = @__answer_ques_id_1 AND r.lang_code = @__answer_lang_code_2
LIMIT 2
[2025-11-08 10:14:08.130 +02:00  INF]  Executed DbCommand (1ms) [Parameters=[@__answer_client_id_0='?', @__answer_ques_id_1='?' (DbType = Int32), @__answer_lang_code_2='?'], CommandType='"Text"', CommandTimeout='30']
SELECT r.id, r.answer, r.client_id, r.created_at, r.created_by, r.lang_code, r.ques_id, r.updated_at
FROM "RegistrationAnswers" AS r
WHERE r.client_id = @__answer_client_id_0 AND r.ques_id = @__answer_ques_id_1 AND r.lang_code = @__answer_lang_code_2
LIMIT 2
[2025-11-08 10:14:08.213 +02:00  INF]  Executed DbCommand (8ms) [Parameters=[@p0='?', @p1='?', @p2='?', @p3='?', @p4='?' (DbType = Int32), @p5='?', @p6='?', @p7='?', @p8='?', @p9='?' (DbType = Int32), @p10='?', @p11='?', @p12='?', @p13='?', @p14='?' (DbType = Int32), @p15='?', @p16='?', @p17='?', @p18='?', @p19='?' (DbType = Int32), @p20='?', @p21='?', @p22='?', @p23='?', @p24='?' (DbType = Int32), @p25='?', @p26='?', @p27='?', @p28='?', @p29='?' (DbType = Int32), @p30='?', @p31='?', @p32='?', @p33='?', @p34='?' (DbType = Int32)], CommandType='"Text"', CommandTimeout='30']
INSERT INTO "RegistrationAnswers" (answer, client_id, created_by, lang_code, ques_id)
VALUES (@p0, @p1, @p2, @p3, @p4)
RETURNING id, created_at, updated_at;
INSERT INTO "RegistrationAnswers" (answer, client_id, created_by, lang_code, ques_id)
VALUES (@p5, @p6, @p7, @p8, @p9)
RETURNING id, created_at, updated_at;
INSERT INTO "RegistrationAnswers" (answer, client_id, created_by, lang_code, ques_id)
VALUES (@p10, @p11, @p12, @p13, @p14)
RETURNING id, created_at, updated_at;
INSERT INTO "RegistrationAnswers" (answer, client_id, created_by, lang_code, ques_id)
VALUES (@p15, @p16, @p17, @p18, @p19)
RETURNING id, created_at, updated_at;
INSERT INTO "RegistrationAnswers" (answer, client_id, created_by, lang_code, ques_id)
VALUES (@p20, @p21, @p22, @p23, @p24)
RETURNING id, created_at, updated_at;
INSERT INTO "RegistrationAnswers" (answer, client_id, created_by, lang_code, ques_id)
VALUES (@p25, @p26, @p27, @p28, @p29)
RETURNING id, created_at, updated_at;
INSERT INTO "RegistrationAnswers" (answer, client_id, created_by, lang_code, ques_id)
VALUES (@p30, @p31, @p32, @p33, @p34)
RETURNING id, created_at, updated_at;
[2025-11-08 10:14:08.285 +02:00  INF]  Executed DbCommand (2ms) [Parameters=[], CommandType='"Text"', CommandTimeout='30']
SELECT count(*)::int
FROM "ClientCopouns" AS c
[2025-11-08 10:14:08.294 +02:00  INF]  Executed DbCommand (2ms) [Parameters=[@__copoun_client_id_0='?', @__copoun_start_date_1='?' (DbType = Date), @__copoun_end_date_2='?' (DbType = Date)], CommandType='"Text"', CommandTimeout='30']
SELECT c.id, c.client_id, c.copoun, c.created_at, c.created_by, c.discount_type, c.discount_value, c.end_date, c.start_date, c.updated_at
FROM "ClientCopouns" AS c
WHERE c.client_id = @__copoun_client_id_0 AND c.start_date = @__copoun_start_date_1 AND c.end_date = @__copoun_end_date_2
LIMIT 2
[2025-11-08 10:14:08.305 +02:00  INF]  Executed DbCommand (1ms) [Parameters=[], CommandType='"Text"', CommandTimeout='30']
SELECT max(c.id)
FROM "ClientCopouns" AS c
[2025-11-08 10:14:08.370 +02:00  INF]  Executed DbCommand (7ms) [Parameters=[@p0='?' (DbType = Decimal), @p1='?', @p2='?', @p3='?', @p4='?' (DbType = Int16), @p5='?' (DbType = Decimal), @p6='?' (DbType = Date), @p7='?' (DbType = Date)], CommandType='"Text"', CommandTimeout='30']
INSERT INTO "ClientCopouns" (id, client_id, copoun, created_by, discount_type, discount_value, end_date, start_date)
VALUES (@p0, @p1, @p2, @p3, @p4, @p5, @p6, @p7)
RETURNING created_at, updated_at;
[2025-11-08 10:14:10.750 +02:00  INF]  Executing OkObjectResult, writing value of type 'WaslaApp.Data.Models.profile.RegsistrationQuesResponse'.
[2025-11-08 10:14:10.753 +02:00  INF]  Executed action Wasla_App.Controllers.WaslaClientController.saveRegistrationSteps (Wasla_App) in 2824.1397ms
[2025-11-08 10:14:10.753 +02:00  INF]  Executed endpoint 'Wasla_App.Controllers.WaslaClientController.saveRegistrationSteps (Wasla_App)'
[2025-11-08 10:14:10.754 +02:00  INF]  Request finished HTTP/2 POST https://localhost:7283/api/WaslaClient/saveRegistrationSteps - 200 317 application/json; charset=utf-8 2866.4941ms
[2025-11-08 10:15:21.859 +02:00  INF]  Request starting HTTP/2 OPTIONS https://localhost:7283/api/WaslaClient/getQuesWithAnswers - null null
[2025-11-08 10:15:21.862 +02:00  INF]  CORS policy execution successful.
[2025-11-08 10:15:21.862 +02:00  INF]  Request finished HTTP/2 OPTIONS https://localhost:7283/api/WaslaClient/getQuesWithAnswers - 204 null null 3.6759ms
[2025-11-08 10:15:21.865 +02:00  INF]  Request starting HTTP/2 POST https://localhost:7283/api/WaslaClient/getQuesWithAnswers - application/json 13
[2025-11-08 10:15:21.866 +02:00  INF]  CORS policy execution successful.
[2025-11-08 10:15:21.878 +02:00  INF]  Executing endpoint 'Wasla_App.Controllers.WaslaClientController.getQuesWithAnswers (Wasla_App)'
[2025-11-08 10:15:21.879 +02:00  INF]  Route matched with {action = "getQuesWithAnswers", controller = "WaslaClient"}. Executing controller action with signature Microsoft.AspNetCore.Mvc.IActionResult getQuesWithAnswers(WaslaApp.Data.Models.profile.QuesLstReq) on controller Wasla_App.Controllers.WaslaClientController (Wasla_App).
[2025-11-08 10:15:26.520 +02:00  INF]  Executed DbCommand (5ms) [Parameters=[@__clientId_1='?', @__lang_0='?'], CommandType='"Text"', CommandTimeout='30']
SELECT r.ques_id, r.lang_code, r1.client_id, r1.answer, r."order", r.ques_title
FROM registrationqueswithlangs AS r
LEFT JOIN (
    SELECT r0.answer, r0.client_id, r0.ques_id
    FROM "RegistrationAnswers" AS r0
    WHERE r0.client_id = @__clientId_1
) AS r1 ON r.ques_id = r1.ques_id
WHERE r.lang_code = @__lang_0
[2025-11-08 10:15:26.520 +02:00  INF]  Executing OkObjectResult, writing value of type 'System.Collections.Generic.List`1[[WaslaApp.Data.Models.profile.QuesWithAnswers, WaslaApp.Data, Version=1.0.0.0, Culture=neutral, PublicKeyToken=null]]'.
[2025-11-08 10:15:26.521 +02:00  INF]  Executed action Wasla_App.Controllers.WaslaClientController.getQuesWithAnswers (Wasla_App) in 4641.0128ms
[2025-11-08 10:15:26.521 +02:00  INF]  Executed endpoint 'Wasla_App.Controllers.WaslaClientController.getQuesWithAnswers (Wasla_App)'
[2025-11-08 10:15:26.521 +02:00  INF]  Request finished HTTP/2 POST https://localhost:7283/api/WaslaClient/getQuesWithAnswers - 200 1452 application/json; charset=utf-8 4656.074ms
[2025-11-08 10:15:37.382 +02:00  INF]  Request starting HTTP/2 OPTIONS https://localhost:7283/api/WaslaClient/GetClientProfiles - null null
[2025-11-08 10:15:37.382 +02:00  INF]  Request starting HTTP/2 OPTIONS https://localhost:7283/api/WaslaClient/GetProfileImage - null null
[2025-11-08 10:15:37.383 +02:00  INF]  CORS policy execution successful.
[2025-11-08 10:15:37.383 +02:00  INF]  CORS policy execution successful.
[2025-11-08 10:15:37.383 +02:00  INF]  Request finished HTTP/2 OPTIONS https://localhost:7283/api/WaslaClient/GetProfileImage - 204 null null 0.4354ms
[2025-11-08 10:15:37.383 +02:00  INF]  Request finished HTTP/2 OPTIONS https://localhost:7283/api/WaslaClient/GetClientProfiles - 204 null null 1.0948ms
[2025-11-08 10:15:37.385 +02:00  INF]  Request starting HTTP/2 POST https://localhost:7283/api/WaslaClient/GetClientProfiles - application/json 2
[2025-11-08 10:15:37.385 +02:00  INF]  Request starting HTTP/2 POST https://localhost:7283/api/WaslaClient/GetProfileImage - application/json 2
[2025-11-08 10:15:37.385 +02:00  INF]  CORS policy execution successful.
[2025-11-08 10:15:37.385 +02:00  INF]  CORS policy execution successful.
[2025-11-08 10:15:37.386 +02:00  INF]  Executing endpoint 'Wasla_App.Controllers.WaslaClientController.GetClientProfiles (Wasla_App)'
[2025-11-08 10:15:37.386 +02:00  INF]  Executing endpoint 'Wasla_App.Controllers.WaslaClientController.GetProfileImage (Wasla_App)'
[2025-11-08 10:15:37.395 +02:00  INF]  Route matched with {action = "GetClientProfiles", controller = "WaslaClient"}. Executing controller action with signature System.Threading.Tasks.Task`1[Microsoft.AspNetCore.Mvc.IActionResult] GetClientProfiles() on controller Wasla_App.Controllers.WaslaClientController (Wasla_App).
[2025-11-08 10:15:37.395 +02:00  INF]  Route matched with {action = "GetProfileImage", controller = "WaslaClient"}. Executing controller action with signature System.Threading.Tasks.Task`1[Microsoft.AspNetCore.Mvc.IActionResult] GetProfileImage() on controller Wasla_App.Controllers.WaslaClientController (Wasla_App).
[2025-11-08 10:15:42.391 +02:00  INF]  Executed DbCommand (15ms) [Parameters=[@__clientId_0='?'], CommandType='"Text"', CommandTimeout='30']
SELECT c.id, c.client_id, c.img_name, c.type, 'https://api.waslaa.de//' || COALESCE(c.img_path, '') AS img_path
FROM "ClientImages" AS c
WHERE c.client_id = @__clientId_0 AND c.type = 1
[2025-11-08 10:15:42.419 +02:00  INF]  Executing OkObjectResult, writing value of type 'System.Collections.Generic.List`1[[WaslaApp.Data.Entities.ClientImage, WaslaApp.Data, Version=1.0.0.0, Culture=neutral, PublicKeyToken=null]]'.
[2025-11-08 10:15:42.423 +02:00  INF]  Executed action Wasla_App.Controllers.WaslaClientController.GetProfileImage (Wasla_App) in 5027.7896ms
[2025-11-08 10:15:42.424 +02:00  INF]  Executed endpoint 'Wasla_App.Controllers.WaslaClientController.GetProfileImage (Wasla_App)'
[2025-11-08 10:15:42.426 +02:00  INF]  Request finished HTTP/2 POST https://localhost:7283/api/WaslaClient/GetProfileImage - 200 2 application/json; charset=utf-8 5041.0023ms
[2025-11-08 10:15:42.448 +02:00  INF]  Executed DbCommand (5ms) [Parameters=[@__clientId_0='?'], CommandType='"Text"', CommandTimeout='30']
SELECT c.client_birthday, c.client_email, c.client_id, c.client_name, c.fb_link, c.gender, c.lang, c.nation, c.pay_code, c.phone_number, c.profile_id, c.twitter_link, c.address
FROM "ClientProfile" AS c
WHERE c.client_id = @__clientId_0
[2025-11-08 10:15:42.449 +02:00  INF]  Executing OkObjectResult, writing value of type 'System.Collections.Generic.List`1[[WaslaApp.Data.Models.profile.ClientProfileCast, WaslaApp.Data, Version=1.0.0.0, Culture=neutral, PublicKeyToken=null]]'.
[2025-11-08 10:15:42.450 +02:00  INF]  Executed action Wasla_App.Controllers.WaslaClientController.GetClientProfiles (Wasla_App) in 5054.947ms
[2025-11-08 10:15:42.450 +02:00  INF]  Executed endpoint 'Wasla_App.Controllers.WaslaClientController.GetClientProfiles (Wasla_App)'
[2025-11-08 10:15:42.450 +02:00  INF]  Request finished HTTP/2 POST https://localhost:7283/api/WaslaClient/GetClientProfiles - 200 2 application/json; charset=utf-8 5065.3145ms
[2025-11-08 10:15:46.723 +02:00  INF]  Request starting HTTP/2 OPTIONS https://localhost:7283/api/WaslaClient/GetInvoicesByClient - null null
[2025-11-08 10:15:46.723 +02:00  INF]  Request starting HTTP/2 OPTIONS https://localhost:7283/api/WaslaClient/GetClientProfiles - null null
[2025-11-08 10:15:46.723 +02:00  INF]  CORS policy execution successful.
[2025-11-08 10:15:46.723 +02:00  INF]  CORS policy execution successful.
[2025-11-08 10:15:46.724 +02:00  INF]  Request finished HTTP/2 OPTIONS https://localhost:7283/api/WaslaClient/GetInvoicesByClient - 204 null null 0.8016ms
[2025-11-08 10:15:46.724 +02:00  INF]  Request finished HTTP/2 OPTIONS https://localhost:7283/api/WaslaClient/GetClientProfiles - 204 null null 0.6133ms
[2025-11-08 10:15:46.726 +02:00  INF]  Request starting HTTP/2 POST https://localhost:7283/api/WaslaClient/GetInvoicesByClient - application/json 44
[2025-11-08 10:15:46.726 +02:00  INF]  Request starting HTTP/2 POST https://localhost:7283/api/WaslaClient/GetClientProfiles - application/json 2
[2025-11-08 10:15:46.727 +02:00  INF]  CORS policy execution successful.
[2025-11-08 10:15:46.727 +02:00  INF]  CORS policy execution successful.
[2025-11-08 10:15:46.727 +02:00  INF]  Executing endpoint 'Wasla_App.Controllers.WaslaClientController.GetInvoicesByClient (Wasla_App)'
[2025-11-08 10:15:46.727 +02:00  INF]  Executing endpoint 'Wasla_App.Controllers.WaslaClientController.GetClientProfiles (Wasla_App)'
[2025-11-08 10:15:46.727 +02:00  INF]  Route matched with {action = "GetClientProfiles", controller = "WaslaClient"}. Executing controller action with signature System.Threading.Tasks.Task`1[Microsoft.AspNetCore.Mvc.IActionResult] GetClientProfiles() on controller Wasla_App.Controllers.WaslaClientController (Wasla_App).
[2025-11-08 10:15:46.734 +02:00  INF]  Executed DbCommand (3ms) [Parameters=[@__clientId_0='?'], CommandType='"Text"', CommandTimeout='30']
SELECT c.client_birthday, c.client_email, c.client_id, c.client_name, c.fb_link, c.gender, c.lang, c.nation, c.pay_code, c.phone_number, c.profile_id, c.twitter_link, c.address
FROM "ClientProfile" AS c
WHERE c.client_id = @__clientId_0
[2025-11-08 10:15:46.736 +02:00  INF]  Executing OkObjectResult, writing value of type 'System.Collections.Generic.List`1[[WaslaApp.Data.Models.profile.ClientProfileCast, WaslaApp.Data, Version=1.0.0.0, Culture=neutral, PublicKeyToken=null]]'.
[2025-11-08 10:15:46.736 +02:00  INF]  Executed action Wasla_App.Controllers.WaslaClientController.GetClientProfiles (Wasla_App) in 9.0217ms
[2025-11-08 10:15:46.736 +02:00  INF]  Executed endpoint 'Wasla_App.Controllers.WaslaClientController.GetClientProfiles (Wasla_App)'
[2025-11-08 10:15:46.737 +02:00  INF]  Request finished HTTP/2 POST https://localhost:7283/api/WaslaClient/GetClientProfiles - 200 2 application/json; charset=utf-8 10.399ms
[2025-11-08 10:15:46.739 +02:00  INF]  Route matched with {action = "GetInvoicesByClient", controller = "WaslaClient"}. Executing controller action with signature System.Threading.Tasks.Task`1[Microsoft.AspNetCore.Mvc.IActionResult] GetInvoicesByClient(WaslaApp.Data.Models.invoices.ClientInvoiceReq) on controller Wasla_App.Controllers.WaslaClientController (Wasla_App).
[2025-11-08 10:15:46.843 +02:00  INF]  Executed DbCommand (42ms) [Parameters=[@__8__locals1_req_lang_code_2='?', @__8__locals1_client_id_0='?', @__8__locals1_req_active_1='?' (DbType = Boolean)], CommandType='"Text"', CommandTimeout='30']
SELECT c.invoice_id, c.curr_code, c.discount, c.total_price, c.grand_total_price, c."productId", c.package_id, p0.service_name, p0.package_name, p0.package_price, p0.package_sale_price, p0.package_desc, p0.package_details, c.invoice_code, c.invoice_code_auto, c.status, c.tax_amount, c.tax_code, c.tax_id, p0.service_package_id, c.client_name, c.client_email, COALESCE(c.invoice_date::text, ''), c.copoun_id, c.copoun, c.copoun_discount_value
FROM clientinvoiceswithdetails AS c
INNER JOIN (
    SELECT p.curr_code, p.package_desc, p.package_details, p.package_id, p.package_name, p.package_price, p.package_sale_price, p.service_id, p.service_name, p.service_package_id
    FROM packagesdetailswithservices AS p
    WHERE p.lang_code = @__8__locals1_req_lang_code_2
) AS p0 ON (c.package_id = p0.package_id OR (c.package_id IS NULL AND p0.package_id IS NULL)) AND (c."productId" = p0.service_id OR (c."productId" IS NULL AND p0.service_id IS NULL)) AND (c.curr_code = p0.curr_code OR (c.curr_code IS NULL AND p0.curr_code IS NULL)) AND (c.service_package_id = p0.service_package_id OR (c.service_package_id IS NULL AND p0.service_package_id IS NULL))
WHERE c.client_id = @__8__locals1_client_id_0 AND c.active = @__8__locals1_req_active_1 AND c.status IN (2, 3)
[2025-11-08 10:15:46.845 +02:00  INF]  Executing OkObjectResult, writing value of type 'System.Collections.Generic.List`1[[WaslaApp.Data.Models.invoices.ClientInvoiceGrp, WaslaApp.Data, Version=1.0.0.0, Culture=neutral, PublicKeyToken=null]]'.
[2025-11-08 10:15:46.849 +02:00  INF]  Executed action Wasla_App.Controllers.WaslaClientController.GetInvoicesByClient (Wasla_App) in 110.004ms
[2025-11-08 10:15:46.849 +02:00  INF]  Executed endpoint 'Wasla_App.Controllers.WaslaClientController.GetInvoicesByClient (Wasla_App)'
[2025-11-08 10:15:46.850 +02:00  INF]  Request finished HTTP/2 POST https://localhost:7283/api/WaslaClient/GetInvoicesByClient - 200 2 application/json; charset=utf-8 123.3849ms
[2025-11-08 10:15:52.361 +02:00  INF]  Request starting HTTP/2 OPTIONS https://localhost:7283/api/WaslaClient/GetInvoicesByClient - null null
[2025-11-08 10:15:52.361 +02:00  INF]  CORS policy execution successful.
[2025-11-08 10:15:52.361 +02:00  INF]  Request finished HTTP/2 OPTIONS https://localhost:7283/api/WaslaClient/GetInvoicesByClient - 204 null null 0.5789ms
[2025-11-08 10:15:52.364 +02:00  INF]  Request starting HTTP/2 POST https://localhost:7283/api/WaslaClient/GetInvoicesByClient - application/json 43
[2025-11-08 10:15:52.364 +02:00  INF]  CORS policy execution successful.
[2025-11-08 10:15:52.366 +02:00  INF]  Executing endpoint 'Wasla_App.Controllers.WaslaClientController.GetInvoicesByClient (Wasla_App)'
[2025-11-08 10:15:52.366 +02:00  INF]  Route matched with {action = "GetInvoicesByClient", controller = "WaslaClient"}. Executing controller action with signature System.Threading.Tasks.Task`1[Microsoft.AspNetCore.Mvc.IActionResult] GetInvoicesByClient(WaslaApp.Data.Models.invoices.ClientInvoiceReq) on controller Wasla_App.Controllers.WaslaClientController (Wasla_App).
[2025-11-08 10:15:52.407 +02:00  INF]  Executed DbCommand (25ms) [Parameters=[@__8__locals1_req_lang_code_3='?', @__8__locals1_client_id_0='?', @__8__locals1_req_active_1='?' (DbType = Boolean), @__8__locals1_req_status_2='?' (DbType = Int16)], CommandType='"Text"', CommandTimeout='30']
SELECT c.invoice_id, c.curr_code, c.discount, c.total_price, c.grand_total_price, c."productId", c.package_id, p0.service_name, p0.package_name, p0.package_price, p0.package_sale_price, p0.package_desc, p0.package_details, c.invoice_code, c.invoice_code_auto, c.status, c.tax_amount, c.tax_code, c.tax_id, p0.service_package_id, c.client_name, c.client_email, COALESCE(c.invoice_date::text, ''), c.copoun_id, c.copoun, c.copoun_discount_value
FROM clientinvoiceswithdetails AS c
INNER JOIN (
    SELECT p.curr_code, p.package_desc, p.package_details, p.package_id, p.package_name, p.package_price, p.package_sale_price, p.service_id, p.service_name, p.service_package_id
    FROM packagesdetailswithservices AS p
    WHERE p.lang_code = @__8__locals1_req_lang_code_3
) AS p0 ON (c.package_id = p0.package_id OR (c.package_id IS NULL AND p0.package_id IS NULL)) AND (c."productId" = p0.service_id OR (c."productId" IS NULL AND p0.service_id IS NULL)) AND (c.curr_code = p0.curr_code OR (c.curr_code IS NULL AND p0.curr_code IS NULL)) AND (c.service_package_id = p0.service_package_id OR (c.service_package_id IS NULL AND p0.service_package_id IS NULL))
WHERE c.client_id = @__8__locals1_client_id_0 AND c.active = @__8__locals1_req_active_1 AND c.status = @__8__locals1_req_status_2
[2025-11-08 10:15:52.407 +02:00  INF]  Executing OkObjectResult, writing value of type 'System.Collections.Generic.List`1[[WaslaApp.Data.Models.invoices.ClientInvoiceGrp, WaslaApp.Data, Version=1.0.0.0, Culture=neutral, PublicKeyToken=null]]'.
[2025-11-08 10:15:52.407 +02:00  INF]  Executed action Wasla_App.Controllers.WaslaClientController.GetInvoicesByClient (Wasla_App) in 41.3821ms
[2025-11-08 10:15:52.407 +02:00  INF]  Executed endpoint 'Wasla_App.Controllers.WaslaClientController.GetInvoicesByClient (Wasla_App)'
[2025-11-08 10:15:52.407 +02:00  INF]  Request finished HTTP/2 POST https://localhost:7283/api/WaslaClient/GetInvoicesByClient - 200 2 application/json; charset=utf-8 43.3298ms
[2025-11-08 10:16:07.103 +02:00  INF]  Request starting HTTP/2 OPTIONS https://localhost:7283/api/WaslaClient/GetClientProfiles - null null
[2025-11-08 10:16:07.104 +02:00  INF]  CORS policy execution successful.
[2025-11-08 10:16:07.104 +02:00  INF]  Request finished HTTP/2 OPTIONS https://localhost:7283/api/WaslaClient/GetClientProfiles - 204 null null 1.0664ms
[2025-11-08 10:16:07.108 +02:00  INF]  Request starting HTTP/2 OPTIONS https://localhost:7283/api/WaslaClient/GetProfileImage - null null
[2025-11-08 10:16:07.108 +02:00  INF]  CORS policy execution successful.
[2025-11-08 10:16:07.108 +02:00  INF]  Request finished HTTP/2 OPTIONS https://localhost:7283/api/WaslaClient/GetProfileImage - 204 null null 0.339ms
[2025-11-08 10:16:07.110 +02:00  INF]  Request starting HTTP/2 POST https://localhost:7283/api/WaslaClient/GetClientProfiles - application/json 2
[2025-11-08 10:16:07.110 +02:00  INF]  CORS policy execution successful.
[2025-11-08 10:16:07.111 +02:00  INF]  Executing endpoint 'Wasla_App.Controllers.WaslaClientController.GetClientProfiles (Wasla_App)'
[2025-11-08 10:16:07.111 +02:00  INF]  Route matched with {action = "GetClientProfiles", controller = "WaslaClient"}. Executing controller action with signature System.Threading.Tasks.Task`1[Microsoft.AspNetCore.Mvc.IActionResult] GetClientProfiles() on controller Wasla_App.Controllers.WaslaClientController (Wasla_App).
[2025-11-08 10:16:07.113 +02:00  INF]  Executed DbCommand (1ms) [Parameters=[@__clientId_0='?'], CommandType='"Text"', CommandTimeout='30']
SELECT c.client_birthday, c.client_email, c.client_id, c.client_name, c.fb_link, c.gender, c.lang, c.nation, c.pay_code, c.phone_number, c.profile_id, c.twitter_link, c.address
FROM "ClientProfile" AS c
WHERE c.client_id = @__clientId_0
[2025-11-08 10:16:07.113 +02:00  INF]  Executing OkObjectResult, writing value of type 'System.Collections.Generic.List`1[[WaslaApp.Data.Models.profile.ClientProfileCast, WaslaApp.Data, Version=1.0.0.0, Culture=neutral, PublicKeyToken=null]]'.
[2025-11-08 10:16:07.114 +02:00  INF]  Executed action Wasla_App.Controllers.WaslaClientController.GetClientProfiles (Wasla_App) in 2.3621ms
[2025-11-08 10:16:07.114 +02:00  INF]  Executed endpoint 'Wasla_App.Controllers.WaslaClientController.GetClientProfiles (Wasla_App)'
[2025-11-08 10:16:07.114 +02:00  INF]  Request finished HTTP/2 POST https://localhost:7283/api/WaslaClient/GetClientProfiles - 200 2 application/json; charset=utf-8 3.4471ms
[2025-11-08 10:16:07.117 +02:00  INF]  Request starting HTTP/2 POST https://localhost:7283/api/WaslaClient/GetProfileImage - application/json 2
[2025-11-08 10:16:07.123 +02:00  INF]  CORS policy execution successful.
[2025-11-08 10:16:07.123 +02:00  INF]  Executing endpoint 'Wasla_App.Controllers.WaslaClientController.GetProfileImage (Wasla_App)'
[2025-11-08 10:16:07.123 +02:00  INF]  Route matched with {action = "GetProfileImage", controller = "WaslaClient"}. Executing controller action with signature System.Threading.Tasks.Task`1[Microsoft.AspNetCore.Mvc.IActionResult] GetProfileImage() on controller Wasla_App.Controllers.WaslaClientController (Wasla_App).
[2025-11-08 10:16:07.126 +02:00  INF]  Executed DbCommand (1ms) [Parameters=[@__clientId_0='?'], CommandType='"Text"', CommandTimeout='30']
SELECT c.id, c.client_id, c.img_name, c.type, 'https://api.waslaa.de//' || COALESCE(c.img_path, '') AS img_path
FROM "ClientImages" AS c
WHERE c.client_id = @__clientId_0 AND c.type = 1
[2025-11-08 10:16:07.126 +02:00  INF]  Executing OkObjectResult, writing value of type 'System.Collections.Generic.List`1[[WaslaApp.Data.Entities.ClientImage, WaslaApp.Data, Version=1.0.0.0, Culture=neutral, PublicKeyToken=null]]'.
[2025-11-08 10:16:07.127 +02:00  INF]  Executed action Wasla_App.Controllers.WaslaClientController.GetProfileImage (Wasla_App) in 3.0267ms
[2025-11-08 10:16:07.127 +02:00  INF]  Executed endpoint 'Wasla_App.Controllers.WaslaClientController.GetProfileImage (Wasla_App)'
[2025-11-08 10:16:07.127 +02:00  INF]  Request finished HTTP/2 POST https://localhost:7283/api/WaslaClient/GetProfileImage - 200 2 application/json; charset=utf-8 9.4047ms
[2025-11-08 10:16:41.732 +02:00  INF]  Request starting HTTP/2 OPTIONS https://localhost:7283/api/WaslaClient/GetInvoicesByClient - null null
[2025-11-08 10:16:41.733 +02:00  INF]  CORS policy execution successful.
[2025-11-08 10:16:41.734 +02:00  INF]  Request finished HTTP/2 OPTIONS https://localhost:7283/api/WaslaClient/GetInvoicesByClient - 204 null null 2.2198ms
[2025-11-08 10:16:41.747 +02:00  INF]  Request starting HTTP/2 POST https://localhost:7283/api/WaslaClient/GetInvoicesByClient - application/json 43
[2025-11-08 10:16:41.748 +02:00  INF]  CORS policy execution successful.
[2025-11-08 10:16:41.751 +02:00  INF]  Executing endpoint 'Wasla_App.Controllers.WaslaClientController.GetInvoicesByClient (Wasla_App)'
[2025-11-08 10:16:41.751 +02:00  INF]  Route matched with {action = "GetInvoicesByClient", controller = "WaslaClient"}. Executing controller action with signature System.Threading.Tasks.Task`1[Microsoft.AspNetCore.Mvc.IActionResult] GetInvoicesByClient(WaslaApp.Data.Models.invoices.ClientInvoiceReq) on controller Wasla_App.Controllers.WaslaClientController (Wasla_App).
[2025-11-08 10:16:41.848 +02:00  INF]  Executed DbCommand (44ms) [Parameters=[@__8__locals1_req_lang_code_3='?', @__8__locals1_client_id_0='?', @__8__locals1_req_active_1='?' (DbType = Boolean), @__8__locals1_req_status_2='?' (DbType = Int16)], CommandType='"Text"', CommandTimeout='30']
SELECT c.invoice_id, c.curr_code, c.discount, c.total_price, c.grand_total_price, c."productId", c.package_id, p0.service_name, p0.package_name, p0.package_price, p0.package_sale_price, p0.package_desc, p0.package_details, c.invoice_code, c.invoice_code_auto, c.status, c.tax_amount, c.tax_code, c.tax_id, p0.service_package_id, c.client_name, c.client_email, COALESCE(c.invoice_date::text, ''), c.copoun_id, c.copoun, c.copoun_discount_value
FROM clientinvoiceswithdetails AS c
INNER JOIN (
    SELECT p.curr_code, p.package_desc, p.package_details, p.package_id, p.package_name, p.package_price, p.package_sale_price, p.service_id, p.service_name, p.service_package_id
    FROM packagesdetailswithservices AS p
    WHERE p.lang_code = @__8__locals1_req_lang_code_3
) AS p0 ON (c.package_id = p0.package_id OR (c.package_id IS NULL AND p0.package_id IS NULL)) AND (c."productId" = p0.service_id OR (c."productId" IS NULL AND p0.service_id IS NULL)) AND (c.curr_code = p0.curr_code OR (c.curr_code IS NULL AND p0.curr_code IS NULL)) AND (c.service_package_id = p0.service_package_id OR (c.service_package_id IS NULL AND p0.service_package_id IS NULL))
WHERE c.client_id = @__8__locals1_client_id_0 AND c.active = @__8__locals1_req_active_1 AND c.status = @__8__locals1_req_status_2
[2025-11-08 10:16:41.849 +02:00  INF]  Executing OkObjectResult, writing value of type 'System.Collections.Generic.List`1[[WaslaApp.Data.Models.invoices.ClientInvoiceGrp, WaslaApp.Data, Version=1.0.0.0, Culture=neutral, PublicKeyToken=null]]'.
[2025-11-08 10:16:41.851 +02:00  INF]  Executed action Wasla_App.Controllers.WaslaClientController.GetInvoicesByClient (Wasla_App) in 99.3126ms
[2025-11-08 10:16:41.851 +02:00  INF]  Executed endpoint 'Wasla_App.Controllers.WaslaClientController.GetInvoicesByClient (Wasla_App)'
[2025-11-08 10:16:41.851 +02:00  INF]  Request finished HTTP/2 POST https://localhost:7283/api/WaslaClient/GetInvoicesByClient - 200 2 application/json; charset=utf-8 103.7144ms
[2025-11-08 10:16:54.779 +02:00  INF]  Request starting HTTP/2 OPTIONS https://localhost:7283/api/WaslaClient/GetClientBrands - null null
[2025-11-08 10:16:54.780 +02:00  INF]  CORS policy execution successful.
[2025-11-08 10:16:54.780 +02:00  INF]  Request finished HTTP/2 OPTIONS https://localhost:7283/api/WaslaClient/GetClientBrands - 204 null null 0.7752ms
[2025-11-08 10:16:54.782 +02:00  INF]  Request starting HTTP/2 POST https://localhost:7283/api/WaslaClient/GetClientBrands - application/json 2
[2025-11-08 10:16:54.782 +02:00  INF]  CORS policy execution successful.
[2025-11-08 10:16:54.783 +02:00  INF]  Executing endpoint 'Wasla_App.Controllers.WaslaClientController.GetClientBrands (Wasla_App)'
[2025-11-08 10:16:54.786 +02:00  INF]  Route matched with {action = "GetClientBrands", controller = "WaslaClient"}. Executing controller action with signature System.Threading.Tasks.Task`1[Microsoft.AspNetCore.Mvc.IActionResult] GetClientBrands() on controller Wasla_App.Controllers.WaslaClientController (Wasla_App).
[2025-11-08 10:16:54.804 +02:00  INF]  Executed DbCommand (3ms) [Parameters=[@__clientId_0='?'], CommandType='"Text"', CommandTimeout='30']
SELECT c.id, c.brand_desc, c.brand_name, c.brand_type, c."client_Id", c.created_at, c.created_by, c.updated_at
FROM "ClientBrand" AS c
WHERE c."client_Id" = @__clientId_0
[2025-11-08 10:16:54.805 +02:00  INF]  Executing OkObjectResult, writing value of type 'System.Collections.Generic.List`1[[WaslaApp.Data.Entities.ClientBrand, WaslaApp.Data, Version=1.0.0.0, Culture=neutral, PublicKeyToken=null]]'.
[2025-11-08 10:16:54.806 +02:00  INF]  Executed action Wasla_App.Controllers.WaslaClientController.GetClientBrands (Wasla_App) in 19.5372ms
[2025-11-08 10:16:54.806 +02:00  INF]  Executed endpoint 'Wasla_App.Controllers.WaslaClientController.GetClientBrands (Wasla_App)'
[2025-11-08 10:16:54.806 +02:00  INF]  Request finished HTTP/2 POST https://localhost:7283/api/WaslaClient/GetClientBrands - 200 2 application/json; charset=utf-8 24.478ms
[2025-11-08 10:16:55.983 +02:00  INF]  Request starting HTTP/2 OPTIONS https://localhost:7283/api/WaslaClient/GetClientProfiles - null null
[2025-11-08 10:16:55.984 +02:00  INF]  CORS policy execution successful.
[2025-11-08 10:16:55.985 +02:00  INF]  Request starting HTTP/2 OPTIONS https://localhost:7283/api/WaslaClient/GetProfileImage - null null
[2025-11-08 10:16:55.985 +02:00  INF]  Request finished HTTP/2 OPTIONS https://localhost:7283/api/WaslaClient/GetClientProfiles - 204 null null 2.1159ms
[2025-11-08 10:16:55.985 +02:00  INF]  CORS policy execution successful.
[2025-11-08 10:16:55.985 +02:00  INF]  Request finished HTTP/2 OPTIONS https://localhost:7283/api/WaslaClient/GetProfileImage - 204 null null 0.9606ms
[2025-11-08 10:16:55.989 +02:00  INF]  Request starting HTTP/2 POST https://localhost:7283/api/WaslaClient/GetProfileImage - application/json 2
[2025-11-08 10:16:55.989 +02:00  INF]  Request starting HTTP/2 POST https://localhost:7283/api/WaslaClient/GetClientProfiles - application/json 2
[2025-11-08 10:16:55.989 +02:00  INF]  CORS policy execution successful.
[2025-11-08 10:16:55.989 +02:00  INF]  CORS policy execution successful.
[2025-11-08 10:16:55.989 +02:00  INF]  Executing endpoint 'Wasla_App.Controllers.WaslaClientController.GetProfileImage (Wasla_App)'
[2025-11-08 10:16:55.989 +02:00  INF]  Executing endpoint 'Wasla_App.Controllers.WaslaClientController.GetClientProfiles (Wasla_App)'
[2025-11-08 10:16:55.990 +02:00  INF]  Route matched with {action = "GetProfileImage", controller = "WaslaClient"}. Executing controller action with signature System.Threading.Tasks.Task`1[Microsoft.AspNetCore.Mvc.IActionResult] GetProfileImage() on controller Wasla_App.Controllers.WaslaClientController (Wasla_App).
[2025-11-08 10:16:55.990 +02:00  INF]  Route matched with {action = "GetClientProfiles", controller = "WaslaClient"}. Executing controller action with signature System.Threading.Tasks.Task`1[Microsoft.AspNetCore.Mvc.IActionResult] GetClientProfiles() on controller Wasla_App.Controllers.WaslaClientController (Wasla_App).
[2025-11-08 10:16:55.998 +02:00  INF]  Executed DbCommand (7ms) [Parameters=[@__clientId_0='?'], CommandType='"Text"', CommandTimeout='30']
SELECT c.client_birthday, c.client_email, c.client_id, c.client_name, c.fb_link, c.gender, c.lang, c.nation, c.pay_code, c.phone_number, c.profile_id, c.twitter_link, c.address
FROM "ClientProfile" AS c
WHERE c.client_id = @__clientId_0
[2025-11-08 10:16:56.000 +02:00  INF]  Executing OkObjectResult, writing value of type 'System.Collections.Generic.List`1[[WaslaApp.Data.Models.profile.ClientProfileCast, WaslaApp.Data, Version=1.0.0.0, Culture=neutral, PublicKeyToken=null]]'.
[2025-11-08 10:16:56.000 +02:00  INF]  Executed action Wasla_App.Controllers.WaslaClientController.GetClientProfiles (Wasla_App) in 10.4229ms
[2025-11-08 10:16:56.000 +02:00  INF]  Executed endpoint 'Wasla_App.Controllers.WaslaClientController.GetClientProfiles (Wasla_App)'
[2025-11-08 10:16:56.000 +02:00  INF]  Request finished HTTP/2 POST https://localhost:7283/api/WaslaClient/GetClientProfiles - 200 2 application/json; charset=utf-8 11.8387ms
[2025-11-08 10:16:56.005 +02:00  INF]  Executed DbCommand (4ms) [Parameters=[@__clientId_0='?'], CommandType='"Text"', CommandTimeout='30']
SELECT c.id, c.client_id, c.img_name, c.type, 'https://api.waslaa.de//' || COALESCE(c.img_path, '') AS img_path
FROM "ClientImages" AS c
WHERE c.client_id = @__clientId_0 AND c.type = 1
[2025-11-08 10:16:56.007 +02:00  INF]  Executing OkObjectResult, writing value of type 'System.Collections.Generic.List`1[[WaslaApp.Data.Entities.ClientImage, WaslaApp.Data, Version=1.0.0.0, Culture=neutral, PublicKeyToken=null]]'.
[2025-11-08 10:16:56.007 +02:00  INF]  Executed action Wasla_App.Controllers.WaslaClientController.GetProfileImage (Wasla_App) in 17.6452ms
[2025-11-08 10:16:56.007 +02:00  INF]  Executed endpoint 'Wasla_App.Controllers.WaslaClientController.GetProfileImage (Wasla_App)'
[2025-11-08 10:16:56.008 +02:00  INF]  Request finished HTTP/2 POST https://localhost:7283/api/WaslaClient/GetProfileImage - 200 2 application/json; charset=utf-8 18.9322ms
[2025-11-08 10:35:59.282 +02:00  INF]  Request starting HTTP/2 OPTIONS https://localhost:7283/api/WaslaClient/GetClientProfiles - null null
[2025-11-08 10:35:59.282 +02:00  INF]  Request starting HTTP/2 OPTIONS https://localhost:7283/api/WaslaClient/GetProfileImage - null null
[2025-11-08 10:35:59.282 +02:00  INF]  CORS policy execution successful.
[2025-11-08 10:35:59.282 +02:00  INF]  CORS policy execution successful.
[2025-11-08 10:35:59.282 +02:00  INF]  Request finished HTTP/2 OPTIONS https://localhost:7283/api/WaslaClient/GetClientProfiles - 204 null null 0.7953ms
[2025-11-08 10:35:59.282 +02:00  INF]  Request finished HTTP/2 OPTIONS https://localhost:7283/api/WaslaClient/GetProfileImage - 204 null null 0.7953ms
[2025-11-08 10:35:59.284 +02:00  INF]  Request starting HTTP/2 POST https://localhost:7283/api/WaslaClient/GetProfileImage - application/json 2
[2025-11-08 10:35:59.284 +02:00  INF]  Request starting HTTP/2 POST https://localhost:7283/api/WaslaClient/GetClientProfiles - application/json 2
[2025-11-08 10:35:59.284 +02:00  INF]  CORS policy execution successful.
[2025-11-08 10:35:59.284 +02:00  INF]  CORS policy execution successful.
[2025-11-08 10:35:59.288 +02:00  INF]  Failed to validate the token.
Microsoft.IdentityModel.Tokens.SecurityTokenExpiredException: IDX10223: Lifetime validation failed. The token is expired. ValidTo (UTC): '8‏‏/11‏‏/2025 8:19:19 ص', Current time (UTC): '8‏‏/11‏‏/2025 8:35:59 ص'.
   at Microsoft.IdentityModel.Tokens.Validators.ValidateLifetime(Nullable`1 notBefore, Nullable`1 expires, SecurityToken securityToken, TokenValidationParameters validationParameters)
   at Microsoft.IdentityModel.JsonWebTokens.JsonWebTokenHandler.ValidateTokenPayloadAsync(JsonWebToken jsonWebToken, TokenValidationParameters validationParameters, BaseConfiguration configuration)
   at Microsoft.IdentityModel.JsonWebTokens.JsonWebTokenHandler.ValidateJWSAsync(JsonWebToken jsonWebToken, TokenValidationParameters validationParameters, BaseConfiguration configuration)
[2025-11-08 10:35:59.288 +02:00  INF]  Failed to validate the token.
Microsoft.IdentityModel.Tokens.SecurityTokenExpiredException: IDX10223: Lifetime validation failed. The token is expired. ValidTo (UTC): '8‏‏/11‏‏/2025 8:19:19 ص', Current time (UTC): '8‏‏/11‏‏/2025 8:35:59 ص'.
   at Microsoft.IdentityModel.Tokens.Validators.ValidateLifetime(Nullable`1 notBefore, Nullable`1 expires, SecurityToken securityToken, TokenValidationParameters validationParameters)
   at Microsoft.IdentityModel.JsonWebTokens.JsonWebTokenHandler.ValidateTokenPayloadAsync(JsonWebToken jsonWebToken, TokenValidationParameters validationParameters, BaseConfiguration configuration)
   at Microsoft.IdentityModel.JsonWebTokens.JsonWebTokenHandler.ValidateJWSAsync(JsonWebToken jsonWebToken, TokenValidationParameters validationParameters, BaseConfiguration configuration)
[2025-11-08 10:35:59.305 +02:00  INF]  Bearer was not authenticated. Failure message: IDX10223: Lifetime validation failed. The token is expired. ValidTo (UTC): '8‏‏/11‏‏/2025 8:19:19 ص', Current time (UTC): '8‏‏/11‏‏/2025 8:35:59 ص'.
[2025-11-08 10:35:59.306 +02:00  INF]  Bearer was not authenticated. Failure message: IDX10223: Lifetime validation failed. The token is expired. ValidTo (UTC): '8‏‏/11‏‏/2025 8:19:19 ص', Current time (UTC): '8‏‏/11‏‏/2025 8:35:59 ص'.
[2025-11-08 10:35:59.307 +02:00  INF]  Authorization failed. These requirements were not met:
DenyAnonymousAuthorizationRequirement: Requires an authenticated user.
[2025-11-08 10:35:59.307 +02:00  INF]  Authorization failed. These requirements were not met:
DenyAnonymousAuthorizationRequirement: Requires an authenticated user.
[2025-11-08 10:35:59.314 +02:00  INF]  AuthenticationScheme: Bearer was challenged.
[2025-11-08 10:35:59.314 +02:00  INF]  AuthenticationScheme: Bearer was challenged.
[2025-11-08 10:35:59.315 +02:00  INF]  Request finished HTTP/2 POST https://localhost:7283/api/WaslaClient/GetProfileImage - 401 0 null 30.8339ms
[2025-11-08 10:35:59.315 +02:00  INF]  Request finished HTTP/2 POST https://localhost:7283/api/WaslaClient/GetClientProfiles - 401 0 null 30.8336ms
[2025-11-08 12:53:23.440 +02:00  INF]  User profile is available. Using 'C:\Users\Pro\AppData\Local\ASP.NET\DataProtection-Keys' as key repository and Windows DPAPI to encrypt keys at rest.
[2025-11-08 12:53:24.136 +02:00  INF]  Now listening on: https://localhost:7283
[2025-11-08 12:53:24.137 +02:00  INF]  Now listening on: http://localhost:5074
[2025-11-08 12:53:24.415 +02:00  INF]  Application started. Press Ctrl+C to shut down.
[2025-11-08 12:53:24.416 +02:00  INF]  Hosting environment: Development
[2025-11-08 12:53:24.416 +02:00  INF]  Content root path: D:\waslaa\api\WaslaAPI\Wasla_App
[2025-11-08 12:53:25.433 +02:00  INF]  Request starting HTTP/2 GET https://localhost:7283/swagger/index.html - null null
[2025-11-08 12:53:26.097 +02:00  INF]  Request finished HTTP/2 GET https://localhost:7283/swagger/index.html - 200 null text/html;charset=utf-8 678.0951ms
[2025-11-08 12:53:26.198 +02:00  INF]  Request starting HTTP/2 GET https://localhost:7283/_framework/aspnetcore-browser-refresh.js - null null
[2025-11-08 12:53:26.232 +02:00  INF]  Request finished HTTP/2 GET https://localhost:7283/_framework/aspnetcore-browser-refresh.js - 200 16503 application/javascript; charset=utf-8 33.4279ms
[2025-11-08 12:53:26.233 +02:00  INF]  Request starting HTTP/2 GET https://localhost:7283/_vs/browserLink - null null
[2025-11-08 12:53:26.346 +02:00  INF]  Request finished HTTP/2 GET https://localhost:7283/_vs/browserLink - 200 null text/javascript; charset=UTF-8 112.855ms
[2025-11-08 12:53:28.445 +02:00  INF]  Request starting HTTP/2 GET https://localhost:7283/swagger/v1/swagger.json - null null
[2025-11-08 12:53:28.571 +02:00  INF]  Request finished HTTP/2 GET https://localhost:7283/swagger/v1/swagger.json - 200 null application/json;charset=utf-8 125.8053ms
[2025-11-08 12:55:01.339 +02:00  INF]  Request starting HTTP/2 OPTIONS https://localhost:7283/api/WaslaClient/GetClientProfiles - null null
[2025-11-08 12:55:01.345 +02:00  INF]  Request starting HTTP/2 OPTIONS https://localhost:7283/api/WaslaClient/GetProfileImage - null null
[2025-11-08 12:55:01.385 +02:00  INF]  CORS policy execution successful.
[2025-11-08 12:55:01.385 +02:00  INF]  CORS policy execution successful.
[2025-11-08 12:55:01.392 +02:00  INF]  Request finished HTTP/2 OPTIONS https://localhost:7283/api/WaslaClient/GetClientProfiles - 204 null null 53.3617ms
[2025-11-08 12:55:01.393 +02:00  INF]  Request finished HTTP/2 OPTIONS https://localhost:7283/api/WaslaClient/GetProfileImage - 204 null null 47.8226ms
[2025-11-08 12:55:01.640 +02:00  INF]  Request starting HTTP/2 POST https://localhost:7283/api/WaslaClient/GetClientProfiles - application/json 2
[2025-11-08 12:55:01.651 +02:00  INF]  CORS policy execution successful.
[2025-11-08 12:55:01.658 +02:00  INF]  Request starting HTTP/2 POST https://localhost:7283/api/WaslaClient/GetProfileImage - application/json 2
[2025-11-08 12:55:01.659 +02:00  INF]  CORS policy execution successful.
[2025-11-08 12:55:02.052 +02:00  INF]  Executing endpoint 'Wasla_App.Controllers.WaslaClientController.GetClientProfiles (Wasla_App)'
[2025-11-08 12:55:02.052 +02:00  INF]  Executing endpoint 'Wasla_App.Controllers.WaslaClientController.GetProfileImage (Wasla_App)'
[2025-11-08 12:55:02.107 +02:00  INF]  Route matched with {action = "GetProfileImage", controller = "WaslaClient"}. Executing controller action with signature System.Threading.Tasks.Task`1[Microsoft.AspNetCore.Mvc.IActionResult] GetProfileImage() on controller Wasla_App.Controllers.WaslaClientController (Wasla_App).
[2025-11-08 12:55:02.107 +02:00  INF]  Route matched with {action = "GetClientProfiles", controller = "WaslaClient"}. Executing controller action with signature System.Threading.Tasks.Task`1[Microsoft.AspNetCore.Mvc.IActionResult] GetClientProfiles() on controller Wasla_App.Controllers.WaslaClientController (Wasla_App).
[2025-11-08 12:55:05.410 +02:00  INF]  Request starting HTTP/2 OPTIONS https://localhost:7283/api/WaslaClient/GetClientBrands - null null
[2025-11-08 12:55:05.410 +02:00  INF]  CORS policy execution successful.
[2025-11-08 12:55:05.411 +02:00  INF]  Request finished HTTP/2 OPTIONS https://localhost:7283/api/WaslaClient/GetClientBrands - 204 null null 0.7852ms
[2025-11-08 12:55:05.421 +02:00  INF]  Request starting HTTP/2 POST https://localhost:7283/api/WaslaClient/GetClientBrands - application/json 2
[2025-11-08 12:55:05.421 +02:00  INF]  CORS policy execution successful.
[2025-11-08 12:55:05.444 +02:00  INF]  Executing endpoint 'Wasla_App.Controllers.WaslaClientController.GetClientBrands (Wasla_App)'
[2025-11-08 12:55:05.451 +02:00  INF]  Route matched with {action = "GetClientBrands", controller = "WaslaClient"}. Executing controller action with signature System.Threading.Tasks.Task`1[Microsoft.AspNetCore.Mvc.IActionResult] GetClientBrands() on controller Wasla_App.Controllers.WaslaClientController (Wasla_App).
[2025-11-08 12:55:06.775 +02:00  INF]  Executed DbCommand (153ms) [Parameters=[@__clientId_0='?'], CommandType='"Text"', CommandTimeout='30']
SELECT c.id, c.client_id, c.img_name, c.type, 'https://api.waslaa.de//' || COALESCE(c.img_path, '') AS img_path
FROM "ClientImages" AS c
WHERE c.client_id = @__clientId_0 AND c.type = 1
[2025-11-08 12:55:06.775 +02:00  INF]  Executed DbCommand (153ms) [Parameters=[@__clientId_0='?'], CommandType='"Text"', CommandTimeout='30']
SELECT c.id, c.brand_desc, c.brand_name, c.brand_type, c."client_Id", c.created_at, c.created_by, c.updated_at
FROM "ClientBrand" AS c
WHERE c."client_Id" = @__clientId_0
[2025-11-08 12:55:06.775 +02:00  INF]  Executed DbCommand (153ms) [Parameters=[@__clientId_0='?'], CommandType='"Text"', CommandTimeout='30']
SELECT c.client_birthday, c.client_email, c.client_id, c.client_name, c.fb_link, c.gender, c.lang, c.nation, c.pay_code, c.phone_number, c.profile_id, c.twitter_link, c.address
FROM "ClientProfile" AS c
WHERE c.client_id = @__clientId_0
[2025-11-08 12:55:06.866 +02:00  INF]  Executing OkObjectResult, writing value of type 'System.Collections.Generic.List`1[[WaslaApp.Data.Entities.ClientBrand, WaslaApp.Data, Version=1.0.0.0, Culture=neutral, PublicKeyToken=null]]'.
[2025-11-08 12:55:06.866 +02:00  INF]  Executing OkObjectResult, writing value of type 'System.Collections.Generic.List`1[[WaslaApp.Data.Entities.ClientImage, WaslaApp.Data, Version=1.0.0.0, Culture=neutral, PublicKeyToken=null]]'.
[2025-11-08 12:55:06.866 +02:00  INF]  Executing OkObjectResult, writing value of type 'System.Collections.Generic.List`1[[WaslaApp.Data.Models.profile.ClientProfileCast, WaslaApp.Data, Version=1.0.0.0, Culture=neutral, PublicKeyToken=null]]'.
[2025-11-08 12:55:07.084 +02:00  INF]  Executed action Wasla_App.Controllers.WaslaClientController.GetClientProfiles (Wasla_App) in 4964.835ms
[2025-11-08 12:55:07.084 +02:00  INF]  Executed action Wasla_App.Controllers.WaslaClientController.GetClientBrands (Wasla_App) in 1621.1221ms
[2025-11-08 12:55:07.084 +02:00  INF]  Executed action Wasla_App.Controllers.WaslaClientController.GetProfileImage (Wasla_App) in 4964.9666ms
[2025-11-08 12:55:07.086 +02:00  INF]  Executed endpoint 'Wasla_App.Controllers.WaslaClientController.GetClientBrands (Wasla_App)'
[2025-11-08 12:55:07.086 +02:00  INF]  Executed endpoint 'Wasla_App.Controllers.WaslaClientController.GetProfileImage (Wasla_App)'
[2025-11-08 12:55:07.086 +02:00  INF]  Executed endpoint 'Wasla_App.Controllers.WaslaClientController.GetClientProfiles (Wasla_App)'
[2025-11-08 12:55:07.110 +02:00  INF]  Request finished HTTP/2 POST https://localhost:7283/api/WaslaClient/GetProfileImage - 200 2 application/json; charset=utf-8 5452.8794ms
[2025-11-08 12:55:07.110 +02:00  INF]  Request finished HTTP/2 POST https://localhost:7283/api/WaslaClient/GetClientProfiles - 200 2 application/json; charset=utf-8 5474.3126ms
[2025-11-08 12:55:07.110 +02:00  INF]  Request finished HTTP/2 POST https://localhost:7283/api/WaslaClient/GetClientBrands - 200 2 application/json; charset=utf-8 1689.5682ms
[2025-11-08 12:55:08.958 +02:00  INF]  Request starting HTTP/2 OPTIONS https://localhost:7283/api/WaslaClient/GetInvoicesByClient - null null
[2025-11-08 12:55:08.960 +02:00  INF]  CORS policy execution successful.
[2025-11-08 12:55:08.963 +02:00  INF]  Request finished HTTP/2 OPTIONS https://localhost:7283/api/WaslaClient/GetInvoicesByClient - 204 null null 4.8874ms
[2025-11-08 12:55:08.971 +02:00  INF]  Request starting HTTP/2 POST https://localhost:7283/api/WaslaClient/GetInvoicesByClient - application/json 43
[2025-11-08 12:55:08.972 +02:00  INF]  CORS policy execution successful.
[2025-11-08 12:55:08.973 +02:00  INF]  Executing endpoint 'Wasla_App.Controllers.WaslaClientController.GetInvoicesByClient (Wasla_App)'
[2025-11-08 12:55:08.993 +02:00  INF]  Route matched with {action = "GetInvoicesByClient", controller = "WaslaClient"}. Executing controller action with signature System.Threading.Tasks.Task`1[Microsoft.AspNetCore.Mvc.IActionResult] GetInvoicesByClient(WaslaApp.Data.Models.invoices.ClientInvoiceReq) on controller Wasla_App.Controllers.WaslaClientController (Wasla_App).
[2025-11-08 12:55:09.427 +02:00  INF]  Executed DbCommand (61ms) [Parameters=[@__8__locals1_req_lang_code_3='?', @__8__locals1_client_id_0='?', @__8__locals1_req_active_1='?' (DbType = Boolean), @__8__locals1_req_status_2='?' (DbType = Int16)], CommandType='"Text"', CommandTimeout='30']
SELECT c.invoice_id, c.curr_code, c.discount, c.total_price, c.grand_total_price, c."productId", c.package_id, p0.service_name, p0.package_name, p0.package_price, p0.package_sale_price, p0.package_desc, p0.package_details, c.invoice_code, c.invoice_code_auto, c.status, c.tax_amount, c.tax_code, c.tax_id, p0.service_package_id, c.client_name, c.client_email, COALESCE(c.invoice_date::text, ''), c.copoun_id, c.copoun, c.copoun_discount_value
FROM clientinvoiceswithdetails AS c
INNER JOIN (
    SELECT p.curr_code, p.package_desc, p.package_details, p.package_id, p.package_name, p.package_price, p.package_sale_price, p.service_id, p.service_name, p.service_package_id
    FROM packagesdetailswithservices AS p
    WHERE p.lang_code = @__8__locals1_req_lang_code_3
) AS p0 ON (c.package_id = p0.package_id OR (c.package_id IS NULL AND p0.package_id IS NULL)) AND (c."productId" = p0.service_id OR (c."productId" IS NULL AND p0.service_id IS NULL)) AND (c.curr_code = p0.curr_code OR (c.curr_code IS NULL AND p0.curr_code IS NULL)) AND (c.service_package_id = p0.service_package_id OR (c.service_package_id IS NULL AND p0.service_package_id IS NULL))
WHERE c.client_id = @__8__locals1_client_id_0 AND c.active = @__8__locals1_req_active_1 AND c.status = @__8__locals1_req_status_2
[2025-11-08 12:55:09.431 +02:00  INF]  Executing OkObjectResult, writing value of type 'System.Collections.Generic.List`1[[WaslaApp.Data.Models.invoices.ClientInvoiceGrp, WaslaApp.Data, Version=1.0.0.0, Culture=neutral, PublicKeyToken=null]]'.
[2025-11-08 12:55:09.439 +02:00  INF]  Executed action Wasla_App.Controllers.WaslaClientController.GetInvoicesByClient (Wasla_App) in 446.1978ms
[2025-11-08 12:55:09.440 +02:00  INF]  Executed endpoint 'Wasla_App.Controllers.WaslaClientController.GetInvoicesByClient (Wasla_App)'
[2025-11-08 12:55:09.440 +02:00  INF]  Request finished HTTP/2 POST https://localhost:7283/api/WaslaClient/GetInvoicesByClient - 200 2 application/json; charset=utf-8 469.6539ms
