[2025-08-06 17:13:24.661 +03:00  INF]  User profile is available. Using 'C:\Users\Pro\AppData\Local\ASP.NET\DataProtection-Keys' as key repository and Windows DPAPI to encrypt keys at rest.
[2025-08-06 17:13:25.271 +03:00  WRN]  The WebRootPath was not found: D:\waslaa\api\WaslaAPI\Wasla_App\wwwroot. Static files may be unavailable.
[2025-08-06 17:13:26.102 +03:00  INF]  Now listening on: https://localhost:7283
[2025-08-06 17:13:26.104 +03:00  INF]  Now listening on: http://localhost:5074
[2025-08-06 17:13:26.414 +03:00  INF]  Application started. Press Ctrl+C to shut down.
[2025-08-06 17:13:26.414 +03:00  INF]  Hosting environment: Development
[2025-08-06 17:13:26.414 +03:00  INF]  Content root path: D:\waslaa\api\WaslaAPI\Wasla_App
[2025-08-06 17:13:29.074 +03:00  INF]  Request starting HTTP/2 GET https://localhost:7283/swagger/index.html - null null
[2025-08-06 17:13:29.630 +03:00  INF]  Request finished HTTP/2 GET https://localhost:7283/swagger/index.html - 200 null text/html;charset=utf-8 571.3153ms
[2025-08-06 17:13:29.812 +03:00  INF]  Request starting HTTP/2 GET https://localhost:7283/_framework/aspnetcore-browser-refresh.js - null null
[2025-08-06 17:13:29.856 +03:00  INF]  Request starting HTTP/2 GET https://localhost:7283/_vs/browserLink - null null
[2025-08-06 17:13:29.857 +03:00  INF]  Request finished HTTP/2 GET https://localhost:7283/_framework/aspnetcore-browser-refresh.js - 200 16503 application/javascript; charset=utf-8 45.0082ms
[2025-08-06 17:13:30.060 +03:00  INF]  Request finished HTTP/2 GET https://localhost:7283/_vs/browserLink - 200 null text/javascript; charset=UTF-8 203.3431ms
[2025-08-06 17:13:30.252 +03:00  INF]  Request starting HTTP/2 GET https://localhost:7283/swagger/v1/swagger.json - null null
[2025-08-06 17:13:30.477 +03:00  INF]  Request finished HTTP/2 GET https://localhost:7283/swagger/v1/swagger.json - 200 null application/json;charset=utf-8 226.0071ms
[2025-08-06 17:20:55.374 +03:00  INF]  Request starting HTTP/2 GET https://localhost:7283/swagger/index.html - null null
[2025-08-06 17:20:55.433 +03:00  INF]  Request finished HTTP/2 GET https://localhost:7283/swagger/index.html - 200 null text/html;charset=utf-8 62.9682ms
[2025-08-06 17:20:55.563 +03:00  INF]  Request starting HTTP/2 GET https://localhost:7283/_vs/browserLink - null null
[2025-08-06 17:20:55.565 +03:00  INF]  Request starting HTTP/2 GET https://localhost:7283/_framework/aspnetcore-browser-refresh.js - null null
[2025-08-06 17:20:55.581 +03:00  INF]  Request finished HTTP/2 GET https://localhost:7283/_framework/aspnetcore-browser-refresh.js - 200 16503 application/javascript; charset=utf-8 17.388ms
[2025-08-06 17:20:55.630 +03:00  INF]  Request finished HTTP/2 GET https://localhost:7283/_vs/browserLink - 200 null text/javascript; charset=UTF-8 66.8696ms
[2025-08-06 17:20:55.781 +03:00  INF]  Request starting HTTP/2 GET https://localhost:7283/swagger/v1/swagger.json - null null
[2025-08-06 17:20:55.785 +03:00  INF]  Request starting HTTP/2 GET https://localhost:7283/swagger/favicon-32x32.png - null null
[2025-08-06 17:20:55.838 +03:00  INF]  Sending file. Request path: '/favicon-32x32.png'. Physical path: 'N/A'
[2025-08-06 17:20:55.839 +03:00  INF]  Request finished HTTP/2 GET https://localhost:7283/swagger/favicon-32x32.png - 200 628 image/png 55.6953ms
[2025-08-06 17:20:56.000 +03:00  INF]  Request finished HTTP/2 GET https://localhost:7283/swagger/v1/swagger.json - 200 null application/json;charset=utf-8 220.6079ms
[2025-08-06 17:25:38.673 +03:00  INF]  Request starting HTTP/2 POST https://localhost:7283/api/WaslaBrowse/GetSearchResult - application/json-patch+json 63
[2025-08-06 17:25:38.699 +03:00  INF]  CORS policy execution successful.
[2025-08-06 17:25:40.718 +03:00  INF]  Executing endpoint 'Wasla_App.Controllers.WaslaBrowseController.GetSearchResult (Wasla_App)'
[2025-08-06 17:25:40.772 +03:00  INF]  Route matched with {action = "GetSearchResult", controller = "WaslaBrowse"}. Executing controller action with signature System.Threading.Tasks.Task`1[Microsoft.AspNetCore.Mvc.IActionResult] GetSearchResult(WaslaApp.Data.Models.PackagesAndServices.SearchCls) on controller Wasla_App.Controllers.WaslaBrowseController (Wasla_App).
[2025-08-06 17:25:52.294 +03:00  INF]  Executed DbCommand (131ms) [Parameters=[@__req_lang_0='?', @__ToLower_1='?', @__req_searchTerm_2_contains='?'], CommandType='"Text"', CommandTimeout='30']
SELECT p.active, p.curr_code, p.discount_amount, p.discount_type, p.is_custom, p.is_recommend, p.lang_code, p."order", p.package_code, p.package_desc, p.package_details, p.package_id, p.package_name, p.package_price, p.package_sale_price, p.service_code, p.service_desc, p.service_id, p.service_name, p.service_package_id
FROM packagesdetailswithservices AS p
WHERE p.lang_code = @__req_lang_0 AND (lower(p.curr_code) = CASE
    WHEN p.curr_code IS NULL THEN p.curr_code
    ELSE @__ToLower_1
END OR (p.curr_code IS NULL AND CASE
    WHEN p.curr_code IS NULL THEN p.curr_code
    ELSE @__ToLower_1
END IS NULL)) AND p.active AND (p.service_name LIKE @__req_searchTerm_2_contains OR p.package_name LIKE @__req_searchTerm_2_contains OR p.service_code LIKE @__req_searchTerm_2_contains OR p.package_code LIKE @__req_searchTerm_2_contains)
[2025-08-06 17:26:04.794 +03:00  INF]  Executing OkObjectResult, writing value of type 'System.Collections.Generic.List`1[[WaslaApp.Data.Models.PackagesAndServices.ServicesWithPkg, WaslaApp.Data, Version=1.0.0.0, Culture=neutral, PublicKeyToken=null]]'.
[2025-08-06 17:26:04.873 +03:00  INF]  Executed action Wasla_App.Controllers.WaslaBrowseController.GetSearchResult (Wasla_App) in 24093.1544ms
[2025-08-06 17:26:04.874 +03:00  INF]  Executed endpoint 'Wasla_App.Controllers.WaslaBrowseController.GetSearchResult (Wasla_App)'
[2025-08-06 17:26:04.909 +03:00  INF]  Request finished HTTP/2 POST https://localhost:7283/api/WaslaBrowse/GetSearchResult - 200 2 application/json; charset=utf-8 26236.2845ms
[2025-08-06 19:39:07.220 +03:00  INF]  User profile is available. Using 'C:\Users\Pro\AppData\Local\ASP.NET\DataProtection-Keys' as key repository and Windows DPAPI to encrypt keys at rest.
[2025-08-06 19:39:07.800 +03:00  WRN]  The WebRootPath was not found: D:\waslaa\api\WaslaAPI\Wasla_App\wwwroot. Static files may be unavailable.
[2025-08-06 19:39:09.273 +03:00  INF]  Now listening on: https://localhost:7283
[2025-08-06 19:39:09.274 +03:00  INF]  Now listening on: http://localhost:5074
[2025-08-06 19:39:11.024 +03:00  INF]  Application started. Press Ctrl+C to shut down.
[2025-08-06 19:39:11.024 +03:00  INF]  Hosting environment: Development
[2025-08-06 19:39:11.025 +03:00  INF]  Content root path: D:\waslaa\api\WaslaAPI\Wasla_App
[2025-08-06 19:39:11.048 +03:00  INF]  Request starting HTTP/2 GET https://localhost:7283/swagger/index.html - null null
[2025-08-06 19:39:11.995 +03:00  INF]  Request finished HTTP/2 GET https://localhost:7283/swagger/index.html - 200 null text/html;charset=utf-8 976.4653ms
[2025-08-06 19:39:16.886 +03:00  INF]  Request starting HTTP/2 GET https://localhost:7283/_framework/aspnetcore-browser-refresh.js - null null
[2025-08-06 19:39:16.897 +03:00  INF]  Request finished HTTP/2 GET https://localhost:7283/_framework/aspnetcore-browser-refresh.js - 200 16503 application/javascript; charset=utf-8 11.6176ms
[2025-08-06 19:39:17.879 +03:00  INF]  Request starting HTTP/2 GET https://localhost:7283/_vs/browserLink - null null
[2025-08-06 19:39:18.050 +03:00  INF]  Request finished HTTP/2 GET https://localhost:7283/_vs/browserLink - 200 null text/javascript; charset=UTF-8 170.7566ms
[2025-08-06 19:39:19.368 +03:00  INF]  Request starting HTTP/2 GET https://localhost:7283/swagger/v1/swagger.json - null null
[2025-08-06 19:39:19.462 +03:00  INF]  Request finished HTTP/2 GET https://localhost:7283/swagger/v1/swagger.json - 200 null application/json;charset=utf-8 93.3485ms
[2025-08-06 19:39:45.300 +03:00  INF]  Request starting HTTP/2 POST https://localhost:7283/api/WaslaBrowse/GetSearchResult - application/json-patch+json 63
[2025-08-06 19:39:45.333 +03:00  INF]  CORS policy execution successful.
[2025-08-06 19:39:45.758 +03:00  INF]  Executing endpoint 'Wasla_App.Controllers.WaslaBrowseController.GetSearchResult (Wasla_App)'
[2025-08-06 19:39:45.844 +03:00  INF]  Route matched with {action = "GetSearchResult", controller = "WaslaBrowse"}. Executing controller action with signature System.Threading.Tasks.Task`1[Microsoft.AspNetCore.Mvc.IActionResult] GetSearchResult(WaslaApp.Data.Models.PackagesAndServices.SearchCls) on controller Wasla_App.Controllers.WaslaBrowseController (Wasla_App).
[2025-08-06 19:39:58.687 +03:00  INF]  Executed DbCommand (260ms) [Parameters=[@__req_lang_0='?', @__ToLower_1='?', @__ToLower_2_contains='?'], CommandType='"Text"', CommandTimeout='30']
SELECT p.active, p.curr_code, p.discount_amount, p.discount_type, p.is_custom, p.is_recommend, p.lang_code, p."order", p.package_code, p.package_desc, p.package_details, p.package_id, p.package_name, p.package_price, p.package_sale_price, p.service_code, p.service_desc, p.service_id, p.service_name, p.service_package_id
FROM packagesdetailswithservices AS p
WHERE p.lang_code = @__req_lang_0 AND (lower(p.curr_code) = CASE
    WHEN p.curr_code IS NULL THEN p.curr_code
    ELSE @__ToLower_1
END OR (p.curr_code IS NULL AND CASE
    WHEN p.curr_code IS NULL THEN p.curr_code
    ELSE @__ToLower_1
END IS NULL)) AND p.active AND (lower(p.service_name) LIKE @__ToLower_2_contains OR lower(p.package_name) LIKE @__ToLower_2_contains OR lower(p.service_code) LIKE @__ToLower_2_contains OR lower(p.package_code) LIKE @__ToLower_2_contains)
[2025-08-06 19:40:03.019 +03:00  INF]  Executed DbCommand (11ms) [Parameters=[@__req_lang_code_1='?', @__req_service_package_id_0='?' (DbType = Int32)], CommandType='"Text"', CommandTimeout='30']
SELECT p.feature_id, p.service_package_id, p.id, m.feature_code, m.feature_default_name, f0.feature_description, f0.feature_name, f0.lang_code
FROM packages_features AS p
INNER JOIN main_features AS m ON p.feature_id = m.id
INNER JOIN (
    SELECT f.feature_description, f.feature_id, f.feature_name, f.lang_code
    FROM features_translation AS f
    WHERE f.lang_code = @__req_lang_code_1
) AS f0 ON m.id = f0.feature_id
WHERE p.service_package_id = @__req_service_package_id_0
[2025-08-06 19:40:03.034 +03:00  INF]  Executed DbCommand (1ms) [Parameters=[@__req_lang_code_1='?', @__req_service_package_id_0='?' (DbType = Int32)], CommandType='"Text"', CommandTimeout='30']
SELECT p.feature_id, p.service_package_id, p.id, m.feature_code, m.feature_default_name, f0.feature_description, f0.feature_name, f0.lang_code
FROM packages_features AS p
INNER JOIN main_features AS m ON p.feature_id = m.id
INNER JOIN (
    SELECT f.feature_description, f.feature_id, f.feature_name, f.lang_code
    FROM features_translation AS f
    WHERE f.lang_code = @__req_lang_code_1
) AS f0 ON m.id = f0.feature_id
WHERE p.service_package_id = @__req_service_package_id_0
[2025-08-06 19:40:03.036 +03:00  INF]  Executed DbCommand (1ms) [Parameters=[@__req_lang_code_1='?', @__req_service_package_id_0='?' (DbType = Int32)], CommandType='"Text"', CommandTimeout='30']
SELECT p.feature_id, p.service_package_id, p.id, m.feature_code, m.feature_default_name, f0.feature_description, f0.feature_name, f0.lang_code
FROM packages_features AS p
INNER JOIN main_features AS m ON p.feature_id = m.id
INNER JOIN (
    SELECT f.feature_description, f.feature_id, f.feature_name, f.lang_code
    FROM features_translation AS f
    WHERE f.lang_code = @__req_lang_code_1
) AS f0 ON m.id = f0.feature_id
WHERE p.service_package_id = @__req_service_package_id_0
[2025-08-06 19:40:03.038 +03:00  INF]  Executed DbCommand (1ms) [Parameters=[@__req_lang_code_1='?', @__req_service_package_id_0='?' (DbType = Int32)], CommandType='"Text"', CommandTimeout='30']
SELECT p.feature_id, p.service_package_id, p.id, m.feature_code, m.feature_default_name, f0.feature_description, f0.feature_name, f0.lang_code
FROM packages_features AS p
INNER JOIN main_features AS m ON p.feature_id = m.id
INNER JOIN (
    SELECT f.feature_description, f.feature_id, f.feature_name, f.lang_code
    FROM features_translation AS f
    WHERE f.lang_code = @__req_lang_code_1
) AS f0 ON m.id = f0.feature_id
WHERE p.service_package_id = @__req_service_package_id_0
[2025-08-06 19:40:03.058 +03:00  INF]  Executing OkObjectResult, writing value of type 'System.Collections.Generic.List`1[[WaslaApp.Data.Models.PackagesAndServices.ServicesWithPkg, WaslaApp.Data, Version=1.0.0.0, Culture=neutral, PublicKeyToken=null]]'.
[2025-08-06 19:40:03.225 +03:00  INF]  Executed action Wasla_App.Controllers.WaslaBrowseController.GetSearchResult (Wasla_App) in 17359.1266ms
[2025-08-06 19:40:03.230 +03:00  INF]  Executed endpoint 'Wasla_App.Controllers.WaslaBrowseController.GetSearchResult (Wasla_App)'
[2025-08-06 19:40:03.248 +03:00  INF]  Request finished HTTP/2 POST https://localhost:7283/api/WaslaBrowse/GetSearchResult - 200 8874 application/json; charset=utf-8 17947.7407ms
[2025-08-06 19:40:47.924 +03:00  INF]  Request starting HTTP/2 POST https://localhost:7283/api/WaslaBrowse/GetSearchResult - application/json-patch+json 65
[2025-08-06 19:40:47.941 +03:00  INF]  CORS policy execution successful.
[2025-08-06 19:40:47.961 +03:00  INF]  Executing endpoint 'Wasla_App.Controllers.WaslaBrowseController.GetSearchResult (Wasla_App)'
[2025-08-06 19:40:47.962 +03:00  INF]  Route matched with {action = "GetSearchResult", controller = "WaslaBrowse"}. Executing controller action with signature System.Threading.Tasks.Task`1[Microsoft.AspNetCore.Mvc.IActionResult] GetSearchResult(WaslaApp.Data.Models.PackagesAndServices.SearchCls) on controller Wasla_App.Controllers.WaslaBrowseController (Wasla_App).
[2025-08-06 19:40:52.942 +03:00  INF]  Executed DbCommand (24ms) [Parameters=[@__req_lang_0='?', @__ToLower_1='?', @__ToLower_2_contains='?'], CommandType='"Text"', CommandTimeout='30']
SELECT p.active, p.curr_code, p.discount_amount, p.discount_type, p.is_custom, p.is_recommend, p.lang_code, p."order", p.package_code, p.package_desc, p.package_details, p.package_id, p.package_name, p.package_price, p.package_sale_price, p.service_code, p.service_desc, p.service_id, p.service_name, p.service_package_id
FROM packagesdetailswithservices AS p
WHERE p.lang_code = @__req_lang_0 AND (lower(p.curr_code) = CASE
    WHEN p.curr_code IS NULL THEN p.curr_code
    ELSE @__ToLower_1
END OR (p.curr_code IS NULL AND CASE
    WHEN p.curr_code IS NULL THEN p.curr_code
    ELSE @__ToLower_1
END IS NULL)) AND p.active AND (lower(p.service_name) LIKE @__ToLower_2_contains OR lower(p.package_name) LIKE @__ToLower_2_contains OR lower(p.service_code) LIKE @__ToLower_2_contains OR lower(p.package_code) LIKE @__ToLower_2_contains)
[2025-08-06 19:40:55.492 +03:00  INF]  Executed DbCommand (2ms) [Parameters=[@__req_lang_code_1='?', @__req_service_package_id_0='?' (DbType = Int32)], CommandType='"Text"', CommandTimeout='30']
SELECT p.feature_id, p.service_package_id, p.id, m.feature_code, m.feature_default_name, f0.feature_description, f0.feature_name, f0.lang_code
FROM packages_features AS p
INNER JOIN main_features AS m ON p.feature_id = m.id
INNER JOIN (
    SELECT f.feature_description, f.feature_id, f.feature_name, f.lang_code
    FROM features_translation AS f
    WHERE f.lang_code = @__req_lang_code_1
) AS f0 ON m.id = f0.feature_id
WHERE p.service_package_id = @__req_service_package_id_0
[2025-08-06 19:40:55.495 +03:00  INF]  Executed DbCommand (2ms) [Parameters=[@__req_lang_code_1='?', @__req_service_package_id_0='?' (DbType = Int32)], CommandType='"Text"', CommandTimeout='30']
SELECT p.feature_id, p.service_package_id, p.id, m.feature_code, m.feature_default_name, f0.feature_description, f0.feature_name, f0.lang_code
FROM packages_features AS p
INNER JOIN main_features AS m ON p.feature_id = m.id
INNER JOIN (
    SELECT f.feature_description, f.feature_id, f.feature_name, f.lang_code
    FROM features_translation AS f
    WHERE f.lang_code = @__req_lang_code_1
) AS f0 ON m.id = f0.feature_id
WHERE p.service_package_id = @__req_service_package_id_0
[2025-08-06 19:40:55.499 +03:00  INF]  Executed DbCommand (3ms) [Parameters=[@__req_lang_code_1='?', @__req_service_package_id_0='?' (DbType = Int32)], CommandType='"Text"', CommandTimeout='30']
SELECT p.feature_id, p.service_package_id, p.id, m.feature_code, m.feature_default_name, f0.feature_description, f0.feature_name, f0.lang_code
FROM packages_features AS p
INNER JOIN main_features AS m ON p.feature_id = m.id
INNER JOIN (
    SELECT f.feature_description, f.feature_id, f.feature_name, f.lang_code
    FROM features_translation AS f
    WHERE f.lang_code = @__req_lang_code_1
) AS f0 ON m.id = f0.feature_id
WHERE p.service_package_id = @__req_service_package_id_0
[2025-08-06 19:40:55.501 +03:00  INF]  Executing OkObjectResult, writing value of type 'System.Collections.Generic.List`1[[WaslaApp.Data.Models.PackagesAndServices.ServicesWithPkg, WaslaApp.Data, Version=1.0.0.0, Culture=neutral, PublicKeyToken=null]]'.
[2025-08-06 19:40:55.514 +03:00  INF]  Executed action Wasla_App.Controllers.WaslaBrowseController.GetSearchResult (Wasla_App) in 7552.0292ms
[2025-08-06 19:40:55.514 +03:00  INF]  Executed endpoint 'Wasla_App.Controllers.WaslaBrowseController.GetSearchResult (Wasla_App)'
[2025-08-06 19:40:55.515 +03:00  INF]  Request finished HTTP/2 POST https://localhost:7283/api/WaslaBrowse/GetSearchResult - 200 5755 application/json; charset=utf-8 7591.2461ms
[2025-08-06 19:41:18.608 +03:00  INF]  Request starting HTTP/2 POST https://localhost:7283/api/WaslaBrowse/GetSearchResult - application/json-patch+json 62
[2025-08-06 19:41:18.616 +03:00  INF]  CORS policy execution successful.
[2025-08-06 19:41:18.662 +03:00  INF]  Executing endpoint 'Wasla_App.Controllers.WaslaBrowseController.GetSearchResult (Wasla_App)'
[2025-08-06 19:41:18.662 +03:00  INF]  Route matched with {action = "GetSearchResult", controller = "WaslaBrowse"}. Executing controller action with signature System.Threading.Tasks.Task`1[Microsoft.AspNetCore.Mvc.IActionResult] GetSearchResult(WaslaApp.Data.Models.PackagesAndServices.SearchCls) on controller Wasla_App.Controllers.WaslaBrowseController (Wasla_App).
[2025-08-06 19:41:27.103 +03:00  INF]  Executed DbCommand (14ms) [Parameters=[@__req_lang_0='?', @__ToLower_1='?', @__ToLower_2_contains='?'], CommandType='"Text"', CommandTimeout='30']
SELECT p.active, p.curr_code, p.discount_amount, p.discount_type, p.is_custom, p.is_recommend, p.lang_code, p."order", p.package_code, p.package_desc, p.package_details, p.package_id, p.package_name, p.package_price, p.package_sale_price, p.service_code, p.service_desc, p.service_id, p.service_name, p.service_package_id
FROM packagesdetailswithservices AS p
WHERE p.lang_code = @__req_lang_0 AND (lower(p.curr_code) = CASE
    WHEN p.curr_code IS NULL THEN p.curr_code
    ELSE @__ToLower_1
END OR (p.curr_code IS NULL AND CASE
    WHEN p.curr_code IS NULL THEN p.curr_code
    ELSE @__ToLower_1
END IS NULL)) AND p.active AND (lower(p.service_name) LIKE @__ToLower_2_contains OR lower(p.package_name) LIKE @__ToLower_2_contains OR lower(p.service_code) LIKE @__ToLower_2_contains OR lower(p.package_code) LIKE @__ToLower_2_contains)
[2025-08-06 19:41:29.691 +03:00  INF]  Executed DbCommand (3ms) [Parameters=[@__req_lang_code_1='?', @__req_service_package_id_0='?' (DbType = Int32)], CommandType='"Text"', CommandTimeout='30']
SELECT p.feature_id, p.service_package_id, p.id, m.feature_code, m.feature_default_name, f0.feature_description, f0.feature_name, f0.lang_code
FROM packages_features AS p
INNER JOIN main_features AS m ON p.feature_id = m.id
INNER JOIN (
    SELECT f.feature_description, f.feature_id, f.feature_name, f.lang_code
    FROM features_translation AS f
    WHERE f.lang_code = @__req_lang_code_1
) AS f0 ON m.id = f0.feature_id
WHERE p.service_package_id = @__req_service_package_id_0
[2025-08-06 19:41:29.699 +03:00  INF]  Executed DbCommand (2ms) [Parameters=[@__req_lang_code_1='?', @__req_service_package_id_0='?' (DbType = Int32)], CommandType='"Text"', CommandTimeout='30']
SELECT p.feature_id, p.service_package_id, p.id, m.feature_code, m.feature_default_name, f0.feature_description, f0.feature_name, f0.lang_code
FROM packages_features AS p
INNER JOIN main_features AS m ON p.feature_id = m.id
INNER JOIN (
    SELECT f.feature_description, f.feature_id, f.feature_name, f.lang_code
    FROM features_translation AS f
    WHERE f.lang_code = @__req_lang_code_1
) AS f0 ON m.id = f0.feature_id
WHERE p.service_package_id = @__req_service_package_id_0
[2025-08-06 19:41:29.702 +03:00  INF]  Executed DbCommand (1ms) [Parameters=[@__req_lang_code_1='?', @__req_service_package_id_0='?' (DbType = Int32)], CommandType='"Text"', CommandTimeout='30']
SELECT p.feature_id, p.service_package_id, p.id, m.feature_code, m.feature_default_name, f0.feature_description, f0.feature_name, f0.lang_code
FROM packages_features AS p
INNER JOIN main_features AS m ON p.feature_id = m.id
INNER JOIN (
    SELECT f.feature_description, f.feature_id, f.feature_name, f.lang_code
    FROM features_translation AS f
    WHERE f.lang_code = @__req_lang_code_1
) AS f0 ON m.id = f0.feature_id
WHERE p.service_package_id = @__req_service_package_id_0
[2025-08-06 19:41:29.705 +03:00  INF]  Executed DbCommand (2ms) [Parameters=[@__req_lang_code_1='?', @__req_service_package_id_0='?' (DbType = Int32)], CommandType='"Text"', CommandTimeout='30']
SELECT p.feature_id, p.service_package_id, p.id, m.feature_code, m.feature_default_name, f0.feature_description, f0.feature_name, f0.lang_code
FROM packages_features AS p
INNER JOIN main_features AS m ON p.feature_id = m.id
INNER JOIN (
    SELECT f.feature_description, f.feature_id, f.feature_name, f.lang_code
    FROM features_translation AS f
    WHERE f.lang_code = @__req_lang_code_1
) AS f0 ON m.id = f0.feature_id
WHERE p.service_package_id = @__req_service_package_id_0
[2025-08-06 19:41:29.719 +03:00  INF]  Executed DbCommand (2ms) [Parameters=[@__req_lang_code_1='?', @__req_service_package_id_0='?' (DbType = Int32)], CommandType='"Text"', CommandTimeout='30']
SELECT p.feature_id, p.service_package_id, p.id, m.feature_code, m.feature_default_name, f0.feature_description, f0.feature_name, f0.lang_code
FROM packages_features AS p
INNER JOIN main_features AS m ON p.feature_id = m.id
INNER JOIN (
    SELECT f.feature_description, f.feature_id, f.feature_name, f.lang_code
    FROM features_translation AS f
    WHERE f.lang_code = @__req_lang_code_1
) AS f0 ON m.id = f0.feature_id
WHERE p.service_package_id = @__req_service_package_id_0
[2025-08-06 19:41:29.727 +03:00  INF]  Executed DbCommand (7ms) [Parameters=[@__req_lang_code_1='?', @__req_service_package_id_0='?' (DbType = Int32)], CommandType='"Text"', CommandTimeout='30']
SELECT p.feature_id, p.service_package_id, p.id, m.feature_code, m.feature_default_name, f0.feature_description, f0.feature_name, f0.lang_code
FROM packages_features AS p
INNER JOIN main_features AS m ON p.feature_id = m.id
INNER JOIN (
    SELECT f.feature_description, f.feature_id, f.feature_name, f.lang_code
    FROM features_translation AS f
    WHERE f.lang_code = @__req_lang_code_1
) AS f0 ON m.id = f0.feature_id
WHERE p.service_package_id = @__req_service_package_id_0
[2025-08-06 19:41:29.730 +03:00  INF]  Executed DbCommand (2ms) [Parameters=[@__req_lang_code_1='?', @__req_service_package_id_0='?' (DbType = Int32)], CommandType='"Text"', CommandTimeout='30']
SELECT p.feature_id, p.service_package_id, p.id, m.feature_code, m.feature_default_name, f0.feature_description, f0.feature_name, f0.lang_code
FROM packages_features AS p
INNER JOIN main_features AS m ON p.feature_id = m.id
INNER JOIN (
    SELECT f.feature_description, f.feature_id, f.feature_name, f.lang_code
    FROM features_translation AS f
    WHERE f.lang_code = @__req_lang_code_1
) AS f0 ON m.id = f0.feature_id
WHERE p.service_package_id = @__req_service_package_id_0
[2025-08-06 19:41:29.733 +03:00  INF]  Executed DbCommand (1ms) [Parameters=[@__req_lang_code_1='?', @__req_service_package_id_0='?' (DbType = Int32)], CommandType='"Text"', CommandTimeout='30']
SELECT p.feature_id, p.service_package_id, p.id, m.feature_code, m.feature_default_name, f0.feature_description, f0.feature_name, f0.lang_code
FROM packages_features AS p
INNER JOIN main_features AS m ON p.feature_id = m.id
INNER JOIN (
    SELECT f.feature_description, f.feature_id, f.feature_name, f.lang_code
    FROM features_translation AS f
    WHERE f.lang_code = @__req_lang_code_1
) AS f0 ON m.id = f0.feature_id
WHERE p.service_package_id = @__req_service_package_id_0
[2025-08-06 19:41:29.733 +03:00  INF]  Executing OkObjectResult, writing value of type 'System.Collections.Generic.List`1[[WaslaApp.Data.Models.PackagesAndServices.ServicesWithPkg, WaslaApp.Data, Version=1.0.0.0, Culture=neutral, PublicKeyToken=null]]'.
[2025-08-06 19:41:29.739 +03:00  INF]  Executed action Wasla_App.Controllers.WaslaBrowseController.GetSearchResult (Wasla_App) in 11075.3179ms
[2025-08-06 19:41:29.739 +03:00  INF]  Executed endpoint 'Wasla_App.Controllers.WaslaBrowseController.GetSearchResult (Wasla_App)'
[2025-08-06 19:41:29.739 +03:00  INF]  Request finished HTTP/2 POST https://localhost:7283/api/WaslaBrowse/GetSearchResult - 200 13795 application/json; charset=utf-8 11130.9762ms
[2025-08-06 19:42:02.909 +03:00  INF]  Request starting HTTP/2 POST https://localhost:7283/api/WaslaBrowse/GetSearchResult - application/json-patch+json 62
[2025-08-06 19:42:02.909 +03:00  INF]  CORS policy execution successful.
[2025-08-06 19:42:02.909 +03:00  INF]  Executing endpoint 'Wasla_App.Controllers.WaslaBrowseController.GetSearchResult (Wasla_App)'
[2025-08-06 19:42:02.910 +03:00  INF]  Route matched with {action = "GetSearchResult", controller = "WaslaBrowse"}. Executing controller action with signature System.Threading.Tasks.Task`1[Microsoft.AspNetCore.Mvc.IActionResult] GetSearchResult(WaslaApp.Data.Models.PackagesAndServices.SearchCls) on controller Wasla_App.Controllers.WaslaBrowseController (Wasla_App).
[2025-08-06 19:42:07.156 +03:00  INF]  Executed DbCommand (90ms) [Parameters=[@__req_lang_0='?', @__ToLower_1='?', @__ToLower_2_contains='?'], CommandType='"Text"', CommandTimeout='30']
SELECT p.active, p.curr_code, p.discount_amount, p.discount_type, p.is_custom, p.is_recommend, p.lang_code, p."order", p.package_code, p.package_desc, p.package_details, p.package_id, p.package_name, p.package_price, p.package_sale_price, p.service_code, p.service_desc, p.service_id, p.service_name, p.service_package_id
FROM packagesdetailswithservices AS p
WHERE p.lang_code = @__req_lang_0 AND (lower(p.curr_code) = CASE
    WHEN p.curr_code IS NULL THEN p.curr_code
    ELSE @__ToLower_1
END OR (p.curr_code IS NULL AND CASE
    WHEN p.curr_code IS NULL THEN p.curr_code
    ELSE @__ToLower_1
END IS NULL)) AND p.active AND (lower(p.service_name) LIKE @__ToLower_2_contains OR lower(p.package_name) LIKE @__ToLower_2_contains OR lower(p.service_code) LIKE @__ToLower_2_contains OR lower(p.package_code) LIKE @__ToLower_2_contains)
[2025-08-06 19:42:07.166 +03:00  INF]  Executed DbCommand (1ms) [Parameters=[@__req_lang_code_1='?', @__req_service_package_id_0='?' (DbType = Int32)], CommandType='"Text"', CommandTimeout='30']
SELECT p.feature_id, p.service_package_id, p.id, m.feature_code, m.feature_default_name, f0.feature_description, f0.feature_name, f0.lang_code
FROM packages_features AS p
INNER JOIN main_features AS m ON p.feature_id = m.id
INNER JOIN (
    SELECT f.feature_description, f.feature_id, f.feature_name, f.lang_code
    FROM features_translation AS f
    WHERE f.lang_code = @__req_lang_code_1
) AS f0 ON m.id = f0.feature_id
WHERE p.service_package_id = @__req_service_package_id_0
[2025-08-06 19:42:07.167 +03:00  INF]  Executed DbCommand (1ms) [Parameters=[@__req_lang_code_1='?', @__req_service_package_id_0='?' (DbType = Int32)], CommandType='"Text"', CommandTimeout='30']
SELECT p.feature_id, p.service_package_id, p.id, m.feature_code, m.feature_default_name, f0.feature_description, f0.feature_name, f0.lang_code
FROM packages_features AS p
INNER JOIN main_features AS m ON p.feature_id = m.id
INNER JOIN (
    SELECT f.feature_description, f.feature_id, f.feature_name, f.lang_code
    FROM features_translation AS f
    WHERE f.lang_code = @__req_lang_code_1
) AS f0 ON m.id = f0.feature_id
WHERE p.service_package_id = @__req_service_package_id_0
[2025-08-06 19:42:07.169 +03:00  INF]  Executed DbCommand (1ms) [Parameters=[@__req_lang_code_1='?', @__req_service_package_id_0='?' (DbType = Int32)], CommandType='"Text"', CommandTimeout='30']
SELECT p.feature_id, p.service_package_id, p.id, m.feature_code, m.feature_default_name, f0.feature_description, f0.feature_name, f0.lang_code
FROM packages_features AS p
INNER JOIN main_features AS m ON p.feature_id = m.id
INNER JOIN (
    SELECT f.feature_description, f.feature_id, f.feature_name, f.lang_code
    FROM features_translation AS f
    WHERE f.lang_code = @__req_lang_code_1
) AS f0 ON m.id = f0.feature_id
WHERE p.service_package_id = @__req_service_package_id_0
[2025-08-06 19:42:07.171 +03:00  INF]  Executed DbCommand (1ms) [Parameters=[@__req_lang_code_1='?', @__req_service_package_id_0='?' (DbType = Int32)], CommandType='"Text"', CommandTimeout='30']
SELECT p.feature_id, p.service_package_id, p.id, m.feature_code, m.feature_default_name, f0.feature_description, f0.feature_name, f0.lang_code
FROM packages_features AS p
INNER JOIN main_features AS m ON p.feature_id = m.id
INNER JOIN (
    SELECT f.feature_description, f.feature_id, f.feature_name, f.lang_code
    FROM features_translation AS f
    WHERE f.lang_code = @__req_lang_code_1
) AS f0 ON m.id = f0.feature_id
WHERE p.service_package_id = @__req_service_package_id_0
[2025-08-06 19:42:07.174 +03:00  INF]  Executed DbCommand (1ms) [Parameters=[@__req_lang_code_1='?', @__req_service_package_id_0='?' (DbType = Int32)], CommandType='"Text"', CommandTimeout='30']
SELECT p.feature_id, p.service_package_id, p.id, m.feature_code, m.feature_default_name, f0.feature_description, f0.feature_name, f0.lang_code
FROM packages_features AS p
INNER JOIN main_features AS m ON p.feature_id = m.id
INNER JOIN (
    SELECT f.feature_description, f.feature_id, f.feature_name, f.lang_code
    FROM features_translation AS f
    WHERE f.lang_code = @__req_lang_code_1
) AS f0 ON m.id = f0.feature_id
WHERE p.service_package_id = @__req_service_package_id_0
[2025-08-06 19:42:07.177 +03:00  INF]  Executed DbCommand (2ms) [Parameters=[@__req_lang_code_1='?', @__req_service_package_id_0='?' (DbType = Int32)], CommandType='"Text"', CommandTimeout='30']
SELECT p.feature_id, p.service_package_id, p.id, m.feature_code, m.feature_default_name, f0.feature_description, f0.feature_name, f0.lang_code
FROM packages_features AS p
INNER JOIN main_features AS m ON p.feature_id = m.id
INNER JOIN (
    SELECT f.feature_description, f.feature_id, f.feature_name, f.lang_code
    FROM features_translation AS f
    WHERE f.lang_code = @__req_lang_code_1
) AS f0 ON m.id = f0.feature_id
WHERE p.service_package_id = @__req_service_package_id_0
[2025-08-06 19:42:07.180 +03:00  INF]  Executed DbCommand (1ms) [Parameters=[@__req_lang_code_1='?', @__req_service_package_id_0='?' (DbType = Int32)], CommandType='"Text"', CommandTimeout='30']
SELECT p.feature_id, p.service_package_id, p.id, m.feature_code, m.feature_default_name, f0.feature_description, f0.feature_name, f0.lang_code
FROM packages_features AS p
INNER JOIN main_features AS m ON p.feature_id = m.id
INNER JOIN (
    SELECT f.feature_description, f.feature_id, f.feature_name, f.lang_code
    FROM features_translation AS f
    WHERE f.lang_code = @__req_lang_code_1
) AS f0 ON m.id = f0.feature_id
WHERE p.service_package_id = @__req_service_package_id_0
[2025-08-06 19:42:07.182 +03:00  INF]  Executed DbCommand (1ms) [Parameters=[@__req_lang_code_1='?', @__req_service_package_id_0='?' (DbType = Int32)], CommandType='"Text"', CommandTimeout='30']
SELECT p.feature_id, p.service_package_id, p.id, m.feature_code, m.feature_default_name, f0.feature_description, f0.feature_name, f0.lang_code
FROM packages_features AS p
INNER JOIN main_features AS m ON p.feature_id = m.id
INNER JOIN (
    SELECT f.feature_description, f.feature_id, f.feature_name, f.lang_code
    FROM features_translation AS f
    WHERE f.lang_code = @__req_lang_code_1
) AS f0 ON m.id = f0.feature_id
WHERE p.service_package_id = @__req_service_package_id_0
[2025-08-06 19:42:07.183 +03:00  INF]  Executing OkObjectResult, writing value of type 'System.Collections.Generic.List`1[[WaslaApp.Data.Models.PackagesAndServices.ServicesWithPkg, WaslaApp.Data, Version=1.0.0.0, Culture=neutral, PublicKeyToken=null]]'.
[2025-08-06 19:42:07.220 +03:00  INF]  Executed action Wasla_App.Controllers.WaslaBrowseController.GetSearchResult (Wasla_App) in 4309.9808ms
[2025-08-06 19:42:07.220 +03:00  INF]  Executed endpoint 'Wasla_App.Controllers.WaslaBrowseController.GetSearchResult (Wasla_App)'
[2025-08-06 19:42:07.221 +03:00  INF]  Request finished HTTP/2 POST https://localhost:7283/api/WaslaBrowse/GetSearchResult - 200 13795 application/json; charset=utf-8 4312.0039ms
[2025-08-06 19:42:44.153 +03:00  INF]  Request starting HTTP/2 POST https://localhost:7283/api/WaslaBrowse/GetSearchResult - application/json-patch+json 66
[2025-08-06 19:42:44.154 +03:00  INF]  CORS policy execution successful.
[2025-08-06 19:42:44.154 +03:00  INF]  Executing endpoint 'Wasla_App.Controllers.WaslaBrowseController.GetSearchResult (Wasla_App)'
[2025-08-06 19:42:44.154 +03:00  INF]  Route matched with {action = "GetSearchResult", controller = "WaslaBrowse"}. Executing controller action with signature System.Threading.Tasks.Task`1[Microsoft.AspNetCore.Mvc.IActionResult] GetSearchResult(WaslaApp.Data.Models.PackagesAndServices.SearchCls) on controller Wasla_App.Controllers.WaslaBrowseController (Wasla_App).
[2025-08-06 19:42:50.529 +03:00  INF]  Executed DbCommand (8ms) [Parameters=[@__req_lang_0='?', @__ToLower_1='?', @__ToLower_2_contains='?'], CommandType='"Text"', CommandTimeout='30']
SELECT p.active, p.curr_code, p.discount_amount, p.discount_type, p.is_custom, p.is_recommend, p.lang_code, p."order", p.package_code, p.package_desc, p.package_details, p.package_id, p.package_name, p.package_price, p.package_sale_price, p.service_code, p.service_desc, p.service_id, p.service_name, p.service_package_id
FROM packagesdetailswithservices AS p
WHERE p.lang_code = @__req_lang_0 AND (lower(p.curr_code) = CASE
    WHEN p.curr_code IS NULL THEN p.curr_code
    ELSE @__ToLower_1
END OR (p.curr_code IS NULL AND CASE
    WHEN p.curr_code IS NULL THEN p.curr_code
    ELSE @__ToLower_1
END IS NULL)) AND p.active AND (lower(p.service_name) LIKE @__ToLower_2_contains OR lower(p.package_name) LIKE @__ToLower_2_contains OR lower(p.service_code) LIKE @__ToLower_2_contains OR lower(p.package_code) LIKE @__ToLower_2_contains)
[2025-08-06 19:42:55.468 +03:00  INF]  Executing OkObjectResult, writing value of type 'System.Collections.Generic.List`1[[WaslaApp.Data.Models.PackagesAndServices.ServicesWithPkg, WaslaApp.Data, Version=1.0.0.0, Culture=neutral, PublicKeyToken=null]]'.
[2025-08-06 19:42:55.468 +03:00  INF]  Executed action Wasla_App.Controllers.WaslaBrowseController.GetSearchResult (Wasla_App) in 11312.906ms
[2025-08-06 19:42:55.468 +03:00  INF]  Executed endpoint 'Wasla_App.Controllers.WaslaBrowseController.GetSearchResult (Wasla_App)'
[2025-08-06 19:42:55.468 +03:00  INF]  Request finished HTTP/2 POST https://localhost:7283/api/WaslaBrowse/GetSearchResult - 200 2 application/json; charset=utf-8 11314.9336ms
[2025-08-06 19:43:06.690 +03:00  INF]  Request starting HTTP/2 POST https://localhost:7283/api/WaslaBrowse/GetSearchResult - application/json-patch+json 70
[2025-08-06 19:43:06.690 +03:00  INF]  CORS policy execution successful.
[2025-08-06 19:43:06.690 +03:00  INF]  Executing endpoint 'Wasla_App.Controllers.WaslaBrowseController.GetSearchResult (Wasla_App)'
[2025-08-06 19:43:06.690 +03:00  INF]  Route matched with {action = "GetSearchResult", controller = "WaslaBrowse"}. Executing controller action with signature System.Threading.Tasks.Task`1[Microsoft.AspNetCore.Mvc.IActionResult] GetSearchResult(WaslaApp.Data.Models.PackagesAndServices.SearchCls) on controller Wasla_App.Controllers.WaslaBrowseController (Wasla_App).
[2025-08-06 19:43:12.559 +03:00  INF]  Executed DbCommand (61ms) [Parameters=[@__req_lang_0='?', @__ToLower_1='?', @__ToLower_2_contains='?'], CommandType='"Text"', CommandTimeout='30']
SELECT p.active, p.curr_code, p.discount_amount, p.discount_type, p.is_custom, p.is_recommend, p.lang_code, p."order", p.package_code, p.package_desc, p.package_details, p.package_id, p.package_name, p.package_price, p.package_sale_price, p.service_code, p.service_desc, p.service_id, p.service_name, p.service_package_id
FROM packagesdetailswithservices AS p
WHERE p.lang_code = @__req_lang_0 AND (lower(p.curr_code) = CASE
    WHEN p.curr_code IS NULL THEN p.curr_code
    ELSE @__ToLower_1
END OR (p.curr_code IS NULL AND CASE
    WHEN p.curr_code IS NULL THEN p.curr_code
    ELSE @__ToLower_1
END IS NULL)) AND p.active AND (lower(p.service_name) LIKE @__ToLower_2_contains OR lower(p.package_name) LIKE @__ToLower_2_contains OR lower(p.service_code) LIKE @__ToLower_2_contains OR lower(p.package_code) LIKE @__ToLower_2_contains)
[2025-08-06 19:43:14.727 +03:00  INF]  Executed DbCommand (2ms) [Parameters=[@__req_lang_code_1='?', @__req_service_package_id_0='?' (DbType = Int32)], CommandType='"Text"', CommandTimeout='30']
SELECT p.feature_id, p.service_package_id, p.id, m.feature_code, m.feature_default_name, f0.feature_description, f0.feature_name, f0.lang_code
FROM packages_features AS p
INNER JOIN main_features AS m ON p.feature_id = m.id
INNER JOIN (
    SELECT f.feature_description, f.feature_id, f.feature_name, f.lang_code
    FROM features_translation AS f
    WHERE f.lang_code = @__req_lang_code_1
) AS f0 ON m.id = f0.feature_id
WHERE p.service_package_id = @__req_service_package_id_0
[2025-08-06 19:43:14.730 +03:00  INF]  Executed DbCommand (2ms) [Parameters=[@__req_lang_code_1='?', @__req_service_package_id_0='?' (DbType = Int32)], CommandType='"Text"', CommandTimeout='30']
SELECT p.feature_id, p.service_package_id, p.id, m.feature_code, m.feature_default_name, f0.feature_description, f0.feature_name, f0.lang_code
FROM packages_features AS p
INNER JOIN main_features AS m ON p.feature_id = m.id
INNER JOIN (
    SELECT f.feature_description, f.feature_id, f.feature_name, f.lang_code
    FROM features_translation AS f
    WHERE f.lang_code = @__req_lang_code_1
) AS f0 ON m.id = f0.feature_id
WHERE p.service_package_id = @__req_service_package_id_0
[2025-08-06 19:43:14.733 +03:00  INF]  Executed DbCommand (2ms) [Parameters=[@__req_lang_code_1='?', @__req_service_package_id_0='?' (DbType = Int32)], CommandType='"Text"', CommandTimeout='30']
SELECT p.feature_id, p.service_package_id, p.id, m.feature_code, m.feature_default_name, f0.feature_description, f0.feature_name, f0.lang_code
FROM packages_features AS p
INNER JOIN main_features AS m ON p.feature_id = m.id
INNER JOIN (
    SELECT f.feature_description, f.feature_id, f.feature_name, f.lang_code
    FROM features_translation AS f
    WHERE f.lang_code = @__req_lang_code_1
) AS f0 ON m.id = f0.feature_id
WHERE p.service_package_id = @__req_service_package_id_0
[2025-08-06 19:43:14.736 +03:00  INF]  Executed DbCommand (1ms) [Parameters=[@__req_lang_code_1='?', @__req_service_package_id_0='?' (DbType = Int32)], CommandType='"Text"', CommandTimeout='30']
SELECT p.feature_id, p.service_package_id, p.id, m.feature_code, m.feature_default_name, f0.feature_description, f0.feature_name, f0.lang_code
FROM packages_features AS p
INNER JOIN main_features AS m ON p.feature_id = m.id
INNER JOIN (
    SELECT f.feature_description, f.feature_id, f.feature_name, f.lang_code
    FROM features_translation AS f
    WHERE f.lang_code = @__req_lang_code_1
) AS f0 ON m.id = f0.feature_id
WHERE p.service_package_id = @__req_service_package_id_0
[2025-08-06 19:43:14.737 +03:00  INF]  Executing OkObjectResult, writing value of type 'System.Collections.Generic.List`1[[WaslaApp.Data.Models.PackagesAndServices.ServicesWithPkg, WaslaApp.Data, Version=1.0.0.0, Culture=neutral, PublicKeyToken=null]]'.
[2025-08-06 19:43:14.739 +03:00  INF]  Executed action Wasla_App.Controllers.WaslaBrowseController.GetSearchResult (Wasla_App) in 8048.6363ms
[2025-08-06 19:43:14.739 +03:00  INF]  Executed endpoint 'Wasla_App.Controllers.WaslaBrowseController.GetSearchResult (Wasla_App)'
[2025-08-06 19:43:14.740 +03:00  INF]  Request finished HTTP/2 POST https://localhost:7283/api/WaslaBrowse/GetSearchResult - 200 9746 application/json; charset=utf-8 8049.8437ms
[2025-08-06 19:43:54.471 +03:00  INF]  Request starting HTTP/2 POST https://localhost:7283/api/WaslaBrowse/GetSearchResult - application/json-patch+json 68
[2025-08-06 19:43:54.472 +03:00  INF]  CORS policy execution successful.
[2025-08-06 19:43:54.472 +03:00  INF]  Executing endpoint 'Wasla_App.Controllers.WaslaBrowseController.GetSearchResult (Wasla_App)'
[2025-08-06 19:43:54.472 +03:00  INF]  Route matched with {action = "GetSearchResult", controller = "WaslaBrowse"}. Executing controller action with signature System.Threading.Tasks.Task`1[Microsoft.AspNetCore.Mvc.IActionResult] GetSearchResult(WaslaApp.Data.Models.PackagesAndServices.SearchCls) on controller Wasla_App.Controllers.WaslaBrowseController (Wasla_App).
[2025-08-06 19:44:02.146 +03:00  INF]  Executed DbCommand (14ms) [Parameters=[@__req_lang_0='?', @__ToLower_1='?', @__ToLower_2_contains='?'], CommandType='"Text"', CommandTimeout='30']
SELECT p.active, p.curr_code, p.discount_amount, p.discount_type, p.is_custom, p.is_recommend, p.lang_code, p."order", p.package_code, p.package_desc, p.package_details, p.package_id, p.package_name, p.package_price, p.package_sale_price, p.service_code, p.service_desc, p.service_id, p.service_name, p.service_package_id
FROM packagesdetailswithservices AS p
WHERE p.lang_code = @__req_lang_0 AND (lower(p.curr_code) = CASE
    WHEN p.curr_code IS NULL THEN p.curr_code
    ELSE @__ToLower_1
END OR (p.curr_code IS NULL AND CASE
    WHEN p.curr_code IS NULL THEN p.curr_code
    ELSE @__ToLower_1
END IS NULL)) AND p.active AND (lower(p.service_name) LIKE @__ToLower_2_contains OR lower(p.package_name) LIKE @__ToLower_2_contains OR lower(p.service_code) LIKE @__ToLower_2_contains OR lower(p.package_code) LIKE @__ToLower_2_contains)
[2025-08-06 19:44:08.062 +03:00  INF]  Executing OkObjectResult, writing value of type 'System.Collections.Generic.List`1[[WaslaApp.Data.Models.PackagesAndServices.ServicesWithPkg, WaslaApp.Data, Version=1.0.0.0, Culture=neutral, PublicKeyToken=null]]'.
[2025-08-06 19:44:08.063 +03:00  INF]  Executed action Wasla_App.Controllers.WaslaBrowseController.GetSearchResult (Wasla_App) in 13590.3205ms
[2025-08-06 19:44:08.063 +03:00  INF]  Executed endpoint 'Wasla_App.Controllers.WaslaBrowseController.GetSearchResult (Wasla_App)'
[2025-08-06 19:44:08.063 +03:00  INF]  Request finished HTTP/2 POST https://localhost:7283/api/WaslaBrowse/GetSearchResult - 200 2 application/json; charset=utf-8 13591.5833ms
[2025-08-06 19:44:24.626 +03:00  INF]  Request starting HTTP/2 POST https://localhost:7283/api/WaslaBrowse/GetSearchResult - application/json-patch+json 70
[2025-08-06 19:44:24.640 +03:00  INF]  CORS policy execution successful.
[2025-08-06 19:44:24.644 +03:00  INF]  Executing endpoint 'Wasla_App.Controllers.WaslaBrowseController.GetSearchResult (Wasla_App)'
[2025-08-06 19:44:24.644 +03:00  INF]  Route matched with {action = "GetSearchResult", controller = "WaslaBrowse"}. Executing controller action with signature System.Threading.Tasks.Task`1[Microsoft.AspNetCore.Mvc.IActionResult] GetSearchResult(WaslaApp.Data.Models.PackagesAndServices.SearchCls) on controller Wasla_App.Controllers.WaslaBrowseController (Wasla_App).
[2025-08-06 19:44:28.188 +03:00  INF]  Executed DbCommand (79ms) [Parameters=[@__req_lang_0='?', @__ToLower_1='?', @__ToLower_2_contains='?'], CommandType='"Text"', CommandTimeout='30']
SELECT p.active, p.curr_code, p.discount_amount, p.discount_type, p.is_custom, p.is_recommend, p.lang_code, p."order", p.package_code, p.package_desc, p.package_details, p.package_id, p.package_name, p.package_price, p.package_sale_price, p.service_code, p.service_desc, p.service_id, p.service_name, p.service_package_id
FROM packagesdetailswithservices AS p
WHERE p.lang_code = @__req_lang_0 AND (lower(p.curr_code) = CASE
    WHEN p.curr_code IS NULL THEN p.curr_code
    ELSE @__ToLower_1
END OR (p.curr_code IS NULL AND CASE
    WHEN p.curr_code IS NULL THEN p.curr_code
    ELSE @__ToLower_1
END IS NULL)) AND p.active AND (lower(p.service_name) LIKE @__ToLower_2_contains OR lower(p.package_name) LIKE @__ToLower_2_contains OR lower(p.service_code) LIKE @__ToLower_2_contains OR lower(p.package_code) LIKE @__ToLower_2_contains)
[2025-08-06 19:44:28.190 +03:00  INF]  Executed DbCommand (1ms) [Parameters=[@__req_lang_code_1='?', @__req_service_package_id_0='?' (DbType = Int32)], CommandType='"Text"', CommandTimeout='30']
SELECT p.feature_id, p.service_package_id, p.id, m.feature_code, m.feature_default_name, f0.feature_description, f0.feature_name, f0.lang_code
FROM packages_features AS p
INNER JOIN main_features AS m ON p.feature_id = m.id
INNER JOIN (
    SELECT f.feature_description, f.feature_id, f.feature_name, f.lang_code
    FROM features_translation AS f
    WHERE f.lang_code = @__req_lang_code_1
) AS f0 ON m.id = f0.feature_id
WHERE p.service_package_id = @__req_service_package_id_0
[2025-08-06 19:44:28.191 +03:00  INF]  Executed DbCommand (1ms) [Parameters=[@__req_lang_code_1='?', @__req_service_package_id_0='?' (DbType = Int32)], CommandType='"Text"', CommandTimeout='30']
SELECT p.feature_id, p.service_package_id, p.id, m.feature_code, m.feature_default_name, f0.feature_description, f0.feature_name, f0.lang_code
FROM packages_features AS p
INNER JOIN main_features AS m ON p.feature_id = m.id
INNER JOIN (
    SELECT f.feature_description, f.feature_id, f.feature_name, f.lang_code
    FROM features_translation AS f
    WHERE f.lang_code = @__req_lang_code_1
) AS f0 ON m.id = f0.feature_id
WHERE p.service_package_id = @__req_service_package_id_0
[2025-08-06 19:44:28.193 +03:00  INF]  Executed DbCommand (1ms) [Parameters=[@__req_lang_code_1='?', @__req_service_package_id_0='?' (DbType = Int32)], CommandType='"Text"', CommandTimeout='30']
SELECT p.feature_id, p.service_package_id, p.id, m.feature_code, m.feature_default_name, f0.feature_description, f0.feature_name, f0.lang_code
FROM packages_features AS p
INNER JOIN main_features AS m ON p.feature_id = m.id
INNER JOIN (
    SELECT f.feature_description, f.feature_id, f.feature_name, f.lang_code
    FROM features_translation AS f
    WHERE f.lang_code = @__req_lang_code_1
) AS f0 ON m.id = f0.feature_id
WHERE p.service_package_id = @__req_service_package_id_0
[2025-08-06 19:44:28.202 +03:00  INF]  Executed DbCommand (8ms) [Parameters=[@__req_lang_code_1='?', @__req_service_package_id_0='?' (DbType = Int32)], CommandType='"Text"', CommandTimeout='30']
SELECT p.feature_id, p.service_package_id, p.id, m.feature_code, m.feature_default_name, f0.feature_description, f0.feature_name, f0.lang_code
FROM packages_features AS p
INNER JOIN main_features AS m ON p.feature_id = m.id
INNER JOIN (
    SELECT f.feature_description, f.feature_id, f.feature_name, f.lang_code
    FROM features_translation AS f
    WHERE f.lang_code = @__req_lang_code_1
) AS f0 ON m.id = f0.feature_id
WHERE p.service_package_id = @__req_service_package_id_0
[2025-08-06 19:44:28.202 +03:00  INF]  Executing OkObjectResult, writing value of type 'System.Collections.Generic.List`1[[WaslaApp.Data.Models.PackagesAndServices.ServicesWithPkg, WaslaApp.Data, Version=1.0.0.0, Culture=neutral, PublicKeyToken=null]]'.
[2025-08-06 19:44:28.307 +03:00  INF]  Executed action Wasla_App.Controllers.WaslaBrowseController.GetSearchResult (Wasla_App) in 3662.7524ms
[2025-08-06 19:44:28.307 +03:00  INF]  Executed endpoint 'Wasla_App.Controllers.WaslaBrowseController.GetSearchResult (Wasla_App)'
[2025-08-06 19:44:28.308 +03:00  INF]  Request finished HTTP/2 POST https://localhost:7283/api/WaslaBrowse/GetSearchResult - 200 9746 application/json; charset=utf-8 3681.8809ms
[2025-08-06 19:45:02.093 +03:00  INF]  Request starting HTTP/2 POST https://localhost:7283/api/WaslaBrowse/GetSearchResult - application/json-patch+json 68
[2025-08-06 19:45:02.094 +03:00  INF]  CORS policy execution successful.
[2025-08-06 19:45:02.094 +03:00  INF]  Executing endpoint 'Wasla_App.Controllers.WaslaBrowseController.GetSearchResult (Wasla_App)'
[2025-08-06 19:45:02.094 +03:00  INF]  Route matched with {action = "GetSearchResult", controller = "WaslaBrowse"}. Executing controller action with signature System.Threading.Tasks.Task`1[Microsoft.AspNetCore.Mvc.IActionResult] GetSearchResult(WaslaApp.Data.Models.PackagesAndServices.SearchCls) on controller Wasla_App.Controllers.WaslaBrowseController (Wasla_App).
[2025-08-06 19:45:05.451 +03:00  INF]  Executed DbCommand (86ms) [Parameters=[@__req_lang_0='?', @__ToLower_1='?', @__ToLower_2_contains='?'], CommandType='"Text"', CommandTimeout='30']
SELECT p.active, p.curr_code, p.discount_amount, p.discount_type, p.is_custom, p.is_recommend, p.lang_code, p."order", p.package_code, p.package_desc, p.package_details, p.package_id, p.package_name, p.package_price, p.package_sale_price, p.service_code, p.service_desc, p.service_id, p.service_name, p.service_package_id
FROM packagesdetailswithservices AS p
WHERE p.lang_code = @__req_lang_0 AND (lower(p.curr_code) = CASE
    WHEN p.curr_code IS NULL THEN p.curr_code
    ELSE @__ToLower_1
END OR (p.curr_code IS NULL AND CASE
    WHEN p.curr_code IS NULL THEN p.curr_code
    ELSE @__ToLower_1
END IS NULL)) AND p.active AND (lower(p.service_name) LIKE @__ToLower_2_contains OR lower(p.package_name) LIKE @__ToLower_2_contains OR lower(p.service_code) LIKE @__ToLower_2_contains OR lower(p.package_code) LIKE @__ToLower_2_contains)
[2025-08-06 19:45:05.453 +03:00  INF]  Executed DbCommand (1ms) [Parameters=[@__req_lang_code_1='?', @__req_service_package_id_0='?' (DbType = Int32)], CommandType='"Text"', CommandTimeout='30']
SELECT p.feature_id, p.service_package_id, p.id, m.feature_code, m.feature_default_name, f0.feature_description, f0.feature_name, f0.lang_code
FROM packages_features AS p
INNER JOIN main_features AS m ON p.feature_id = m.id
INNER JOIN (
    SELECT f.feature_description, f.feature_id, f.feature_name, f.lang_code
    FROM features_translation AS f
    WHERE f.lang_code = @__req_lang_code_1
) AS f0 ON m.id = f0.feature_id
WHERE p.service_package_id = @__req_service_package_id_0
[2025-08-06 19:45:05.455 +03:00  INF]  Executed DbCommand (1ms) [Parameters=[@__req_lang_code_1='?', @__req_service_package_id_0='?' (DbType = Int32)], CommandType='"Text"', CommandTimeout='30']
SELECT p.feature_id, p.service_package_id, p.id, m.feature_code, m.feature_default_name, f0.feature_description, f0.feature_name, f0.lang_code
FROM packages_features AS p
INNER JOIN main_features AS m ON p.feature_id = m.id
INNER JOIN (
    SELECT f.feature_description, f.feature_id, f.feature_name, f.lang_code
    FROM features_translation AS f
    WHERE f.lang_code = @__req_lang_code_1
) AS f0 ON m.id = f0.feature_id
WHERE p.service_package_id = @__req_service_package_id_0
[2025-08-06 19:45:05.457 +03:00  INF]  Executed DbCommand (1ms) [Parameters=[@__req_lang_code_1='?', @__req_service_package_id_0='?' (DbType = Int32)], CommandType='"Text"', CommandTimeout='30']
SELECT p.feature_id, p.service_package_id, p.id, m.feature_code, m.feature_default_name, f0.feature_description, f0.feature_name, f0.lang_code
FROM packages_features AS p
INNER JOIN main_features AS m ON p.feature_id = m.id
INNER JOIN (
    SELECT f.feature_description, f.feature_id, f.feature_name, f.lang_code
    FROM features_translation AS f
    WHERE f.lang_code = @__req_lang_code_1
) AS f0 ON m.id = f0.feature_id
WHERE p.service_package_id = @__req_service_package_id_0
[2025-08-06 19:45:05.458 +03:00  INF]  Executed DbCommand (1ms) [Parameters=[@__req_lang_code_1='?', @__req_service_package_id_0='?' (DbType = Int32)], CommandType='"Text"', CommandTimeout='30']
SELECT p.feature_id, p.service_package_id, p.id, m.feature_code, m.feature_default_name, f0.feature_description, f0.feature_name, f0.lang_code
FROM packages_features AS p
INNER JOIN main_features AS m ON p.feature_id = m.id
INNER JOIN (
    SELECT f.feature_description, f.feature_id, f.feature_name, f.lang_code
    FROM features_translation AS f
    WHERE f.lang_code = @__req_lang_code_1
) AS f0 ON m.id = f0.feature_id
WHERE p.service_package_id = @__req_service_package_id_0
[2025-08-06 19:45:05.463 +03:00  INF]  Executed DbCommand (4ms) [Parameters=[@__req_lang_code_1='?', @__req_service_package_id_0='?' (DbType = Int32)], CommandType='"Text"', CommandTimeout='30']
SELECT p.feature_id, p.service_package_id, p.id, m.feature_code, m.feature_default_name, f0.feature_description, f0.feature_name, f0.lang_code
FROM packages_features AS p
INNER JOIN main_features AS m ON p.feature_id = m.id
INNER JOIN (
    SELECT f.feature_description, f.feature_id, f.feature_name, f.lang_code
    FROM features_translation AS f
    WHERE f.lang_code = @__req_lang_code_1
) AS f0 ON m.id = f0.feature_id
WHERE p.service_package_id = @__req_service_package_id_0
[2025-08-06 19:45:05.465 +03:00  INF]  Executed DbCommand (1ms) [Parameters=[@__req_lang_code_1='?', @__req_service_package_id_0='?' (DbType = Int32)], CommandType='"Text"', CommandTimeout='30']
SELECT p.feature_id, p.service_package_id, p.id, m.feature_code, m.feature_default_name, f0.feature_description, f0.feature_name, f0.lang_code
FROM packages_features AS p
INNER JOIN main_features AS m ON p.feature_id = m.id
INNER JOIN (
    SELECT f.feature_description, f.feature_id, f.feature_name, f.lang_code
    FROM features_translation AS f
    WHERE f.lang_code = @__req_lang_code_1
) AS f0 ON m.id = f0.feature_id
WHERE p.service_package_id = @__req_service_package_id_0
[2025-08-06 19:45:05.466 +03:00  INF]  Executing OkObjectResult, writing value of type 'System.Collections.Generic.List`1[[WaslaApp.Data.Models.PackagesAndServices.ServicesWithPkg, WaslaApp.Data, Version=1.0.0.0, Culture=neutral, PublicKeyToken=null]]'.
[2025-08-06 19:45:05.467 +03:00  INF]  Executed action Wasla_App.Controllers.WaslaBrowseController.GetSearchResult (Wasla_App) in 3373.4078ms
[2025-08-06 19:45:05.467 +03:00  INF]  Executed endpoint 'Wasla_App.Controllers.WaslaBrowseController.GetSearchResult (Wasla_App)'
[2025-08-06 19:45:05.468 +03:00  INF]  Request finished HTTP/2 POST https://localhost:7283/api/WaslaBrowse/GetSearchResult - 200 11194 application/json; charset=utf-8 3374.4015ms
