[2025-08-10 09:39:34.440 +03:00  INF]  User profile is available. Using 'C:\Users\Pro\AppData\Local\ASP.NET\DataProtection-Keys' as key repository and Windows DPAPI to encrypt keys at rest.
[2025-08-10 09:39:34.960 +03:00  WRN]  The WebRootPath was not found: D:\waslaa\api\WaslaAPI\Wasla_App\wwwroot. Static files may be unavailable.
[2025-08-10 09:39:35.336 +03:00  INF]  Now listening on: https://localhost:7283
[2025-08-10 09:39:35.336 +03:00  INF]  Now listening on: http://localhost:5074
[2025-08-10 09:39:35.504 +03:00  INF]  Application started. Press Ctrl+C to shut down.
[2025-08-10 09:39:35.504 +03:00  INF]  Hosting environment: Development
[2025-08-10 09:39:35.504 +03:00  INF]  Content root path: D:\waslaa\api\WaslaAPI\Wasla_App
[2025-08-10 09:39:36.834 +03:00  INF]  Request starting HTTP/2 GET https://localhost:7283/swagger/index.html - null null
[2025-08-10 09:39:37.134 +03:00  INF]  Request finished HTTP/2 GET https://localhost:7283/swagger/index.html - 200 null text/html;charset=utf-8 311.0805ms
[2025-08-10 09:39:37.144 +03:00  INF]  Request starting HTTP/2 GET https://localhost:7283/_vs/browserLink - null null
[2025-08-10 09:39:37.144 +03:00  INF]  Request starting HTTP/2 GET https://localhost:7283/_framework/aspnetcore-browser-refresh.js - null null
[2025-08-10 09:39:37.158 +03:00  INF]  Request finished HTTP/2 GET https://localhost:7283/_framework/aspnetcore-browser-refresh.js - 200 16503 application/javascript; charset=utf-8 14.0029ms
[2025-08-10 09:39:37.272 +03:00  INF]  Request finished HTTP/2 GET https://localhost:7283/_vs/browserLink - 200 null text/javascript; charset=UTF-8 128.4955ms
[2025-08-10 09:39:37.357 +03:00  INF]  Request starting HTTP/2 GET https://localhost:7283/swagger/v1/swagger.json - null null
[2025-08-10 09:39:37.434 +03:00  INF]  Request finished HTTP/2 GET https://localhost:7283/swagger/v1/swagger.json - 200 null application/json;charset=utf-8 76.9304ms
[2025-08-10 09:39:52.521 +03:00  INF]  Request starting HTTP/2 POST https://localhost:7283/api/WaslaAdmin/GetAudit_Logs - application/json-patch+json 39
[2025-08-10 09:39:52.544 +03:00  INF]  CORS policy execution successful.
[2025-08-10 09:39:53.788 +03:00  INF]  Executing endpoint 'Wasla_App.Controllers.WaslaAdminController.GetAudit_Logs (Wasla_App)'
[2025-08-10 09:39:53.831 +03:00  INF]  Route matched with {action = "GetAudit_Logs", controller = "WaslaAdmin"}. Executing controller action with signature System.Threading.Tasks.Task`1[Microsoft.AspNetCore.Mvc.IActionResult] GetAudit_Logs(WaslaApp.Data.Models.Setting.AuditLogReq) on controller Wasla_App.Controllers.WaslaAdminController (Wasla_App).
[2025-08-10 09:39:56.413 +03:00  INF]  Executed DbCommand (29ms) [Parameters=[], CommandType='"Text"', CommandTimeout='30']
SELECT count(*)::int
FROM audit_log AS a
[2025-08-10 09:39:56.493 +03:00  WRN]  The query uses a row limiting operator ('Skip'/'Take') without an 'OrderBy' operator. This may lead to unpredictable results. If the 'Distinct' operator is used after 'OrderBy', then make sure to use the 'OrderBy' operator after 'Distinct' as the ordering would otherwise get erased.
[2025-08-10 09:39:56.494 +03:00  WRN]  The query uses a row limiting operator ('Skip'/'Take') without an 'OrderBy' operator. This may lead to unpredictable results. If the 'Distinct' operator is used after 'OrderBy', then make sure to use the 'OrderBy' operator after 'Distinct' as the ordering would otherwise get erased.
[2025-08-10 09:39:56.572 +03:00  ERR]  Failed executing DbCommand (22ms) [Parameters=[@__p_1='?' (DbType = Int32), @__p_0='?' (DbType = Int32)], CommandType='"Text"', CommandTimeout='30']
SELECT a.id, a.changed_at, a.changed_by, a.operation, a.record_pk, a.schema_name, a.table_name
FROM audit_log AS a
LIMIT @__p_1 OFFSET @__p_0
[2025-08-10 09:39:56.594 +03:00  ERR]  An exception occurred while iterating over the results of a query for context type 'WaslaApp.Data.Data.wasla_client_dbContext'.
Npgsql.PostgresException (0x80004005): 2201X: OFFSET must not be negative
   at Npgsql.Internal.NpgsqlConnector.ReadMessageLong(Boolean async, DataRowLoadingMode dataRowLoadingMode, Boolean readingNotifications, Boolean isReadingPrependedMessage)
   at System.Runtime.CompilerServices.PoolingAsyncValueTaskMethodBuilder`1.StateMachineBox`1.System.Threading.Tasks.Sources.IValueTaskSource<TResult>.GetResult(Int16 token)
   at Npgsql.NpgsqlDataReader.NextResult(Boolean async, Boolean isConsuming, CancellationToken cancellationToken)
   at Npgsql.NpgsqlDataReader.NextResult(Boolean async, Boolean isConsuming, CancellationToken cancellationToken)
   at Npgsql.NpgsqlCommand.ExecuteReader(Boolean async, CommandBehavior behavior, CancellationToken cancellationToken)
   at Npgsql.NpgsqlCommand.ExecuteReader(Boolean async, CommandBehavior behavior, CancellationToken cancellationToken)
   at Npgsql.NpgsqlCommand.ExecuteDbDataReaderAsync(CommandBehavior behavior, CancellationToken cancellationToken)
   at Microsoft.EntityFrameworkCore.Storage.RelationalCommand.ExecuteReaderAsync(RelationalCommandParameterObject parameterObject, CancellationToken cancellationToken)
   at Microsoft.EntityFrameworkCore.Storage.RelationalCommand.ExecuteReaderAsync(RelationalCommandParameterObject parameterObject, CancellationToken cancellationToken)
   at Microsoft.EntityFrameworkCore.Query.Internal.SingleQueryingEnumerable`1.AsyncEnumerator.InitializeReaderAsync(AsyncEnumerator enumerator, CancellationToken cancellationToken)
   at Npgsql.EntityFrameworkCore.PostgreSQL.Storage.Internal.NpgsqlExecutionStrategy.ExecuteAsync[TState,TResult](TState state, Func`4 operation, Func`4 verifySucceeded, CancellationToken cancellationToken)
   at Microsoft.EntityFrameworkCore.Query.Internal.SingleQueryingEnumerable`1.AsyncEnumerator.MoveNextAsync()
  Exception data:
    Severity: ERROR
    SqlState: 2201X
    MessageText: OFFSET must not be negative
    File: nodeLimit.c
    Line: 373
    Routine: recompute_limits
Npgsql.PostgresException (0x80004005): 2201X: OFFSET must not be negative
   at Npgsql.Internal.NpgsqlConnector.ReadMessageLong(Boolean async, DataRowLoadingMode dataRowLoadingMode, Boolean readingNotifications, Boolean isReadingPrependedMessage)
   at System.Runtime.CompilerServices.PoolingAsyncValueTaskMethodBuilder`1.StateMachineBox`1.System.Threading.Tasks.Sources.IValueTaskSource<TResult>.GetResult(Int16 token)
   at Npgsql.NpgsqlDataReader.NextResult(Boolean async, Boolean isConsuming, CancellationToken cancellationToken)
   at Npgsql.NpgsqlDataReader.NextResult(Boolean async, Boolean isConsuming, CancellationToken cancellationToken)
   at Npgsql.NpgsqlCommand.ExecuteReader(Boolean async, CommandBehavior behavior, CancellationToken cancellationToken)
   at Npgsql.NpgsqlCommand.ExecuteReader(Boolean async, CommandBehavior behavior, CancellationToken cancellationToken)
   at Npgsql.NpgsqlCommand.ExecuteDbDataReaderAsync(CommandBehavior behavior, CancellationToken cancellationToken)
   at Microsoft.EntityFrameworkCore.Storage.RelationalCommand.ExecuteReaderAsync(RelationalCommandParameterObject parameterObject, CancellationToken cancellationToken)
   at Microsoft.EntityFrameworkCore.Storage.RelationalCommand.ExecuteReaderAsync(RelationalCommandParameterObject parameterObject, CancellationToken cancellationToken)
   at Microsoft.EntityFrameworkCore.Query.Internal.SingleQueryingEnumerable`1.AsyncEnumerator.InitializeReaderAsync(AsyncEnumerator enumerator, CancellationToken cancellationToken)
   at Npgsql.EntityFrameworkCore.PostgreSQL.Storage.Internal.NpgsqlExecutionStrategy.ExecuteAsync[TState,TResult](TState state, Func`4 operation, Func`4 verifySucceeded, CancellationToken cancellationToken)
   at Microsoft.EntityFrameworkCore.Query.Internal.SingleQueryingEnumerable`1.AsyncEnumerator.MoveNextAsync()
  Exception data:
    Severity: ERROR
    SqlState: 2201X
    MessageText: OFFSET must not be negative
    File: nodeLimit.c
    Line: 373
    Routine: recompute_limits
[2025-08-10 09:39:56.699 +03:00  INF]  Executing OkObjectResult, writing value of type 'null'.
[2025-08-10 09:39:56.704 +03:00  INF]  Executed action Wasla_App.Controllers.WaslaAdminController.GetAudit_Logs (Wasla_App) in 2869.6773ms
[2025-08-10 09:39:56.705 +03:00  INF]  Executed endpoint 'Wasla_App.Controllers.WaslaAdminController.GetAudit_Logs (Wasla_App)'
[2025-08-10 09:39:56.716 +03:00  INF]  Request finished HTTP/2 POST https://localhost:7283/api/WaslaAdmin/GetAudit_Logs - 204 null null 4194.6719ms
[2025-08-10 09:40:06.060 +03:00  INF]  Request starting HTTP/2 POST https://localhost:7283/api/WaslaAdmin/GetAudit_Logs - application/json-patch+json 39
[2025-08-10 09:40:06.063 +03:00  INF]  CORS policy execution successful.
[2025-08-10 09:40:06.073 +03:00  INF]  Executing endpoint 'Wasla_App.Controllers.WaslaAdminController.GetAudit_Logs (Wasla_App)'
[2025-08-10 09:40:06.073 +03:00  INF]  Route matched with {action = "GetAudit_Logs", controller = "WaslaAdmin"}. Executing controller action with signature System.Threading.Tasks.Task`1[Microsoft.AspNetCore.Mvc.IActionResult] GetAudit_Logs(WaslaApp.Data.Models.Setting.AuditLogReq) on controller Wasla_App.Controllers.WaslaAdminController (Wasla_App).
[2025-08-10 09:40:06.095 +03:00  INF]  Executed DbCommand (1ms) [Parameters=[], CommandType='"Text"', CommandTimeout='30']
SELECT count(*)::int
FROM audit_log AS a
[2025-08-10 09:40:06.099 +03:00  INF]  Executed DbCommand (2ms) [Parameters=[@__p_1='?' (DbType = Int32), @__p_0='?' (DbType = Int32)], CommandType='"Text"', CommandTimeout='30']
SELECT a.id, a.changed_at, a.changed_by, a.operation, a.record_pk, a.schema_name, a.table_name
FROM audit_log AS a
LIMIT @__p_1 OFFSET @__p_0
[2025-08-10 09:40:06.173 +03:00  INF]  Executing OkObjectResult, writing value of type 'WaslaApp.Data.Models.Setting.AuditLogResponse'.
[2025-08-10 09:40:06.217 +03:00  INF]  Executed action Wasla_App.Controllers.WaslaAdminController.GetAudit_Logs (Wasla_App) in 143.3309ms
[2025-08-10 09:40:06.217 +03:00  INF]  Executed endpoint 'Wasla_App.Controllers.WaslaAdminController.GetAudit_Logs (Wasla_App)'
[2025-08-10 09:40:06.217 +03:00  INF]  Request finished HTTP/2 POST https://localhost:7283/api/WaslaAdmin/GetAudit_Logs - 200 191 application/json; charset=utf-8 157.7305ms
[2025-08-10 09:43:51.945 +03:00  INF]  User profile is available. Using 'C:\Users\Pro\AppData\Local\ASP.NET\DataProtection-Keys' as key repository and Windows DPAPI to encrypt keys at rest.
[2025-08-10 09:43:52.238 +03:00  WRN]  The WebRootPath was not found: D:\waslaa\api\WaslaAPI\Wasla_App\wwwroot. Static files may be unavailable.
[2025-08-10 09:43:52.475 +03:00  INF]  Now listening on: https://localhost:7283
[2025-08-10 09:43:52.476 +03:00  INF]  Now listening on: http://localhost:5074
[2025-08-10 09:43:52.630 +03:00  INF]  Application started. Press Ctrl+C to shut down.
[2025-08-10 09:43:52.630 +03:00  INF]  Hosting environment: Development
[2025-08-10 09:43:52.630 +03:00  INF]  Content root path: D:\waslaa\api\WaslaAPI\Wasla_App
[2025-08-10 09:43:53.118 +03:00  INF]  Request starting HTTP/2 GET https://localhost:7283/swagger/index.html - null null
[2025-08-10 09:43:53.378 +03:00  INF]  Request finished HTTP/2 GET https://localhost:7283/swagger/index.html - 200 null text/html;charset=utf-8 275.0771ms
[2025-08-10 09:43:53.414 +03:00  INF]  Request starting HTTP/2 GET https://localhost:7283/_framework/aspnetcore-browser-refresh.js - null null
[2025-08-10 09:43:53.420 +03:00  INF]  Request finished HTTP/2 GET https://localhost:7283/_framework/aspnetcore-browser-refresh.js - 200 16503 application/javascript; charset=utf-8 6.6133ms
[2025-08-10 09:43:53.451 +03:00  INF]  Request starting HTTP/2 GET https://localhost:7283/_vs/browserLink - null null
[2025-08-10 09:43:53.508 +03:00  INF]  Request finished HTTP/2 GET https://localhost:7283/_vs/browserLink - 200 null text/javascript; charset=UTF-8 56.4691ms
[2025-08-10 09:43:53.713 +03:00  INF]  Request starting HTTP/2 GET https://localhost:7283/swagger/v1/swagger.json - null null
[2025-08-10 09:43:53.779 +03:00  INF]  Request finished HTTP/2 GET https://localhost:7283/swagger/v1/swagger.json - 200 null application/json;charset=utf-8 68.6493ms
[2025-08-10 10:16:51.207 +03:00  INF]  User profile is available. Using 'C:\Users\Pro\AppData\Local\ASP.NET\DataProtection-Keys' as key repository and Windows DPAPI to encrypt keys at rest.
[2025-08-10 10:16:51.571 +03:00  WRN]  The WebRootPath was not found: D:\waslaa\api\WaslaAPI\Wasla_App\wwwroot. Static files may be unavailable.
[2025-08-10 10:16:51.765 +03:00  INF]  Now listening on: https://localhost:7283
[2025-08-10 10:16:51.766 +03:00  INF]  Now listening on: http://localhost:5074
[2025-08-10 10:16:52.748 +03:00  INF]  Application started. Press Ctrl+C to shut down.
[2025-08-10 10:16:52.749 +03:00  INF]  Hosting environment: Development
[2025-08-10 10:16:52.749 +03:00  INF]  Content root path: D:\waslaa\api\WaslaAPI\Wasla_App
[2025-08-10 10:16:52.820 +03:00  INF]  Request starting HTTP/2 GET https://localhost:7283/swagger/index.html - null null
[2025-08-10 10:16:53.269 +03:00  INF]  Request finished HTTP/2 GET https://localhost:7283/swagger/index.html - 200 null text/html;charset=utf-8 458.5151ms
[2025-08-10 10:16:53.373 +03:00  INF]  Request starting HTTP/2 GET https://localhost:7283/_framework/aspnetcore-browser-refresh.js - null null
[2025-08-10 10:16:53.385 +03:00  INF]  Request starting HTTP/2 GET https://localhost:7283/_vs/browserLink - null null
[2025-08-10 10:16:53.393 +03:00  INF]  Request finished HTTP/2 GET https://localhost:7283/_framework/aspnetcore-browser-refresh.js - 200 16503 application/javascript; charset=utf-8 19.9493ms
[2025-08-10 10:16:53.480 +03:00  INF]  Request finished HTTP/2 GET https://localhost:7283/_vs/browserLink - 200 null text/javascript; charset=UTF-8 95.2291ms
[2025-08-10 10:16:53.608 +03:00  INF]  Request starting HTTP/2 GET https://localhost:7283/swagger/v1/swagger.json - null null
[2025-08-10 10:16:53.676 +03:00  INF]  Request finished HTTP/2 GET https://localhost:7283/swagger/v1/swagger.json - 200 null application/json;charset=utf-8 67.8626ms
[2025-08-10 10:17:56.207 +03:00  INF]  Request starting HTTP/2 OPTIONS https://localhost:7283/api/WaslaAdmin/GetAudit_Logs - null null
[2025-08-10 10:17:56.227 +03:00  INF]  CORS policy execution successful.
[2025-08-10 10:17:56.228 +03:00  INF]  Request finished HTTP/2 OPTIONS https://localhost:7283/api/WaslaAdmin/GetAudit_Logs - 204 null null 21.6124ms
[2025-08-10 10:17:56.230 +03:00  INF]  Request starting HTTP/2 POST https://localhost:7283/api/WaslaAdmin/GetAudit_Logs - application/json 30
[2025-08-10 10:17:56.231 +03:00  INF]  CORS policy execution successful.
[2025-08-10 10:17:56.423 +03:00  INF]  Executing endpoint 'Wasla_App.Controllers.WaslaAdminController.GetAudit_Logs (Wasla_App)'
[2025-08-10 10:17:56.452 +03:00  INF]  Route matched with {action = "GetAudit_Logs", controller = "WaslaAdmin"}. Executing controller action with signature System.Threading.Tasks.Task`1[Microsoft.AspNetCore.Mvc.IActionResult] GetAudit_Logs(WaslaApp.Data.Models.Setting.AuditLogReq) on controller Wasla_App.Controllers.WaslaAdminController (Wasla_App).
[2025-08-10 10:18:10.688 +03:00  INF]  Executed DbCommand (57ms) [Parameters=[], CommandType='"Text"', CommandTimeout='30']
SELECT count(*)::int
FROM audit_log AS a
[2025-08-10 10:18:10.829 +03:00  WRN]  The query uses a row limiting operator ('Skip'/'Take') without an 'OrderBy' operator. This may lead to unpredictable results. If the 'Distinct' operator is used after 'OrderBy', then make sure to use the 'OrderBy' operator after 'Distinct' as the ordering would otherwise get erased.
[2025-08-10 10:18:10.830 +03:00  WRN]  The query uses a row limiting operator ('Skip'/'Take') without an 'OrderBy' operator. This may lead to unpredictable results. If the 'Distinct' operator is used after 'OrderBy', then make sure to use the 'OrderBy' operator after 'Distinct' as the ordering would otherwise get erased.
[2025-08-10 10:18:10.954 +03:00  INF]  Executed DbCommand (19ms) [Parameters=[@__p_1='?' (DbType = Int32), @__p_0='?' (DbType = Int32)], CommandType='"Text"', CommandTimeout='30']
SELECT a.changed_at, COALESCE(a.changed_at::text, '') AS "changed_atStr", a.changed_by, a.id, a.operation, a.record_pk, a.schema_name, a.table_name
FROM audit_log AS a
LIMIT @__p_1 OFFSET @__p_0
[2025-08-10 10:18:10.980 +03:00  INF]  Executing OkObjectResult, writing value of type 'WaslaApp.Data.Models.Setting.AuditLogResponse'.
[2025-08-10 10:18:11.039 +03:00  INF]  Executed action Wasla_App.Controllers.WaslaAdminController.GetAudit_Logs (Wasla_App) in 14583.8893ms
[2025-08-10 10:18:11.040 +03:00  INF]  Executed endpoint 'Wasla_App.Controllers.WaslaAdminController.GetAudit_Logs (Wasla_App)'
[2025-08-10 10:18:11.052 +03:00  INF]  Request finished HTTP/2 POST https://localhost:7283/api/WaslaAdmin/GetAudit_Logs - 200 236 application/json; charset=utf-8 14822.3336ms
[2025-08-10 10:18:35.422 +03:00  INF]  Request starting HTTP/2 OPTIONS https://localhost:7283/api/WaslaAdmin/GetAudit_Logs - null null
[2025-08-10 10:18:35.423 +03:00  INF]  CORS policy execution successful.
[2025-08-10 10:18:35.424 +03:00  INF]  Request finished HTTP/2 OPTIONS https://localhost:7283/api/WaslaAdmin/GetAudit_Logs - 204 null null 2.331ms
[2025-08-10 10:18:35.426 +03:00  INF]  Request starting HTTP/2 POST https://localhost:7283/api/WaslaAdmin/GetAudit_Logs - application/json 30
[2025-08-10 10:18:35.427 +03:00  INF]  CORS policy execution successful.
[2025-08-10 10:18:35.441 +03:00  INF]  Executing endpoint 'Wasla_App.Controllers.WaslaAdminController.GetAudit_Logs (Wasla_App)'
[2025-08-10 10:18:35.442 +03:00  INF]  Route matched with {action = "GetAudit_Logs", controller = "WaslaAdmin"}. Executing controller action with signature System.Threading.Tasks.Task`1[Microsoft.AspNetCore.Mvc.IActionResult] GetAudit_Logs(WaslaApp.Data.Models.Setting.AuditLogReq) on controller Wasla_App.Controllers.WaslaAdminController (Wasla_App).
[2025-08-10 10:18:37.309 +03:00  INF]  Executed DbCommand (1ms) [Parameters=[], CommandType='"Text"', CommandTimeout='30']
SELECT count(*)::int
FROM audit_log AS a
[2025-08-10 10:18:37.318 +03:00  INF]  Executed DbCommand (1ms) [Parameters=[@__p_1='?' (DbType = Int32), @__p_0='?' (DbType = Int32)], CommandType='"Text"', CommandTimeout='30']
SELECT a.changed_at, COALESCE(a.changed_at::text, '') AS "changed_atStr", a.changed_by, a.id, a.operation, a.record_pk, a.schema_name, a.table_name
FROM audit_log AS a
LIMIT @__p_1 OFFSET @__p_0
[2025-08-10 10:18:37.320 +03:00  INF]  Executing OkObjectResult, writing value of type 'WaslaApp.Data.Models.Setting.AuditLogResponse'.
[2025-08-10 10:18:37.321 +03:00  INF]  Executed action Wasla_App.Controllers.WaslaAdminController.GetAudit_Logs (Wasla_App) in 1878.6232ms
[2025-08-10 10:18:37.321 +03:00  INF]  Executed endpoint 'Wasla_App.Controllers.WaslaAdminController.GetAudit_Logs (Wasla_App)'
[2025-08-10 10:18:37.321 +03:00  INF]  Request finished HTTP/2 POST https://localhost:7283/api/WaslaAdmin/GetAudit_Logs - 200 236 application/json; charset=utf-8 1895.2157ms
[2025-08-10 10:20:23.353 +03:00  INF]  Request starting HTTP/2 OPTIONS https://localhost:7283/api/WaslaAdmin/GetAudit_Logs - null null
[2025-08-10 10:20:23.354 +03:00  INF]  CORS policy execution successful.
[2025-08-10 10:20:23.354 +03:00  INF]  Request finished HTTP/2 OPTIONS https://localhost:7283/api/WaslaAdmin/GetAudit_Logs - 204 null null 1.3564ms
[2025-08-10 10:20:23.363 +03:00  INF]  Request starting HTTP/2 POST https://localhost:7283/api/WaslaAdmin/GetAudit_Logs - application/json 29
[2025-08-10 10:20:23.365 +03:00  INF]  CORS policy execution successful.
[2025-08-10 10:20:23.368 +03:00  INF]  Executing endpoint 'Wasla_App.Controllers.WaslaAdminController.GetAudit_Logs (Wasla_App)'
[2025-08-10 10:20:23.368 +03:00  INF]  Route matched with {action = "GetAudit_Logs", controller = "WaslaAdmin"}. Executing controller action with signature System.Threading.Tasks.Task`1[Microsoft.AspNetCore.Mvc.IActionResult] GetAudit_Logs(WaslaApp.Data.Models.Setting.AuditLogReq) on controller Wasla_App.Controllers.WaslaAdminController (Wasla_App).
[2025-08-10 10:20:28.027 +03:00  INF]  Executed DbCommand (1ms) [Parameters=[], CommandType='"Text"', CommandTimeout='30']
SELECT count(*)::int
FROM audit_log AS a
[2025-08-10 10:20:28.030 +03:00  INF]  Executed DbCommand (1ms) [Parameters=[@__p_1='?' (DbType = Int32), @__p_0='?' (DbType = Int32)], CommandType='"Text"', CommandTimeout='30']
SELECT a.changed_at, COALESCE(a.changed_at::text, '') AS "changed_atStr", a.changed_by, a.id, a.operation, a.record_pk, a.schema_name, a.table_name
FROM audit_log AS a
LIMIT @__p_1 OFFSET @__p_0
[2025-08-10 10:20:28.031 +03:00  INF]  Executing OkObjectResult, writing value of type 'WaslaApp.Data.Models.Setting.AuditLogResponse'.
[2025-08-10 10:20:28.031 +03:00  INF]  Executed action Wasla_App.Controllers.WaslaAdminController.GetAudit_Logs (Wasla_App) in 4663.1302ms
[2025-08-10 10:20:28.031 +03:00  INF]  Executed endpoint 'Wasla_App.Controllers.WaslaAdminController.GetAudit_Logs (Wasla_App)'
[2025-08-10 10:20:28.031 +03:00  INF]  Request finished HTTP/2 POST https://localhost:7283/api/WaslaAdmin/GetAudit_Logs - 200 236 application/json; charset=utf-8 4668.7863ms
[2025-08-10 10:20:33.885 +03:00  INF]  Request starting HTTP/2 OPTIONS https://localhost:7283/api/WaslaAdmin/GetAudit_Logs - null null
[2025-08-10 10:20:33.886 +03:00  INF]  CORS policy execution successful.
[2025-08-10 10:20:33.886 +03:00  INF]  Request finished HTTP/2 OPTIONS https://localhost:7283/api/WaslaAdmin/GetAudit_Logs - 204 null null 0.5922ms
[2025-08-10 10:20:33.888 +03:00  INF]  Request starting HTTP/2 POST https://localhost:7283/api/WaslaAdmin/GetAudit_Logs - application/json 29
[2025-08-10 10:20:33.889 +03:00  INF]  CORS policy execution successful.
[2025-08-10 10:20:33.890 +03:00  INF]  Executing endpoint 'Wasla_App.Controllers.WaslaAdminController.GetAudit_Logs (Wasla_App)'
[2025-08-10 10:20:33.891 +03:00  INF]  Route matched with {action = "GetAudit_Logs", controller = "WaslaAdmin"}. Executing controller action with signature System.Threading.Tasks.Task`1[Microsoft.AspNetCore.Mvc.IActionResult] GetAudit_Logs(WaslaApp.Data.Models.Setting.AuditLogReq) on controller Wasla_App.Controllers.WaslaAdminController (Wasla_App).
[2025-08-10 10:20:38.854 +03:00  INF]  Executed DbCommand (1ms) [Parameters=[], CommandType='"Text"', CommandTimeout='30']
SELECT count(*)::int
FROM audit_log AS a
[2025-08-10 10:20:38.858 +03:00  WRN]  The query uses a row limiting operator ('Skip'/'Take') without an 'OrderBy' operator. This may lead to unpredictable results. If the 'Distinct' operator is used after 'OrderBy', then make sure to use the 'OrderBy' operator after 'Distinct' as the ordering would otherwise get erased.
[2025-08-10 10:20:38.858 +03:00  WRN]  The query uses a row limiting operator ('Skip'/'Take') without an 'OrderBy' operator. This may lead to unpredictable results. If the 'Distinct' operator is used after 'OrderBy', then make sure to use the 'OrderBy' operator after 'Distinct' as the ordering would otherwise get erased.
[2025-08-10 10:20:38.866 +03:00  INF]  Executed DbCommand (1ms) [Parameters=[@__p_0='?' (DbType = Int32)], CommandType='"Text"', CommandTimeout='30']
SELECT a.changed_at, COALESCE(a.changed_at::text, '') AS "changed_atStr", a.changed_by, a.id, a.operation, a.record_pk, a.schema_name, a.table_name
FROM audit_log AS a
LIMIT @__p_0 OFFSET @__p_0
[2025-08-10 10:20:38.867 +03:00  INF]  Executing OkObjectResult, writing value of type 'WaslaApp.Data.Models.Setting.AuditLogResponse'.
[2025-08-10 10:20:38.867 +03:00  INF]  Executed action Wasla_App.Controllers.WaslaAdminController.GetAudit_Logs (Wasla_App) in 4975.8539ms
[2025-08-10 10:20:38.867 +03:00  INF]  Executed endpoint 'Wasla_App.Controllers.WaslaAdminController.GetAudit_Logs (Wasla_App)'
[2025-08-10 10:20:38.867 +03:00  INF]  Request finished HTTP/2 POST https://localhost:7283/api/WaslaAdmin/GetAudit_Logs - 200 234 application/json; charset=utf-8 4978.9089ms
[2025-08-10 10:20:45.186 +03:00  INF]  Request starting HTTP/2 OPTIONS https://localhost:7283/api/WaslaAdmin/GetAudit_Logs - null null
[2025-08-10 10:20:45.186 +03:00  INF]  CORS policy execution successful.
[2025-08-10 10:20:45.186 +03:00  INF]  Request finished HTTP/2 OPTIONS https://localhost:7283/api/WaslaAdmin/GetAudit_Logs - 204 null null 0.4747ms
[2025-08-10 10:20:45.188 +03:00  INF]  Request starting HTTP/2 POST https://localhost:7283/api/WaslaAdmin/GetAudit_Logs - application/json 29
[2025-08-10 10:20:45.188 +03:00  INF]  CORS policy execution successful.
[2025-08-10 10:20:45.189 +03:00  INF]  Executing endpoint 'Wasla_App.Controllers.WaslaAdminController.GetAudit_Logs (Wasla_App)'
[2025-08-10 10:20:45.189 +03:00  INF]  Route matched with {action = "GetAudit_Logs", controller = "WaslaAdmin"}. Executing controller action with signature System.Threading.Tasks.Task`1[Microsoft.AspNetCore.Mvc.IActionResult] GetAudit_Logs(WaslaApp.Data.Models.Setting.AuditLogReq) on controller Wasla_App.Controllers.WaslaAdminController (Wasla_App).
[2025-08-10 10:20:50.652 +03:00  INF]  Executed DbCommand (1ms) [Parameters=[], CommandType='"Text"', CommandTimeout='30']
SELECT count(*)::int
FROM audit_log AS a
[2025-08-10 10:20:50.660 +03:00  INF]  Executed DbCommand (7ms) [Parameters=[@__p_1='?' (DbType = Int32), @__p_0='?' (DbType = Int32)], CommandType='"Text"', CommandTimeout='30']
SELECT a.changed_at, COALESCE(a.changed_at::text, '') AS "changed_atStr", a.changed_by, a.id, a.operation, a.record_pk, a.schema_name, a.table_name
FROM audit_log AS a
LIMIT @__p_1 OFFSET @__p_0
[2025-08-10 10:20:50.661 +03:00  INF]  Executing OkObjectResult, writing value of type 'WaslaApp.Data.Models.Setting.AuditLogResponse'.
[2025-08-10 10:20:50.661 +03:00  INF]  Executed action Wasla_App.Controllers.WaslaAdminController.GetAudit_Logs (Wasla_App) in 5471.6572ms
[2025-08-10 10:20:50.661 +03:00  INF]  Executed endpoint 'Wasla_App.Controllers.WaslaAdminController.GetAudit_Logs (Wasla_App)'
[2025-08-10 10:20:50.661 +03:00  INF]  Request finished HTTP/2 POST https://localhost:7283/api/WaslaAdmin/GetAudit_Logs - 200 234 application/json; charset=utf-8 5473.3723ms
[2025-08-10 10:20:54.448 +03:00  INF]  Request starting HTTP/2 OPTIONS https://localhost:7283/api/WaslaAdmin/GetAudit_Logs - null null
[2025-08-10 10:20:54.449 +03:00  INF]  CORS policy execution successful.
[2025-08-10 10:20:54.449 +03:00  INF]  Request finished HTTP/2 OPTIONS https://localhost:7283/api/WaslaAdmin/GetAudit_Logs - 204 null null 0.8929ms
[2025-08-10 10:20:54.451 +03:00  INF]  Request starting HTTP/2 POST https://localhost:7283/api/WaslaAdmin/GetAudit_Logs - application/json 29
[2025-08-10 10:20:54.452 +03:00  INF]  CORS policy execution successful.
[2025-08-10 10:20:54.452 +03:00  INF]  Executing endpoint 'Wasla_App.Controllers.WaslaAdminController.GetAudit_Logs (Wasla_App)'
[2025-08-10 10:20:54.452 +03:00  INF]  Route matched with {action = "GetAudit_Logs", controller = "WaslaAdmin"}. Executing controller action with signature System.Threading.Tasks.Task`1[Microsoft.AspNetCore.Mvc.IActionResult] GetAudit_Logs(WaslaApp.Data.Models.Setting.AuditLogReq) on controller Wasla_App.Controllers.WaslaAdminController (Wasla_App).
[2025-08-10 10:20:59.327 +03:00  INF]  Executed DbCommand (1ms) [Parameters=[], CommandType='"Text"', CommandTimeout='30']
SELECT count(*)::int
FROM audit_log AS a
[2025-08-10 10:20:59.332 +03:00  INF]  Executed DbCommand (2ms) [Parameters=[@__p_1='?' (DbType = Int32), @__p_0='?' (DbType = Int32)], CommandType='"Text"', CommandTimeout='30']
SELECT a.changed_at, COALESCE(a.changed_at::text, '') AS "changed_atStr", a.changed_by, a.id, a.operation, a.record_pk, a.schema_name, a.table_name
FROM audit_log AS a
LIMIT @__p_1 OFFSET @__p_0
[2025-08-10 10:20:59.333 +03:00  INF]  Executing OkObjectResult, writing value of type 'WaslaApp.Data.Models.Setting.AuditLogResponse'.
[2025-08-10 10:20:59.333 +03:00  INF]  Executed action Wasla_App.Controllers.WaslaAdminController.GetAudit_Logs (Wasla_App) in 4880.9942ms
[2025-08-10 10:20:59.334 +03:00  INF]  Executed endpoint 'Wasla_App.Controllers.WaslaAdminController.GetAudit_Logs (Wasla_App)'
[2025-08-10 10:20:59.334 +03:00  INF]  Request finished HTTP/2 POST https://localhost:7283/api/WaslaAdmin/GetAudit_Logs - 200 236 application/json; charset=utf-8 4882.4113ms
[2025-08-10 10:21:02.807 +03:00  INF]  Request starting HTTP/2 OPTIONS https://localhost:7283/api/WaslaAdmin/GetAudit_Logs - null null
[2025-08-10 10:21:02.807 +03:00  INF]  CORS policy execution successful.
[2025-08-10 10:21:02.807 +03:00  INF]  Request finished HTTP/2 OPTIONS https://localhost:7283/api/WaslaAdmin/GetAudit_Logs - 204 null null 0.4274ms
[2025-08-10 10:21:02.809 +03:00  INF]  Request starting HTTP/2 POST https://localhost:7283/api/WaslaAdmin/GetAudit_Logs - application/json 29
[2025-08-10 10:21:02.809 +03:00  INF]  CORS policy execution successful.
[2025-08-10 10:21:02.810 +03:00  INF]  Executing endpoint 'Wasla_App.Controllers.WaslaAdminController.GetAudit_Logs (Wasla_App)'
[2025-08-10 10:21:02.810 +03:00  INF]  Route matched with {action = "GetAudit_Logs", controller = "WaslaAdmin"}. Executing controller action with signature System.Threading.Tasks.Task`1[Microsoft.AspNetCore.Mvc.IActionResult] GetAudit_Logs(WaslaApp.Data.Models.Setting.AuditLogReq) on controller Wasla_App.Controllers.WaslaAdminController (Wasla_App).
[2025-08-10 10:21:08.024 +03:00  INF]  Executed DbCommand (4ms) [Parameters=[], CommandType='"Text"', CommandTimeout='30']
SELECT count(*)::int
FROM audit_log AS a
[2025-08-10 10:21:08.032 +03:00  INF]  Executed DbCommand (1ms) [Parameters=[@__p_1='?' (DbType = Int32), @__p_0='?' (DbType = Int32)], CommandType='"Text"', CommandTimeout='30']
SELECT a.changed_at, COALESCE(a.changed_at::text, '') AS "changed_atStr", a.changed_by, a.id, a.operation, a.record_pk, a.schema_name, a.table_name
FROM audit_log AS a
LIMIT @__p_1 OFFSET @__p_0
[2025-08-10 10:21:08.032 +03:00  INF]  Executing OkObjectResult, writing value of type 'WaslaApp.Data.Models.Setting.AuditLogResponse'.
[2025-08-10 10:21:08.032 +03:00  INF]  Executed action Wasla_App.Controllers.WaslaAdminController.GetAudit_Logs (Wasla_App) in 5222.4214ms
[2025-08-10 10:21:08.032 +03:00  INF]  Executed endpoint 'Wasla_App.Controllers.WaslaAdminController.GetAudit_Logs (Wasla_App)'
[2025-08-10 10:21:08.032 +03:00  INF]  Request finished HTTP/2 POST https://localhost:7283/api/WaslaAdmin/GetAudit_Logs - 200 234 application/json; charset=utf-8 5223.8041ms
[2025-08-10 10:21:12.643 +03:00  INF]  Request starting HTTP/2 OPTIONS https://localhost:7283/api/WaslaAdmin/GetAudit_Logs - null null
[2025-08-10 10:21:12.643 +03:00  INF]  CORS policy execution successful.
[2025-08-10 10:21:12.644 +03:00  INF]  Request finished HTTP/2 OPTIONS https://localhost:7283/api/WaslaAdmin/GetAudit_Logs - 204 null null 0.6596ms
[2025-08-10 10:21:12.647 +03:00  INF]  Request starting HTTP/2 POST https://localhost:7283/api/WaslaAdmin/GetAudit_Logs - application/json 29
[2025-08-10 10:21:12.647 +03:00  INF]  CORS policy execution successful.
[2025-08-10 10:21:12.648 +03:00  INF]  Executing endpoint 'Wasla_App.Controllers.WaslaAdminController.GetAudit_Logs (Wasla_App)'
[2025-08-10 10:21:12.648 +03:00  INF]  Route matched with {action = "GetAudit_Logs", controller = "WaslaAdmin"}. Executing controller action with signature System.Threading.Tasks.Task`1[Microsoft.AspNetCore.Mvc.IActionResult] GetAudit_Logs(WaslaApp.Data.Models.Setting.AuditLogReq) on controller Wasla_App.Controllers.WaslaAdminController (Wasla_App).
[2025-08-10 10:21:17.586 +03:00  INF]  Executed DbCommand (1ms) [Parameters=[], CommandType='"Text"', CommandTimeout='30']
SELECT count(*)::int
FROM audit_log AS a
[2025-08-10 10:21:17.591 +03:00  INF]  Executed DbCommand (2ms) [Parameters=[@__p_0='?' (DbType = Int32)], CommandType='"Text"', CommandTimeout='30']
SELECT a.changed_at, COALESCE(a.changed_at::text, '') AS "changed_atStr", a.changed_by, a.id, a.operation, a.record_pk, a.schema_name, a.table_name
FROM audit_log AS a
LIMIT @__p_0 OFFSET @__p_0
[2025-08-10 10:21:17.592 +03:00  INF]  Executing OkObjectResult, writing value of type 'WaslaApp.Data.Models.Setting.AuditLogResponse'.
[2025-08-10 10:21:17.592 +03:00  INF]  Executed action Wasla_App.Controllers.WaslaAdminController.GetAudit_Logs (Wasla_App) in 4943.9776ms
[2025-08-10 10:21:17.592 +03:00  INF]  Executed endpoint 'Wasla_App.Controllers.WaslaAdminController.GetAudit_Logs (Wasla_App)'
[2025-08-10 10:21:17.592 +03:00  INF]  Request finished HTTP/2 POST https://localhost:7283/api/WaslaAdmin/GetAudit_Logs - 200 234 application/json; charset=utf-8 4945.5287ms
[2025-08-10 10:22:47.418 +03:00  INF]  Request starting HTTP/2 OPTIONS https://localhost:7283/api/WaslaAdmin/GetAudit_Logs - null null
[2025-08-10 10:22:47.418 +03:00  INF]  CORS policy execution successful.
[2025-08-10 10:22:47.418 +03:00  INF]  Request finished HTTP/2 OPTIONS https://localhost:7283/api/WaslaAdmin/GetAudit_Logs - 204 null null 0.4138ms
[2025-08-10 10:22:47.428 +03:00  INF]  Request starting HTTP/2 POST https://localhost:7283/api/WaslaAdmin/GetAudit_Logs - application/json 29
[2025-08-10 10:22:47.428 +03:00  INF]  CORS policy execution successful.
[2025-08-10 10:22:47.429 +03:00  INF]  Executing endpoint 'Wasla_App.Controllers.WaslaAdminController.GetAudit_Logs (Wasla_App)'
[2025-08-10 10:22:47.429 +03:00  INF]  Route matched with {action = "GetAudit_Logs", controller = "WaslaAdmin"}. Executing controller action with signature System.Threading.Tasks.Task`1[Microsoft.AspNetCore.Mvc.IActionResult] GetAudit_Logs(WaslaApp.Data.Models.Setting.AuditLogReq) on controller Wasla_App.Controllers.WaslaAdminController (Wasla_App).
[2025-08-10 10:22:48.907 +03:00  INF]  Executed DbCommand (4ms) [Parameters=[], CommandType='"Text"', CommandTimeout='30']
SELECT count(*)::int
FROM audit_log AS a
[2025-08-10 10:22:48.910 +03:00  INF]  Executed DbCommand (1ms) [Parameters=[@__p_1='?' (DbType = Int32), @__p_0='?' (DbType = Int32)], CommandType='"Text"', CommandTimeout='30']
SELECT a.changed_at, COALESCE(a.changed_at::text, '') AS "changed_atStr", a.changed_by, a.id, a.operation, a.record_pk, a.schema_name, a.table_name
FROM audit_log AS a
LIMIT @__p_1 OFFSET @__p_0
[2025-08-10 10:22:48.910 +03:00  INF]  Executing OkObjectResult, writing value of type 'WaslaApp.Data.Models.Setting.AuditLogResponse'.
[2025-08-10 10:22:48.910 +03:00  INF]  Executed action Wasla_App.Controllers.WaslaAdminController.GetAudit_Logs (Wasla_App) in 1481.1863ms
[2025-08-10 10:22:48.910 +03:00  INF]  Executed endpoint 'Wasla_App.Controllers.WaslaAdminController.GetAudit_Logs (Wasla_App)'
[2025-08-10 10:22:48.910 +03:00  INF]  Request finished HTTP/2 POST https://localhost:7283/api/WaslaAdmin/GetAudit_Logs - 200 236 application/json; charset=utf-8 1485.7427ms
[2025-08-10 10:23:31.968 +03:00  INF]  Request starting HTTP/2 OPTIONS https://localhost:7283/api/WaslaAdmin/GetAudit_Logs - null null
[2025-08-10 10:23:31.969 +03:00  INF]  CORS policy execution successful.
[2025-08-10 10:23:31.969 +03:00  INF]  Request finished HTTP/2 OPTIONS https://localhost:7283/api/WaslaAdmin/GetAudit_Logs - 204 null null 1.9006ms
[2025-08-10 10:23:31.977 +03:00  INF]  Request starting HTTP/2 POST https://localhost:7283/api/WaslaAdmin/GetAudit_Logs - application/json 29
[2025-08-10 10:23:31.977 +03:00  INF]  CORS policy execution successful.
[2025-08-10 10:23:31.978 +03:00  INF]  Executing endpoint 'Wasla_App.Controllers.WaslaAdminController.GetAudit_Logs (Wasla_App)'
[2025-08-10 10:23:31.978 +03:00  INF]  Route matched with {action = "GetAudit_Logs", controller = "WaslaAdmin"}. Executing controller action with signature System.Threading.Tasks.Task`1[Microsoft.AspNetCore.Mvc.IActionResult] GetAudit_Logs(WaslaApp.Data.Models.Setting.AuditLogReq) on controller Wasla_App.Controllers.WaslaAdminController (Wasla_App).
[2025-08-10 10:23:40.713 +03:00  INF]  Executed DbCommand (3ms) [Parameters=[], CommandType='"Text"', CommandTimeout='30']
SELECT count(*)::int
FROM audit_log AS a
[2025-08-10 10:23:40.716 +03:00  INF]  Executed DbCommand (1ms) [Parameters=[@__p_1='?' (DbType = Int32), @__p_0='?' (DbType = Int32)], CommandType='"Text"', CommandTimeout='30']
SELECT a.changed_at, COALESCE(a.changed_at::text, '') AS "changed_atStr", a.changed_by, a.id, a.operation, a.record_pk, a.schema_name, a.table_name
FROM audit_log AS a
LIMIT @__p_1 OFFSET @__p_0
[2025-08-10 10:23:40.716 +03:00  INF]  Executing OkObjectResult, writing value of type 'WaslaApp.Data.Models.Setting.AuditLogResponse'.
[2025-08-10 10:23:40.716 +03:00  INF]  Executed action Wasla_App.Controllers.WaslaAdminController.GetAudit_Logs (Wasla_App) in 8738.484ms
[2025-08-10 10:23:40.716 +03:00  INF]  Executed endpoint 'Wasla_App.Controllers.WaslaAdminController.GetAudit_Logs (Wasla_App)'
[2025-08-10 10:23:40.716 +03:00  INF]  Request finished HTTP/2 POST https://localhost:7283/api/WaslaAdmin/GetAudit_Logs - 200 236 application/json; charset=utf-8 8741.7538ms
[2025-08-10 10:23:42.227 +03:00  INF]  Request starting HTTP/2 GET https://localhost:7283/swagger/index.html - null null
[2025-08-10 10:23:42.258 +03:00  INF]  Request finished HTTP/2 GET https://localhost:7283/swagger/index.html - 200 null text/html;charset=utf-8 31.0319ms
[2025-08-10 10:23:42.372 +03:00  INF]  Request starting HTTP/2 GET https://localhost:7283/_vs/browserLink - null null
[2025-08-10 10:23:42.375 +03:00  INF]  Request starting HTTP/2 GET https://localhost:7283/_framework/aspnetcore-browser-refresh.js - null null
[2025-08-10 10:23:42.376 +03:00  INF]  Request finished HTTP/2 GET https://localhost:7283/_framework/aspnetcore-browser-refresh.js - 200 16503 application/javascript; charset=utf-8 1.4581ms
[2025-08-10 10:23:43.585 +03:00  INF]  Request finished HTTP/2 GET https://localhost:7283/_vs/browserLink - 200 null text/javascript; charset=UTF-8 1213.2428ms
[2025-08-10 10:23:44.026 +03:00  INF]  Request starting HTTP/2 GET https://localhost:7283/swagger/v1/swagger.json - null null
[2025-08-10 10:23:44.073 +03:00  INF]  Request finished HTTP/2 GET https://localhost:7283/swagger/v1/swagger.json - 200 null application/json;charset=utf-8 46.7898ms
[2025-08-10 10:23:44.104 +03:00  INF]  Request starting HTTP/2 GET https://localhost:7283/swagger/favicon-32x32.png - null null
[2025-08-10 10:23:44.113 +03:00  INF]  Sending file. Request path: '/favicon-32x32.png'. Physical path: 'N/A'
[2025-08-10 10:23:44.113 +03:00  INF]  Request finished HTTP/2 GET https://localhost:7283/swagger/favicon-32x32.png - 200 628 image/png 8.9174ms
[2025-08-10 10:23:53.810 +03:00  INF]  Request starting HTTP/2 OPTIONS https://localhost:7283/api/WaslaAdmin/GetAudit_Logs - null null
[2025-08-10 10:23:53.810 +03:00  INF]  CORS policy execution successful.
[2025-08-10 10:23:53.811 +03:00  INF]  Request finished HTTP/2 OPTIONS https://localhost:7283/api/WaslaAdmin/GetAudit_Logs - 204 null null 0.3729ms
[2025-08-10 10:23:53.813 +03:00  INF]  Request starting HTTP/2 POST https://localhost:7283/api/WaslaAdmin/GetAudit_Logs - application/json 29
[2025-08-10 10:23:53.813 +03:00  INF]  CORS policy execution successful.
[2025-08-10 10:23:53.814 +03:00  INF]  Executing endpoint 'Wasla_App.Controllers.WaslaAdminController.GetAudit_Logs (Wasla_App)'
[2025-08-10 10:23:53.820 +03:00  INF]  Route matched with {action = "GetAudit_Logs", controller = "WaslaAdmin"}. Executing controller action with signature System.Threading.Tasks.Task`1[Microsoft.AspNetCore.Mvc.IActionResult] GetAudit_Logs(WaslaApp.Data.Models.Setting.AuditLogReq) on controller Wasla_App.Controllers.WaslaAdminController (Wasla_App).
[2025-08-10 10:23:53.823 +03:00  INF]  Executed DbCommand (1ms) [Parameters=[], CommandType='"Text"', CommandTimeout='30']
SELECT count(*)::int
FROM audit_log AS a
[2025-08-10 10:23:53.831 +03:00  INF]  Executed DbCommand (1ms) [Parameters=[@__p_1='?' (DbType = Int32), @__p_0='?' (DbType = Int32)], CommandType='"Text"', CommandTimeout='30']
SELECT a.changed_at, COALESCE(a.changed_at::text, '') AS "changed_atStr", a.changed_by, a.id, a.operation, a.record_pk, a.schema_name, a.table_name
FROM audit_log AS a
LIMIT @__p_1 OFFSET @__p_0
[2025-08-10 10:23:53.838 +03:00  INF]  Executing OkObjectResult, writing value of type 'WaslaApp.Data.Models.Setting.AuditLogResponse'.
[2025-08-10 10:23:53.838 +03:00  INF]  Executed action Wasla_App.Controllers.WaslaAdminController.GetAudit_Logs (Wasla_App) in 18.2027ms
[2025-08-10 10:23:53.838 +03:00  INF]  Executed endpoint 'Wasla_App.Controllers.WaslaAdminController.GetAudit_Logs (Wasla_App)'
[2025-08-10 10:23:53.838 +03:00  INF]  Request finished HTTP/2 POST https://localhost:7283/api/WaslaAdmin/GetAudit_Logs - 200 236 application/json; charset=utf-8 26.0561ms
[2025-08-10 10:24:00.319 +03:00  INF]  Request starting HTTP/2 OPTIONS https://localhost:7283/api/WaslaAdmin/GetAudit_Logs - null null
[2025-08-10 10:24:00.319 +03:00  INF]  CORS policy execution successful.
[2025-08-10 10:24:00.320 +03:00  INF]  Request finished HTTP/2 OPTIONS https://localhost:7283/api/WaslaAdmin/GetAudit_Logs - 204 null null 0.5502ms
[2025-08-10 10:24:00.322 +03:00  INF]  Request starting HTTP/2 POST https://localhost:7283/api/WaslaAdmin/GetAudit_Logs - application/json 29
[2025-08-10 10:24:00.322 +03:00  INF]  CORS policy execution successful.
[2025-08-10 10:24:00.329 +03:00  INF]  Executing endpoint 'Wasla_App.Controllers.WaslaAdminController.GetAudit_Logs (Wasla_App)'
[2025-08-10 10:24:00.329 +03:00  INF]  Route matched with {action = "GetAudit_Logs", controller = "WaslaAdmin"}. Executing controller action with signature System.Threading.Tasks.Task`1[Microsoft.AspNetCore.Mvc.IActionResult] GetAudit_Logs(WaslaApp.Data.Models.Setting.AuditLogReq) on controller Wasla_App.Controllers.WaslaAdminController (Wasla_App).
[2025-08-10 10:24:00.332 +03:00  INF]  Executed DbCommand (1ms) [Parameters=[], CommandType='"Text"', CommandTimeout='30']
SELECT count(*)::int
FROM audit_log AS a
[2025-08-10 10:24:00.334 +03:00  INF]  Executed DbCommand (1ms) [Parameters=[@__p_1='?' (DbType = Int32), @__p_0='?' (DbType = Int32)], CommandType='"Text"', CommandTimeout='30']
SELECT a.changed_at, COALESCE(a.changed_at::text, '') AS "changed_atStr", a.changed_by, a.id, a.operation, a.record_pk, a.schema_name, a.table_name
FROM audit_log AS a
LIMIT @__p_1 OFFSET @__p_0
[2025-08-10 10:24:00.335 +03:00  INF]  Executing OkObjectResult, writing value of type 'WaslaApp.Data.Models.Setting.AuditLogResponse'.
[2025-08-10 10:24:00.335 +03:00  INF]  Executed action Wasla_App.Controllers.WaslaAdminController.GetAudit_Logs (Wasla_App) in 5.983ms
[2025-08-10 10:24:00.335 +03:00  INF]  Executed endpoint 'Wasla_App.Controllers.WaslaAdminController.GetAudit_Logs (Wasla_App)'
[2025-08-10 10:24:00.335 +03:00  INF]  Request finished HTTP/2 POST https://localhost:7283/api/WaslaAdmin/GetAudit_Logs - 200 236 application/json; charset=utf-8 13.8184ms
[2025-08-10 10:24:07.376 +03:00  INF]  Request starting HTTP/2 OPTIONS https://localhost:7283/api/WaslaAdmin/GetAudit_Logs - null null
[2025-08-10 10:24:07.376 +03:00  INF]  CORS policy execution successful.
[2025-08-10 10:24:07.377 +03:00  INF]  Request finished HTTP/2 OPTIONS https://localhost:7283/api/WaslaAdmin/GetAudit_Logs - 204 null null 0.4156ms
[2025-08-10 10:24:07.381 +03:00  INF]  Request starting HTTP/2 POST https://localhost:7283/api/WaslaAdmin/GetAudit_Logs - application/json 29
[2025-08-10 10:24:07.381 +03:00  INF]  CORS policy execution successful.
[2025-08-10 10:24:07.382 +03:00  INF]  Executing endpoint 'Wasla_App.Controllers.WaslaAdminController.GetAudit_Logs (Wasla_App)'
[2025-08-10 10:24:07.382 +03:00  INF]  Route matched with {action = "GetAudit_Logs", controller = "WaslaAdmin"}. Executing controller action with signature System.Threading.Tasks.Task`1[Microsoft.AspNetCore.Mvc.IActionResult] GetAudit_Logs(WaslaApp.Data.Models.Setting.AuditLogReq) on controller Wasla_App.Controllers.WaslaAdminController (Wasla_App).
[2025-08-10 10:24:07.386 +03:00  INF]  Executed DbCommand (3ms) [Parameters=[], CommandType='"Text"', CommandTimeout='30']
SELECT count(*)::int
FROM audit_log AS a
[2025-08-10 10:24:07.388 +03:00  INF]  Executed DbCommand (1ms) [Parameters=[@__p_1='?' (DbType = Int32), @__p_0='?' (DbType = Int32)], CommandType='"Text"', CommandTimeout='30']
SELECT a.changed_at, COALESCE(a.changed_at::text, '') AS "changed_atStr", a.changed_by, a.id, a.operation, a.record_pk, a.schema_name, a.table_name
FROM audit_log AS a
LIMIT @__p_1 OFFSET @__p_0
[2025-08-10 10:24:07.388 +03:00  INF]  Executing OkObjectResult, writing value of type 'WaslaApp.Data.Models.Setting.AuditLogResponse'.
[2025-08-10 10:24:07.388 +03:00  INF]  Executed action Wasla_App.Controllers.WaslaAdminController.GetAudit_Logs (Wasla_App) in 6.6104ms
[2025-08-10 10:24:07.389 +03:00  INF]  Executed endpoint 'Wasla_App.Controllers.WaslaAdminController.GetAudit_Logs (Wasla_App)'
[2025-08-10 10:24:07.389 +03:00  INF]  Request finished HTTP/2 POST https://localhost:7283/api/WaslaAdmin/GetAudit_Logs - 200 236 application/json; charset=utf-8 8.3595ms
[2025-08-10 10:24:53.858 +03:00  INF]  Request starting HTTP/2 OPTIONS https://localhost:7283/api/WaslaAdmin/GetAudit_Logs - null null
[2025-08-10 10:24:53.858 +03:00  INF]  CORS policy execution successful.
[2025-08-10 10:24:53.859 +03:00  INF]  Request finished HTTP/2 OPTIONS https://localhost:7283/api/WaslaAdmin/GetAudit_Logs - 204 null null 0.3814ms
[2025-08-10 10:24:53.862 +03:00  INF]  Request starting HTTP/2 POST https://localhost:7283/api/WaslaAdmin/GetAudit_Logs - application/json 29
[2025-08-10 10:24:53.862 +03:00  INF]  CORS policy execution successful.
[2025-08-10 10:24:53.862 +03:00  INF]  Executing endpoint 'Wasla_App.Controllers.WaslaAdminController.GetAudit_Logs (Wasla_App)'
[2025-08-10 10:24:53.863 +03:00  INF]  Route matched with {action = "GetAudit_Logs", controller = "WaslaAdmin"}. Executing controller action with signature System.Threading.Tasks.Task`1[Microsoft.AspNetCore.Mvc.IActionResult] GetAudit_Logs(WaslaApp.Data.Models.Setting.AuditLogReq) on controller Wasla_App.Controllers.WaslaAdminController (Wasla_App).
[2025-08-10 10:24:53.868 +03:00  INF]  Executed DbCommand (4ms) [Parameters=[], CommandType='"Text"', CommandTimeout='30']
SELECT count(*)::int
FROM audit_log AS a
[2025-08-10 10:24:53.871 +03:00  INF]  Executed DbCommand (2ms) [Parameters=[@__p_1='?' (DbType = Int32), @__p_0='?' (DbType = Int32)], CommandType='"Text"', CommandTimeout='30']
SELECT a.changed_at, COALESCE(a.changed_at::text, '') AS "changed_atStr", a.changed_by, a.id, a.operation, a.record_pk, a.schema_name, a.table_name
FROM audit_log AS a
LIMIT @__p_1 OFFSET @__p_0
[2025-08-10 10:24:53.871 +03:00  INF]  Executing OkObjectResult, writing value of type 'WaslaApp.Data.Models.Setting.AuditLogResponse'.
[2025-08-10 10:24:53.872 +03:00  INF]  Executed action Wasla_App.Controllers.WaslaAdminController.GetAudit_Logs (Wasla_App) in 8.9824ms
[2025-08-10 10:24:53.872 +03:00  INF]  Executed endpoint 'Wasla_App.Controllers.WaslaAdminController.GetAudit_Logs (Wasla_App)'
[2025-08-10 10:24:53.872 +03:00  INF]  Request finished HTTP/2 POST https://localhost:7283/api/WaslaAdmin/GetAudit_Logs - 200 236 application/json; charset=utf-8 9.9569ms
[2025-08-10 10:25:41.542 +03:00  INF]  Request starting HTTP/2 OPTIONS https://localhost:7283/api/WaslaAdmin/GetAudit_Logs - null null
[2025-08-10 10:25:41.542 +03:00  INF]  CORS policy execution successful.
[2025-08-10 10:25:41.542 +03:00  INF]  Request finished HTTP/2 OPTIONS https://localhost:7283/api/WaslaAdmin/GetAudit_Logs - 204 null null 0.6467ms
[2025-08-10 10:25:41.544 +03:00  INF]  Request starting HTTP/2 POST https://localhost:7283/api/WaslaAdmin/GetAudit_Logs - application/json 29
[2025-08-10 10:25:41.544 +03:00  INF]  CORS policy execution successful.
[2025-08-10 10:25:41.545 +03:00  INF]  Executing endpoint 'Wasla_App.Controllers.WaslaAdminController.GetAudit_Logs (Wasla_App)'
[2025-08-10 10:25:41.545 +03:00  INF]  Route matched with {action = "GetAudit_Logs", controller = "WaslaAdmin"}. Executing controller action with signature System.Threading.Tasks.Task`1[Microsoft.AspNetCore.Mvc.IActionResult] GetAudit_Logs(WaslaApp.Data.Models.Setting.AuditLogReq) on controller Wasla_App.Controllers.WaslaAdminController (Wasla_App).
[2025-08-10 10:25:41.550 +03:00  INF]  Executed DbCommand (4ms) [Parameters=[], CommandType='"Text"', CommandTimeout='30']
SELECT count(*)::int
FROM audit_log AS a
[2025-08-10 10:25:41.552 +03:00  INF]  Executed DbCommand (1ms) [Parameters=[@__p_1='?' (DbType = Int32), @__p_0='?' (DbType = Int32)], CommandType='"Text"', CommandTimeout='30']
SELECT a.changed_at, COALESCE(a.changed_at::text, '') AS "changed_atStr", a.changed_by, a.id, a.operation, a.record_pk, a.schema_name, a.table_name
FROM audit_log AS a
LIMIT @__p_1 OFFSET @__p_0
[2025-08-10 10:25:41.553 +03:00  INF]  Executing OkObjectResult, writing value of type 'WaslaApp.Data.Models.Setting.AuditLogResponse'.
[2025-08-10 10:25:41.553 +03:00  INF]  Executed action Wasla_App.Controllers.WaslaAdminController.GetAudit_Logs (Wasla_App) in 7.979ms
[2025-08-10 10:25:41.553 +03:00  INF]  Executed endpoint 'Wasla_App.Controllers.WaslaAdminController.GetAudit_Logs (Wasla_App)'
[2025-08-10 10:25:41.553 +03:00  INF]  Request finished HTTP/2 POST https://localhost:7283/api/WaslaAdmin/GetAudit_Logs - 200 236 application/json; charset=utf-8 9.3494ms
[2025-08-10 10:26:48.232 +03:00  INF]  Request starting HTTP/2 OPTIONS https://localhost:7283/api/WaslaAdmin/GetAudit_Logs - null null
[2025-08-10 10:26:48.232 +03:00  INF]  CORS policy execution successful.
[2025-08-10 10:26:48.232 +03:00  INF]  Request finished HTTP/2 OPTIONS https://localhost:7283/api/WaslaAdmin/GetAudit_Logs - 204 null null 0.4314ms
[2025-08-10 10:26:48.237 +03:00  INF]  Request starting HTTP/2 POST https://localhost:7283/api/WaslaAdmin/GetAudit_Logs - application/json 29
[2025-08-10 10:26:48.237 +03:00  INF]  CORS policy execution successful.
[2025-08-10 10:26:48.238 +03:00  INF]  Executing endpoint 'Wasla_App.Controllers.WaslaAdminController.GetAudit_Logs (Wasla_App)'
[2025-08-10 10:26:48.238 +03:00  INF]  Route matched with {action = "GetAudit_Logs", controller = "WaslaAdmin"}. Executing controller action with signature System.Threading.Tasks.Task`1[Microsoft.AspNetCore.Mvc.IActionResult] GetAudit_Logs(WaslaApp.Data.Models.Setting.AuditLogReq) on controller Wasla_App.Controllers.WaslaAdminController (Wasla_App).
[2025-08-10 10:26:48.247 +03:00  INF]  Executed DbCommand (7ms) [Parameters=[], CommandType='"Text"', CommandTimeout='30']
SELECT count(*)::int
FROM audit_log AS a
[2025-08-10 10:26:48.248 +03:00  INF]  Executed DbCommand (1ms) [Parameters=[@__p_1='?' (DbType = Int32), @__p_0='?' (DbType = Int32)], CommandType='"Text"', CommandTimeout='30']
SELECT a.changed_at, COALESCE(a.changed_at::text, '') AS "changed_atStr", a.changed_by, a.id, a.operation, a.record_pk, a.schema_name, a.table_name
FROM audit_log AS a
LIMIT @__p_1 OFFSET @__p_0
[2025-08-10 10:26:48.249 +03:00  INF]  Executing OkObjectResult, writing value of type 'WaslaApp.Data.Models.Setting.AuditLogResponse'.
[2025-08-10 10:26:48.249 +03:00  INF]  Executed action Wasla_App.Controllers.WaslaAdminController.GetAudit_Logs (Wasla_App) in 10.6142ms
[2025-08-10 10:26:48.249 +03:00  INF]  Executed endpoint 'Wasla_App.Controllers.WaslaAdminController.GetAudit_Logs (Wasla_App)'
[2025-08-10 10:26:48.249 +03:00  INF]  Request finished HTTP/2 POST https://localhost:7283/api/WaslaAdmin/GetAudit_Logs - 200 236 application/json; charset=utf-8 12.2974ms
[2025-08-10 10:28:45.663 +03:00  INF]  Request starting HTTP/2 OPTIONS https://localhost:7283/api/WaslaAdmin/GetAudit_Logs - null null
[2025-08-10 10:28:45.671 +03:00  INF]  CORS policy execution successful.
[2025-08-10 10:28:45.671 +03:00  INF]  Request finished HTTP/2 OPTIONS https://localhost:7283/api/WaslaAdmin/GetAudit_Logs - 204 null null 8.9129ms
[2025-08-10 10:28:45.674 +03:00  INF]  Request starting HTTP/2 POST https://localhost:7283/api/WaslaAdmin/GetAudit_Logs - application/json 29
[2025-08-10 10:28:45.674 +03:00  INF]  CORS policy execution successful.
[2025-08-10 10:28:45.675 +03:00  INF]  Executing endpoint 'Wasla_App.Controllers.WaslaAdminController.GetAudit_Logs (Wasla_App)'
[2025-08-10 10:28:45.675 +03:00  INF]  Route matched with {action = "GetAudit_Logs", controller = "WaslaAdmin"}. Executing controller action with signature System.Threading.Tasks.Task`1[Microsoft.AspNetCore.Mvc.IActionResult] GetAudit_Logs(WaslaApp.Data.Models.Setting.AuditLogReq) on controller Wasla_App.Controllers.WaslaAdminController (Wasla_App).
[2025-08-10 10:28:45.971 +03:00  INF]  Executed DbCommand (3ms) [Parameters=[], CommandType='"Text"', CommandTimeout='30']
SELECT count(*)::int
FROM audit_log AS a
[2025-08-10 10:28:45.972 +03:00  INF]  Executed DbCommand (1ms) [Parameters=[@__p_1='?' (DbType = Int32), @__p_0='?' (DbType = Int32)], CommandType='"Text"', CommandTimeout='30']
SELECT a.changed_at, COALESCE(a.changed_at::text, '') AS "changed_atStr", a.changed_by, a.id, a.operation, a.record_pk, a.schema_name, a.table_name
FROM audit_log AS a
LIMIT @__p_1 OFFSET @__p_0
[2025-08-10 10:28:45.973 +03:00  INF]  Executing OkObjectResult, writing value of type 'WaslaApp.Data.Models.Setting.AuditLogResponse'.
[2025-08-10 10:28:45.973 +03:00  INF]  Executed action Wasla_App.Controllers.WaslaAdminController.GetAudit_Logs (Wasla_App) in 297.9466ms
[2025-08-10 10:28:45.973 +03:00  INF]  Executed endpoint 'Wasla_App.Controllers.WaslaAdminController.GetAudit_Logs (Wasla_App)'
[2025-08-10 10:28:45.973 +03:00  INF]  Request finished HTTP/2 POST https://localhost:7283/api/WaslaAdmin/GetAudit_Logs - 200 236 application/json; charset=utf-8 299.105ms
[2025-08-10 10:30:38.567 +03:00  INF]  Request starting HTTP/2 OPTIONS https://localhost:7283/api/WaslaAdmin/GetAudit_Logs - null null
[2025-08-10 10:30:38.568 +03:00  INF]  CORS policy execution successful.
[2025-08-10 10:30:38.568 +03:00  INF]  Request finished HTTP/2 OPTIONS https://localhost:7283/api/WaslaAdmin/GetAudit_Logs - 204 null null 1.044ms
[2025-08-10 10:30:38.574 +03:00  INF]  Request starting HTTP/2 POST https://localhost:7283/api/WaslaAdmin/GetAudit_Logs - application/json 29
[2025-08-10 10:30:38.578 +03:00  INF]  CORS policy execution successful.
[2025-08-10 10:30:38.579 +03:00  INF]  Executing endpoint 'Wasla_App.Controllers.WaslaAdminController.GetAudit_Logs (Wasla_App)'
[2025-08-10 10:30:38.579 +03:00  INF]  Route matched with {action = "GetAudit_Logs", controller = "WaslaAdmin"}. Executing controller action with signature System.Threading.Tasks.Task`1[Microsoft.AspNetCore.Mvc.IActionResult] GetAudit_Logs(WaslaApp.Data.Models.Setting.AuditLogReq) on controller Wasla_App.Controllers.WaslaAdminController (Wasla_App).
[2025-08-10 10:30:38.581 +03:00  INF]  Executed DbCommand (1ms) [Parameters=[], CommandType='"Text"', CommandTimeout='30']
SELECT count(*)::int
FROM audit_log AS a
[2025-08-10 10:30:38.584 +03:00  INF]  Executed DbCommand (1ms) [Parameters=[@__p_1='?' (DbType = Int32), @__p_0='?' (DbType = Int32)], CommandType='"Text"', CommandTimeout='30']
SELECT a.changed_at, COALESCE(a.changed_at::text, '') AS "changed_atStr", a.changed_by, a.id, a.operation, a.record_pk, a.schema_name, a.table_name
FROM audit_log AS a
LIMIT @__p_1 OFFSET @__p_0
[2025-08-10 10:30:38.584 +03:00  INF]  Executing OkObjectResult, writing value of type 'WaslaApp.Data.Models.Setting.AuditLogResponse'.
[2025-08-10 10:30:38.584 +03:00  INF]  Executed action Wasla_App.Controllers.WaslaAdminController.GetAudit_Logs (Wasla_App) in 5.431ms
[2025-08-10 10:30:38.584 +03:00  INF]  Executed endpoint 'Wasla_App.Controllers.WaslaAdminController.GetAudit_Logs (Wasla_App)'
[2025-08-10 10:30:38.586 +03:00  INF]  Request finished HTTP/2 POST https://localhost:7283/api/WaslaAdmin/GetAudit_Logs - 200 236 application/json; charset=utf-8 12.102ms
[2025-08-10 10:30:42.735 +03:00  INF]  Request starting HTTP/2 OPTIONS https://localhost:7283/api/WaslaAdmin/GetAudit_Logs - null null
[2025-08-10 10:30:42.735 +03:00  INF]  CORS policy execution successful.
[2025-08-10 10:30:42.735 +03:00  INF]  Request finished HTTP/2 OPTIONS https://localhost:7283/api/WaslaAdmin/GetAudit_Logs - 204 null null 0.5124ms
[2025-08-10 10:30:42.738 +03:00  INF]  Request starting HTTP/2 POST https://localhost:7283/api/WaslaAdmin/GetAudit_Logs - application/json 29
[2025-08-10 10:30:42.738 +03:00  INF]  CORS policy execution successful.
[2025-08-10 10:30:42.740 +03:00  INF]  Executing endpoint 'Wasla_App.Controllers.WaslaAdminController.GetAudit_Logs (Wasla_App)'
[2025-08-10 10:30:42.740 +03:00  INF]  Route matched with {action = "GetAudit_Logs", controller = "WaslaAdmin"}. Executing controller action with signature System.Threading.Tasks.Task`1[Microsoft.AspNetCore.Mvc.IActionResult] GetAudit_Logs(WaslaApp.Data.Models.Setting.AuditLogReq) on controller Wasla_App.Controllers.WaslaAdminController (Wasla_App).
[2025-08-10 10:30:42.746 +03:00  INF]  Executed DbCommand (3ms) [Parameters=[], CommandType='"Text"', CommandTimeout='30']
SELECT count(*)::int
FROM audit_log AS a
[2025-08-10 10:30:42.748 +03:00  INF]  Executed DbCommand (1ms) [Parameters=[@__p_1='?' (DbType = Int32), @__p_0='?' (DbType = Int32)], CommandType='"Text"', CommandTimeout='30']
SELECT a.changed_at, COALESCE(a.changed_at::text, '') AS "changed_atStr", a.changed_by, a.id, a.operation, a.record_pk, a.schema_name, a.table_name
FROM audit_log AS a
LIMIT @__p_1 OFFSET @__p_0
[2025-08-10 10:30:42.748 +03:00  INF]  Executing OkObjectResult, writing value of type 'WaslaApp.Data.Models.Setting.AuditLogResponse'.
[2025-08-10 10:30:42.748 +03:00  INF]  Executed action Wasla_App.Controllers.WaslaAdminController.GetAudit_Logs (Wasla_App) in 8.4965ms
[2025-08-10 10:30:42.750 +03:00  INF]  Executed endpoint 'Wasla_App.Controllers.WaslaAdminController.GetAudit_Logs (Wasla_App)'
[2025-08-10 10:30:42.751 +03:00  INF]  Request finished HTTP/2 POST https://localhost:7283/api/WaslaAdmin/GetAudit_Logs - 200 236 application/json; charset=utf-8 12.423ms
[2025-08-10 10:31:04.932 +03:00  INF]  Request starting HTTP/2 OPTIONS https://localhost:7283/api/WaslaAdmin/GetAudit_Logs - null null
[2025-08-10 10:31:04.933 +03:00  INF]  CORS policy execution successful.
[2025-08-10 10:31:04.933 +03:00  INF]  Request finished HTTP/2 OPTIONS https://localhost:7283/api/WaslaAdmin/GetAudit_Logs - 204 null null 0.6322ms
[2025-08-10 10:31:04.938 +03:00  INF]  Request starting HTTP/2 POST https://localhost:7283/api/WaslaAdmin/GetAudit_Logs - application/json 29
[2025-08-10 10:31:04.940 +03:00  INF]  CORS policy execution successful.
[2025-08-10 10:31:04.940 +03:00  INF]  Executing endpoint 'Wasla_App.Controllers.WaslaAdminController.GetAudit_Logs (Wasla_App)'
[2025-08-10 10:31:04.940 +03:00  INF]  Route matched with {action = "GetAudit_Logs", controller = "WaslaAdmin"}. Executing controller action with signature System.Threading.Tasks.Task`1[Microsoft.AspNetCore.Mvc.IActionResult] GetAudit_Logs(WaslaApp.Data.Models.Setting.AuditLogReq) on controller Wasla_App.Controllers.WaslaAdminController (Wasla_App).
[2025-08-10 10:31:04.943 +03:00  INF]  Executed DbCommand (1ms) [Parameters=[], CommandType='"Text"', CommandTimeout='30']
SELECT count(*)::int
FROM audit_log AS a
[2025-08-10 10:31:04.945 +03:00  INF]  Executed DbCommand (1ms) [Parameters=[@__p_1='?' (DbType = Int32), @__p_0='?' (DbType = Int32)], CommandType='"Text"', CommandTimeout='30']
SELECT a.changed_at, COALESCE(a.changed_at::text, '') AS "changed_atStr", a.changed_by, a.id, a.operation, a.record_pk, a.schema_name, a.table_name
FROM audit_log AS a
LIMIT @__p_1 OFFSET @__p_0
[2025-08-10 10:31:04.946 +03:00  INF]  Executing OkObjectResult, writing value of type 'WaslaApp.Data.Models.Setting.AuditLogResponse'.
[2025-08-10 10:31:04.946 +03:00  INF]  Executed action Wasla_App.Controllers.WaslaAdminController.GetAudit_Logs (Wasla_App) in 5.4826ms
[2025-08-10 10:31:04.946 +03:00  INF]  Executed endpoint 'Wasla_App.Controllers.WaslaAdminController.GetAudit_Logs (Wasla_App)'
[2025-08-10 10:31:04.946 +03:00  INF]  Request finished HTTP/2 POST https://localhost:7283/api/WaslaAdmin/GetAudit_Logs - 200 236 application/json; charset=utf-8 8.9106ms
[2025-08-10 10:31:18.894 +03:00  INF]  Request starting HTTP/2 OPTIONS https://localhost:7283/api/WaslaAdmin/GetAudit_Logs - null null
[2025-08-10 10:31:18.895 +03:00  INF]  CORS policy execution successful.
[2025-08-10 10:31:18.895 +03:00  INF]  Request finished HTTP/2 OPTIONS https://localhost:7283/api/WaslaAdmin/GetAudit_Logs - 204 null null 0.7793ms
[2025-08-10 10:31:18.898 +03:00  INF]  Request starting HTTP/2 POST https://localhost:7283/api/WaslaAdmin/GetAudit_Logs - application/json 30
[2025-08-10 10:31:18.898 +03:00  INF]  CORS policy execution successful.
[2025-08-10 10:31:18.899 +03:00  INF]  Executing endpoint 'Wasla_App.Controllers.WaslaAdminController.GetAudit_Logs (Wasla_App)'
[2025-08-10 10:31:18.900 +03:00  INF]  Route matched with {action = "GetAudit_Logs", controller = "WaslaAdmin"}. Executing controller action with signature System.Threading.Tasks.Task`1[Microsoft.AspNetCore.Mvc.IActionResult] GetAudit_Logs(WaslaApp.Data.Models.Setting.AuditLogReq) on controller Wasla_App.Controllers.WaslaAdminController (Wasla_App).
[2025-08-10 10:31:18.902 +03:00  INF]  Executed DbCommand (1ms) [Parameters=[], CommandType='"Text"', CommandTimeout='30']
SELECT count(*)::int
FROM audit_log AS a
[2025-08-10 10:31:18.906 +03:00  INF]  Executed DbCommand (1ms) [Parameters=[@__p_1='?' (DbType = Int32), @__p_0='?' (DbType = Int32)], CommandType='"Text"', CommandTimeout='30']
SELECT a.changed_at, COALESCE(a.changed_at::text, '') AS "changed_atStr", a.changed_by, a.id, a.operation, a.record_pk, a.schema_name, a.table_name
FROM audit_log AS a
LIMIT @__p_1 OFFSET @__p_0
[2025-08-10 10:31:18.907 +03:00  INF]  Executing OkObjectResult, writing value of type 'WaslaApp.Data.Models.Setting.AuditLogResponse'.
[2025-08-10 10:31:18.907 +03:00  INF]  Executed action Wasla_App.Controllers.WaslaAdminController.GetAudit_Logs (Wasla_App) in 7.7207ms
[2025-08-10 10:31:18.907 +03:00  INF]  Executed endpoint 'Wasla_App.Controllers.WaslaAdminController.GetAudit_Logs (Wasla_App)'
[2025-08-10 10:31:18.908 +03:00  INF]  Request finished HTTP/2 POST https://localhost:7283/api/WaslaAdmin/GetAudit_Logs - 200 650 application/json; charset=utf-8 9.5455ms
[2025-08-10 10:31:20.445 +03:00  INF]  Request starting HTTP/2 OPTIONS https://localhost:7283/api/WaslaAdmin/GetAudit_Logs - null null
[2025-08-10 10:31:20.445 +03:00  INF]  CORS policy execution successful.
[2025-08-10 10:31:20.446 +03:00  INF]  Request finished HTTP/2 OPTIONS https://localhost:7283/api/WaslaAdmin/GetAudit_Logs - 204 null null 1.1127ms
[2025-08-10 10:31:20.447 +03:00  INF]  Request starting HTTP/2 POST https://localhost:7283/api/WaslaAdmin/GetAudit_Logs - application/json 30
[2025-08-10 10:31:20.448 +03:00  INF]  CORS policy execution successful.
[2025-08-10 10:31:20.448 +03:00  INF]  Executing endpoint 'Wasla_App.Controllers.WaslaAdminController.GetAudit_Logs (Wasla_App)'
[2025-08-10 10:31:20.448 +03:00  INF]  Route matched with {action = "GetAudit_Logs", controller = "WaslaAdmin"}. Executing controller action with signature System.Threading.Tasks.Task`1[Microsoft.AspNetCore.Mvc.IActionResult] GetAudit_Logs(WaslaApp.Data.Models.Setting.AuditLogReq) on controller Wasla_App.Controllers.WaslaAdminController (Wasla_App).
[2025-08-10 10:31:20.450 +03:00  INF]  Executed DbCommand (1ms) [Parameters=[], CommandType='"Text"', CommandTimeout='30']
SELECT count(*)::int
FROM audit_log AS a
[2025-08-10 10:31:20.453 +03:00  INF]  Executed DbCommand (1ms) [Parameters=[@__p_1='?' (DbType = Int32), @__p_0='?' (DbType = Int32)], CommandType='"Text"', CommandTimeout='30']
SELECT a.changed_at, COALESCE(a.changed_at::text, '') AS "changed_atStr", a.changed_by, a.id, a.operation, a.record_pk, a.schema_name, a.table_name
FROM audit_log AS a
LIMIT @__p_1 OFFSET @__p_0
[2025-08-10 10:31:20.454 +03:00  INF]  Executing OkObjectResult, writing value of type 'WaslaApp.Data.Models.Setting.AuditLogResponse'.
[2025-08-10 10:31:20.454 +03:00  INF]  Executed action Wasla_App.Controllers.WaslaAdminController.GetAudit_Logs (Wasla_App) in 5.9622ms
[2025-08-10 10:31:20.454 +03:00  INF]  Executed endpoint 'Wasla_App.Controllers.WaslaAdminController.GetAudit_Logs (Wasla_App)'
[2025-08-10 10:31:20.454 +03:00  INF]  Request finished HTTP/2 POST https://localhost:7283/api/WaslaAdmin/GetAudit_Logs - 200 650 application/json; charset=utf-8 7.1722ms
