[2025-08-01 17:02:38.894 +03:00  INF]  Request starting HTTP/2 OPTIONS https://localhost:7283/api/Accounting/GetAllInvoices - null null
[2025-08-01 17:02:38.905 +03:00  INF]  CORS policy execution successful.
[2025-08-01 17:02:38.906 +03:00  INF]  Request finished HTTP/2 OPTIONS https://localhost:7283/api/Accounting/GetAllInvoices - 204 null null 12.2391ms
[2025-08-01 17:02:38.913 +03:00  INF]  Request starting HTTP/2 POST https://localhost:7283/api/Accounting/GetAllInvoices - application/json 155
[2025-08-01 17:02:38.914 +03:00  INF]  CORS policy execution successful.
[2025-08-01 17:02:38.915 +03:00  INF]  Executing endpoint 'Wasla_App.Controllers.AccountingController.GetAllInvoices (Wasla_App)'
[2025-08-01 17:02:38.915 +03:00  INF]  Route matched with {action = "GetAllInvoices", controller = "Accounting"}. Executing controller action with signature System.Threading.Tasks.Task`1[Microsoft.AspNetCore.Mvc.IActionResult] GetAllInvoices(WaslaApp.Data.Models.admin.Accounting.GetInvoicesReq) on controller Wasla_App.Controllers.AccountingController (Wasla_App).
[2025-08-01 17:02:39.056 +03:00  INF]  Executed DbCommand (32ms) [Parameters=[@__8__locals1_req_lang_code_4='?', @__8__locals1_req_active_0='?' (DbType = Boolean), @__8__locals1_req_status_1='?' (DbType = Int16), @__dateFrom_2='?' (DbType = DateTime2), @__dateTo_3='?' (DbType = DateTime2)], CommandType='"Text"', CommandTimeout='30']
SELECT c.invoice_id, c.curr_code, c.discount, c.total_price, c.grand_total_price, c."productId", c.package_id, p0.service_name, p0.package_name, p0.package_price, p0.package_sale_price, p0.package_desc, p0.package_details, c.invoice_code, c.invoice_code_auto, c.status, c.tax_amount, c.tax_code, c.tax_id, p0.service_package_id, c.client_name, c.client_email, COALESCE(c.invoice_date::text, ''), c.copoun_id, c.copoun, c.copoun_discount_value
FROM clientinvoiceswithdetails AS c
INNER JOIN (
    SELECT p.curr_code, p.package_desc, p.package_details, p.package_id, p.package_name, p.package_price, p.package_sale_price, p.service_id, p.service_name, p.service_package_id
    FROM packagesdetailswithservices AS p
    WHERE p.lang_code = @__8__locals1_req_lang_code_4
) AS p0 ON (c.package_id = p0.package_id OR (c.package_id IS NULL AND p0.package_id IS NULL)) AND (c."productId" = p0.service_id OR (c."productId" IS NULL AND p0.service_id IS NULL)) AND (c.curr_code = p0.curr_code OR (c.curr_code IS NULL AND p0.curr_code IS NULL)) AND (c.service_package_id = p0.service_package_id OR (c.service_package_id IS NULL AND p0.service_package_id IS NULL))
WHERE (c.client_email = c.client_email OR c.client_email IS NULL) AND c.active = @__8__locals1_req_active_0 AND c.status = @__8__locals1_req_status_1 AND c.invoice_date >= @__dateFrom_2 AND c.invoice_date <= @__dateTo_3 AND (c.invoice_code = c.invoice_code OR c.invoice_code IS NULL)
[2025-08-01 17:02:39.061 +03:00  INF]  Executed DbCommand (4ms) [Parameters=[@__req_lang_code_1='?', @__req_service_package_id_0='?' (DbType = Int32)], CommandType='"Text"', CommandTimeout='30']
SELECT p.feature_id, p.service_package_id, p.id, m.feature_code, m.feature_default_name, f0.feature_description, f0.feature_name, f0.lang_code
FROM packages_features AS p
INNER JOIN main_features AS m ON p.feature_id = m.id
INNER JOIN (
    SELECT f.feature_description, f.feature_id, f.feature_name, f.lang_code
    FROM features_translation AS f
    WHERE f.lang_code = @__req_lang_code_1
) AS f0 ON m.id = f0.feature_id
WHERE p.service_package_id = @__req_service_package_id_0
[2025-08-01 17:02:39.062 +03:00  INF]  Executed DbCommand (1ms) [Parameters=[@__req_lang_code_1='?', @__req_service_package_id_0='?' (DbType = Int32)], CommandType='"Text"', CommandTimeout='30']
SELECT p.feature_id, p.service_package_id, p.id, m.feature_code, m.feature_default_name, f0.feature_description, f0.feature_name, f0.lang_code
FROM packages_features AS p
INNER JOIN main_features AS m ON p.feature_id = m.id
INNER JOIN (
    SELECT f.feature_description, f.feature_id, f.feature_name, f.lang_code
    FROM features_translation AS f
    WHERE f.lang_code = @__req_lang_code_1
) AS f0 ON m.id = f0.feature_id
WHERE p.service_package_id = @__req_service_package_id_0
[2025-08-01 17:02:39.063 +03:00  INF]  Executed DbCommand (1ms) [Parameters=[@__req_lang_code_1='?', @__req_service_package_id_0='?' (DbType = Int32)], CommandType='"Text"', CommandTimeout='30']
SELECT p.feature_id, p.service_package_id, p.id, m.feature_code, m.feature_default_name, f0.feature_description, f0.feature_name, f0.lang_code
FROM packages_features AS p
INNER JOIN main_features AS m ON p.feature_id = m.id
INNER JOIN (
    SELECT f.feature_description, f.feature_id, f.feature_name, f.lang_code
    FROM features_translation AS f
    WHERE f.lang_code = @__req_lang_code_1
) AS f0 ON m.id = f0.feature_id
WHERE p.service_package_id = @__req_service_package_id_0
[2025-08-01 17:02:39.064 +03:00  INF]  Executed DbCommand (1ms) [Parameters=[@__req_lang_code_1='?', @__req_service_package_id_0='?' (DbType = Int32)], CommandType='"Text"', CommandTimeout='30']
SELECT p.feature_id, p.service_package_id, p.id, m.feature_code, m.feature_default_name, f0.feature_description, f0.feature_name, f0.lang_code
FROM packages_features AS p
INNER JOIN main_features AS m ON p.feature_id = m.id
INNER JOIN (
    SELECT f.feature_description, f.feature_id, f.feature_name, f.lang_code
    FROM features_translation AS f
    WHERE f.lang_code = @__req_lang_code_1
) AS f0 ON m.id = f0.feature_id
WHERE p.service_package_id = @__req_service_package_id_0
[2025-08-01 17:02:39.065 +03:00  INF]  Executed DbCommand (1ms) [Parameters=[@__req_lang_code_1='?', @__req_service_package_id_0='?' (DbType = Int32)], CommandType='"Text"', CommandTimeout='30']
SELECT p.feature_id, p.service_package_id, p.id, m.feature_code, m.feature_default_name, f0.feature_description, f0.feature_name, f0.lang_code
FROM packages_features AS p
INNER JOIN main_features AS m ON p.feature_id = m.id
INNER JOIN (
    SELECT f.feature_description, f.feature_id, f.feature_name, f.lang_code
    FROM features_translation AS f
    WHERE f.lang_code = @__req_lang_code_1
) AS f0 ON m.id = f0.feature_id
WHERE p.service_package_id = @__req_service_package_id_0
[2025-08-01 17:02:39.066 +03:00  INF]  Executed DbCommand (1ms) [Parameters=[@__req_lang_code_1='?', @__req_service_package_id_0='?' (DbType = Int32)], CommandType='"Text"', CommandTimeout='30']
SELECT p.feature_id, p.service_package_id, p.id, m.feature_code, m.feature_default_name, f0.feature_description, f0.feature_name, f0.lang_code
FROM packages_features AS p
INNER JOIN main_features AS m ON p.feature_id = m.id
INNER JOIN (
    SELECT f.feature_description, f.feature_id, f.feature_name, f.lang_code
    FROM features_translation AS f
    WHERE f.lang_code = @__req_lang_code_1
) AS f0 ON m.id = f0.feature_id
WHERE p.service_package_id = @__req_service_package_id_0
[2025-08-01 17:02:39.066 +03:00  INF]  Executing OkObjectResult, writing value of type 'System.Collections.Generic.List`1[[WaslaApp.Data.Models.invoices.ClientInvoiceGrp, WaslaApp.Data, Version=1.0.0.0, Culture=neutral, PublicKeyToken=null]]'.
[2025-08-01 17:02:39.071 +03:00  INF]  Executed action Wasla_App.Controllers.AccountingController.GetAllInvoices (Wasla_App) in 154.8481ms
[2025-08-01 17:02:39.071 +03:00  INF]  Executed endpoint 'Wasla_App.Controllers.AccountingController.GetAllInvoices (Wasla_App)'
[2025-08-01 17:02:39.073 +03:00  INF]  Request finished HTTP/2 POST https://localhost:7283/api/Accounting/GetAllInvoices - 200 5336 application/json; charset=utf-8 161.9704ms
