[2025-05-12 20:47:59.727 +03:00  INF]  User profile is available. Using 'C:\Users\ICONS\AppData\Local\ASP.NET\DataProtection-Keys' as key repository and Windows DPAPI to encrypt keys at rest.
[2025-05-12 20:48:00.076 +03:00  WRN]  The WebRootPath was not found: D:\WaslaProjectApi\Wasla_App\Wasla_App\wwwroot. Static files may be unavailable.
[2025-05-12 20:48:00.504 +03:00  INF]  Now listening on: https://localhost:7283
[2025-05-12 20:48:00.505 +03:00  INF]  Now listening on: http://localhost:5074
[2025-05-12 20:48:00.739 +03:00  INF]  Application started. Press Ctrl+C to shut down.
[2025-05-12 20:48:00.741 +03:00  INF]  Hosting environment: Development
[2025-05-12 20:48:00.743 +03:00  INF]  Content root path: D:\WaslaProjectApi\Wasla_App\Wasla_App
[2025-05-12 20:48:03.660 +03:00  INF]  Request starting HTTP/2 GET https://localhost:7283/swagger - null null
[2025-05-12 20:48:04.059 +03:00  INF]  Request finished HTTP/2 GET https://localhost:7283/swagger - 301 0 null 418.6712ms
[2025-05-12 20:48:04.087 +03:00  INF]  Request starting HTTP/2 GET https://localhost:7283/swagger/index.html - null null
[2025-05-12 20:48:04.302 +03:00  INF]  Request finished HTTP/2 GET https://localhost:7283/swagger/index.html - 200 null text/html;charset=utf-8 215.0551ms
[2025-05-12 20:48:04.422 +03:00  INF]  Request starting HTTP/2 GET https://localhost:7283/swagger/swagger-ui.css - null null
[2025-05-12 20:48:04.423 +03:00  INF]  Request starting HTTP/2 GET https://localhost:7283/swagger/swagger-ui-bundle.js - null null
[2025-05-12 20:48:04.425 +03:00  INF]  Request starting HTTP/2 GET https://localhost:7283/swagger/swagger-ui-standalone-preset.js - null null
[2025-05-12 20:48:04.425 +03:00  INF]  Request starting HTTP/2 GET https://localhost:7283/_framework/aspnetcore-browser-refresh.js - null null
[2025-05-12 20:48:04.443 +03:00  INF]  Request finished HTTP/2 GET https://localhost:7283/_framework/aspnetcore-browser-refresh.js - 200 13770 application/javascript; charset=utf-8 18.2492ms
[2025-05-12 20:48:04.519 +03:00  INF]  Request starting HTTP/2 GET https://localhost:7283/_vs/browserLink - null null
[2025-05-12 20:48:04.552 +03:00  INF]  Sending file. Request path: '/swagger-ui-standalone-preset.js'. Physical path: 'N/A'
[2025-05-12 20:48:04.555 +03:00  INF]  Sending file. Request path: '/swagger-ui.css'. Physical path: 'N/A'
[2025-05-12 20:48:04.555 +03:00  INF]  Request finished HTTP/2 GET https://localhost:7283/swagger/swagger-ui.css - 200 152034 text/css 133.3415ms
[2025-05-12 20:48:04.555 +03:00  INF]  Request finished HTTP/2 GET https://localhost:7283/swagger/swagger-ui-standalone-preset.js - 200 230280 text/javascript 129.8055ms
[2025-05-12 20:48:04.704 +03:00  INF]  Sending file. Request path: '/swagger-ui-bundle.js'. Physical path: 'N/A'
[2025-05-12 20:48:04.704 +03:00  INF]  Request finished HTTP/2 GET https://localhost:7283/swagger/swagger-ui-bundle.js - 200 1456926 text/javascript 281.0169ms
[2025-05-12 20:48:04.793 +03:00  INF]  Request finished HTTP/2 GET https://localhost:7283/_vs/browserLink - 200 null text/javascript; charset=UTF-8 273.9936ms
[2025-05-12 20:48:05.115 +03:00  INF]  Request starting HTTP/2 GET https://localhost:7283/swagger/v1/swagger.json - null null
[2025-05-12 20:48:05.149 +03:00  INF]  Request finished HTTP/2 GET https://localhost:7283/swagger/v1/swagger.json - 200 null application/json;charset=utf-8 33.3163ms
[2025-05-12 20:48:05.363 +03:00  INF]  Request starting HTTP/2 GET https://localhost:7283/swagger/favicon-32x32.png - null null
[2025-05-12 20:48:05.363 +03:00  INF]  Sending file. Request path: '/favicon-32x32.png'. Physical path: 'N/A'
[2025-05-12 20:48:05.364 +03:00  INF]  Request finished HTTP/2 GET https://localhost:7283/swagger/favicon-32x32.png - 200 628 image/png 1.0735ms
[2025-05-12 20:48:19.973 +03:00  INF]  Request starting HTTP/2 POST https://localhost:7283/api/WaslaAdmin/GetProduct - application/json 18
[2025-05-12 20:48:19.981 +03:00  INF]  CORS policy execution successful.
[2025-05-12 20:48:22.875 +03:00  INF]  Executing endpoint 'Wasla_App.Controllers.WaslaAdminController.GetProduct (Wasla_App)'
[2025-05-12 20:48:22.955 +03:00  INF]  Route matched with {action = "GetProduct", controller = "WaslaAdmin"}. Executing controller action with signature System.Threading.Tasks.Task`1[Microsoft.AspNetCore.Mvc.IActionResult] GetProduct(WaslaApp.Data.Models.ProductReq) on controller Wasla_App.Controllers.WaslaAdminController (Wasla_App).
[2025-05-12 20:48:33.924 +03:00  INF]  Executed DbCommand (49ms) [Parameters=[], CommandType='"Text"', CommandTimeout='30']
SELECT p."productId", p.active, p."productName", p."productParent", p.product_desc
FROM "Product" AS p
WHERE p.active AND (p."productParent" = p."productParent" OR p."productParent" IS NULL)
[2025-05-12 20:48:34.439 +03:00  INF]  Executing OkObjectResult, writing value of type 'System.Collections.Generic.List`1[[WaslaApp.Data.Entities.Product, WaslaApp.Data, Version=1.0.0.0, Culture=neutral, PublicKeyToken=null]]'.
[2025-05-12 20:48:34.465 +03:00  INF]  Executed action Wasla_App.Controllers.WaslaAdminController.GetProduct (Wasla_App) in 11501.6209ms
[2025-05-12 20:48:34.466 +03:00  INF]  Executed endpoint 'Wasla_App.Controllers.WaslaAdminController.GetProduct (Wasla_App)'
[2025-05-12 20:48:34.491 +03:00  INF]  Request finished HTTP/2 POST https://localhost:7283/api/WaslaAdmin/GetProduct - 200 null application/json; charset=utf-8 14517.4815ms
[2025-05-12 20:51:33.749 +03:00  INF]  User profile is available. Using 'C:\Users\ICONS\AppData\Local\ASP.NET\DataProtection-Keys' as key repository and Windows DPAPI to encrypt keys at rest.
[2025-05-12 20:51:34.057 +03:00  WRN]  The WebRootPath was not found: D:\WaslaProjectApi\Wasla_App\Wasla_App\wwwroot. Static files may be unavailable.
[2025-05-12 20:51:34.388 +03:00  INF]  Now listening on: https://localhost:7283
[2025-05-12 20:51:34.389 +03:00  INF]  Now listening on: http://localhost:5074
[2025-05-12 20:51:34.732 +03:00  INF]  Application started. Press Ctrl+C to shut down.
[2025-05-12 20:51:34.734 +03:00  INF]  Hosting environment: Development
[2025-05-12 20:51:34.739 +03:00  INF]  Content root path: D:\WaslaProjectApi\Wasla_App\Wasla_App
[2025-05-12 20:51:39.733 +03:00  INF]  Request starting HTTP/2 GET https://localhost:7283/swagger/index.html - null null
[2025-05-12 20:51:41.734 +03:00  INF]  Request finished HTTP/2 GET https://localhost:7283/swagger/index.html - 200 null text/html;charset=utf-8 2026.8821ms
[2025-05-12 20:51:42.107 +03:00  INF]  Request starting HTTP/2 GET https://localhost:7283/_framework/aspnetcore-browser-refresh.js - null null
[2025-05-12 20:51:42.327 +03:00  INF]  Request starting HTTP/2 GET https://localhost:7283/_vs/browserLink - null null
[2025-05-12 20:51:42.468 +03:00  INF]  Request finished HTTP/2 GET https://localhost:7283/_framework/aspnetcore-browser-refresh.js - 200 13770 application/javascript; charset=utf-8 360.1239ms
[2025-05-12 20:51:42.751 +03:00  INF]  Request finished HTTP/2 GET https://localhost:7283/_vs/browserLink - 200 null text/javascript; charset=UTF-8 424.2526ms
[2025-05-12 20:51:42.842 +03:00  INF]  Request starting HTTP/2 GET https://localhost:7283/swagger/v1/swagger.json - null null
[2025-05-12 20:51:42.925 +03:00  INF]  Request finished HTTP/2 GET https://localhost:7283/swagger/v1/swagger.json - 200 null application/json;charset=utf-8 82.037ms
[2025-05-12 20:55:30.249 +03:00  INF]  Request starting HTTP/2 POST https://localhost:7283/api/WaslaAdmin/GetProduct - application/json 35
[2025-05-12 20:55:30.261 +03:00  INF]  CORS policy execution successful.
[2025-05-12 20:55:30.562 +03:00  INF]  Executing endpoint 'Wasla_App.Controllers.WaslaAdminController.GetProduct (Wasla_App)'
[2025-05-12 20:55:30.668 +03:00  INF]  Route matched with {action = "GetProduct", controller = "WaslaAdmin"}. Executing controller action with signature System.Threading.Tasks.Task`1[Microsoft.AspNetCore.Mvc.IActionResult] GetProduct(WaslaApp.Data.Models.ProductReq) on controller Wasla_App.Controllers.WaslaAdminController (Wasla_App).
[2025-05-12 20:55:37.414 +03:00  INF]  Executed DbCommand (138ms) [Parameters=[@__req_active_0='?' (DbType = Boolean), @__req_parent_1='?' (DbType = Int32)], CommandType='"Text"', CommandTimeout='30']
SELECT p."productId", p.active, p."productName", p."productParent", p.product_desc
FROM "Product" AS p
WHERE p.active = @__req_active_0 AND p."productParent" = @__req_parent_1
[2025-05-12 20:55:37.571 +03:00  INF]  Executing OkObjectResult, writing value of type 'System.Collections.Generic.List`1[[WaslaApp.Data.Entities.Product, WaslaApp.Data, Version=1.0.0.0, Culture=neutral, PublicKeyToken=null]]'.
[2025-05-12 20:55:37.603 +03:00  INF]  Executed action Wasla_App.Controllers.WaslaAdminController.GetProduct (Wasla_App) in 6928.6262ms
[2025-05-12 20:55:37.604 +03:00  INF]  Executed endpoint 'Wasla_App.Controllers.WaslaAdminController.GetProduct (Wasla_App)'
[2025-05-12 20:55:37.615 +03:00  INF]  Request finished HTTP/2 POST https://localhost:7283/api/WaslaAdmin/GetProduct - 200 null application/json; charset=utf-8 7366.0644ms
[2025-05-12 20:55:54.765 +03:00  INF]  Request starting HTTP/2 POST https://localhost:7283/api/WaslaAdmin/GetProduct - application/json 35
[2025-05-12 20:55:54.771 +03:00  INF]  CORS policy execution successful.
[2025-05-12 20:55:54.777 +03:00  INF]  Executing endpoint 'Wasla_App.Controllers.WaslaAdminController.GetProduct (Wasla_App)'
[2025-05-12 20:55:54.777 +03:00  INF]  Route matched with {action = "GetProduct", controller = "WaslaAdmin"}. Executing controller action with signature System.Threading.Tasks.Task`1[Microsoft.AspNetCore.Mvc.IActionResult] GetProduct(WaslaApp.Data.Models.ProductReq) on controller Wasla_App.Controllers.WaslaAdminController (Wasla_App).
[2025-05-12 20:55:57.030 +03:00  INF]  Executed DbCommand (7ms) [Parameters=[@__req_active_0='?' (DbType = Boolean)], CommandType='"Text"', CommandTimeout='30']
SELECT p."productId", p.active, p."productName", p."productParent", p.product_desc
FROM "Product" AS p
WHERE p.active = @__req_active_0 AND (p."productParent" = p."productParent" OR p."productParent" IS NULL)
[2025-05-12 20:55:57.032 +03:00  INF]  Executing OkObjectResult, writing value of type 'System.Collections.Generic.List`1[[WaslaApp.Data.Entities.Product, WaslaApp.Data, Version=1.0.0.0, Culture=neutral, PublicKeyToken=null]]'.
[2025-05-12 20:55:57.033 +03:00  INF]  Executed action Wasla_App.Controllers.WaslaAdminController.GetProduct (Wasla_App) in 2255.0812ms
[2025-05-12 20:55:57.033 +03:00  INF]  Executed endpoint 'Wasla_App.Controllers.WaslaAdminController.GetProduct (Wasla_App)'
[2025-05-12 20:55:57.034 +03:00  INF]  Request finished HTTP/2 POST https://localhost:7283/api/WaslaAdmin/GetProduct - 200 null application/json; charset=utf-8 2269.4077ms
[2025-05-12 20:56:06.840 +03:00  INF]  Request starting HTTP/2 POST https://localhost:7283/api/WaslaAdmin/GetProduct - application/json 34
[2025-05-12 20:56:06.852 +03:00  INF]  CORS policy execution successful.
[2025-05-12 20:56:06.855 +03:00  INF]  Executing endpoint 'Wasla_App.Controllers.WaslaAdminController.GetProduct (Wasla_App)'
[2025-05-12 20:56:06.855 +03:00  INF]  Route matched with {action = "GetProduct", controller = "WaslaAdmin"}. Executing controller action with signature System.Threading.Tasks.Task`1[Microsoft.AspNetCore.Mvc.IActionResult] GetProduct(WaslaApp.Data.Models.ProductReq) on controller Wasla_App.Controllers.WaslaAdminController (Wasla_App).
[2025-05-12 20:56:09.066 +03:00  INF]  Executed DbCommand (2ms) [Parameters=[@__req_active_0='?' (DbType = Boolean), @__req_parent_1='?' (DbType = Int32)], CommandType='"Text"', CommandTimeout='30']
SELECT p."productId", p.active, p."productName", p."productParent", p.product_desc
FROM "Product" AS p
WHERE p.active = @__req_active_0 AND p."productParent" = @__req_parent_1
[2025-05-12 20:56:09.068 +03:00  INF]  Executing OkObjectResult, writing value of type 'System.Collections.Generic.List`1[[WaslaApp.Data.Entities.Product, WaslaApp.Data, Version=1.0.0.0, Culture=neutral, PublicKeyToken=null]]'.
[2025-05-12 20:56:09.068 +03:00  INF]  Executed action Wasla_App.Controllers.WaslaAdminController.GetProduct (Wasla_App) in 2212.9843ms
[2025-05-12 20:56:09.068 +03:00  INF]  Executed endpoint 'Wasla_App.Controllers.WaslaAdminController.GetProduct (Wasla_App)'
[2025-05-12 20:56:09.069 +03:00  INF]  Request finished HTTP/2 POST https://localhost:7283/api/WaslaAdmin/GetProduct - 200 null application/json; charset=utf-8 2228.9968ms
