[2025-08-07 09:20:20.027 +03:00  INF]  User profile is available. Using 'C:\Users\Pro\AppData\Local\ASP.NET\DataProtection-Keys' as key repository and Windows DPAPI to encrypt keys at rest.
[2025-08-07 09:20:20.695 +03:00  WRN]  The WebRootPath was not found: D:\waslaa\api\WaslaAPI\Wasla_App\wwwroot. Static files may be unavailable.
[2025-08-07 09:20:21.974 +03:00  INF]  Now listening on: https://localhost:7283
[2025-08-07 09:20:21.975 +03:00  INF]  Now listening on: http://localhost:5074
[2025-08-07 09:20:22.596 +03:00  INF]  Application started. Press Ctrl+C to shut down.
[2025-08-07 09:20:22.596 +03:00  INF]  Hosting environment: Development
[2025-08-07 09:20:22.596 +03:00  INF]  Content root path: D:\waslaa\api\WaslaAPI\Wasla_App
[2025-08-07 09:20:25.923 +03:00  INF]  Request starting HTTP/2 GET https://localhost:7283/swagger - null null
[2025-08-07 09:20:26.039 +03:00  INF]  Request finished HTTP/2 GET https://localhost:7283/swagger - 301 0 null 124.9365ms
[2025-08-07 09:20:26.045 +03:00  INF]  Request starting HTTP/2 GET https://localhost:7283/swagger/index.html - null null
[2025-08-07 09:20:26.131 +03:00  INF]  Request finished HTTP/2 GET https://localhost:7283/swagger/index.html - 200 null text/html;charset=utf-8 85.5636ms
[2025-08-07 09:20:26.147 +03:00  INF]  Request starting HTTP/2 GET https://localhost:7283/swagger/swagger-ui.css - null null
[2025-08-07 09:20:26.147 +03:00  INF]  Request starting HTTP/2 GET https://localhost:7283/swagger/swagger-ui-bundle.js - null null
[2025-08-07 09:20:26.147 +03:00  INF]  Request starting HTTP/2 GET https://localhost:7283/_framework/aspnetcore-browser-refresh.js - null null
[2025-08-07 09:20:26.147 +03:00  INF]  Request starting HTTP/2 GET https://localhost:7283/swagger/swagger-ui-standalone-preset.js - null null
[2025-08-07 09:20:26.148 +03:00  INF]  Request starting HTTP/2 GET https://localhost:7283/_vs/browserLink - null null
[2025-08-07 09:20:26.171 +03:00  INF]  Request finished HTTP/2 GET https://localhost:7283/_framework/aspnetcore-browser-refresh.js - 200 16503 application/javascript; charset=utf-8 23.8285ms
[2025-08-07 09:20:26.199 +03:00  INF]  Sending file. Request path: '/swagger-ui.css'. Physical path: 'N/A'
[2025-08-07 09:20:26.199 +03:00  INF]  Sending file. Request path: '/swagger-ui-standalone-preset.js'. Physical path: 'N/A'
[2025-08-07 09:20:26.202 +03:00  INF]  Request finished HTTP/2 GET https://localhost:7283/swagger/swagger-ui.css - 200 152034 text/css 55.4041ms
[2025-08-07 09:20:26.202 +03:00  INF]  Request finished HTTP/2 GET https://localhost:7283/swagger/swagger-ui-standalone-preset.js - 200 230280 text/javascript 55.4863ms
[2025-08-07 09:20:26.257 +03:00  INF]  Request finished HTTP/2 GET https://localhost:7283/_vs/browserLink - 200 null text/javascript; charset=UTF-8 109.8982ms
[2025-08-07 09:20:26.261 +03:00  INF]  Sending file. Request path: '/swagger-ui-bundle.js'. Physical path: 'N/A'
[2025-08-07 09:20:26.261 +03:00  INF]  Request finished HTTP/2 GET https://localhost:7283/swagger/swagger-ui-bundle.js - 200 1456926 text/javascript 114.0065ms
[2025-08-07 09:20:26.465 +03:00  INF]  Request starting HTTP/2 GET https://localhost:7283/swagger/v1/swagger.json - null null
[2025-08-07 09:20:26.502 +03:00  INF]  Request finished HTTP/2 GET https://localhost:7283/swagger/v1/swagger.json - 200 null application/json;charset=utf-8 36.898ms
[2025-08-07 09:20:44.876 +03:00  INF]  Request starting HTTP/2 POST https://localhost:7283/api/WaslaBrowse/GetPricingPackageWithService - application/json-patch+json 65
[2025-08-07 09:20:44.893 +03:00  INF]  CORS policy execution successful.
[2025-08-07 09:20:46.072 +03:00  INF]  Executing endpoint 'Wasla_App.Controllers.WaslaBrowseController.GetPricingPackageWithService (Wasla_App)'
[2025-08-07 09:20:46.110 +03:00  INF]  Route matched with {action = "GetPricingPackageWithService", controller = "WaslaBrowse"}. Executing controller action with signature System.Threading.Tasks.Task`1[Microsoft.AspNetCore.Mvc.IActionResult] GetPricingPackageWithService(WaslaApp.Data.Models.global.LangReq) on controller Wasla_App.Controllers.WaslaBrowseController (Wasla_App).
[2025-08-07 09:20:48.986 +03:00  INF]  Executed DbCommand (93ms) [Parameters=[@__req_lang_0='?', @__ToLower_1='?'], CommandType='"Text"', CommandTimeout='30']
SELECT p.active, p.curr_code, p.discount_amount, p.discount_type, p.is_custom, p.is_recommend, p.lang_code, p."order", p.package_code, p.package_desc, p.package_details, p.package_id, p.package_name, p.package_price, p.package_sale_price, p.service_code, p.service_desc, p.service_id, p.service_name, p.service_package_id
FROM packagesdetailswithservices AS p
WHERE p.lang_code = @__req_lang_0 AND (lower(p.curr_code) = CASE
    WHEN p.curr_code IS NULL THEN p.curr_code
    ELSE @__ToLower_1
END OR (p.curr_code IS NULL AND CASE
    WHEN p.curr_code IS NULL THEN p.curr_code
    ELSE @__ToLower_1
END IS NULL)) AND p.active
[2025-08-07 09:20:49.093 +03:00  INF]  Executed DbCommand (10ms) [Parameters=[@__req_lang_code_1='?', @__req_service_package_id_0='?' (DbType = Int32)], CommandType='"Text"', CommandTimeout='30']
SELECT p.feature_id, p.service_package_id, p.id, m.feature_code, m.feature_default_name, f0.feature_description, f0.feature_name, f0.lang_code
FROM packages_features AS p
INNER JOIN main_features AS m ON p.feature_id = m.id
INNER JOIN (
    SELECT f.feature_description, f.feature_id, f.feature_name, f.lang_code
    FROM features_translation AS f
    WHERE f.lang_code = @__req_lang_code_1
) AS f0 ON m.id = f0.feature_id
WHERE p.service_package_id = @__req_service_package_id_0
[2025-08-07 09:20:49.101 +03:00  INF]  Executed DbCommand (1ms) [Parameters=[@__req_lang_code_1='?', @__req_service_package_id_0='?' (DbType = Int32)], CommandType='"Text"', CommandTimeout='30']
SELECT p.feature_id, p.service_package_id, p.id, m.feature_code, m.feature_default_name, f0.feature_description, f0.feature_name, f0.lang_code
FROM packages_features AS p
INNER JOIN main_features AS m ON p.feature_id = m.id
INNER JOIN (
    SELECT f.feature_description, f.feature_id, f.feature_name, f.lang_code
    FROM features_translation AS f
    WHERE f.lang_code = @__req_lang_code_1
) AS f0 ON m.id = f0.feature_id
WHERE p.service_package_id = @__req_service_package_id_0
[2025-08-07 09:20:49.102 +03:00  INF]  Executed DbCommand (1ms) [Parameters=[@__req_lang_code_1='?', @__req_service_package_id_0='?' (DbType = Int32)], CommandType='"Text"', CommandTimeout='30']
SELECT p.feature_id, p.service_package_id, p.id, m.feature_code, m.feature_default_name, f0.feature_description, f0.feature_name, f0.lang_code
FROM packages_features AS p
INNER JOIN main_features AS m ON p.feature_id = m.id
INNER JOIN (
    SELECT f.feature_description, f.feature_id, f.feature_name, f.lang_code
    FROM features_translation AS f
    WHERE f.lang_code = @__req_lang_code_1
) AS f0 ON m.id = f0.feature_id
WHERE p.service_package_id = @__req_service_package_id_0
[2025-08-07 09:20:49.104 +03:00  INF]  Executed DbCommand (1ms) [Parameters=[@__req_lang_code_1='?', @__req_service_package_id_0='?' (DbType = Int32)], CommandType='"Text"', CommandTimeout='30']
SELECT p.feature_id, p.service_package_id, p.id, m.feature_code, m.feature_default_name, f0.feature_description, f0.feature_name, f0.lang_code
FROM packages_features AS p
INNER JOIN main_features AS m ON p.feature_id = m.id
INNER JOIN (
    SELECT f.feature_description, f.feature_id, f.feature_name, f.lang_code
    FROM features_translation AS f
    WHERE f.lang_code = @__req_lang_code_1
) AS f0 ON m.id = f0.feature_id
WHERE p.service_package_id = @__req_service_package_id_0
[2025-08-07 09:20:49.105 +03:00  INF]  Executed DbCommand (1ms) [Parameters=[@__req_lang_code_1='?', @__req_service_package_id_0='?' (DbType = Int32)], CommandType='"Text"', CommandTimeout='30']
SELECT p.feature_id, p.service_package_id, p.id, m.feature_code, m.feature_default_name, f0.feature_description, f0.feature_name, f0.lang_code
FROM packages_features AS p
INNER JOIN main_features AS m ON p.feature_id = m.id
INNER JOIN (
    SELECT f.feature_description, f.feature_id, f.feature_name, f.lang_code
    FROM features_translation AS f
    WHERE f.lang_code = @__req_lang_code_1
) AS f0 ON m.id = f0.feature_id
WHERE p.service_package_id = @__req_service_package_id_0
[2025-08-07 09:20:49.106 +03:00  INF]  Executed DbCommand (1ms) [Parameters=[@__req_lang_code_1='?', @__req_service_package_id_0='?' (DbType = Int32)], CommandType='"Text"', CommandTimeout='30']
SELECT p.feature_id, p.service_package_id, p.id, m.feature_code, m.feature_default_name, f0.feature_description, f0.feature_name, f0.lang_code
FROM packages_features AS p
INNER JOIN main_features AS m ON p.feature_id = m.id
INNER JOIN (
    SELECT f.feature_description, f.feature_id, f.feature_name, f.lang_code
    FROM features_translation AS f
    WHERE f.lang_code = @__req_lang_code_1
) AS f0 ON m.id = f0.feature_id
WHERE p.service_package_id = @__req_service_package_id_0
[2025-08-07 09:20:49.107 +03:00  INF]  Executed DbCommand (1ms) [Parameters=[@__req_lang_code_1='?', @__req_service_package_id_0='?' (DbType = Int32)], CommandType='"Text"', CommandTimeout='30']
SELECT p.feature_id, p.service_package_id, p.id, m.feature_code, m.feature_default_name, f0.feature_description, f0.feature_name, f0.lang_code
FROM packages_features AS p
INNER JOIN main_features AS m ON p.feature_id = m.id
INNER JOIN (
    SELECT f.feature_description, f.feature_id, f.feature_name, f.lang_code
    FROM features_translation AS f
    WHERE f.lang_code = @__req_lang_code_1
) AS f0 ON m.id = f0.feature_id
WHERE p.service_package_id = @__req_service_package_id_0
[2025-08-07 09:20:49.109 +03:00  INF]  Executed DbCommand (1ms) [Parameters=[@__req_lang_code_1='?', @__req_service_package_id_0='?' (DbType = Int32)], CommandType='"Text"', CommandTimeout='30']
SELECT p.feature_id, p.service_package_id, p.id, m.feature_code, m.feature_default_name, f0.feature_description, f0.feature_name, f0.lang_code
FROM packages_features AS p
INNER JOIN main_features AS m ON p.feature_id = m.id
INNER JOIN (
    SELECT f.feature_description, f.feature_id, f.feature_name, f.lang_code
    FROM features_translation AS f
    WHERE f.lang_code = @__req_lang_code_1
) AS f0 ON m.id = f0.feature_id
WHERE p.service_package_id = @__req_service_package_id_0
[2025-08-07 09:20:49.111 +03:00  INF]  Executed DbCommand (1ms) [Parameters=[@__req_lang_code_1='?', @__req_service_package_id_0='?' (DbType = Int32)], CommandType='"Text"', CommandTimeout='30']
SELECT p.feature_id, p.service_package_id, p.id, m.feature_code, m.feature_default_name, f0.feature_description, f0.feature_name, f0.lang_code
FROM packages_features AS p
INNER JOIN main_features AS m ON p.feature_id = m.id
INNER JOIN (
    SELECT f.feature_description, f.feature_id, f.feature_name, f.lang_code
    FROM features_translation AS f
    WHERE f.lang_code = @__req_lang_code_1
) AS f0 ON m.id = f0.feature_id
WHERE p.service_package_id = @__req_service_package_id_0
[2025-08-07 09:20:49.112 +03:00  INF]  Executed DbCommand (1ms) [Parameters=[@__req_lang_code_1='?', @__req_service_package_id_0='?' (DbType = Int32)], CommandType='"Text"', CommandTimeout='30']
SELECT p.feature_id, p.service_package_id, p.id, m.feature_code, m.feature_default_name, f0.feature_description, f0.feature_name, f0.lang_code
FROM packages_features AS p
INNER JOIN main_features AS m ON p.feature_id = m.id
INNER JOIN (
    SELECT f.feature_description, f.feature_id, f.feature_name, f.lang_code
    FROM features_translation AS f
    WHERE f.lang_code = @__req_lang_code_1
) AS f0 ON m.id = f0.feature_id
WHERE p.service_package_id = @__req_service_package_id_0
[2025-08-07 09:20:49.113 +03:00  INF]  Executed DbCommand (1ms) [Parameters=[@__req_lang_code_1='?', @__req_service_package_id_0='?' (DbType = Int32)], CommandType='"Text"', CommandTimeout='30']
SELECT p.feature_id, p.service_package_id, p.id, m.feature_code, m.feature_default_name, f0.feature_description, f0.feature_name, f0.lang_code
FROM packages_features AS p
INNER JOIN main_features AS m ON p.feature_id = m.id
INNER JOIN (
    SELECT f.feature_description, f.feature_id, f.feature_name, f.lang_code
    FROM features_translation AS f
    WHERE f.lang_code = @__req_lang_code_1
) AS f0 ON m.id = f0.feature_id
WHERE p.service_package_id = @__req_service_package_id_0
[2025-08-07 09:20:49.114 +03:00  INF]  Executed DbCommand (1ms) [Parameters=[@__req_lang_code_1='?', @__req_service_package_id_0='?' (DbType = Int32)], CommandType='"Text"', CommandTimeout='30']
SELECT p.feature_id, p.service_package_id, p.id, m.feature_code, m.feature_default_name, f0.feature_description, f0.feature_name, f0.lang_code
FROM packages_features AS p
INNER JOIN main_features AS m ON p.feature_id = m.id
INNER JOIN (
    SELECT f.feature_description, f.feature_id, f.feature_name, f.lang_code
    FROM features_translation AS f
    WHERE f.lang_code = @__req_lang_code_1
) AS f0 ON m.id = f0.feature_id
WHERE p.service_package_id = @__req_service_package_id_0
[2025-08-07 09:20:49.122 +03:00  INF]  Executing OkObjectResult, writing value of type 'System.Collections.Generic.List`1[[WaslaApp.Data.Models.PackagesAndServices.ServicesWithPkg, WaslaApp.Data, Version=1.0.0.0, Culture=neutral, PublicKeyToken=null]]'.
[2025-08-07 09:20:49.182 +03:00  INF]  Executed action Wasla_App.Controllers.WaslaBrowseController.GetPricingPackageWithService (Wasla_App) in 3066.1995ms
[2025-08-07 09:20:49.183 +03:00  INF]  Executed endpoint 'Wasla_App.Controllers.WaslaBrowseController.GetPricingPackageWithService (Wasla_App)'
[2025-08-07 09:20:49.196 +03:00  INF]  Request finished HTTP/2 POST https://localhost:7283/api/WaslaBrowse/GetPricingPackageWithService - 200 21328 application/json; charset=utf-8 4320.2117ms
