[2025-05-13 09:55:33.473 +03:00  INF]  User profile is available. Using 'C:\Users\ICONS\AppData\Local\ASP.NET\DataProtection-Keys' as key repository and Windows DPAPI to encrypt keys at rest.
[2025-05-13 09:55:34.774 +03:00  WRN]  The WebRootPath was not found: D:\WaslaProjectApi\Wasla_App\Wasla_App\wwwroot. Static files may be unavailable.
[2025-05-13 09:55:37.313 +03:00  INF]  Now listening on: https://localhost:7283
[2025-05-13 09:55:37.313 +03:00  INF]  Now listening on: http://localhost:5074
[2025-05-13 09:55:37.838 +03:00  INF]  Application started. Press Ctrl+C to shut down.
[2025-05-13 09:55:37.840 +03:00  INF]  Hosting environment: Development
[2025-05-13 09:55:37.840 +03:00  INF]  Content root path: D:\WaslaProjectApi\Wasla_App\Wasla_App
[2025-05-13 09:55:51.964 +03:00  INF]  Request starting HTTP/2 GET https://localhost:7283/swagger - null null
[2025-05-13 09:55:54.801 +03:00  INF]  Request finished HTTP/2 GET https://localhost:7283/swagger - 301 0 null 2864.2593ms
[2025-05-13 09:55:54.846 +03:00  INF]  Request starting HTTP/2 GET https://localhost:7283/swagger/index.html - null null
[2025-05-13 09:55:55.088 +03:00  INF]  Request finished HTTP/2 GET https://localhost:7283/swagger/index.html - 200 null text/html;charset=utf-8 241.5489ms
[2025-05-13 09:55:56.277 +03:00  INF]  Request starting HTTP/2 GET https://localhost:7283/swagger/swagger-ui.css - null null
[2025-05-13 09:55:56.284 +03:00  INF]  Request starting HTTP/2 GET https://localhost:7283/swagger/swagger-ui-standalone-preset.js - null null
[2025-05-13 09:55:56.285 +03:00  INF]  Request starting HTTP/2 GET https://localhost:7283/swagger/swagger-ui-bundle.js - null null
[2025-05-13 09:55:56.710 +03:00  INF]  Sending file. Request path: '/swagger-ui.css'. Physical path: 'N/A'
[2025-05-13 09:55:56.710 +03:00  INF]  Sending file. Request path: '/swagger-ui-standalone-preset.js'. Physical path: 'N/A'
[2025-05-13 09:55:56.710 +03:00  INF]  Request finished HTTP/2 GET https://localhost:7283/swagger/swagger-ui.css - 200 152034 text/css 433.5105ms
[2025-05-13 09:55:56.710 +03:00  INF]  Request finished HTTP/2 GET https://localhost:7283/swagger/swagger-ui-standalone-preset.js - 200 230280 text/javascript 426.5655ms
[2025-05-13 09:55:56.854 +03:00  INF]  Sending file. Request path: '/swagger-ui-bundle.js'. Physical path: 'N/A'
[2025-05-13 09:55:56.855 +03:00  INF]  Request finished HTTP/2 GET https://localhost:7283/swagger/swagger-ui-bundle.js - 200 1456926 text/javascript 570.0465ms
[2025-05-13 09:55:58.721 +03:00  INF]  Request starting HTTP/2 GET https://localhost:7283/_framework/aspnetcore-browser-refresh.js - null null
[2025-05-13 09:55:58.729 +03:00  INF]  Request finished HTTP/2 GET https://localhost:7283/_framework/aspnetcore-browser-refresh.js - 200 13770 application/javascript; charset=utf-8 7.9884ms
[2025-05-13 09:55:58.737 +03:00  INF]  Request starting HTTP/2 GET https://localhost:7283/_vs/browserLink - null null
[2025-05-13 09:55:58.929 +03:00  INF]  Request finished HTTP/2 GET https://localhost:7283/_vs/browserLink - 200 null text/javascript; charset=UTF-8 192.7083ms
[2025-05-13 09:56:01.478 +03:00  INF]  Request starting HTTP/2 GET https://localhost:7283/swagger/v1/swagger.json - null null
[2025-05-13 09:56:01.557 +03:00  INF]  Request finished HTTP/2 GET https://localhost:7283/swagger/v1/swagger.json - 200 null application/json;charset=utf-8 79.6521ms
[2025-05-13 09:56:04.621 +03:00  INF]  Request starting HTTP/2 GET https://localhost:7283/swagger/favicon-32x32.png - null null
[2025-05-13 09:56:04.622 +03:00  INF]  Sending file. Request path: '/favicon-32x32.png'. Physical path: 'N/A'
[2025-05-13 09:56:04.622 +03:00  INF]  Request finished HTTP/2 GET https://localhost:7283/swagger/favicon-32x32.png - 200 628 image/png 0.7816ms
[2025-05-13 10:25:14.984 +03:00  INF]  Request starting HTTP/2 OPTIONS https://localhost:7283/api/WaslaClient/getQuesWithAnswers - null null
[2025-05-13 10:25:15.046 +03:00  INF]  CORS policy execution successful.
[2025-05-13 10:25:15.060 +03:00  INF]  Request finished HTTP/2 OPTIONS https://localhost:7283/api/WaslaClient/getQuesWithAnswers - 204 null null 88.4116ms
[2025-05-13 10:25:15.069 +03:00  INF]  Request starting HTTP/2 POST https://localhost:7283/api/WaslaClient/getQuesWithAnswers - application/json 13
[2025-05-13 10:25:15.076 +03:00  INF]  CORS policy execution successful.
[2025-05-13 10:25:18.532 +03:00  INF]  Executing endpoint 'Wasla_App.Controllers.WaslaClientController.getQuesWithAnswers (Wasla_App)'
[2025-05-13 10:25:18.631 +03:00  INF]  Route matched with {action = "getQuesWithAnswers", controller = "WaslaClient"}. Executing controller action with signature Microsoft.AspNetCore.Mvc.IActionResult getQuesWithAnswers(WaslaApp.Data.Models.QuesLstReq) on controller Wasla_App.Controllers.WaslaClientController (Wasla_App).
[2025-05-13 10:25:24.658 +03:00  INF]  Executed DbCommand (152ms) [Parameters=[@__clientId_1='?', @__lang_0='?'], CommandType='"Text"', CommandTimeout='30']
SELECT r.ques_id, r.lang_code, r1.client_id, r1.answer, r."order", r.ques_title, r.ques_type
FROM "RegistrationQuestions" AS r
LEFT JOIN (
    SELECT r0.answer, r0.client_id, r0.ques_id
    FROM "RegistrationAnswers" AS r0
    WHERE r0.client_id = @__clientId_1
) AS r1 ON r.ques_id = r1.ques_id
WHERE r.lang_code = @__lang_0
[2025-05-13 10:25:24.725 +03:00  INF]  Executing OkObjectResult, writing value of type 'System.Collections.Generic.List`1[[WaslaApp.Data.Models.QuesWithAnswers, WaslaApp.Data, Version=1.0.0.0, Culture=neutral, PublicKeyToken=null]]'.
[2025-05-13 10:25:24.767 +03:00  INF]  Executed action Wasla_App.Controllers.WaslaClientController.getQuesWithAnswers (Wasla_App) in 6120.5639ms
[2025-05-13 10:25:24.767 +03:00  INF]  Executed endpoint 'Wasla_App.Controllers.WaslaClientController.getQuesWithAnswers (Wasla_App)'
[2025-05-13 10:25:24.789 +03:00  INF]  Request finished HTTP/2 POST https://localhost:7283/api/WaslaClient/getQuesWithAnswers - 200 null application/json; charset=utf-8 9719.8559ms
[2025-05-13 10:25:28.833 +03:00  INF]  Request starting HTTP/2 OPTIONS https://localhost:7283/api/WaslaClient/getQuesWithAnswers - null null
[2025-05-13 10:25:28.838 +03:00  INF]  CORS policy execution successful.
[2025-05-13 10:25:28.839 +03:00  INF]  Request finished HTTP/2 OPTIONS https://localhost:7283/api/WaslaClient/getQuesWithAnswers - 204 null null 5.567ms
[2025-05-13 10:25:28.843 +03:00  INF]  Request starting HTTP/2 POST https://localhost:7283/api/WaslaClient/getQuesWithAnswers - application/json 13
[2025-05-13 10:25:28.843 +03:00  INF]  CORS policy execution successful.
[2025-05-13 10:25:28.857 +03:00  INF]  Executing endpoint 'Wasla_App.Controllers.WaslaClientController.getQuesWithAnswers (Wasla_App)'
[2025-05-13 10:25:28.857 +03:00  INF]  Route matched with {action = "getQuesWithAnswers", controller = "WaslaClient"}. Executing controller action with signature Microsoft.AspNetCore.Mvc.IActionResult getQuesWithAnswers(WaslaApp.Data.Models.QuesLstReq) on controller Wasla_App.Controllers.WaslaClientController (Wasla_App).
[2025-05-13 10:25:28.914 +03:00  INF]  Executed DbCommand (1ms) [Parameters=[@__clientId_1='?', @__lang_0='?'], CommandType='"Text"', CommandTimeout='30']
SELECT r.ques_id, r.lang_code, r1.client_id, r1.answer, r."order", r.ques_title, r.ques_type
FROM "RegistrationQuestions" AS r
LEFT JOIN (
    SELECT r0.answer, r0.client_id, r0.ques_id
    FROM "RegistrationAnswers" AS r0
    WHERE r0.client_id = @__clientId_1
) AS r1 ON r.ques_id = r1.ques_id
WHERE r.lang_code = @__lang_0
[2025-05-13 10:25:28.920 +03:00  INF]  Executing OkObjectResult, writing value of type 'System.Collections.Generic.List`1[[WaslaApp.Data.Models.QuesWithAnswers, WaslaApp.Data, Version=1.0.0.0, Culture=neutral, PublicKeyToken=null]]'.
[2025-05-13 10:25:28.920 +03:00  INF]  Executed action Wasla_App.Controllers.WaslaClientController.getQuesWithAnswers (Wasla_App) in 62.9197ms
[2025-05-13 10:25:28.920 +03:00  INF]  Executed endpoint 'Wasla_App.Controllers.WaslaClientController.getQuesWithAnswers (Wasla_App)'
[2025-05-13 10:25:28.921 +03:00  INF]  Request finished HTTP/2 POST https://localhost:7283/api/WaslaClient/getQuesWithAnswers - 200 null application/json; charset=utf-8 78.4095ms
[2025-05-13 10:25:41.250 +03:00  INF]  Request starting HTTP/2 OPTIONS https://localhost:7283/api/WaslaClient/saveRegistrationSteps - null null
[2025-05-13 10:25:41.261 +03:00  INF]  CORS policy execution successful.
[2025-05-13 10:25:41.261 +03:00  INF]  Request finished HTTP/2 OPTIONS https://localhost:7283/api/WaslaClient/saveRegistrationSteps - 204 null null 11.4065ms
[2025-05-13 10:25:41.271 +03:00  INF]  Request starting HTTP/2 POST https://localhost:7283/api/WaslaClient/saveRegistrationSteps - application/json 68
[2025-05-13 10:25:41.271 +03:00  INF]  CORS policy execution successful.
[2025-05-13 10:25:41.287 +03:00  INF]  Executing endpoint 'Wasla_App.Controllers.WaslaClientController.saveRegistrationSteps (Wasla_App)'
[2025-05-13 10:25:41.305 +03:00  INF]  Route matched with {action = "saveRegistrationSteps", controller = "WaslaClient"}. Executing controller action with signature Microsoft.AspNetCore.Mvc.IActionResult saveRegistrationSteps(System.Collections.Generic.List`1[WaslaApp.Data.Entities.RegistrationAnswer]) on controller Wasla_App.Controllers.WaslaClientController (Wasla_App).
[2025-05-13 10:25:41.923 +03:00  INF]  Executed DbCommand (22ms) [Parameters=[@p0='?', @p1='?', @p2='?', @p3='?' (DbType = Int32)], CommandType='"Text"', CommandTimeout='30']
INSERT INTO "RegistrationAnswers" (answer, client_id, lang_code, ques_id)
VALUES (@p0, @p1, @p2, @p3)
RETURNING id;
[2025-05-13 10:25:42.078 +03:00  INF]  Executed DbCommand (12ms) [Parameters=[], CommandType='"Text"', CommandTimeout='30']
SELECT count(*)::int
FROM "ClientCopouns" AS c
[2025-05-13 10:25:42.190 +03:00  INF]  Executed DbCommand (7ms) [Parameters=[@__copoun_client_id_0='?', @__copoun_start_date_1='?' (DbType = Date), @__copoun_end_date_2='?' (DbType = Date)], CommandType='"Text"', CommandTimeout='30']
SELECT c.id, c.client_id, c.copoun, c.end_date, c.start_date
FROM "ClientCopouns" AS c
WHERE c.client_id = @__copoun_client_id_0 AND c.start_date = @__copoun_start_date_1 AND c.end_date = @__copoun_end_date_2
LIMIT 2
[2025-05-13 10:25:42.244 +03:00  INF]  Executed DbCommand (4ms) [Parameters=[], CommandType='"Text"', CommandTimeout='30']
SELECT max(c.id)
FROM "ClientCopouns" AS c
[2025-05-13 10:25:42.336 +03:00  INF]  Executed DbCommand (11ms) [Parameters=[@p0='?' (DbType = Decimal), @p1='?', @p2='?', @p3='?' (DbType = Date), @p4='?' (DbType = Date)], CommandType='"Text"', CommandTimeout='30']
INSERT INTO "ClientCopouns" (id, client_id, copoun, end_date, start_date)
VALUES (@p0, @p1, @p2, @p3, @p4);
[2025-05-13 10:25:51.118 +03:00  INF]  Executing OkObjectResult, writing value of type 'WaslaApp.Data.Models.RegsistrationQuesResponse'.
[2025-05-13 10:25:51.138 +03:00  INF]  Executed action Wasla_App.Controllers.WaslaClientController.saveRegistrationSteps (Wasla_App) in 9832.5998ms
[2025-05-13 10:25:51.138 +03:00  INF]  Executed endpoint 'Wasla_App.Controllers.WaslaClientController.saveRegistrationSteps (Wasla_App)'
[2025-05-13 10:25:51.139 +03:00  INF]  Request finished HTTP/2 POST https://localhost:7283/api/WaslaClient/saveRegistrationSteps - 200 null application/json; charset=utf-8 9868.3749ms
[2025-05-13 10:44:11.384 +03:00  INF]  Request starting HTTP/2 OPTIONS https://localhost:7283/api/WaslaClient/getQuesWithAnswers - null null
[2025-05-13 10:44:11.433 +03:00  INF]  CORS policy execution successful.
[2025-05-13 10:44:11.452 +03:00  INF]  Request finished HTTP/2 OPTIONS https://localhost:7283/api/WaslaClient/getQuesWithAnswers - 204 null null 88.3694ms
[2025-05-13 10:44:11.471 +03:00  INF]  Request starting HTTP/2 POST https://localhost:7283/api/WaslaClient/getQuesWithAnswers - application/json 13
[2025-05-13 10:44:11.484 +03:00  INF]  CORS policy execution successful.
[2025-05-13 10:44:11.611 +03:00  INF]  Executing endpoint 'Wasla_App.Controllers.WaslaClientController.getQuesWithAnswers (Wasla_App)'
[2025-05-13 10:44:11.638 +03:00  INF]  Route matched with {action = "getQuesWithAnswers", controller = "WaslaClient"}. Executing controller action with signature Microsoft.AspNetCore.Mvc.IActionResult getQuesWithAnswers(WaslaApp.Data.Models.QuesLstReq) on controller Wasla_App.Controllers.WaslaClientController (Wasla_App).
[2025-05-13 10:44:12.193 +03:00  INF]  Executed DbCommand (37ms) [Parameters=[@__clientId_1='?', @__lang_0='?'], CommandType='"Text"', CommandTimeout='30']
SELECT r.ques_id, r.lang_code, r1.client_id, r1.answer, r."order", r.ques_title, r.ques_type
FROM "RegistrationQuestions" AS r
LEFT JOIN (
    SELECT r0.answer, r0.client_id, r0.ques_id
    FROM "RegistrationAnswers" AS r0
    WHERE r0.client_id = @__clientId_1
) AS r1 ON r.ques_id = r1.ques_id
WHERE r.lang_code = @__lang_0
[2025-05-13 10:44:12.201 +03:00  INF]  Executing OkObjectResult, writing value of type 'System.Collections.Generic.List`1[[WaslaApp.Data.Models.QuesWithAnswers, WaslaApp.Data, Version=1.0.0.0, Culture=neutral, PublicKeyToken=null]]'.
[2025-05-13 10:44:12.205 +03:00  INF]  Executed action Wasla_App.Controllers.WaslaClientController.getQuesWithAnswers (Wasla_App) in 566.2327ms
[2025-05-13 10:44:12.205 +03:00  INF]  Executed endpoint 'Wasla_App.Controllers.WaslaClientController.getQuesWithAnswers (Wasla_App)'
[2025-05-13 10:44:12.207 +03:00  INF]  Request finished HTTP/2 POST https://localhost:7283/api/WaslaClient/getQuesWithAnswers - 200 null application/json; charset=utf-8 736.7436ms
[2025-05-13 10:45:17.707 +03:00  INF]  Request starting HTTP/2 OPTIONS https://localhost:7283/api/WaslaClient/getQuesWithAnswers - null null
[2025-05-13 10:45:17.707 +03:00  INF]  CORS policy execution successful.
[2025-05-13 10:45:17.708 +03:00  INF]  Request finished HTTP/2 OPTIONS https://localhost:7283/api/WaslaClient/getQuesWithAnswers - 204 null null 4.2655ms
[2025-05-13 10:45:17.749 +03:00  INF]  Request starting HTTP/2 POST https://localhost:7283/api/WaslaClient/getQuesWithAnswers - application/json 13
[2025-05-13 10:45:17.750 +03:00  INF]  CORS policy execution successful.
[2025-05-13 10:45:17.752 +03:00  INF]  Executing endpoint 'Wasla_App.Controllers.WaslaClientController.getQuesWithAnswers (Wasla_App)'
[2025-05-13 10:45:17.753 +03:00  INF]  Route matched with {action = "getQuesWithAnswers", controller = "WaslaClient"}. Executing controller action with signature Microsoft.AspNetCore.Mvc.IActionResult getQuesWithAnswers(WaslaApp.Data.Models.QuesLstReq) on controller Wasla_App.Controllers.WaslaClientController (Wasla_App).
[2025-05-13 10:45:17.783 +03:00  INF]  Executed DbCommand (4ms) [Parameters=[@__clientId_1='?', @__lang_0='?'], CommandType='"Text"', CommandTimeout='30']
SELECT r.ques_id, r.lang_code, r1.client_id, r1.answer, r."order", r.ques_title, r.ques_type
FROM "RegistrationQuestions" AS r
LEFT JOIN (
    SELECT r0.answer, r0.client_id, r0.ques_id
    FROM "RegistrationAnswers" AS r0
    WHERE r0.client_id = @__clientId_1
) AS r1 ON r.ques_id = r1.ques_id
WHERE r.lang_code = @__lang_0
[2025-05-13 10:45:17.784 +03:00  INF]  Executing OkObjectResult, writing value of type 'System.Collections.Generic.List`1[[WaslaApp.Data.Models.QuesWithAnswers, WaslaApp.Data, Version=1.0.0.0, Culture=neutral, PublicKeyToken=null]]'.
[2025-05-13 10:45:17.785 +03:00  INF]  Executed action Wasla_App.Controllers.WaslaClientController.getQuesWithAnswers (Wasla_App) in 31.3677ms
[2025-05-13 10:45:17.786 +03:00  INF]  Executed endpoint 'Wasla_App.Controllers.WaslaClientController.getQuesWithAnswers (Wasla_App)'
[2025-05-13 10:45:17.787 +03:00  INF]  Request finished HTTP/2 POST https://localhost:7283/api/WaslaClient/getQuesWithAnswers - 200 null application/json; charset=utf-8 44.6089ms
[2025-05-13 10:45:23.040 +03:00  INF]  Request starting HTTP/2 OPTIONS https://localhost:7283/api/WaslaClient/saveRegistrationSteps - null null
[2025-05-13 10:45:23.041 +03:00  INF]  CORS policy execution successful.
[2025-05-13 10:45:23.041 +03:00  INF]  Request finished HTTP/2 OPTIONS https://localhost:7283/api/WaslaClient/saveRegistrationSteps - 204 null null 0.3863ms
[2025-05-13 10:45:23.047 +03:00  INF]  Request starting HTTP/2 POST https://localhost:7283/api/WaslaClient/saveRegistrationSteps - application/json 68
[2025-05-13 10:45:23.051 +03:00  INF]  CORS policy execution successful.
[2025-05-13 10:45:23.052 +03:00  INF]  Executing endpoint 'Wasla_App.Controllers.WaslaClientController.saveRegistrationSteps (Wasla_App)'
[2025-05-13 10:45:23.053 +03:00  INF]  Route matched with {action = "saveRegistrationSteps", controller = "WaslaClient"}. Executing controller action with signature Microsoft.AspNetCore.Mvc.IActionResult saveRegistrationSteps(System.Collections.Generic.List`1[WaslaApp.Data.Entities.RegistrationAnswer]) on controller Wasla_App.Controllers.WaslaClientController (Wasla_App).
[2025-05-13 10:45:23.127 +03:00  INF]  Executed DbCommand (16ms) [Parameters=[@p0='?', @p1='?', @p2='?', @p3='?' (DbType = Int32)], CommandType='"Text"', CommandTimeout='30']
INSERT INTO "RegistrationAnswers" (answer, client_id, lang_code, ques_id)
VALUES (@p0, @p1, @p2, @p3)
RETURNING id;
[2025-05-13 10:45:23.149 +03:00  INF]  Executed DbCommand (13ms) [Parameters=[], CommandType='"Text"', CommandTimeout='30']
SELECT count(*)::int
FROM "ClientCopouns" AS c
[2025-05-13 10:45:23.159 +03:00  INF]  Executed DbCommand (4ms) [Parameters=[@__copoun_client_id_0='?', @__copoun_start_date_1='?' (DbType = Date), @__copoun_end_date_2='?' (DbType = Date)], CommandType='"Text"', CommandTimeout='30']
SELECT c.id, c.client_id, c.copoun, c.end_date, c.start_date
FROM "ClientCopouns" AS c
WHERE c.client_id = @__copoun_client_id_0 AND c.start_date = @__copoun_start_date_1 AND c.end_date = @__copoun_end_date_2
LIMIT 2
[2025-05-13 10:45:23.190 +03:00  INF]  Executing OkObjectResult, writing value of type 'WaslaApp.Data.Models.RegsistrationQuesResponse'.
[2025-05-13 10:45:23.194 +03:00  INF]  Executed action Wasla_App.Controllers.WaslaClientController.saveRegistrationSteps (Wasla_App) in 140.1566ms
[2025-05-13 10:45:23.194 +03:00  INF]  Executed endpoint 'Wasla_App.Controllers.WaslaClientController.saveRegistrationSteps (Wasla_App)'
[2025-05-13 10:45:23.194 +03:00  INF]  Request finished HTTP/2 POST https://localhost:7283/api/WaslaClient/saveRegistrationSteps - 200 null application/json; charset=utf-8 147.4017ms
[2025-05-13 10:46:35.689 +03:00  INF]  Request starting HTTP/2 OPTIONS https://localhost:7283/api/WaslaClient/saveRegistrationSteps - null null
[2025-05-13 10:46:35.689 +03:00  INF]  CORS policy execution successful.
[2025-05-13 10:46:35.690 +03:00  INF]  Request finished HTTP/2 OPTIONS https://localhost:7283/api/WaslaClient/saveRegistrationSteps - 204 null null 1.0961ms
[2025-05-13 10:46:35.698 +03:00  INF]  Request starting HTTP/2 POST https://localhost:7283/api/WaslaClient/saveRegistrationSteps - application/json 68
[2025-05-13 10:46:35.699 +03:00  INF]  CORS policy execution successful.
[2025-05-13 10:46:35.702 +03:00  INF]  Executing endpoint 'Wasla_App.Controllers.WaslaClientController.saveRegistrationSteps (Wasla_App)'
[2025-05-13 10:46:35.703 +03:00  INF]  Route matched with {action = "saveRegistrationSteps", controller = "WaslaClient"}. Executing controller action with signature Microsoft.AspNetCore.Mvc.IActionResult saveRegistrationSteps(System.Collections.Generic.List`1[WaslaApp.Data.Entities.RegistrationAnswer]) on controller Wasla_App.Controllers.WaslaClientController (Wasla_App).
[2025-05-13 10:46:35.719 +03:00  INF]  Executed DbCommand (4ms) [Parameters=[@p0='?', @p1='?', @p2='?', @p3='?' (DbType = Int32)], CommandType='"Text"', CommandTimeout='30']
INSERT INTO "RegistrationAnswers" (answer, client_id, lang_code, ques_id)
VALUES (@p0, @p1, @p2, @p3)
RETURNING id;
[2025-05-13 10:46:35.721 +03:00  INF]  Executed DbCommand (1ms) [Parameters=[], CommandType='"Text"', CommandTimeout='30']
SELECT count(*)::int
FROM "ClientCopouns" AS c
[2025-05-13 10:46:35.725 +03:00  INF]  Executed DbCommand (1ms) [Parameters=[@__copoun_client_id_0='?', @__copoun_start_date_1='?' (DbType = Date), @__copoun_end_date_2='?' (DbType = Date)], CommandType='"Text"', CommandTimeout='30']
SELECT c.id, c.client_id, c.copoun, c.end_date, c.start_date
FROM "ClientCopouns" AS c
WHERE c.client_id = @__copoun_client_id_0 AND c.start_date = @__copoun_start_date_1 AND c.end_date = @__copoun_end_date_2
LIMIT 2
[2025-05-13 10:46:35.726 +03:00  INF]  Executing OkObjectResult, writing value of type 'WaslaApp.Data.Models.RegsistrationQuesResponse'.
[2025-05-13 10:46:35.727 +03:00  INF]  Executed action Wasla_App.Controllers.WaslaClientController.saveRegistrationSteps (Wasla_App) in 23.9059ms
[2025-05-13 10:46:35.727 +03:00  INF]  Executed endpoint 'Wasla_App.Controllers.WaslaClientController.saveRegistrationSteps (Wasla_App)'
[2025-05-13 10:46:35.727 +03:00  INF]  Request finished HTTP/2 POST https://localhost:7283/api/WaslaClient/saveRegistrationSteps - 200 null application/json; charset=utf-8 28.8785ms
[2025-05-13 10:47:44.803 +03:00  INF]  Request starting HTTP/2 OPTIONS https://localhost:7283/api/WaslaClient/saveRegistrationSteps - null null
[2025-05-13 10:47:44.804 +03:00  INF]  CORS policy execution successful.
[2025-05-13 10:47:44.805 +03:00  INF]  Request finished HTTP/2 OPTIONS https://localhost:7283/api/WaslaClient/saveRegistrationSteps - 204 null null 81.1502ms
[2025-05-13 10:47:44.854 +03:00  INF]  Request starting HTTP/2 POST https://localhost:7283/api/WaslaClient/saveRegistrationSteps - application/json 68
[2025-05-13 10:47:44.855 +03:00  INF]  CORS policy execution successful.
[2025-05-13 10:47:44.863 +03:00  INF]  Executing endpoint 'Wasla_App.Controllers.WaslaClientController.saveRegistrationSteps (Wasla_App)'
[2025-05-13 10:47:44.864 +03:00  INF]  Route matched with {action = "saveRegistrationSteps", controller = "WaslaClient"}. Executing controller action with signature Microsoft.AspNetCore.Mvc.IActionResult saveRegistrationSteps(System.Collections.Generic.List`1[WaslaApp.Data.Entities.RegistrationAnswer]) on controller Wasla_App.Controllers.WaslaClientController (Wasla_App).
[2025-05-13 10:47:44.883 +03:00  INF]  Executed DbCommand (3ms) [Parameters=[@p0='?', @p1='?', @p2='?', @p3='?' (DbType = Int32)], CommandType='"Text"', CommandTimeout='30']
INSERT INTO "RegistrationAnswers" (answer, client_id, lang_code, ques_id)
VALUES (@p0, @p1, @p2, @p3)
RETURNING id;
[2025-05-13 10:47:44.889 +03:00  INF]  Executed DbCommand (5ms) [Parameters=[], CommandType='"Text"', CommandTimeout='30']
SELECT count(*)::int
FROM "ClientCopouns" AS c
[2025-05-13 10:47:44.901 +03:00  INF]  Executed DbCommand (4ms) [Parameters=[@p0='?' (DbType = Decimal), @p1='?', @p2='?', @p3='?' (DbType = Date), @p4='?' (DbType = Date)], CommandType='"Text"', CommandTimeout='30']
INSERT INTO "ClientCopouns" (id, client_id, copoun, end_date, start_date)
VALUES (@p0, @p1, @p2, @p3, @p4);
[2025-05-13 10:47:50.438 +03:00  INF]  Executing OkObjectResult, writing value of type 'WaslaApp.Data.Models.RegsistrationQuesResponse'.
[2025-05-13 10:47:50.438 +03:00  INF]  Executed action Wasla_App.Controllers.WaslaClientController.saveRegistrationSteps (Wasla_App) in 5574.0499ms
[2025-05-13 10:47:50.438 +03:00  INF]  Executed endpoint 'Wasla_App.Controllers.WaslaClientController.saveRegistrationSteps (Wasla_App)'
[2025-05-13 10:47:50.438 +03:00  INF]  Request finished HTTP/2 POST https://localhost:7283/api/WaslaClient/saveRegistrationSteps - 200 null application/json; charset=utf-8 5584.7143ms
[2025-05-13 10:51:37.589 +03:00  INF]  Request starting HTTP/2 GET https://localhost:7283/swagger/index.html - null null
[2025-05-13 10:51:37.726 +03:00  INF]  Request finished HTTP/2 GET https://localhost:7283/swagger/index.html - 200 null text/html;charset=utf-8 137.383ms
[2025-05-13 10:51:37.844 +03:00  INF]  Request starting HTTP/2 GET https://localhost:7283/swagger/swagger-ui.css - null null
[2025-05-13 10:51:37.871 +03:00  INF]  Request starting HTTP/2 GET https://localhost:7283/swagger/swagger-ui-bundle.js - null null
[2025-05-13 10:51:37.885 +03:00  INF]  Request starting HTTP/2 GET https://localhost:7283/swagger/swagger-ui-standalone-preset.js - null null
[2025-05-13 10:51:37.953 +03:00  INF]  Sending file. Request path: '/swagger-ui.css'. Physical path: 'N/A'
[2025-05-13 10:51:37.953 +03:00  INF]  Request finished HTTP/2 GET https://localhost:7283/swagger/swagger-ui.css - 200 152034 text/css 108.5367ms
[2025-05-13 10:51:37.978 +03:00  INF]  Sending file. Request path: '/swagger-ui-standalone-preset.js'. Physical path: 'N/A'
[2025-05-13 10:51:37.978 +03:00  INF]  Request finished HTTP/2 GET https://localhost:7283/swagger/swagger-ui-standalone-preset.js - 200 230280 text/javascript 93.4765ms
[2025-05-13 10:51:38.025 +03:00  INF]  Sending file. Request path: '/swagger-ui-bundle.js'. Physical path: 'N/A'
[2025-05-13 10:51:38.025 +03:00  INF]  Request finished HTTP/2 GET https://localhost:7283/swagger/swagger-ui-bundle.js - 200 1456926 text/javascript 154.5026ms
[2025-05-13 10:51:38.066 +03:00  INF]  Request starting HTTP/2 GET https://localhost:7283/_framework/aspnetcore-browser-refresh.js - null null
[2025-05-13 10:51:38.068 +03:00  INF]  Request finished HTTP/2 GET https://localhost:7283/_framework/aspnetcore-browser-refresh.js - 200 13770 application/javascript; charset=utf-8 2.9311ms
[2025-05-13 10:51:38.173 +03:00  INF]  Request starting HTTP/2 GET https://localhost:7283/_vs/browserLink - null null
[2025-05-13 10:51:38.203 +03:00  INF]  Request finished HTTP/2 GET https://localhost:7283/_vs/browserLink - 200 null text/javascript; charset=UTF-8 30.9816ms
[2025-05-13 10:51:39.119 +03:00  INF]  Request starting HTTP/2 GET https://localhost:7283/swagger/v1/swagger.json - null null
[2025-05-13 10:51:39.129 +03:00  INF]  Request starting HTTP/2 GET https://localhost:7283/swagger/favicon-32x32.png - null null
[2025-05-13 10:51:39.129 +03:00  INF]  Sending file. Request path: '/favicon-32x32.png'. Physical path: 'N/A'
[2025-05-13 10:51:39.130 +03:00  INF]  Request finished HTTP/2 GET https://localhost:7283/swagger/favicon-32x32.png - 200 628 image/png 1.9115ms
[2025-05-13 10:51:39.202 +03:00  INF]  Request finished HTTP/2 GET https://localhost:7283/swagger/v1/swagger.json - 200 null application/json;charset=utf-8 83.8466ms
[2025-05-13 10:52:34.811 +03:00  INF]  User profile is available. Using 'C:\Users\ICONS\AppData\Local\ASP.NET\DataProtection-Keys' as key repository and Windows DPAPI to encrypt keys at rest.
[2025-05-13 10:52:36.342 +03:00  WRN]  The WebRootPath was not found: D:\WaslaProjectApi\Wasla_App\Wasla_App\wwwroot. Static files may be unavailable.
[2025-05-13 10:52:37.369 +03:00  INF]  Now listening on: https://localhost:7283
[2025-05-13 10:52:37.370 +03:00  INF]  Now listening on: http://localhost:5074
[2025-05-13 10:52:38.770 +03:00  INF]  Application started. Press Ctrl+C to shut down.
[2025-05-13 10:52:38.771 +03:00  INF]  Hosting environment: Development
[2025-05-13 10:52:38.771 +03:00  INF]  Content root path: D:\WaslaProjectApi\Wasla_App\Wasla_App
[2025-05-13 10:52:42.525 +03:00  INF]  Request starting HTTP/2 GET https://localhost:7283/swagger - null null
[2025-05-13 10:52:45.950 +03:00  INF]  Request finished HTTP/2 GET https://localhost:7283/swagger - 301 0 null 3756.5103ms
[2025-05-13 10:52:45.986 +03:00  INF]  Request starting HTTP/2 GET https://localhost:7283/swagger/index.html - null null
[2025-05-13 10:52:46.260 +03:00  INF]  Request finished HTTP/2 GET https://localhost:7283/swagger/index.html - 200 null text/html;charset=utf-8 274.0168ms
[2025-05-13 10:52:48.032 +03:00  INF]  Request starting HTTP/2 GET https://localhost:7283/_framework/aspnetcore-browser-refresh.js - null null
[2025-05-13 10:52:48.040 +03:00  INF]  Request finished HTTP/2 GET https://localhost:7283/_framework/aspnetcore-browser-refresh.js - 200 13770 application/javascript; charset=utf-8 7.6033ms
[2025-05-13 10:52:48.121 +03:00  INF]  Request starting HTTP/2 GET https://localhost:7283/_vs/browserLink - null null
[2025-05-13 10:52:48.219 +03:00  INF]  Request finished HTTP/2 GET https://localhost:7283/_vs/browserLink - 200 null text/javascript; charset=UTF-8 97.674ms
[2025-05-13 10:52:50.072 +03:00  INF]  Request starting HTTP/2 GET https://localhost:7283/swagger/v1/swagger.json - null null
[2025-05-13 10:52:50.103 +03:00  INF]  Request finished HTTP/2 GET https://localhost:7283/swagger/v1/swagger.json - 200 null application/json;charset=utf-8 30.9494ms
[2025-05-13 10:56:12.121 +03:00  INF]  Request starting HTTP/2 OPTIONS https://localhost:7283/api/WaslaClient/GetProfileImage - null null
[2025-05-13 10:56:12.122 +03:00  INF]  Request starting HTTP/2 OPTIONS https://localhost:7283/api/WaslaClient/GetClientProfiles - null null
[2025-05-13 10:56:12.156 +03:00  INF]  CORS policy execution successful.
[2025-05-13 10:56:12.157 +03:00  INF]  CORS policy execution successful.
[2025-05-13 10:56:12.163 +03:00  INF]  Request finished HTTP/2 OPTIONS https://localhost:7283/api/WaslaClient/GetProfileImage - 204 null null 73.4595ms
[2025-05-13 10:56:12.163 +03:00  INF]  Request finished HTTP/2 OPTIONS https://localhost:7283/api/WaslaClient/GetClientProfiles - 204 null null 73.3726ms
[2025-05-13 10:56:12.168 +03:00  INF]  Request starting HTTP/2 POST https://localhost:7283/api/WaslaClient/GetProfileImage - application/json 2
[2025-05-13 10:56:12.168 +03:00  INF]  Request starting HTTP/2 POST https://localhost:7283/api/WaslaClient/GetClientProfiles - application/json 2
[2025-05-13 10:56:12.172 +03:00  INF]  CORS policy execution successful.
[2025-05-13 10:56:12.175 +03:00  INF]  CORS policy execution successful.
[2025-05-13 10:56:12.510 +03:00  INF]  Executing endpoint 'Wasla_App.Controllers.WaslaClientController.GetClientProfiles (Wasla_App)'
[2025-05-13 10:56:12.510 +03:00  INF]  Executing endpoint 'Wasla_App.Controllers.WaslaClientController.GetProfileImage (Wasla_App)'
[2025-05-13 10:56:12.560 +03:00  INF]  Route matched with {action = "GetProfileImage", controller = "WaslaClient"}. Executing controller action with signature System.Threading.Tasks.Task`1[Microsoft.AspNetCore.Mvc.IActionResult] GetProfileImage() on controller Wasla_App.Controllers.WaslaClientController (Wasla_App).
[2025-05-13 10:56:12.560 +03:00  INF]  Route matched with {action = "GetClientProfiles", controller = "WaslaClient"}. Executing controller action with signature System.Threading.Tasks.Task`1[Microsoft.AspNetCore.Mvc.IActionResult] GetClientProfiles() on controller Wasla_App.Controllers.WaslaClientController (Wasla_App).
[2025-05-13 10:56:14.748 +03:00  INF]  Executed DbCommand (100ms) [Parameters=[@__clientId_0='?'], CommandType='"Text"', CommandTimeout='30']
SELECT c.id, c.client_id, c.img_name, c.type, 'https://waslaa.de:4431//' || COALESCE(c.img_path, '') AS img_path
FROM "ClientImages" AS c
WHERE c.client_id = @__clientId_0 AND c.type = 1
[2025-05-13 10:56:14.748 +03:00  INF]  Executed DbCommand (102ms) [Parameters=[@__clientId_0='?'], CommandType='"Text"', CommandTimeout='30']
SELECT c.client_birthday, c.client_email, c.client_id, c.client_name, c.fb_link, c.gender, c.lang, c.nation, c.pay_code, c.phone_number, c.profile_id, c.twitter_link
FROM "ClientProfile" AS c
WHERE c.client_id = @__clientId_0
[2025-05-13 10:56:14.789 +03:00  INF]  Executing OkObjectResult, writing value of type 'System.Collections.Generic.List`1[[WaslaApp.Data.Entities.ClientImage, WaslaApp.Data, Version=1.0.0.0, Culture=neutral, PublicKeyToken=null]]'.
[2025-05-13 10:56:14.789 +03:00  INF]  Executing OkObjectResult, writing value of type 'System.Collections.Generic.List`1[[WaslaApp.Data.Models.ClientProfileCast, WaslaApp.Data, Version=1.0.0.0, Culture=neutral, PublicKeyToken=null]]'.
[2025-05-13 10:56:14.820 +03:00  INF]  Executed action Wasla_App.Controllers.WaslaClientController.GetClientProfiles (Wasla_App) in 2250.7718ms
[2025-05-13 10:56:14.821 +03:00  INF]  Executed endpoint 'Wasla_App.Controllers.WaslaClientController.GetClientProfiles (Wasla_App)'
[2025-05-13 10:56:14.822 +03:00  INF]  Executed action Wasla_App.Controllers.WaslaClientController.GetProfileImage (Wasla_App) in 2260.8382ms
[2025-05-13 10:56:14.823 +03:00  INF]  Executed endpoint 'Wasla_App.Controllers.WaslaClientController.GetProfileImage (Wasla_App)'
[2025-05-13 10:56:14.845 +03:00  INF]  Request finished HTTP/2 POST https://localhost:7283/api/WaslaClient/GetClientProfiles - 200 null application/json; charset=utf-8 2676.3446ms
[2025-05-13 10:56:14.846 +03:00  INF]  Request finished HTTP/2 POST https://localhost:7283/api/WaslaClient/GetProfileImage - 200 null application/json; charset=utf-8 2676.3445ms
[2025-05-13 10:56:32.783 +03:00  INF]  Request starting HTTP/2 OPTIONS https://localhost:7283/api/WaslaClient/getQuesWithAnswers - null null
[2025-05-13 10:56:32.784 +03:00  INF]  CORS policy execution successful.
[2025-05-13 10:56:32.784 +03:00  INF]  Request finished HTTP/2 OPTIONS https://localhost:7283/api/WaslaClient/getQuesWithAnswers - 204 null null 1.2379ms
[2025-05-13 10:56:32.787 +03:00  INF]  Request starting HTTP/2 POST https://localhost:7283/api/WaslaClient/getQuesWithAnswers - application/json 13
[2025-05-13 10:56:32.787 +03:00  INF]  CORS policy execution successful.
[2025-05-13 10:56:32.801 +03:00  INF]  Executing endpoint 'Wasla_App.Controllers.WaslaClientController.getQuesWithAnswers (Wasla_App)'
[2025-05-13 10:56:32.813 +03:00  INF]  Route matched with {action = "getQuesWithAnswers", controller = "WaslaClient"}. Executing controller action with signature Microsoft.AspNetCore.Mvc.IActionResult getQuesWithAnswers(WaslaApp.Data.Models.QuesLstReq) on controller Wasla_App.Controllers.WaslaClientController (Wasla_App).
[2025-05-13 10:56:33.030 +03:00  INF]  Executed DbCommand (9ms) [Parameters=[@__clientId_1='?', @__lang_0='?'], CommandType='"Text"', CommandTimeout='30']
SELECT r.ques_id, r.lang_code, r1.client_id, r1.answer, r."order", r.ques_title, r.ques_type
FROM "RegistrationQuestions" AS r
LEFT JOIN (
    SELECT r0.answer, r0.client_id, r0.ques_id
    FROM "RegistrationAnswers" AS r0
    WHERE r0.client_id = @__clientId_1
) AS r1 ON r.ques_id = r1.ques_id
WHERE r.lang_code = @__lang_0
[2025-05-13 10:56:33.033 +03:00  INF]  Executing OkObjectResult, writing value of type 'System.Collections.Generic.List`1[[WaslaApp.Data.Models.QuesWithAnswers, WaslaApp.Data, Version=1.0.0.0, Culture=neutral, PublicKeyToken=null]]'.
[2025-05-13 10:56:33.036 +03:00  INF]  Executed action Wasla_App.Controllers.WaslaClientController.getQuesWithAnswers (Wasla_App) in 222.7844ms
[2025-05-13 10:56:33.036 +03:00  INF]  Executed endpoint 'Wasla_App.Controllers.WaslaClientController.getQuesWithAnswers (Wasla_App)'
[2025-05-13 10:56:33.036 +03:00  INF]  Request finished HTTP/2 POST https://localhost:7283/api/WaslaClient/getQuesWithAnswers - 200 null application/json; charset=utf-8 249.5167ms
[2025-05-13 10:58:12.456 +03:00  INF]  Request starting HTTP/2 OPTIONS https://localhost:7283/api/WaslaClient/getQuesWithAnswers - null null
[2025-05-13 10:58:12.456 +03:00  INF]  CORS policy execution successful.
[2025-05-13 10:58:12.456 +03:00  INF]  Request finished HTTP/2 OPTIONS https://localhost:7283/api/WaslaClient/getQuesWithAnswers - 204 null null 0.8608ms
[2025-05-13 10:58:12.702 +03:00  INF]  Request starting HTTP/2 POST https://localhost:7283/api/WaslaClient/getQuesWithAnswers - application/json 13
[2025-05-13 10:58:12.703 +03:00  INF]  CORS policy execution successful.
[2025-05-13 10:58:12.751 +03:00  INF]  Executing endpoint 'Wasla_App.Controllers.WaslaClientController.getQuesWithAnswers (Wasla_App)'
[2025-05-13 10:58:12.751 +03:00  INF]  Route matched with {action = "getQuesWithAnswers", controller = "WaslaClient"}. Executing controller action with signature Microsoft.AspNetCore.Mvc.IActionResult getQuesWithAnswers(WaslaApp.Data.Models.QuesLstReq) on controller Wasla_App.Controllers.WaslaClientController (Wasla_App).
[2025-05-13 10:58:12.816 +03:00  INF]  Executed DbCommand (7ms) [Parameters=[@__clientId_1='?', @__lang_0='?'], CommandType='"Text"', CommandTimeout='30']
SELECT r.ques_id, r.lang_code, r1.client_id, r1.answer, r."order", r.ques_title, r.ques_type
FROM "RegistrationQuestions" AS r
LEFT JOIN (
    SELECT r0.answer, r0.client_id, r0.ques_id
    FROM "RegistrationAnswers" AS r0
    WHERE r0.client_id = @__clientId_1
) AS r1 ON r.ques_id = r1.ques_id
WHERE r.lang_code = @__lang_0
[2025-05-13 10:58:12.818 +03:00  INF]  Executing OkObjectResult, writing value of type 'System.Collections.Generic.List`1[[WaslaApp.Data.Models.QuesWithAnswers, WaslaApp.Data, Version=1.0.0.0, Culture=neutral, PublicKeyToken=null]]'.
[2025-05-13 10:58:12.820 +03:00  INF]  Executed action Wasla_App.Controllers.WaslaClientController.getQuesWithAnswers (Wasla_App) in 68.2027ms
[2025-05-13 10:58:12.820 +03:00  INF]  Executed endpoint 'Wasla_App.Controllers.WaslaClientController.getQuesWithAnswers (Wasla_App)'
[2025-05-13 10:58:12.820 +03:00  INF]  Request finished HTTP/2 POST https://localhost:7283/api/WaslaClient/getQuesWithAnswers - 200 null application/json; charset=utf-8 121.5956ms
[2025-05-13 10:58:44.794 +03:00  INF]  Request starting HTTP/2 OPTIONS https://localhost:7283/api/WaslaClient/getQuesWithAnswers - null null
[2025-05-13 10:58:44.795 +03:00  INF]  CORS policy execution successful.
[2025-05-13 10:58:44.795 +03:00  INF]  Request finished HTTP/2 OPTIONS https://localhost:7283/api/WaslaClient/getQuesWithAnswers - 204 null null 0.5623ms
[2025-05-13 10:58:44.906 +03:00  INF]  Request starting HTTP/2 POST https://localhost:7283/api/WaslaClient/getQuesWithAnswers - application/json 13
[2025-05-13 10:58:44.907 +03:00  INF]  CORS policy execution successful.
[2025-05-13 10:58:44.907 +03:00  INF]  Executing endpoint 'Wasla_App.Controllers.WaslaClientController.getQuesWithAnswers (Wasla_App)'
[2025-05-13 10:58:44.908 +03:00  INF]  Route matched with {action = "getQuesWithAnswers", controller = "WaslaClient"}. Executing controller action with signature Microsoft.AspNetCore.Mvc.IActionResult getQuesWithAnswers(WaslaApp.Data.Models.QuesLstReq) on controller Wasla_App.Controllers.WaslaClientController (Wasla_App).
[2025-05-13 10:58:44.915 +03:00  INF]  Executed DbCommand (4ms) [Parameters=[@__clientId_1='?', @__lang_0='?'], CommandType='"Text"', CommandTimeout='30']
SELECT r.ques_id, r.lang_code, r1.client_id, r1.answer, r."order", r.ques_title, r.ques_type
FROM "RegistrationQuestions" AS r
LEFT JOIN (
    SELECT r0.answer, r0.client_id, r0.ques_id
    FROM "RegistrationAnswers" AS r0
    WHERE r0.client_id = @__clientId_1
) AS r1 ON r.ques_id = r1.ques_id
WHERE r.lang_code = @__lang_0
[2025-05-13 10:58:44.916 +03:00  INF]  Executing OkObjectResult, writing value of type 'System.Collections.Generic.List`1[[WaslaApp.Data.Models.QuesWithAnswers, WaslaApp.Data, Version=1.0.0.0, Culture=neutral, PublicKeyToken=null]]'.
[2025-05-13 10:58:44.916 +03:00  INF]  Executed action Wasla_App.Controllers.WaslaClientController.getQuesWithAnswers (Wasla_App) in 8.173ms
[2025-05-13 10:58:44.916 +03:00  INF]  Executed endpoint 'Wasla_App.Controllers.WaslaClientController.getQuesWithAnswers (Wasla_App)'
[2025-05-13 10:58:44.916 +03:00  INF]  Request finished HTTP/2 POST https://localhost:7283/api/WaslaClient/getQuesWithAnswers - 200 null application/json; charset=utf-8 10.0373ms
[2025-05-13 10:59:01.164 +03:00  INF]  Request starting HTTP/2 OPTIONS https://localhost:7283/api/WaslaClient/getQuesWithAnswers - null null
[2025-05-13 10:59:01.168 +03:00  INF]  CORS policy execution successful.
[2025-05-13 10:59:01.168 +03:00  INF]  Request finished HTTP/2 OPTIONS https://localhost:7283/api/WaslaClient/getQuesWithAnswers - 204 null null 3.9847ms
[2025-05-13 10:59:01.176 +03:00  INF]  Request starting HTTP/2 POST https://localhost:7283/api/WaslaClient/getQuesWithAnswers - application/json 13
[2025-05-13 10:59:01.176 +03:00  INF]  CORS policy execution successful.
[2025-05-13 10:59:01.185 +03:00  INF]  Executing endpoint 'Wasla_App.Controllers.WaslaClientController.getQuesWithAnswers (Wasla_App)'
[2025-05-13 10:59:01.185 +03:00  INF]  Route matched with {action = "getQuesWithAnswers", controller = "WaslaClient"}. Executing controller action with signature Microsoft.AspNetCore.Mvc.IActionResult getQuesWithAnswers(WaslaApp.Data.Models.QuesLstReq) on controller Wasla_App.Controllers.WaslaClientController (Wasla_App).
[2025-05-13 10:59:01.189 +03:00  INF]  Executed DbCommand (1ms) [Parameters=[@__clientId_1='?', @__lang_0='?'], CommandType='"Text"', CommandTimeout='30']
SELECT r.ques_id, r.lang_code, r1.client_id, r1.answer, r."order", r.ques_title, r.ques_type
FROM "RegistrationQuestions" AS r
LEFT JOIN (
    SELECT r0.answer, r0.client_id, r0.ques_id
    FROM "RegistrationAnswers" AS r0
    WHERE r0.client_id = @__clientId_1
) AS r1 ON r.ques_id = r1.ques_id
WHERE r.lang_code = @__lang_0
[2025-05-13 10:59:01.190 +03:00  INF]  Executing OkObjectResult, writing value of type 'System.Collections.Generic.List`1[[WaslaApp.Data.Models.QuesWithAnswers, WaslaApp.Data, Version=1.0.0.0, Culture=neutral, PublicKeyToken=null]]'.
[2025-05-13 10:59:01.190 +03:00  INF]  Executed action Wasla_App.Controllers.WaslaClientController.getQuesWithAnswers (Wasla_App) in 5.3401ms
[2025-05-13 10:59:01.190 +03:00  INF]  Executed endpoint 'Wasla_App.Controllers.WaslaClientController.getQuesWithAnswers (Wasla_App)'
[2025-05-13 10:59:01.191 +03:00  INF]  Request finished HTTP/2 POST https://localhost:7283/api/WaslaClient/getQuesWithAnswers - 200 null application/json; charset=utf-8 14.9512ms
[2025-05-13 10:59:43.338 +03:00  INF]  Request starting HTTP/2 OPTIONS https://localhost:7283/api/WaslaClient/saveRegistrationSteps - null null
[2025-05-13 10:59:43.340 +03:00  INF]  CORS policy execution successful.
[2025-05-13 10:59:43.341 +03:00  INF]  Request finished HTTP/2 OPTIONS https://localhost:7283/api/WaslaClient/saveRegistrationSteps - 204 null null 2.3504ms
[2025-05-13 10:59:43.388 +03:00  INF]  Request starting HTTP/2 POST https://localhost:7283/api/WaslaClient/saveRegistrationSteps - application/json 68
[2025-05-13 10:59:43.389 +03:00  INF]  CORS policy execution successful.
[2025-05-13 10:59:43.400 +03:00  INF]  Executing endpoint 'Wasla_App.Controllers.WaslaClientController.saveRegistrationSteps (Wasla_App)'
[2025-05-13 10:59:43.403 +03:00  INF]  Route matched with {action = "saveRegistrationSteps", controller = "WaslaClient"}. Executing controller action with signature Microsoft.AspNetCore.Mvc.IActionResult saveRegistrationSteps(System.Collections.Generic.List`1[WaslaApp.Data.Entities.RegistrationAnswer]) on controller Wasla_App.Controllers.WaslaClientController (Wasla_App).
[2025-05-13 10:59:43.664 +03:00  INF]  Executed DbCommand (11ms) [Parameters=[@p0='?', @p1='?', @p2='?', @p3='?' (DbType = Int32)], CommandType='"Text"', CommandTimeout='30']
INSERT INTO "RegistrationAnswers" (answer, client_id, lang_code, ques_id)
VALUES (@p0, @p1, @p2, @p3)
RETURNING id;
[2025-05-13 10:59:43.724 +03:00  INF]  Executed DbCommand (9ms) [Parameters=[], CommandType='"Text"', CommandTimeout='30']
SELECT count(*)::int
FROM "ClientCopouns" AS c
[2025-05-13 10:59:43.779 +03:00  INF]  Executed DbCommand (11ms) [Parameters=[@p0='?' (DbType = Decimal), @p1='?', @p2='?', @p3='?' (DbType = Date), @p4='?' (DbType = Date)], CommandType='"Text"', CommandTimeout='30']
INSERT INTO "ClientCopouns" (id, client_id, copoun, end_date, start_date)
VALUES (@p0, @p1, @p2, @p3, @p4);
[2025-05-13 10:59:49.987 +03:00  INF]  Executing OkObjectResult, writing value of type 'WaslaApp.Data.Models.RegsistrationQuesResponse'.
[2025-05-13 10:59:49.996 +03:00  INF]  Executed action Wasla_App.Controllers.WaslaClientController.saveRegistrationSteps (Wasla_App) in 6593.3469ms
[2025-05-13 10:59:49.996 +03:00  INF]  Executed endpoint 'Wasla_App.Controllers.WaslaClientController.saveRegistrationSteps (Wasla_App)'
[2025-05-13 10:59:49.997 +03:00  INF]  Request finished HTTP/2 POST https://localhost:7283/api/WaslaClient/saveRegistrationSteps - 200 null application/json; charset=utf-8 6608.4082ms
[2025-05-13 11:00:20.830 +03:00  INF]  Request starting HTTP/2 OPTIONS https://localhost:7283/api/WaslaClient/getQuesWithAnswers - null null
[2025-05-13 11:00:20.830 +03:00  INF]  CORS policy execution successful.
[2025-05-13 11:00:20.831 +03:00  INF]  Request finished HTTP/2 OPTIONS https://localhost:7283/api/WaslaClient/getQuesWithAnswers - 204 null null 0.4966ms
[2025-05-13 11:00:20.850 +03:00  INF]  Request starting HTTP/2 POST https://localhost:7283/api/WaslaClient/getQuesWithAnswers - application/json 13
[2025-05-13 11:00:20.850 +03:00  INF]  CORS policy execution successful.
[2025-05-13 11:00:20.851 +03:00  INF]  Executing endpoint 'Wasla_App.Controllers.WaslaClientController.getQuesWithAnswers (Wasla_App)'
[2025-05-13 11:00:20.851 +03:00  INF]  Route matched with {action = "getQuesWithAnswers", controller = "WaslaClient"}. Executing controller action with signature Microsoft.AspNetCore.Mvc.IActionResult getQuesWithAnswers(WaslaApp.Data.Models.QuesLstReq) on controller Wasla_App.Controllers.WaslaClientController (Wasla_App).
[2025-05-13 11:00:20.857 +03:00  INF]  Executed DbCommand (2ms) [Parameters=[@__clientId_1='?', @__lang_0='?'], CommandType='"Text"', CommandTimeout='30']
SELECT r.ques_id, r.lang_code, r1.client_id, r1.answer, r."order", r.ques_title, r.ques_type
FROM "RegistrationQuestions" AS r
LEFT JOIN (
    SELECT r0.answer, r0.client_id, r0.ques_id
    FROM "RegistrationAnswers" AS r0
    WHERE r0.client_id = @__clientId_1
) AS r1 ON r.ques_id = r1.ques_id
WHERE r.lang_code = @__lang_0
[2025-05-13 11:00:20.858 +03:00  INF]  Executing OkObjectResult, writing value of type 'System.Collections.Generic.List`1[[WaslaApp.Data.Models.QuesWithAnswers, WaslaApp.Data, Version=1.0.0.0, Culture=neutral, PublicKeyToken=null]]'.
[2025-05-13 11:00:20.858 +03:00  INF]  Executed action Wasla_App.Controllers.WaslaClientController.getQuesWithAnswers (Wasla_App) in 6.881ms
[2025-05-13 11:00:20.858 +03:00  INF]  Executed endpoint 'Wasla_App.Controllers.WaslaClientController.getQuesWithAnswers (Wasla_App)'
[2025-05-13 11:00:20.858 +03:00  INF]  Request finished HTTP/2 POST https://localhost:7283/api/WaslaClient/getQuesWithAnswers - 200 null application/json; charset=utf-8 8.1624ms
[2025-05-13 11:00:33.851 +03:00  INF]  Request starting HTTP/2 OPTIONS https://localhost:7283/api/WaslaClient/GetClientProfiles - null null
[2025-05-13 11:00:33.851 +03:00  INF]  CORS policy execution successful.
[2025-05-13 11:00:33.852 +03:00  INF]  Request finished HTTP/2 OPTIONS https://localhost:7283/api/WaslaClient/GetClientProfiles - 204 null null 1.1171ms
[2025-05-13 11:00:33.851 +03:00  INF]  Request starting HTTP/2 OPTIONS https://localhost:7283/api/WaslaClient/GetProfileImage - null null
[2025-05-13 11:00:33.855 +03:00  INF]  CORS policy execution successful.
[2025-05-13 11:00:33.855 +03:00  INF]  Request finished HTTP/2 OPTIONS https://localhost:7283/api/WaslaClient/GetProfileImage - 204 null null 4.7005ms
[2025-05-13 11:00:33.859 +03:00  INF]  Request starting HTTP/2 POST https://localhost:7283/api/WaslaClient/GetProfileImage - application/json 2
[2025-05-13 11:00:33.859 +03:00  INF]  Request starting HTTP/2 POST https://localhost:7283/api/WaslaClient/GetClientProfiles - application/json 2
[2025-05-13 11:00:33.859 +03:00  INF]  CORS policy execution successful.
[2025-05-13 11:00:33.860 +03:00  INF]  Executing endpoint 'Wasla_App.Controllers.WaslaClientController.GetClientProfiles (Wasla_App)'
[2025-05-13 11:00:33.860 +03:00  INF]  Route matched with {action = "GetClientProfiles", controller = "WaslaClient"}. Executing controller action with signature System.Threading.Tasks.Task`1[Microsoft.AspNetCore.Mvc.IActionResult] GetClientProfiles() on controller Wasla_App.Controllers.WaslaClientController (Wasla_App).
[2025-05-13 11:00:33.860 +03:00  INF]  CORS policy execution successful.
[2025-05-13 11:00:33.861 +03:00  INF]  Executing endpoint 'Wasla_App.Controllers.WaslaClientController.GetProfileImage (Wasla_App)'
[2025-05-13 11:00:33.861 +03:00  INF]  Route matched with {action = "GetProfileImage", controller = "WaslaClient"}. Executing controller action with signature System.Threading.Tasks.Task`1[Microsoft.AspNetCore.Mvc.IActionResult] GetProfileImage() on controller Wasla_App.Controllers.WaslaClientController (Wasla_App).
[2025-05-13 11:00:33.891 +03:00  INF]  Executed DbCommand (26ms) [Parameters=[@__clientId_0='?'], CommandType='"Text"', CommandTimeout='30']
SELECT c.client_birthday, c.client_email, c.client_id, c.client_name, c.fb_link, c.gender, c.lang, c.nation, c.pay_code, c.phone_number, c.profile_id, c.twitter_link
FROM "ClientProfile" AS c
WHERE c.client_id = @__clientId_0
[2025-05-13 11:00:33.892 +03:00  INF]  Executing OkObjectResult, writing value of type 'System.Collections.Generic.List`1[[WaslaApp.Data.Models.ClientProfileCast, WaslaApp.Data, Version=1.0.0.0, Culture=neutral, PublicKeyToken=null]]'.
[2025-05-13 11:00:33.892 +03:00  INF]  Executed action Wasla_App.Controllers.WaslaClientController.GetClientProfiles (Wasla_App) in 31.9262ms
[2025-05-13 11:00:33.892 +03:00  INF]  Executed endpoint 'Wasla_App.Controllers.WaslaClientController.GetClientProfiles (Wasla_App)'
[2025-05-13 11:00:33.893 +03:00  INF]  Request finished HTTP/2 POST https://localhost:7283/api/WaslaClient/GetClientProfiles - 200 null application/json; charset=utf-8 34.0266ms
[2025-05-13 11:00:33.914 +03:00  INF]  Executed DbCommand (23ms) [Parameters=[@__clientId_0='?'], CommandType='"Text"', CommandTimeout='30']
SELECT c.id, c.client_id, c.img_name, c.type, 'https://waslaa.de:4431//' || COALESCE(c.img_path, '') AS img_path
FROM "ClientImages" AS c
WHERE c.client_id = @__clientId_0 AND c.type = 1
[2025-05-13 11:00:33.932 +03:00  INF]  Executing OkObjectResult, writing value of type 'System.Collections.Generic.List`1[[WaslaApp.Data.Entities.ClientImage, WaslaApp.Data, Version=1.0.0.0, Culture=neutral, PublicKeyToken=null]]'.
[2025-05-13 11:00:33.942 +03:00  INF]  Executed action Wasla_App.Controllers.WaslaClientController.GetProfileImage (Wasla_App) in 79.1612ms
[2025-05-13 11:00:33.943 +03:00  INF]  Executed endpoint 'Wasla_App.Controllers.WaslaClientController.GetProfileImage (Wasla_App)'
[2025-05-13 11:00:33.943 +03:00  INF]  Request finished HTTP/2 POST https://localhost:7283/api/WaslaClient/GetProfileImage - 200 null application/json; charset=utf-8 84.2164ms
[2025-05-13 11:04:11.791 +03:00  INF]  User profile is available. Using 'C:\Users\ICONS\AppData\Local\ASP.NET\DataProtection-Keys' as key repository and Windows DPAPI to encrypt keys at rest.
[2025-05-13 11:04:12.434 +03:00  WRN]  The WebRootPath was not found: D:\WaslaProjectApi\Wasla_App\Wasla_App\wwwroot. Static files may be unavailable.
[2025-05-13 11:04:12.974 +03:00  INF]  Now listening on: https://localhost:7283
[2025-05-13 11:04:12.975 +03:00  INF]  Now listening on: http://localhost:5074
[2025-05-13 11:04:14.329 +03:00  INF]  Application started. Press Ctrl+C to shut down.
[2025-05-13 11:04:14.330 +03:00  INF]  Hosting environment: Development
[2025-05-13 11:04:14.330 +03:00  INF]  Content root path: D:\WaslaProjectApi\Wasla_App\Wasla_App
[2025-05-13 11:04:15.905 +03:00  INF]  Request starting HTTP/2 GET https://localhost:7283/swagger - null null
[2025-05-13 11:04:16.742 +03:00  INF]  Request finished HTTP/2 GET https://localhost:7283/swagger - 301 0 null 858.0214ms
[2025-05-13 11:04:16.802 +03:00  INF]  Request starting HTTP/2 GET https://localhost:7283/swagger/index.html - null null
[2025-05-13 11:04:17.037 +03:00  INF]  Request finished HTTP/2 GET https://localhost:7283/swagger/index.html - 200 null text/html;charset=utf-8 235.0446ms
[2025-05-13 11:04:17.109 +03:00  INF]  Request starting HTTP/2 GET https://localhost:7283/swagger/swagger-ui.css - null null
[2025-05-13 11:04:17.146 +03:00  INF]  Request starting HTTP/2 GET https://localhost:7283/swagger/swagger-ui-bundle.js - null null
[2025-05-13 11:04:17.146 +03:00  INF]  Request starting HTTP/2 GET https://localhost:7283/swagger/swagger-ui-standalone-preset.js - null null
[2025-05-13 11:04:17.406 +03:00  INF]  Sending file. Request path: '/swagger-ui-standalone-preset.js'. Physical path: 'N/A'
[2025-05-13 11:04:17.406 +03:00  INF]  Request finished HTTP/2 GET https://localhost:7283/swagger/swagger-ui-standalone-preset.js - 200 230280 text/javascript 260.33ms
[2025-05-13 11:04:17.406 +03:00  INF]  Sending file. Request path: '/swagger-ui.css'. Physical path: 'N/A'
[2025-05-13 11:04:17.466 +03:00  INF]  Request finished HTTP/2 GET https://localhost:7283/swagger/swagger-ui.css - 200 152034 text/css 356.6382ms
[2025-05-13 11:04:17.543 +03:00  INF]  Sending file. Request path: '/swagger-ui-bundle.js'. Physical path: 'N/A'
[2025-05-13 11:04:17.543 +03:00  INF]  Request finished HTTP/2 GET https://localhost:7283/swagger/swagger-ui-bundle.js - 200 1456926 text/javascript 397.5664ms
[2025-05-13 11:04:18.076 +03:00  INF]  Request starting HTTP/2 GET https://localhost:7283/_framework/aspnetcore-browser-refresh.js - null null
[2025-05-13 11:04:18.116 +03:00  INF]  Request finished HTTP/2 GET https://localhost:7283/_framework/aspnetcore-browser-refresh.js - 200 13770 application/javascript; charset=utf-8 40.2749ms
[2025-05-13 11:04:18.149 +03:00  INF]  Request starting HTTP/2 GET https://localhost:7283/_vs/browserLink - null null
[2025-05-13 11:04:18.480 +03:00  INF]  Request finished HTTP/2 GET https://localhost:7283/_vs/browserLink - 200 null text/javascript; charset=UTF-8 331.2489ms
[2025-05-13 11:04:20.017 +03:00  INF]  Request starting HTTP/2 GET https://localhost:7283/swagger/v1/swagger.json - null null
[2025-05-13 11:04:20.076 +03:00  INF]  Request finished HTTP/2 GET https://localhost:7283/swagger/v1/swagger.json - 200 null application/json;charset=utf-8 58.8175ms
[2025-05-13 11:04:20.131 +03:00  INF]  Request starting HTTP/2 GET https://localhost:7283/swagger/favicon-32x32.png - null null
[2025-05-13 11:04:20.131 +03:00  INF]  Sending file. Request path: '/favicon-32x32.png'. Physical path: 'N/A'
[2025-05-13 11:04:20.132 +03:00  INF]  Request finished HTTP/2 GET https://localhost:7283/swagger/favicon-32x32.png - 200 628 image/png 1.2487ms
[2025-05-13 11:04:52.313 +03:00  INF]  Request starting HTTP/2 OPTIONS https://localhost:7283/api/WaslaClient/getQuesWithAnswers - null null
[2025-05-13 11:04:52.319 +03:00  INF]  CORS policy execution successful.
[2025-05-13 11:04:52.321 +03:00  INF]  Request finished HTTP/2 OPTIONS https://localhost:7283/api/WaslaClient/getQuesWithAnswers - 204 null null 8.359ms
[2025-05-13 11:04:52.329 +03:00  INF]  Request starting HTTP/2 POST https://localhost:7283/api/WaslaClient/getQuesWithAnswers - application/json 13
[2025-05-13 11:04:52.330 +03:00  INF]  CORS policy execution successful.
[2025-05-13 11:04:53.503 +03:00  INF]  Executing endpoint 'Wasla_App.Controllers.WaslaClientController.getQuesWithAnswers (Wasla_App)'
[2025-05-13 11:04:53.609 +03:00  INF]  Route matched with {action = "getQuesWithAnswers", controller = "WaslaClient"}. Executing controller action with signature Microsoft.AspNetCore.Mvc.IActionResult getQuesWithAnswers(WaslaApp.Data.Models.QuesLstReq) on controller Wasla_App.Controllers.WaslaClientController (Wasla_App).
[2025-05-13 11:04:57.590 +03:00  INF]  Executed DbCommand (193ms) [Parameters=[@__clientId_1='?', @__lang_0='?'], CommandType='"Text"', CommandTimeout='30']
SELECT r.ques_id, r.lang_code, r1.client_id, r1.answer, r."order", r.ques_title, r.ques_type
FROM "RegistrationQuestions" AS r
LEFT JOIN (
    SELECT r0.answer, r0.client_id, r0.ques_id
    FROM "RegistrationAnswers" AS r0
    WHERE r0.client_id = @__clientId_1
) AS r1 ON r.ques_id = r1.ques_id
WHERE r.lang_code = @__lang_0
[2025-05-13 11:04:57.628 +03:00  INF]  Executing OkObjectResult, writing value of type 'System.Collections.Generic.List`1[[WaslaApp.Data.Models.QuesWithAnswers, WaslaApp.Data, Version=1.0.0.0, Culture=neutral, PublicKeyToken=null]]'.
[2025-05-13 11:04:57.645 +03:00  INF]  Executed action Wasla_App.Controllers.WaslaClientController.getQuesWithAnswers (Wasla_App) in 4025.8486ms
[2025-05-13 11:04:57.645 +03:00  INF]  Executed endpoint 'Wasla_App.Controllers.WaslaClientController.getQuesWithAnswers (Wasla_App)'
[2025-05-13 11:04:57.670 +03:00  INF]  Request finished HTTP/2 POST https://localhost:7283/api/WaslaClient/getQuesWithAnswers - 200 null application/json; charset=utf-8 5340.2804ms
[2025-05-13 11:05:05.091 +03:00  INF]  Request starting HTTP/2 OPTIONS https://localhost:7283/api/WaslaClient/saveRegistrationSteps - null null
[2025-05-13 11:05:05.093 +03:00  INF]  CORS policy execution successful.
[2025-05-13 11:05:05.093 +03:00  INF]  Request finished HTTP/2 OPTIONS https://localhost:7283/api/WaslaClient/saveRegistrationSteps - 204 null null 2.8165ms
[2025-05-13 11:05:05.106 +03:00  INF]  Request starting HTTP/2 POST https://localhost:7283/api/WaslaClient/saveRegistrationSteps - application/json 69
[2025-05-13 11:05:05.106 +03:00  INF]  CORS policy execution successful.
[2025-05-13 11:05:05.147 +03:00  INF]  Executing endpoint 'Wasla_App.Controllers.WaslaClientController.saveRegistrationSteps (Wasla_App)'
[2025-05-13 11:05:05.154 +03:00  INF]  Route matched with {action = "saveRegistrationSteps", controller = "WaslaClient"}. Executing controller action with signature Microsoft.AspNetCore.Mvc.IActionResult saveRegistrationSteps(System.Collections.Generic.List`1[WaslaApp.Data.Entities.RegistrationAnswer]) on controller Wasla_App.Controllers.WaslaClientController (Wasla_App).
[2025-05-13 11:05:05.328 +03:00  INF]  Executed DbCommand (2ms) [Parameters=[@__answer_client_id_0='?', @__answer_ques_id_1='?' (DbType = Int32), @__answer_lang_code_2='?'], CommandType='"Text"', CommandTimeout='30']
SELECT r.id, r.answer, r.client_id, r.lang_code, r.ques_id
FROM "RegistrationAnswers" AS r
WHERE r.client_id = @__answer_client_id_0 AND r.ques_id = @__answer_ques_id_1 AND r.lang_code = @__answer_lang_code_2
LIMIT 2
[2025-05-13 11:05:05.395 +03:00  INF]  Executing OkObjectResult, writing value of type 'WaslaApp.Data.Models.RegsistrationQuesResponse'.
[2025-05-13 11:05:05.408 +03:00  INF]  Executed action Wasla_App.Controllers.WaslaClientController.saveRegistrationSteps (Wasla_App) in 254.224ms
[2025-05-13 11:05:05.409 +03:00  INF]  Executed endpoint 'Wasla_App.Controllers.WaslaClientController.saveRegistrationSteps (Wasla_App)'
[2025-05-13 11:05:05.410 +03:00  INF]  Request finished HTTP/2 POST https://localhost:7283/api/WaslaClient/saveRegistrationSteps - 200 null application/json; charset=utf-8 303.7582ms
[2025-05-13 11:05:10.303 +03:00  INF]  Request starting HTTP/2 OPTIONS https://localhost:7283/api/WaslaClient/saveRegistrationSteps - null null
[2025-05-13 11:05:10.304 +03:00  INF]  CORS policy execution successful.
[2025-05-13 11:05:10.305 +03:00  INF]  Request finished HTTP/2 OPTIONS https://localhost:7283/api/WaslaClient/saveRegistrationSteps - 204 null null 1.4462ms
[2025-05-13 11:05:10.308 +03:00  INF]  Request starting HTTP/2 POST https://localhost:7283/api/WaslaClient/saveRegistrationSteps - application/json 68
[2025-05-13 11:05:10.309 +03:00  INF]  CORS policy execution successful.
[2025-05-13 11:05:10.323 +03:00  INF]  Executing endpoint 'Wasla_App.Controllers.WaslaClientController.saveRegistrationSteps (Wasla_App)'
[2025-05-13 11:05:10.323 +03:00  INF]  Route matched with {action = "saveRegistrationSteps", controller = "WaslaClient"}. Executing controller action with signature Microsoft.AspNetCore.Mvc.IActionResult saveRegistrationSteps(System.Collections.Generic.List`1[WaslaApp.Data.Entities.RegistrationAnswer]) on controller Wasla_App.Controllers.WaslaClientController (Wasla_App).
[2025-05-13 11:05:10.441 +03:00  INF]  Executed DbCommand (1ms) [Parameters=[@__answer_client_id_0='?', @__answer_ques_id_1='?' (DbType = Int32), @__answer_lang_code_2='?'], CommandType='"Text"', CommandTimeout='30']
SELECT r.id, r.answer, r.client_id, r.lang_code, r.ques_id
FROM "RegistrationAnswers" AS r
WHERE r.client_id = @__answer_client_id_0 AND r.ques_id = @__answer_ques_id_1 AND r.lang_code = @__answer_lang_code_2
LIMIT 2
[2025-05-13 11:05:10.442 +03:00  INF]  Executing OkObjectResult, writing value of type 'WaslaApp.Data.Models.RegsistrationQuesResponse'.
[2025-05-13 11:05:10.442 +03:00  INF]  Executed action Wasla_App.Controllers.WaslaClientController.saveRegistrationSteps (Wasla_App) in 119.4219ms
[2025-05-13 11:05:10.442 +03:00  INF]  Executed endpoint 'Wasla_App.Controllers.WaslaClientController.saveRegistrationSteps (Wasla_App)'
[2025-05-13 11:05:10.443 +03:00  INF]  Request finished HTTP/2 POST https://localhost:7283/api/WaslaClient/saveRegistrationSteps - 200 null application/json; charset=utf-8 134.1482ms
[2025-05-13 11:05:29.056 +03:00  INF]  Request starting HTTP/2 OPTIONS https://localhost:7283/api/WaslaClient/getQuesWithAnswers - null null
[2025-05-13 11:05:29.056 +03:00  INF]  CORS policy execution successful.
[2025-05-13 11:05:29.056 +03:00  INF]  Request finished HTTP/2 OPTIONS https://localhost:7283/api/WaslaClient/getQuesWithAnswers - 204 null null 0.4303ms
[2025-05-13 11:05:29.095 +03:00  INF]  Request starting HTTP/2 POST https://localhost:7283/api/WaslaClient/getQuesWithAnswers - application/json 13
[2025-05-13 11:05:29.099 +03:00  INF]  CORS policy execution successful.
[2025-05-13 11:05:29.100 +03:00  INF]  Executing endpoint 'Wasla_App.Controllers.WaslaClientController.getQuesWithAnswers (Wasla_App)'
[2025-05-13 11:05:29.101 +03:00  INF]  Route matched with {action = "getQuesWithAnswers", controller = "WaslaClient"}. Executing controller action with signature Microsoft.AspNetCore.Mvc.IActionResult getQuesWithAnswers(WaslaApp.Data.Models.QuesLstReq) on controller Wasla_App.Controllers.WaslaClientController (Wasla_App).
[2025-05-13 11:05:29.115 +03:00  INF]  Executed DbCommand (4ms) [Parameters=[@__clientId_1='?', @__lang_0='?'], CommandType='"Text"', CommandTimeout='30']
SELECT r.ques_id, r.lang_code, r1.client_id, r1.answer, r."order", r.ques_title, r.ques_type
FROM "RegistrationQuestions" AS r
LEFT JOIN (
    SELECT r0.answer, r0.client_id, r0.ques_id
    FROM "RegistrationAnswers" AS r0
    WHERE r0.client_id = @__clientId_1
) AS r1 ON r.ques_id = r1.ques_id
WHERE r.lang_code = @__lang_0
[2025-05-13 11:05:29.115 +03:00  INF]  Executing OkObjectResult, writing value of type 'System.Collections.Generic.List`1[[WaslaApp.Data.Models.QuesWithAnswers, WaslaApp.Data, Version=1.0.0.0, Culture=neutral, PublicKeyToken=null]]'.
[2025-05-13 11:05:29.116 +03:00  INF]  Executed action Wasla_App.Controllers.WaslaClientController.getQuesWithAnswers (Wasla_App) in 14.9125ms
[2025-05-13 11:05:29.116 +03:00  INF]  Executed endpoint 'Wasla_App.Controllers.WaslaClientController.getQuesWithAnswers (Wasla_App)'
[2025-05-13 11:05:29.116 +03:00  INF]  Request finished HTTP/2 POST https://localhost:7283/api/WaslaClient/getQuesWithAnswers - 200 null application/json; charset=utf-8 20.8647ms
[2025-05-13 11:05:38.178 +03:00  INF]  Request starting HTTP/2 OPTIONS https://localhost:7283/api/WaslaClient/getQuesWithAnswers - null null
[2025-05-13 11:05:38.178 +03:00  INF]  CORS policy execution successful.
[2025-05-13 11:05:38.179 +03:00  INF]  Request finished HTTP/2 OPTIONS https://localhost:7283/api/WaslaClient/getQuesWithAnswers - 204 null null 1.143ms
[2025-05-13 11:05:38.182 +03:00  INF]  Request starting HTTP/2 POST https://localhost:7283/api/WaslaClient/getQuesWithAnswers - application/json 13
[2025-05-13 11:05:38.182 +03:00  INF]  CORS policy execution successful.
[2025-05-13 11:05:38.192 +03:00  INF]  Executing endpoint 'Wasla_App.Controllers.WaslaClientController.getQuesWithAnswers (Wasla_App)'
[2025-05-13 11:05:38.192 +03:00  INF]  Route matched with {action = "getQuesWithAnswers", controller = "WaslaClient"}. Executing controller action with signature Microsoft.AspNetCore.Mvc.IActionResult getQuesWithAnswers(WaslaApp.Data.Models.QuesLstReq) on controller Wasla_App.Controllers.WaslaClientController (Wasla_App).
[2025-05-13 11:05:38.200 +03:00  INF]  Executed DbCommand (1ms) [Parameters=[@__clientId_1='?', @__lang_0='?'], CommandType='"Text"', CommandTimeout='30']
SELECT r.ques_id, r.lang_code, r1.client_id, r1.answer, r."order", r.ques_title, r.ques_type
FROM "RegistrationQuestions" AS r
LEFT JOIN (
    SELECT r0.answer, r0.client_id, r0.ques_id
    FROM "RegistrationAnswers" AS r0
    WHERE r0.client_id = @__clientId_1
) AS r1 ON r.ques_id = r1.ques_id
WHERE r.lang_code = @__lang_0
[2025-05-13 11:05:38.200 +03:00  INF]  Executing OkObjectResult, writing value of type 'System.Collections.Generic.List`1[[WaslaApp.Data.Models.QuesWithAnswers, WaslaApp.Data, Version=1.0.0.0, Culture=neutral, PublicKeyToken=null]]'.
[2025-05-13 11:05:38.201 +03:00  INF]  Executed action Wasla_App.Controllers.WaslaClientController.getQuesWithAnswers (Wasla_App) in 8.5219ms
[2025-05-13 11:05:38.201 +03:00  INF]  Executed endpoint 'Wasla_App.Controllers.WaslaClientController.getQuesWithAnswers (Wasla_App)'
[2025-05-13 11:05:38.201 +03:00  INF]  Request finished HTTP/2 POST https://localhost:7283/api/WaslaClient/getQuesWithAnswers - 200 null application/json; charset=utf-8 18.8855ms
[2025-05-13 11:05:42.399 +03:00  INF]  Request starting HTTP/2 OPTIONS https://localhost:7283/api/WaslaClient/saveRegistrationSteps - null null
[2025-05-13 11:05:42.399 +03:00  INF]  CORS policy execution successful.
[2025-05-13 11:05:42.399 +03:00  INF]  Request finished HTTP/2 OPTIONS https://localhost:7283/api/WaslaClient/saveRegistrationSteps - 204 null null 0.4369ms
[2025-05-13 11:05:42.410 +03:00  INF]  Request starting HTTP/2 POST https://localhost:7283/api/WaslaClient/saveRegistrationSteps - application/json 68
[2025-05-13 11:05:42.410 +03:00  INF]  CORS policy execution successful.
[2025-05-13 11:05:42.413 +03:00  INF]  Executing endpoint 'Wasla_App.Controllers.WaslaClientController.saveRegistrationSteps (Wasla_App)'
[2025-05-13 11:05:42.413 +03:00  INF]  Route matched with {action = "saveRegistrationSteps", controller = "WaslaClient"}. Executing controller action with signature Microsoft.AspNetCore.Mvc.IActionResult saveRegistrationSteps(System.Collections.Generic.List`1[WaslaApp.Data.Entities.RegistrationAnswer]) on controller Wasla_App.Controllers.WaslaClientController (Wasla_App).
[2025-05-13 11:05:42.417 +03:00  INF]  Executed DbCommand (1ms) [Parameters=[@__answer_client_id_0='?', @__answer_ques_id_1='?' (DbType = Int32), @__answer_lang_code_2='?'], CommandType='"Text"', CommandTimeout='30']
SELECT r.id, r.answer, r.client_id, r.lang_code, r.ques_id
FROM "RegistrationAnswers" AS r
WHERE r.client_id = @__answer_client_id_0 AND r.ques_id = @__answer_ques_id_1 AND r.lang_code = @__answer_lang_code_2
LIMIT 2
[2025-05-13 11:05:42.563 +03:00  INF]  Executed DbCommand (11ms) [Parameters=[@p0='?', @p1='?', @p2='?', @p3='?' (DbType = Int32)], CommandType='"Text"', CommandTimeout='30']
INSERT INTO "RegistrationAnswers" (answer, client_id, lang_code, ques_id)
VALUES (@p0, @p1, @p2, @p3)
RETURNING id;
[2025-05-13 11:05:42.635 +03:00  INF]  Executed DbCommand (6ms) [Parameters=[], CommandType='"Text"', CommandTimeout='30']
SELECT count(*)::int
FROM "ClientCopouns" AS c
[2025-05-13 11:05:42.649 +03:00  INF]  Executed DbCommand (5ms) [Parameters=[@__copoun_client_id_0='?', @__copoun_start_date_1='?' (DbType = Date), @__copoun_end_date_2='?' (DbType = Date)], CommandType='"Text"', CommandTimeout='30']
SELECT c.id, c.client_id, c.copoun, c.end_date, c.start_date
FROM "ClientCopouns" AS c
WHERE c.client_id = @__copoun_client_id_0 AND c.start_date = @__copoun_start_date_1 AND c.end_date = @__copoun_end_date_2
LIMIT 2
[2025-05-13 11:05:42.685 +03:00  INF]  Executing OkObjectResult, writing value of type 'WaslaApp.Data.Models.RegsistrationQuesResponse'.
[2025-05-13 11:05:42.685 +03:00  INF]  Executed action Wasla_App.Controllers.WaslaClientController.saveRegistrationSteps (Wasla_App) in 271.3889ms
[2025-05-13 11:05:42.685 +03:00  INF]  Executed endpoint 'Wasla_App.Controllers.WaslaClientController.saveRegistrationSteps (Wasla_App)'
[2025-05-13 11:05:42.685 +03:00  INF]  Request finished HTTP/2 POST https://localhost:7283/api/WaslaClient/saveRegistrationSteps - 200 null application/json; charset=utf-8 274.8195ms
[2025-05-13 11:05:48.074 +03:00  INF]  Request starting HTTP/2 OPTIONS https://localhost:7283/api/WaslaClient/saveRegistrationSteps - null null
[2025-05-13 11:05:48.074 +03:00  INF]  CORS policy execution successful.
[2025-05-13 11:05:48.080 +03:00  INF]  Request finished HTTP/2 OPTIONS https://localhost:7283/api/WaslaClient/saveRegistrationSteps - 204 null null 2.1975ms
[2025-05-13 11:05:48.084 +03:00  INF]  Request starting HTTP/2 POST https://localhost:7283/api/WaslaClient/saveRegistrationSteps - application/json 68
[2025-05-13 11:05:48.084 +03:00  INF]  CORS policy execution successful.
[2025-05-13 11:05:48.085 +03:00  INF]  Executing endpoint 'Wasla_App.Controllers.WaslaClientController.saveRegistrationSteps (Wasla_App)'
[2025-05-13 11:05:48.085 +03:00  INF]  Route matched with {action = "saveRegistrationSteps", controller = "WaslaClient"}. Executing controller action with signature Microsoft.AspNetCore.Mvc.IActionResult saveRegistrationSteps(System.Collections.Generic.List`1[WaslaApp.Data.Entities.RegistrationAnswer]) on controller Wasla_App.Controllers.WaslaClientController (Wasla_App).
[2025-05-13 11:05:48.088 +03:00  INF]  Executed DbCommand (1ms) [Parameters=[@__answer_client_id_0='?', @__answer_ques_id_1='?' (DbType = Int32), @__answer_lang_code_2='?'], CommandType='"Text"', CommandTimeout='30']
SELECT r.id, r.answer, r.client_id, r.lang_code, r.ques_id
FROM "RegistrationAnswers" AS r
WHERE r.client_id = @__answer_client_id_0 AND r.ques_id = @__answer_ques_id_1 AND r.lang_code = @__answer_lang_code_2
LIMIT 2
[2025-05-13 11:05:48.088 +03:00  INF]  Executing OkObjectResult, writing value of type 'WaslaApp.Data.Models.RegsistrationQuesResponse'.
[2025-05-13 11:05:48.089 +03:00  INF]  Executed action Wasla_App.Controllers.WaslaClientController.saveRegistrationSteps (Wasla_App) in 3.9095ms
[2025-05-13 11:05:48.089 +03:00  INF]  Executed endpoint 'Wasla_App.Controllers.WaslaClientController.saveRegistrationSteps (Wasla_App)'
[2025-05-13 11:05:48.089 +03:00  INF]  Request finished HTTP/2 POST https://localhost:7283/api/WaslaClient/saveRegistrationSteps - 200 null application/json; charset=utf-8 5.388ms
[2025-05-13 11:06:13.935 +03:00  INF]  Request starting HTTP/2 OPTIONS https://localhost:7283/api/WaslaClient/saveRegistrationSteps - null null
[2025-05-13 11:06:13.935 +03:00  INF]  CORS policy execution successful.
[2025-05-13 11:06:13.936 +03:00  INF]  Request finished HTTP/2 OPTIONS https://localhost:7283/api/WaslaClient/saveRegistrationSteps - 204 null null 1.2493ms
[2025-05-13 11:06:13.940 +03:00  INF]  Request starting HTTP/2 POST https://localhost:7283/api/WaslaClient/saveRegistrationSteps - application/json 68
[2025-05-13 11:06:13.940 +03:00  INF]  CORS policy execution successful.
[2025-05-13 11:06:13.941 +03:00  INF]  Executing endpoint 'Wasla_App.Controllers.WaslaClientController.saveRegistrationSteps (Wasla_App)'
[2025-05-13 11:06:13.941 +03:00  INF]  Route matched with {action = "saveRegistrationSteps", controller = "WaslaClient"}. Executing controller action with signature Microsoft.AspNetCore.Mvc.IActionResult saveRegistrationSteps(System.Collections.Generic.List`1[WaslaApp.Data.Entities.RegistrationAnswer]) on controller Wasla_App.Controllers.WaslaClientController (Wasla_App).
[2025-05-13 11:06:13.949 +03:00  INF]  Executed DbCommand (2ms) [Parameters=[@__answer_client_id_0='?', @__answer_ques_id_1='?' (DbType = Int32), @__answer_lang_code_2='?'], CommandType='"Text"', CommandTimeout='30']
SELECT r.id, r.answer, r.client_id, r.lang_code, r.ques_id
FROM "RegistrationAnswers" AS r
WHERE r.client_id = @__answer_client_id_0 AND r.ques_id = @__answer_ques_id_1 AND r.lang_code = @__answer_lang_code_2
LIMIT 2
[2025-05-13 11:06:13.954 +03:00  INF]  Executed DbCommand (2ms) [Parameters=[@p0='?', @p1='?', @p2='?', @p3='?' (DbType = Int32)], CommandType='"Text"', CommandTimeout='30']
INSERT INTO "RegistrationAnswers" (answer, client_id, lang_code, ques_id)
VALUES (@p0, @p1, @p2, @p3)
RETURNING id;
[2025-05-13 11:06:13.957 +03:00  INF]  Executed DbCommand (2ms) [Parameters=[], CommandType='"Text"', CommandTimeout='30']
SELECT count(*)::int
FROM "ClientCopouns" AS c
[2025-05-13 11:06:13.985 +03:00  INF]  Executed DbCommand (5ms) [Parameters=[@p0='?' (DbType = Decimal), @p1='?', @p2='?', @p3='?' (DbType = Date), @p4='?' (DbType = Date)], CommandType='"Text"', CommandTimeout='30']
INSERT INTO "ClientCopouns" (id, client_id, copoun, end_date, start_date)
VALUES (@p0, @p1, @p2, @p3, @p4);
[2025-05-13 11:06:20.044 +03:00  INF]  Executing OkObjectResult, writing value of type 'WaslaApp.Data.Models.RegsistrationQuesResponse'.
[2025-05-13 11:06:20.044 +03:00  INF]  Executed action Wasla_App.Controllers.WaslaClientController.saveRegistrationSteps (Wasla_App) in 6103.1224ms
[2025-05-13 11:06:20.044 +03:00  INF]  Executed endpoint 'Wasla_App.Controllers.WaslaClientController.saveRegistrationSteps (Wasla_App)'
[2025-05-13 11:06:20.044 +03:00  INF]  Request finished HTTP/2 POST https://localhost:7283/api/WaslaClient/saveRegistrationSteps - 200 null application/json; charset=utf-8 6104.7701ms
[2025-05-13 11:06:25.060 +03:00  INF]  Request starting HTTP/2 OPTIONS https://localhost:7283/api/WaslaClient/getQuesWithAnswers - null null
[2025-05-13 11:06:25.061 +03:00  INF]  CORS policy execution successful.
[2025-05-13 11:06:25.061 +03:00  INF]  Request finished HTTP/2 OPTIONS https://localhost:7283/api/WaslaClient/getQuesWithAnswers - 204 null null 0.2991ms
[2025-05-13 11:06:25.066 +03:00  INF]  Request starting HTTP/2 POST https://localhost:7283/api/WaslaClient/getQuesWithAnswers - application/json 13
[2025-05-13 11:06:25.066 +03:00  INF]  CORS policy execution successful.
[2025-05-13 11:06:25.067 +03:00  INF]  Executing endpoint 'Wasla_App.Controllers.WaslaClientController.getQuesWithAnswers (Wasla_App)'
[2025-05-13 11:06:25.067 +03:00  INF]  Route matched with {action = "getQuesWithAnswers", controller = "WaslaClient"}. Executing controller action with signature Microsoft.AspNetCore.Mvc.IActionResult getQuesWithAnswers(WaslaApp.Data.Models.QuesLstReq) on controller Wasla_App.Controllers.WaslaClientController (Wasla_App).
[2025-05-13 11:06:25.070 +03:00  INF]  Executed DbCommand (1ms) [Parameters=[@__clientId_1='?', @__lang_0='?'], CommandType='"Text"', CommandTimeout='30']
SELECT r.ques_id, r.lang_code, r1.client_id, r1.answer, r."order", r.ques_title, r.ques_type
FROM "RegistrationQuestions" AS r
LEFT JOIN (
    SELECT r0.answer, r0.client_id, r0.ques_id
    FROM "RegistrationAnswers" AS r0
    WHERE r0.client_id = @__clientId_1
) AS r1 ON r.ques_id = r1.ques_id
WHERE r.lang_code = @__lang_0
[2025-05-13 11:06:25.071 +03:00  INF]  Executing OkObjectResult, writing value of type 'System.Collections.Generic.List`1[[WaslaApp.Data.Models.QuesWithAnswers, WaslaApp.Data, Version=1.0.0.0, Culture=neutral, PublicKeyToken=null]]'.
[2025-05-13 11:06:25.071 +03:00  INF]  Executed action Wasla_App.Controllers.WaslaClientController.getQuesWithAnswers (Wasla_App) in 4.4444ms
[2025-05-13 11:06:25.071 +03:00  INF]  Executed endpoint 'Wasla_App.Controllers.WaslaClientController.getQuesWithAnswers (Wasla_App)'
[2025-05-13 11:06:25.072 +03:00  INF]  Request finished HTTP/2 POST https://localhost:7283/api/WaslaClient/getQuesWithAnswers - 200 null application/json; charset=utf-8 6.1222ms
