[2025-08-19 13:37:21.220 +03:00  INF]  User profile is available. Using 'C:\Users\Pro\AppData\Local\ASP.NET\DataProtection-Keys' as key repository and Windows DPAPI to encrypt keys at rest.
[2025-08-19 13:37:24.608 +03:00  INF]  Now listening on: https://localhost:7283
[2025-08-19 13:37:24.612 +03:00  INF]  Now listening on: http://localhost:5074
[2025-08-19 13:37:25.661 +03:00  INF]  Application started. Press Ctrl+C to shut down.
[2025-08-19 13:37:25.662 +03:00  INF]  Hosting environment: Development
[2025-08-19 13:37:25.662 +03:00  INF]  Content root path: D:\waslaa\api\WaslaAPI\Wasla_App
[2025-08-19 13:37:27.197 +03:00  INF]  Request starting HTTP/2 GET https://localhost:7283/swagger/index.html - null null
[2025-08-19 13:37:27.646 +03:00  INF]  Request finished HTTP/2 GET https://localhost:7283/swagger/index.html - 200 null text/html;charset=utf-8 462.8554ms
[2025-08-19 13:37:27.719 +03:00  INF]  Request starting HTTP/2 GET https://localhost:7283/_framework/aspnetcore-browser-refresh.js - null null
[2025-08-19 13:37:27.747 +03:00  INF]  Request starting HTTP/2 GET https://localhost:7283/_vs/browserLink - null null
[2025-08-19 13:37:27.753 +03:00  INF]  Request finished HTTP/2 GET https://localhost:7283/_framework/aspnetcore-browser-refresh.js - 200 16503 application/javascript; charset=utf-8 34.0798ms
[2025-08-19 13:37:28.029 +03:00  INF]  Request finished HTTP/2 GET https://localhost:7283/_vs/browserLink - 200 null text/javascript; charset=UTF-8 282.1092ms
[2025-08-19 13:37:28.279 +03:00  INF]  Request starting HTTP/2 GET https://localhost:7283/swagger/v1/swagger.json - null null
[2025-08-19 13:37:28.394 +03:00  INF]  Request finished HTTP/2 GET https://localhost:7283/swagger/v1/swagger.json - 200 null application/json;charset=utf-8 114.6138ms
[2025-08-19 13:37:41.839 +03:00  INF]  Request starting HTTP/2 OPTIONS https://localhost:7283/api/Accounting/GetReports - null null
[2025-08-19 13:37:41.861 +03:00  INF]  CORS policy execution successful.
[2025-08-19 13:37:41.863 +03:00  INF]  Request finished HTTP/2 OPTIONS https://localhost:7283/api/Accounting/GetReports - 204 null null 24.2149ms
[2025-08-19 13:37:41.865 +03:00  INF]  Request starting HTTP/2 POST https://localhost:7283/api/Accounting/GetReports - application/json 2
[2025-08-19 13:37:41.869 +03:00  INF]  CORS policy execution successful.
[2025-08-19 13:37:44.628 +03:00  INF]  Executing endpoint 'Wasla_App.Controllers.AccountingController.GetReports_Mains (Wasla_App)'
[2025-08-19 13:37:44.660 +03:00  INF]  Route matched with {action = "GetReports_Mains", controller = "Accounting"}. Executing controller action with signature System.Threading.Tasks.Task`1[Microsoft.AspNetCore.Mvc.IActionResult] GetReports_Mains() on controller Wasla_App.Controllers.AccountingController (Wasla_App).
[2025-08-19 13:37:48.366 +03:00  INF]  Executed DbCommand (41ms) [Parameters=[], CommandType='"Text"', CommandTimeout='30']
SELECT r.id, r.report_code, r.report_name
FROM reports_main AS r
[2025-08-19 13:37:48.540 +03:00  INF]  Executing OkObjectResult, writing value of type 'System.Collections.Generic.List`1[[WaslaApp.Data.Entities.reports_main, WaslaApp.Data, Version=1.0.0.0, Culture=neutral, PublicKeyToken=null]]'.
[2025-08-19 13:37:48.672 +03:00  INF]  Executed action Wasla_App.Controllers.AccountingController.GetReports_Mains (Wasla_App) in 4006.568ms
[2025-08-19 13:37:48.672 +03:00  INF]  Executed endpoint 'Wasla_App.Controllers.AccountingController.GetReports_Mains (Wasla_App)'
[2025-08-19 13:37:48.689 +03:00  INF]  Request finished HTTP/2 POST https://localhost:7283/api/Accounting/GetReports - 200 130 application/json; charset=utf-8 6823.8401ms
[2025-08-19 13:37:57.848 +03:00  INF]  Request starting HTTP/2 OPTIONS https://localhost:7283/api/Accounting/GetReportData - null null
[2025-08-19 13:37:57.849 +03:00  INF]  CORS policy execution successful.
[2025-08-19 13:37:57.850 +03:00  INF]  Request finished HTTP/2 OPTIONS https://localhost:7283/api/Accounting/GetReportData - 204 null null 2.2274ms
[2025-08-19 13:37:57.854 +03:00  INF]  Request starting HTTP/2 POST https://localhost:7283/api/Accounting/GetReportData - application/json 83
[2025-08-19 13:37:57.855 +03:00  INF]  CORS policy execution successful.
[2025-08-19 13:37:57.874 +03:00  INF]  Executing endpoint 'Wasla_App.Controllers.AccountingController.GetReportData (Wasla_App)'
[2025-08-19 13:37:58.057 +03:00  INF]  Route matched with {action = "GetReportData", controller = "Accounting"}. Executing controller action with signature System.Threading.Tasks.Task`1[Microsoft.AspNetCore.Mvc.IActionResult] GetReportData(WaslaApp.Data.Models.admin.reports.ReportReq) on controller Wasla_App.Controllers.AccountingController (Wasla_App).
[2025-08-19 13:37:58.853 +03:00  INF]  Executed DbCommand (33ms) [Parameters=[@__dateFrom_0='?' (DbType = DateTime2), @__dateTo_1='?' (DbType = DateTime2)], CommandType='"Text"', CommandTimeout='30']
SELECT c.active, c.client_email, c.client_id, c.client_name, c.client_service_id, c.copoun, c.copoun_discount_type, c.copoun_discount_value, c.copoun_id, c.curr_code, c.discount, c.grand_total_price, c.invoice_code, c.invoice_code_auto, c.invoice_date, c.invoice_id, c.package_id, c."productId", c.service_package_id, c.status, c.tax_amount, c.tax_code, c.tax_id, c.tax_name, c.tax_sign, c.total_price
FROM clientinvoiceswithdetails AS c
WHERE c.active AND c.status IN (2, 3) AND c.invoice_date >= @__dateFrom_0 AND c.invoice_date <= @__dateTo_1
[2025-08-19 13:37:58.873 +03:00  INF]  Executing OkObjectResult, writing value of type 'System.Collections.Generic.List`1[[WaslaApp.Data.Models.admin.reports.SummaryInvoiceResponse, WaslaApp.Data, Version=1.0.0.0, Culture=neutral, PublicKeyToken=null]]'.
[2025-08-19 13:37:58.896 +03:00  INF]  Executed action Wasla_App.Controllers.AccountingController.GetReportData (Wasla_App) in 838.6079ms
[2025-08-19 13:37:58.896 +03:00  INF]  Executed endpoint 'Wasla_App.Controllers.AccountingController.GetReportData (Wasla_App)'
[2025-08-19 13:37:58.897 +03:00  INF]  Request finished HTTP/2 POST https://localhost:7283/api/Accounting/GetReportData - 200 2090 application/json; charset=utf-8 1043.0758ms
[2025-08-19 13:38:02.309 +03:00  INF]  Request starting HTTP/2 OPTIONS https://localhost:7283/api/Accounting/PrintSummaryInvoice - null null
[2025-08-19 13:38:02.310 +03:00  INF]  CORS policy execution successful.
[2025-08-19 13:38:02.310 +03:00  INF]  Request finished HTTP/2 OPTIONS https://localhost:7283/api/Accounting/PrintSummaryInvoice - 204 null null 0.9518ms
[2025-08-19 13:38:02.312 +03:00  INF]  Request starting HTTP/2 POST https://localhost:7283/api/Accounting/PrintSummaryInvoice - application/json 2114
[2025-08-19 13:38:02.312 +03:00  INF]  CORS policy execution successful.
[2025-08-19 13:38:02.318 +03:00  INF]  Executing endpoint 'Wasla_App.Controllers.AccountingController.PrintSummaryInvoice (Wasla_App)'
[2025-08-19 13:38:02.321 +03:00  INF]  Route matched with {action = "PrintSummaryInvoice", controller = "Accounting"}. Executing controller action with signature Microsoft.AspNetCore.Mvc.IActionResult PrintSummaryInvoice(WaslaApp.Data.Models.admin.reports.SummaryInvoiceReq) on controller Wasla_App.Controllers.AccountingController (Wasla_App).
[2025-08-19 13:38:05.516 +03:00  INF]  Executing FileContentResult, sending file with download name 'InvoiceSummary.pdf' ...
[2025-08-19 13:38:05.549 +03:00  INF]  Executed action Wasla_App.Controllers.AccountingController.PrintSummaryInvoice (Wasla_App) in 3228.3675ms
[2025-08-19 13:38:05.549 +03:00  INF]  Executed endpoint 'Wasla_App.Controllers.AccountingController.PrintSummaryInvoice (Wasla_App)'
[2025-08-19 13:38:05.549 +03:00  INF]  Request finished HTTP/2 POST https://localhost:7283/api/Accounting/PrintSummaryInvoice - 200 73269 application/pdf 3237.3895ms
[2025-08-19 13:50:01.485 +03:00  INF]  User profile is available. Using 'C:\Users\Pro\AppData\Local\ASP.NET\DataProtection-Keys' as key repository and Windows DPAPI to encrypt keys at rest.
[2025-08-19 13:50:02.011 +03:00  INF]  Now listening on: https://localhost:7283
[2025-08-19 13:50:02.012 +03:00  INF]  Now listening on: http://localhost:5074
[2025-08-19 13:50:02.229 +03:00  INF]  Application started. Press Ctrl+C to shut down.
[2025-08-19 13:50:02.230 +03:00  INF]  Hosting environment: Development
[2025-08-19 13:50:02.230 +03:00  INF]  Content root path: D:\waslaa\api\WaslaAPI\Wasla_App
[2025-08-19 13:50:03.034 +03:00  INF]  Request starting HTTP/2 GET https://localhost:7283/swagger/index.html - null null
[2025-08-19 13:50:03.492 +03:00  INF]  Request finished HTTP/2 GET https://localhost:7283/swagger/index.html - 200 null text/html;charset=utf-8 475.4663ms
[2025-08-19 13:50:03.747 +03:00  INF]  Request starting HTTP/2 GET https://localhost:7283/_framework/aspnetcore-browser-refresh.js - null null
[2025-08-19 13:50:03.755 +03:00  INF]  Request finished HTTP/2 GET https://localhost:7283/_framework/aspnetcore-browser-refresh.js - 200 16503 application/javascript; charset=utf-8 7.7307ms
[2025-08-19 13:50:03.960 +03:00  INF]  Request starting HTTP/2 GET https://localhost:7283/_vs/browserLink - null null
[2025-08-19 13:50:04.052 +03:00  INF]  Request finished HTTP/2 GET https://localhost:7283/_vs/browserLink - 200 null text/javascript; charset=UTF-8 91.1651ms
[2025-08-19 13:50:04.753 +03:00  INF]  Request starting HTTP/2 GET https://localhost:7283/swagger/v1/swagger.json - null null
[2025-08-19 13:50:04.852 +03:00  INF]  Request finished HTTP/2 GET https://localhost:7283/swagger/v1/swagger.json - 200 null application/json;charset=utf-8 98.883ms
[2025-08-19 13:50:12.391 +03:00  INF]  Request starting HTTP/2 OPTIONS https://localhost:7283/api/Accounting/GetReportData - null null
[2025-08-19 13:50:12.407 +03:00  INF]  CORS policy execution successful.
[2025-08-19 13:50:12.409 +03:00  INF]  Request finished HTTP/2 OPTIONS https://localhost:7283/api/Accounting/GetReportData - 204 null null 17.523ms
[2025-08-19 13:50:12.411 +03:00  INF]  Request starting HTTP/2 POST https://localhost:7283/api/Accounting/GetReportData - application/json 83
[2025-08-19 13:50:12.412 +03:00  INF]  CORS policy execution successful.
[2025-08-19 13:50:12.765 +03:00  INF]  Executing endpoint 'Wasla_App.Controllers.AccountingController.GetReportData (Wasla_App)'
[2025-08-19 13:50:12.839 +03:00  INF]  Route matched with {action = "GetReportData", controller = "Accounting"}. Executing controller action with signature System.Threading.Tasks.Task`1[Microsoft.AspNetCore.Mvc.IActionResult] GetReportData(WaslaApp.Data.Models.admin.reports.ReportReq) on controller Wasla_App.Controllers.AccountingController (Wasla_App).
[2025-08-19 13:50:16.792 +03:00  INF]  Executed DbCommand (172ms) [Parameters=[@__dateFrom_0='?' (DbType = DateTime2), @__dateTo_1='?' (DbType = DateTime2)], CommandType='"Text"', CommandTimeout='30']
SELECT c.active, c.client_email, c.client_id, c.client_name, c.client_service_id, c.copoun, c.copoun_discount_type, c.copoun_discount_value, c.copoun_id, c.curr_code, c.discount, c.grand_total_price, c.invoice_code, c.invoice_code_auto, c.invoice_date, c.invoice_id, c.package_id, c."productId", c.service_package_id, c.status, c.tax_amount, c.tax_code, c.tax_id, c.tax_name, c.tax_sign, c.total_price
FROM clientinvoiceswithdetails AS c
WHERE c.active AND c.status IN (2, 3) AND c.invoice_date >= @__dateFrom_0 AND c.invoice_date <= @__dateTo_1
[2025-08-19 13:50:16.911 +03:00  INF]  Executing OkObjectResult, writing value of type 'System.Collections.Generic.List`1[[WaslaApp.Data.Models.admin.reports.SummaryInvoiceResponse, WaslaApp.Data, Version=1.0.0.0, Culture=neutral, PublicKeyToken=null]]'.
[2025-08-19 13:50:17.032 +03:00  INF]  Executed action Wasla_App.Controllers.AccountingController.GetReportData (Wasla_App) in 4185.5702ms
[2025-08-19 13:50:17.033 +03:00  INF]  Executed endpoint 'Wasla_App.Controllers.AccountingController.GetReportData (Wasla_App)'
[2025-08-19 13:50:17.050 +03:00  INF]  Request finished HTTP/2 POST https://localhost:7283/api/Accounting/GetReportData - 200 2090 application/json; charset=utf-8 4639.1327ms
[2025-08-19 13:50:19.277 +03:00  INF]  Request starting HTTP/2 OPTIONS https://localhost:7283/api/Accounting/PrintSummaryInvoice - null null
[2025-08-19 13:50:19.278 +03:00  INF]  CORS policy execution successful.
[2025-08-19 13:50:19.279 +03:00  INF]  Request finished HTTP/2 OPTIONS https://localhost:7283/api/Accounting/PrintSummaryInvoice - 204 null null 1.4897ms
[2025-08-19 13:50:19.281 +03:00  INF]  Request starting HTTP/2 POST https://localhost:7283/api/Accounting/PrintSummaryInvoice - application/json 2114
[2025-08-19 13:50:19.281 +03:00  INF]  CORS policy execution successful.
[2025-08-19 13:50:19.293 +03:00  INF]  Executing endpoint 'Wasla_App.Controllers.AccountingController.PrintSummaryInvoice (Wasla_App)'
[2025-08-19 13:50:19.300 +03:00  INF]  Route matched with {action = "PrintSummaryInvoice", controller = "Accounting"}. Executing controller action with signature Microsoft.AspNetCore.Mvc.IActionResult PrintSummaryInvoice(WaslaApp.Data.Models.admin.reports.SummaryInvoiceReq) on controller Wasla_App.Controllers.AccountingController (Wasla_App).
[2025-08-19 13:50:24.040 +03:00  INF]  Executing FileContentResult, sending file with download name 'InvoiceSummary.pdf' ...
[2025-08-19 13:50:24.067 +03:00  INF]  Executed action Wasla_App.Controllers.AccountingController.PrintSummaryInvoice (Wasla_App) in 4766.4742ms
[2025-08-19 13:50:24.067 +03:00  INF]  Executed endpoint 'Wasla_App.Controllers.AccountingController.PrintSummaryInvoice (Wasla_App)'
[2025-08-19 13:50:24.068 +03:00  INF]  Request finished HTTP/2 POST https://localhost:7283/api/Accounting/PrintSummaryInvoice - 200 73277 application/pdf 4786.3897ms
[2025-08-19 13:51:37.690 +03:00  INF]  User profile is available. Using 'C:\Users\Pro\AppData\Local\ASP.NET\DataProtection-Keys' as key repository and Windows DPAPI to encrypt keys at rest.
[2025-08-19 13:51:38.277 +03:00  INF]  Now listening on: https://localhost:7283
[2025-08-19 13:51:38.279 +03:00  INF]  Now listening on: http://localhost:5074
[2025-08-19 13:51:38.627 +03:00  INF]  Application started. Press Ctrl+C to shut down.
[2025-08-19 13:51:38.628 +03:00  INF]  Hosting environment: Development
[2025-08-19 13:51:38.628 +03:00  INF]  Content root path: D:\waslaa\api\WaslaAPI\Wasla_App
[2025-08-19 13:51:39.402 +03:00  INF]  Request starting HTTP/2 GET https://localhost:7283/swagger/index.html - null null
[2025-08-19 13:51:39.927 +03:00  INF]  Request finished HTTP/2 GET https://localhost:7283/swagger/index.html - 200 null text/html;charset=utf-8 536.5084ms
[2025-08-19 13:51:40.338 +03:00  INF]  Request starting HTTP/2 GET https://localhost:7283/_framework/aspnetcore-browser-refresh.js - null null
[2025-08-19 13:51:40.348 +03:00  INF]  Request finished HTTP/2 GET https://localhost:7283/_framework/aspnetcore-browser-refresh.js - 200 16503 application/javascript; charset=utf-8 9.7165ms
[2025-08-19 13:51:40.863 +03:00  INF]  Request starting HTTP/2 GET https://localhost:7283/_vs/browserLink - null null
[2025-08-19 13:51:40.927 +03:00  INF]  Request finished HTTP/2 GET https://localhost:7283/_vs/browserLink - 200 null text/javascript; charset=UTF-8 63.5889ms
[2025-08-19 13:51:41.296 +03:00  INF]  Request starting HTTP/2 GET https://localhost:7283/swagger/v1/swagger.json - null null
[2025-08-19 13:51:41.567 +03:00  INF]  Request finished HTTP/2 GET https://localhost:7283/swagger/v1/swagger.json - 200 null application/json;charset=utf-8 271.1153ms
[2025-08-19 13:51:44.414 +03:00  INF]  Request starting HTTP/2 OPTIONS https://localhost:7283/api/Accounting/GetReportData - null null
[2025-08-19 13:51:44.437 +03:00  INF]  CORS policy execution successful.
[2025-08-19 13:51:44.440 +03:00  INF]  Request finished HTTP/2 OPTIONS https://localhost:7283/api/Accounting/GetReportData - 204 null null 25.728ms
[2025-08-19 13:51:44.444 +03:00  INF]  Request starting HTTP/2 POST https://localhost:7283/api/Accounting/GetReportData - application/json 83
[2025-08-19 13:51:44.446 +03:00  INF]  CORS policy execution successful.
[2025-08-19 13:51:44.857 +03:00  INF]  Executing endpoint 'Wasla_App.Controllers.AccountingController.GetReportData (Wasla_App)'
[2025-08-19 13:51:44.927 +03:00  INF]  Route matched with {action = "GetReportData", controller = "Accounting"}. Executing controller action with signature System.Threading.Tasks.Task`1[Microsoft.AspNetCore.Mvc.IActionResult] GetReportData(WaslaApp.Data.Models.admin.reports.ReportReq) on controller Wasla_App.Controllers.AccountingController (Wasla_App).
[2025-08-19 13:51:48.522 +03:00  INF]  Executed DbCommand (144ms) [Parameters=[@__dateFrom_0='?' (DbType = DateTime2), @__dateTo_1='?' (DbType = DateTime2)], CommandType='"Text"', CommandTimeout='30']
SELECT c.active, c.client_email, c.client_id, c.client_name, c.client_service_id, c.copoun, c.copoun_discount_type, c.copoun_discount_value, c.copoun_id, c.curr_code, c.discount, c.grand_total_price, c.invoice_code, c.invoice_code_auto, c.invoice_date, c.invoice_id, c.package_id, c."productId", c.service_package_id, c.status, c.tax_amount, c.tax_code, c.tax_id, c.tax_name, c.tax_sign, c.total_price
FROM clientinvoiceswithdetails AS c
WHERE c.active AND c.status IN (2, 3) AND c.invoice_date >= @__dateFrom_0 AND c.invoice_date <= @__dateTo_1
[2025-08-19 13:51:48.647 +03:00  INF]  Executing OkObjectResult, writing value of type 'System.Collections.Generic.List`1[[WaslaApp.Data.Models.admin.reports.SummaryInvoiceResponse, WaslaApp.Data, Version=1.0.0.0, Culture=neutral, PublicKeyToken=null]]'.
[2025-08-19 13:51:48.757 +03:00  INF]  Executed action Wasla_App.Controllers.AccountingController.GetReportData (Wasla_App) in 3821.7274ms
[2025-08-19 13:51:48.758 +03:00  INF]  Executed endpoint 'Wasla_App.Controllers.AccountingController.GetReportData (Wasla_App)'
[2025-08-19 13:51:48.783 +03:00  INF]  Request finished HTTP/2 POST https://localhost:7283/api/Accounting/GetReportData - 200 2090 application/json; charset=utf-8 4339.3013ms
[2025-08-19 13:51:50.077 +03:00  INF]  Request starting HTTP/2 OPTIONS https://localhost:7283/api/Accounting/PrintSummaryInvoice - null null
[2025-08-19 13:51:50.079 +03:00  INF]  CORS policy execution successful.
[2025-08-19 13:51:50.079 +03:00  INF]  Request finished HTTP/2 OPTIONS https://localhost:7283/api/Accounting/PrintSummaryInvoice - 204 null null 1.935ms
[2025-08-19 13:51:50.081 +03:00  INF]  Request starting HTTP/2 POST https://localhost:7283/api/Accounting/PrintSummaryInvoice - application/json 2114
[2025-08-19 13:51:50.081 +03:00  INF]  CORS policy execution successful.
[2025-08-19 13:51:50.093 +03:00  INF]  Executing endpoint 'Wasla_App.Controllers.AccountingController.PrintSummaryInvoice (Wasla_App)'
[2025-08-19 13:51:50.099 +03:00  INF]  Route matched with {action = "PrintSummaryInvoice", controller = "Accounting"}. Executing controller action with signature Microsoft.AspNetCore.Mvc.IActionResult PrintSummaryInvoice(WaslaApp.Data.Models.admin.reports.SummaryInvoiceReq) on controller Wasla_App.Controllers.AccountingController (Wasla_App).
[2025-08-19 13:51:54.856 +03:00  INF]  Executing FileContentResult, sending file with download name 'InvoiceSummary.pdf' ...
[2025-08-19 13:51:54.873 +03:00  INF]  Executed action Wasla_App.Controllers.AccountingController.PrintSummaryInvoice (Wasla_App) in 4773.4546ms
[2025-08-19 13:51:54.873 +03:00  INF]  Executed endpoint 'Wasla_App.Controllers.AccountingController.PrintSummaryInvoice (Wasla_App)'
[2025-08-19 13:51:54.873 +03:00  INF]  Request finished HTTP/2 POST https://localhost:7283/api/Accounting/PrintSummaryInvoice - 200 73396 application/pdf 4792.0553ms
[2025-08-19 13:52:08.111 +03:00  INF]  Request starting HTTP/2 OPTIONS https://localhost:7283/api/Accounting/GetReportData - null null
[2025-08-19 13:52:08.112 +03:00  INF]  CORS policy execution successful.
[2025-08-19 13:52:08.112 +03:00  INF]  Request finished HTTP/2 OPTIONS https://localhost:7283/api/Accounting/GetReportData - 204 null null 1.365ms
[2025-08-19 13:52:08.114 +03:00  INF]  Request starting HTTP/2 POST https://localhost:7283/api/Accounting/GetReportData - application/json 83
[2025-08-19 13:52:08.114 +03:00  INF]  CORS policy execution successful.
[2025-08-19 13:52:08.118 +03:00  INF]  Executing endpoint 'Wasla_App.Controllers.AccountingController.GetReportData (Wasla_App)'
[2025-08-19 13:52:08.118 +03:00  INF]  Route matched with {action = "GetReportData", controller = "Accounting"}. Executing controller action with signature System.Threading.Tasks.Task`1[Microsoft.AspNetCore.Mvc.IActionResult] GetReportData(WaslaApp.Data.Models.admin.reports.ReportReq) on controller Wasla_App.Controllers.AccountingController (Wasla_App).
[2025-08-19 13:52:08.545 +03:00  INF]  Executed DbCommand (39ms) [Parameters=[@__dateFrom_0='?' (DbType = DateTime2), @__dateTo_1='?' (DbType = DateTime2)], CommandType='"Text"', CommandTimeout='30']
SELECT c.curr_code, c.discount, c.total_price, c.grand_total_price, c."productId", p0.service_name, c.invoice_code, c.status, c.total_price * c.tax_amount, p0.service_package_id, c.client_name, c.client_email, COALESCE(c.invoice_date::text, ''), c.copoun_discount_value
FROM clientinvoiceswithdetails AS c
INNER JOIN (
    SELECT p.curr_code, p.package_id, p.service_id, p.service_name, p.service_package_id
    FROM packagesdetailswithservices AS p
    WHERE lower(p.lang_code) = 'en'
) AS p0 ON (c.package_id = p0.package_id OR (c.package_id IS NULL AND p0.package_id IS NULL)) AND (c."productId" = p0.service_id OR (c."productId" IS NULL AND p0.service_id IS NULL)) AND (c.curr_code = p0.curr_code OR (c.curr_code IS NULL AND p0.curr_code IS NULL)) AND (c.service_package_id = p0.service_package_id OR (c.service_package_id IS NULL AND p0.service_package_id IS NULL))
WHERE c.active AND c.status IN (2, 3) AND c.invoice_date >= @__dateFrom_0 AND c.invoice_date <= @__dateTo_1
[2025-08-19 13:52:08.568 +03:00  INF]  Executing OkObjectResult, writing value of type 'System.Collections.Generic.List`1[[WaslaApp.Data.Models.admin.reports.SummaryServiceResponseCurr, WaslaApp.Data, Version=1.0.0.0, Culture=neutral, PublicKeyToken=null]]'.
[2025-08-19 13:52:08.576 +03:00  INF]  Executed action Wasla_App.Controllers.AccountingController.GetReportData (Wasla_App) in 457.3007ms
[2025-08-19 13:52:08.576 +03:00  INF]  Executed endpoint 'Wasla_App.Controllers.AccountingController.GetReportData (Wasla_App)'
[2025-08-19 13:52:08.577 +03:00  INF]  Request finished HTTP/2 POST https://localhost:7283/api/Accounting/GetReportData - 200 531 application/json; charset=utf-8 463.5346ms
[2025-08-19 13:52:09.794 +03:00  INF]  Request starting HTTP/2 OPTIONS https://localhost:7283/api/Accounting/PrintSummaryService - null null
[2025-08-19 13:52:09.794 +03:00  INF]  CORS policy execution successful.
[2025-08-19 13:52:09.795 +03:00  INF]  Request finished HTTP/2 OPTIONS https://localhost:7283/api/Accounting/PrintSummaryService - 204 null null 1.2066ms
[2025-08-19 13:52:09.800 +03:00  INF]  Request starting HTTP/2 POST https://localhost:7283/api/Accounting/PrintSummaryService - application/json 584
[2025-08-19 13:52:09.800 +03:00  INF]  CORS policy execution successful.
[2025-08-19 13:52:09.802 +03:00  INF]  Executing endpoint 'Wasla_App.Controllers.AccountingController.PrintSummaryService (Wasla_App)'
[2025-08-19 13:52:09.810 +03:00  INF]  Route matched with {action = "PrintSummaryService", controller = "Accounting"}. Executing controller action with signature Microsoft.AspNetCore.Mvc.IActionResult PrintSummaryService(WaslaApp.Data.Models.admin.reports.SummaryServiceReq) on controller Wasla_App.Controllers.AccountingController (Wasla_App).
[2025-08-19 13:52:09.885 +03:00  INF]  Executing FileContentResult, sending file with download name 'InvoiceSummary.pdf' ...
[2025-08-19 13:52:09.897 +03:00  INF]  Executed action Wasla_App.Controllers.AccountingController.PrintSummaryService (Wasla_App) in 87.5436ms
[2025-08-19 13:52:09.898 +03:00  INF]  Executed endpoint 'Wasla_App.Controllers.AccountingController.PrintSummaryService (Wasla_App)'
[2025-08-19 13:52:09.898 +03:00  INF]  Request finished HTTP/2 POST https://localhost:7283/api/Accounting/PrintSummaryService - 200 66770 application/pdf 98.1072ms
