[2025-06-12 16:04:00.230 +03:00  INF]  User profile is available. Using 'C:\Users\Pro\AppData\Local\ASP.NET\DataProtection-Keys' as key repository and Windows DPAPI to encrypt keys at rest.
[2025-06-12 16:04:01.120 +03:00  WRN]  The WebRootPath was not found: D:\waslaa\api\WaslaAPI\Wasla_App\wwwroot. Static files may be unavailable.
[2025-06-12 16:04:01.700 +03:00  INF]  Now listening on: https://localhost:7283
[2025-06-12 16:04:01.702 +03:00  INF]  Now listening on: http://localhost:5074
[2025-06-12 16:04:02.411 +03:00  INF]  Application started. Press Ctrl+C to shut down.
[2025-06-12 16:04:02.411 +03:00  INF]  Hosting environment: Development
[2025-06-12 16:04:02.411 +03:00  INF]  Content root path: D:\waslaa\api\WaslaAPI\Wasla_App
[2025-06-12 16:04:07.705 +03:00  INF]  Request starting HTTP/2 GET https://localhost:7283/swagger/index.html - null null
[2025-06-12 16:04:08.173 +03:00  INF]  Request finished HTTP/2 GET https://localhost:7283/swagger/index.html - 200 null text/html;charset=utf-8 485.4026ms
[2025-06-12 16:04:08.193 +03:00  INF]  Request starting HTTP/2 GET https://localhost:7283/_framework/aspnetcore-browser-refresh.js - null null
[2025-06-12 16:04:08.255 +03:00  INF]  Request finished HTTP/2 GET https://localhost:7283/_framework/aspnetcore-browser-refresh.js - 200 16503 application/javascript; charset=utf-8 62.0145ms
[2025-06-12 16:04:08.328 +03:00  INF]  Request starting HTTP/2 GET https://localhost:7283/_vs/browserLink - null null
[2025-06-12 16:04:08.459 +03:00  INF]  Request finished HTTP/2 GET https://localhost:7283/_vs/browserLink - 200 null text/javascript; charset=UTF-8 130.9381ms
[2025-06-12 16:04:08.541 +03:00  INF]  Request starting HTTP/2 GET https://localhost:7283/swagger/v1/swagger.json - null null
[2025-06-12 16:04:08.619 +03:00  INF]  Request finished HTTP/2 GET https://localhost:7283/swagger/v1/swagger.json - 200 null application/json;charset=utf-8 78.8265ms
[2025-06-12 16:05:54.344 +03:00  INF]  Request starting HTTP/2 POST https://localhost:7283/api/WaslaClient/GetInvoicesByClient - null 0
[2025-06-12 16:05:54.365 +03:00  INF]  CORS policy execution successful.
[2025-06-12 16:05:57.127 +03:00  INF]  Executing endpoint 'Wasla_App.Controllers.WaslaClientController.GetInvoicesByClient (Wasla_App)'
[2025-06-12 16:05:57.178 +03:00  INF]  Route matched with {action = "GetInvoicesByClient", controller = "WaslaClient"}. Executing controller action with signature System.Threading.Tasks.Task`1[Microsoft.AspNetCore.Mvc.IActionResult] GetInvoicesByClient() on controller Wasla_App.Controllers.WaslaClientController (Wasla_App).
[2025-06-12 16:06:00.347 +03:00  INF]  Executed DbCommand (147ms) [Parameters=[@__client_id_0='?'], CommandType='"Text"', CommandTimeout='30']
SELECT i0.invoice_id, i0.curr_code, i0.discount, i0.total_price, i0.grand_total_price, c."productId" AS service_id, c.package_id, c.service_name, c.package_name, p.package_price, p.package_sale_price, c0.copoun, c0.discount_value AS copoun_discount, a.tax_amount, p.package_desc, p.package_details, i0.invoice_code, i0.invoice_code_auto, i0.status
FROM "ClientServices" AS c
INNER JOIN (
    SELECT i.invoice_id, i.client_id, i.copoun_id, i.curr_code, i.discount, i.grand_total_price, i.invoice_code, i.invoice_code_auto, i.status, i.tax_id, i.total_price
    FROM "InvoiceMain" AS i
    WHERE i.active
) AS i0 ON c.invoice_id = i0.invoice_id AND (c.client_id = i0.client_id OR (c.client_id IS NULL AND i0.client_id IS NULL))
INNER JOIN "ApplyTax" AS a ON i0.tax_id = a.tax_id
INNER JOIN "ClientCopouns" AS c0 ON i0.copoun_id = c0.id
INNER JOIN "PricingPackages" AS p ON c.package_id = p.package_id
WHERE c.client_id = @__client_id_0
[2025-06-12 16:06:00.411 +03:00  INF]  Executing OkObjectResult, writing value of type 'System.Collections.Generic.List`1[[WaslaApp.Data.Models.invoices.ClientInvoiceGrp, WaslaApp.Data, Version=1.0.0.0, Culture=neutral, PublicKeyToken=null]]'.
[2025-06-12 16:06:00.460 +03:00  INF]  Executed action Wasla_App.Controllers.WaslaClientController.GetInvoicesByClient (Wasla_App) in 3273.792ms
[2025-06-12 16:06:00.461 +03:00  INF]  Executed endpoint 'Wasla_App.Controllers.WaslaClientController.GetInvoicesByClient (Wasla_App)'
[2025-06-12 16:06:00.480 +03:00  INF]  Request finished HTTP/2 POST https://localhost:7283/api/WaslaClient/GetInvoicesByClient - 200 null application/json; charset=utf-8 6136.1164ms
[2025-06-12 16:06:19.762 +03:00  INF]  Request starting HTTP/2 POST https://localhost:7283/api/WaslaClient/GetInvoicesByClient - null 0
[2025-06-12 16:06:19.764 +03:00  INF]  CORS policy execution successful.
[2025-06-12 16:06:19.792 +03:00  INF]  Executing endpoint 'Wasla_App.Controllers.WaslaClientController.GetInvoicesByClient (Wasla_App)'
[2025-06-12 16:06:19.793 +03:00  INF]  Route matched with {action = "GetInvoicesByClient", controller = "WaslaClient"}. Executing controller action with signature System.Threading.Tasks.Task`1[Microsoft.AspNetCore.Mvc.IActionResult] GetInvoicesByClient() on controller Wasla_App.Controllers.WaslaClientController (Wasla_App).
[2025-06-12 16:06:23.319 +03:00  INF]  Executed DbCommand (11ms) [Parameters=[@__client_id_0='?'], CommandType='"Text"', CommandTimeout='30']
SELECT i0.invoice_id, i0.curr_code, i0.discount, i0.total_price, i0.grand_total_price, c."productId" AS service_id, c.package_id, c.service_name, c.package_name, p.package_price, p.package_sale_price, c0.copoun, c0.discount_value AS copoun_discount, a.tax_amount, p.package_desc, p.package_details, i0.invoice_code, i0.invoice_code_auto, i0.status
FROM "ClientServices" AS c
INNER JOIN (
    SELECT i.invoice_id, i.client_id, i.copoun_id, i.curr_code, i.discount, i.grand_total_price, i.invoice_code, i.invoice_code_auto, i.status, i.tax_id, i.total_price
    FROM "InvoiceMain" AS i
    WHERE i.active
) AS i0 ON c.invoice_id = i0.invoice_id AND (c.client_id = i0.client_id OR (c.client_id IS NULL AND i0.client_id IS NULL))
INNER JOIN "ApplyTax" AS a ON i0.tax_id = a.tax_id
INNER JOIN "ClientCopouns" AS c0 ON i0.copoun_id = c0.id
INNER JOIN "PricingPackages" AS p ON c.package_id = p.package_id
WHERE c.client_id = @__client_id_0
[2025-06-12 16:06:23.321 +03:00  INF]  Executing OkObjectResult, writing value of type 'System.Collections.Generic.List`1[[WaslaApp.Data.Models.invoices.ClientInvoiceGrp, WaslaApp.Data, Version=1.0.0.0, Culture=neutral, PublicKeyToken=null]]'.
[2025-06-12 16:06:23.321 +03:00  INF]  Executed action Wasla_App.Controllers.WaslaClientController.GetInvoicesByClient (Wasla_App) in 3528.6149ms
[2025-06-12 16:06:23.322 +03:00  INF]  Executed endpoint 'Wasla_App.Controllers.WaslaClientController.GetInvoicesByClient (Wasla_App)'
[2025-06-12 16:06:23.322 +03:00  INF]  Request finished HTTP/2 POST https://localhost:7283/api/WaslaClient/GetInvoicesByClient - 200 null application/json; charset=utf-8 3560.146ms
[2025-06-12 16:24:01.634 +03:00  INF]  User profile is available. Using 'C:\Users\Pro\AppData\Local\ASP.NET\DataProtection-Keys' as key repository and Windows DPAPI to encrypt keys at rest.
[2025-06-12 16:24:02.141 +03:00  WRN]  The WebRootPath was not found: D:\waslaa\api\WaslaAPI\Wasla_App\wwwroot. Static files may be unavailable.
[2025-06-12 16:24:02.419 +03:00  INF]  Now listening on: https://localhost:7283
[2025-06-12 16:24:02.420 +03:00  INF]  Now listening on: http://localhost:5074
[2025-06-12 16:24:03.577 +03:00  INF]  Application started. Press Ctrl+C to shut down.
[2025-06-12 16:24:03.577 +03:00  INF]  Hosting environment: Development
[2025-06-12 16:24:03.630 +03:00  INF]  Content root path: D:\waslaa\api\WaslaAPI\Wasla_App
[2025-06-12 16:24:03.921 +03:00  INF]  Request starting HTTP/2 GET https://localhost:7283/swagger/index.html - null null
[2025-06-12 16:24:05.041 +03:00  INF]  Request finished HTTP/2 GET https://localhost:7283/swagger/index.html - 200 null text/html;charset=utf-8 1137.1745ms
[2025-06-12 16:24:05.183 +03:00  INF]  Request starting HTTP/2 GET https://localhost:7283/_framework/aspnetcore-browser-refresh.js - null null
[2025-06-12 16:24:05.185 +03:00  INF]  Request starting HTTP/2 GET https://localhost:7283/_vs/browserLink - null null
[2025-06-12 16:24:05.344 +03:00  INF]  Request finished HTTP/2 GET https://localhost:7283/_framework/aspnetcore-browser-refresh.js - 200 16503 application/javascript; charset=utf-8 161.096ms
[2025-06-12 16:24:05.440 +03:00  INF]  Request finished HTTP/2 GET https://localhost:7283/_vs/browserLink - 200 null text/javascript; charset=UTF-8 255.3526ms
[2025-06-12 16:24:05.527 +03:00  INF]  Request starting HTTP/2 GET https://localhost:7283/swagger/v1/swagger.json - null null
[2025-06-12 16:24:05.683 +03:00  INF]  Request finished HTTP/2 GET https://localhost:7283/swagger/v1/swagger.json - 200 null application/json;charset=utf-8 155.6652ms
[2025-06-12 16:25:44.280 +03:00  INF]  Request starting HTTP/2 POST https://localhost:7283/api/WaslaClient/GetInvoicesByClient - null 0
[2025-06-12 16:25:44.289 +03:00  INF]  CORS policy execution successful.
[2025-06-12 16:25:44.551 +03:00  INF]  Executing endpoint 'Wasla_App.Controllers.WaslaClientController.GetInvoicesByClient (Wasla_App)'
[2025-06-12 16:25:44.598 +03:00  INF]  Route matched with {action = "GetInvoicesByClient", controller = "WaslaClient"}. Executing controller action with signature System.Threading.Tasks.Task`1[Microsoft.AspNetCore.Mvc.IActionResult] GetInvoicesByClient() on controller Wasla_App.Controllers.WaslaClientController (Wasla_App).
[2025-06-12 16:25:49.313 +03:00  INF]  Executed DbCommand (145ms) [Parameters=[@__client_id_0='?'], CommandType='"Text"', CommandTimeout='30']
SELECT i0.invoice_id, i0.curr_code, i0.discount, i0.total_price, i0.grand_total_price, c."productId" AS service_id, c.package_id, c.service_name, c.package_name, p.package_price, p.package_sale_price, p.package_desc, p.package_details, i0.invoice_code, i0.invoice_code_auto, i0.status
FROM "ClientServices" AS c
INNER JOIN (
    SELECT i.invoice_id, i.client_id, i.curr_code, i.discount, i.grand_total_price, i.invoice_code, i.invoice_code_auto, i.status, i.total_price
    FROM "InvoiceMain" AS i
    WHERE i.active
) AS i0 ON c.invoice_id = i0.invoice_id AND (c.client_id = i0.client_id OR (c.client_id IS NULL AND i0.client_id IS NULL))
INNER JOIN "PricingPackages" AS p ON c.package_id = p.package_id
WHERE c.client_id = @__client_id_0
[2025-06-12 16:25:49.441 +03:00  INF]  Executing OkObjectResult, writing value of type 'System.Collections.Generic.List`1[[WaslaApp.Data.Models.invoices.ClientInvoiceGrp, WaslaApp.Data, Version=1.0.0.0, Culture=neutral, PublicKeyToken=null]]'.
[2025-06-12 16:25:49.522 +03:00  INF]  Executed action Wasla_App.Controllers.WaslaClientController.GetInvoicesByClient (Wasla_App) in 4916.6281ms
[2025-06-12 16:25:49.523 +03:00  INF]  Executed endpoint 'Wasla_App.Controllers.WaslaClientController.GetInvoicesByClient (Wasla_App)'
[2025-06-12 16:25:49.535 +03:00  INF]  Request finished HTTP/2 POST https://localhost:7283/api/WaslaClient/GetInvoicesByClient - 200 null application/json; charset=utf-8 5256.0063ms
[2025-06-12 16:31:08.721 +03:00  INF]  User profile is available. Using 'C:\Users\Pro\AppData\Local\ASP.NET\DataProtection-Keys' as key repository and Windows DPAPI to encrypt keys at rest.
[2025-06-12 16:31:09.080 +03:00  WRN]  The WebRootPath was not found: D:\waslaa\api\WaslaAPI\Wasla_App\wwwroot. Static files may be unavailable.
[2025-06-12 16:31:09.285 +03:00  INF]  Now listening on: https://localhost:7283
[2025-06-12 16:31:09.285 +03:00  INF]  Now listening on: http://localhost:5074
[2025-06-12 16:31:10.126 +03:00  INF]  Application started. Press Ctrl+C to shut down.
[2025-06-12 16:31:10.127 +03:00  INF]  Hosting environment: Development
[2025-06-12 16:31:10.127 +03:00  INF]  Content root path: D:\waslaa\api\WaslaAPI\Wasla_App
[2025-06-12 16:31:10.385 +03:00  INF]  Request starting HTTP/2 GET https://localhost:7283/swagger/index.html - null null
[2025-06-12 16:31:11.001 +03:00  INF]  Request finished HTTP/2 GET https://localhost:7283/swagger/index.html - 200 null text/html;charset=utf-8 629.6126ms
[2025-06-12 16:31:14.477 +03:00  INF]  Request starting HTTP/2 GET https://localhost:7283/_framework/aspnetcore-browser-refresh.js - null null
[2025-06-12 16:31:14.482 +03:00  INF]  Request finished HTTP/2 GET https://localhost:7283/_framework/aspnetcore-browser-refresh.js - 200 16503 application/javascript; charset=utf-8 5.6393ms
[2025-06-12 16:31:14.916 +03:00  INF]  Request starting HTTP/2 GET https://localhost:7283/_vs/browserLink - null null
[2025-06-12 16:31:14.982 +03:00  INF]  Request finished HTTP/2 GET https://localhost:7283/_vs/browserLink - 200 null text/javascript; charset=UTF-8 66.2971ms
[2025-06-12 16:31:15.468 +03:00  INF]  Request starting HTTP/2 GET https://localhost:7283/swagger/v1/swagger.json - null null
[2025-06-12 16:31:15.519 +03:00  INF]  Request finished HTTP/2 GET https://localhost:7283/swagger/v1/swagger.json - 200 null application/json;charset=utf-8 51.1008ms
[2025-06-12 16:32:14.561 +03:00  INF]  Request starting HTTP/2 POST https://localhost:7283/api/WaslaClient/ValidateClientCopoun - application/json 49
[2025-06-12 16:32:14.595 +03:00  INF]  CORS policy execution successful.
[2025-06-12 16:32:14.836 +03:00  INF]  Executing endpoint 'Wasla_App.Controllers.WaslaClientController.ValidateClientCopoun (Wasla_App)'
[2025-06-12 16:32:14.885 +03:00  INF]  Route matched with {action = "ValidateClientCopoun", controller = "WaslaClient"}. Executing controller action with signature System.Threading.Tasks.Task`1[Microsoft.AspNetCore.Mvc.IActionResult] ValidateClientCopoun(WaslaApp.Data.Models.profile.ClientCopounReq) on controller Wasla_App.Controllers.WaslaClientController (Wasla_App).
[2025-06-12 16:32:17.390 +03:00  INF]  Executed DbCommand (110ms) [Parameters=[@__req_client_id_0='?', @__req_copoun_1='?'], CommandType='"Text"', CommandTimeout='30']
SELECT c.client_id, c.discount_type, c.discount_value, c.end_date, c.id, c.start_date, TRUE
FROM "ClientCopouns" AS c
WHERE c.client_id = @__req_client_id_0 AND c.copoun = @__req_copoun_1
[2025-06-12 16:32:17.484 +03:00  INF]  Executing OkObjectResult, writing value of type 'System.Collections.Generic.List`1[[WaslaApp.Data.Models.profile.ClientCopounCast, WaslaApp.Data, Version=1.0.0.0, Culture=neutral, PublicKeyToken=null]]'.
[2025-06-12 16:32:17.546 +03:00  INF]  Executed action Wasla_App.Controllers.WaslaClientController.ValidateClientCopoun (Wasla_App) in 2651.1112ms
[2025-06-12 16:32:17.547 +03:00  INF]  Executed endpoint 'Wasla_App.Controllers.WaslaClientController.ValidateClientCopoun (Wasla_App)'
[2025-06-12 16:32:17.568 +03:00  INF]  Request finished HTTP/2 POST https://localhost:7283/api/WaslaClient/ValidateClientCopoun - 200 null application/json; charset=utf-8 3006.7447ms
[2025-06-12 16:37:50.163 +03:00  INF]  User profile is available. Using 'C:\Users\Pro\AppData\Local\ASP.NET\DataProtection-Keys' as key repository and Windows DPAPI to encrypt keys at rest.
[2025-06-12 16:37:50.512 +03:00  WRN]  The WebRootPath was not found: D:\waslaa\api\WaslaAPI\Wasla_App\wwwroot. Static files may be unavailable.
[2025-06-12 16:37:50.831 +03:00  INF]  Now listening on: https://localhost:7283
[2025-06-12 16:37:50.831 +03:00  INF]  Now listening on: http://localhost:5074
[2025-06-12 16:37:51.779 +03:00  INF]  Application started. Press Ctrl+C to shut down.
[2025-06-12 16:37:51.780 +03:00  INF]  Hosting environment: Development
[2025-06-12 16:37:51.780 +03:00  INF]  Content root path: D:\waslaa\api\WaslaAPI\Wasla_App
[2025-06-12 16:37:51.811 +03:00  INF]  Request starting HTTP/2 GET https://localhost:7283/swagger/index.html - null null
[2025-06-12 16:37:52.300 +03:00  INF]  Request finished HTTP/2 GET https://localhost:7283/swagger/index.html - 200 null text/html;charset=utf-8 558.4362ms
[2025-06-12 16:37:52.390 +03:00  INF]  Request starting HTTP/2 GET https://localhost:7283/_framework/aspnetcore-browser-refresh.js - null null
[2025-06-12 16:37:52.390 +03:00  INF]  Request starting HTTP/2 GET https://localhost:7283/_vs/browserLink - null null
[2025-06-12 16:37:52.398 +03:00  INF]  Request finished HTTP/2 GET https://localhost:7283/_framework/aspnetcore-browser-refresh.js - 200 16503 application/javascript; charset=utf-8 8.0113ms
[2025-06-12 16:37:52.458 +03:00  INF]  Request finished HTTP/2 GET https://localhost:7283/_vs/browserLink - 200 null text/javascript; charset=UTF-8 68.0923ms
[2025-06-12 16:37:52.584 +03:00  INF]  Request starting HTTP/2 GET https://localhost:7283/swagger/v1/swagger.json - null null
[2025-06-12 16:37:52.631 +03:00  INF]  Request finished HTTP/2 GET https://localhost:7283/swagger/v1/swagger.json - 200 null application/json;charset=utf-8 46.5473ms
[2025-06-12 16:39:19.384 +03:00  INF]  Request starting HTTP/2 POST https://localhost:7283/api/WaslaClient/CheckoutInvoice - application/json 105
[2025-06-12 16:39:19.398 +03:00  INF]  CORS policy execution successful.
[2025-06-12 16:39:19.749 +03:00  INF]  Executing endpoint 'Wasla_App.Controllers.WaslaClientController.CheckoutInvoice (Wasla_App)'
[2025-06-12 16:39:19.802 +03:00  INF]  Route matched with {action = "CheckoutInvoice", controller = "WaslaClient"}. Executing controller action with signature Microsoft.AspNetCore.Mvc.IActionResult CheckoutInvoice(WaslaApp.Data.Models.invoices.CheckoutReq) on controller Wasla_App.Controllers.WaslaClientController (Wasla_App).
[2025-06-12 16:39:29.506 +03:00  INF]  Executed DbCommand (134ms) [Parameters=[@__client_id_0='?', @__req_invoice_id_1='?' (DbType = Decimal)], CommandType='"Text"', CommandTimeout='30']
SELECT i.invoice_id, i.active, i.client_email, i.client_id, i.client_name, i.copoun_id, i.curr_code, i.discount, i.grand_total_price, i.invoice_code, i.invoice_code_auto, i.invoice_date, i.status, i.tax_id, i.total_price
FROM "InvoiceMain" AS i
WHERE i.client_id = @__client_id_0 AND i.invoice_id = @__req_invoice_id_1
LIMIT 2
[2025-06-12 16:47:22.590 +03:00  INF]  Executed DbCommand (9ms) [Parameters=[@p14='?' (DbType = Decimal), @p0='?' (DbType = Boolean), @p1='?', @p2='?', @p3='?', @p4='?' (DbType = Decimal), @p5='?', @p6='?' (DbType = Decimal), @p7='?' (DbType = Decimal), @p8='?', @p9='?', @p10='?' (DbType = DateTime2), @p11='?' (DbType = Int16), @p12='?' (DbType = Int32), @p13='?' (DbType = Decimal)], CommandType='"Text"', CommandTimeout='30']
UPDATE "InvoiceMain" SET active = @p0, client_email = @p1, client_id = @p2, client_name = @p3, copoun_id = @p4, curr_code = @p5, discount = @p6, grand_total_price = @p7, invoice_code = @p8, invoice_code_auto = @p9, invoice_date = @p10, status = @p11, tax_id = @p12, total_price = @p13
WHERE invoice_id = @p14;
[2025-06-12 16:47:24.992 +03:00  INF]  Executing OkObjectResult, writing value of type 'WaslaApp.Data.Models.global.ResponseCls'.
[2025-06-12 16:47:25.007 +03:00  INF]  Executed action Wasla_App.Controllers.WaslaClientController.CheckoutInvoice (Wasla_App) in 485198.7944ms
[2025-06-12 16:47:25.007 +03:00  INF]  Executed endpoint 'Wasla_App.Controllers.WaslaClientController.CheckoutInvoice (Wasla_App)'
[2025-06-12 16:47:25.018 +03:00  INF]  Request finished HTTP/2 POST https://localhost:7283/api/WaslaClient/CheckoutInvoice - 200 null application/json; charset=utf-8 485634.6899ms
[2025-06-12 16:48:56.398 +03:00  INF]  Request starting HTTP/2 POST https://localhost:7283/api/WaslaClient/RemoveInvoice - application/json 40
[2025-06-12 16:48:56.400 +03:00  INF]  CORS policy execution successful.
[2025-06-12 16:48:56.422 +03:00  INF]  Executing endpoint 'Wasla_App.Controllers.WaslaClientController.RemoveInvoice (Wasla_App)'
[2025-06-12 16:48:56.428 +03:00  INF]  Route matched with {action = "RemoveInvoice", controller = "WaslaClient"}. Executing controller action with signature Microsoft.AspNetCore.Mvc.IActionResult RemoveInvoice(WaslaApp.Data.Models.invoices.InvRemoveReq) on controller Wasla_App.Controllers.WaslaClientController (Wasla_App).
[2025-06-12 16:48:56.478 +03:00  INF]  Executed DbCommand (1ms) [Parameters=[@__client_id_0='?', @__req_invoice_id_1='?' (DbType = Decimal)], CommandType='"Text"', CommandTimeout='30']
SELECT i.invoice_id, i.active, i.client_email, i.client_id, i.client_name, i.copoun_id, i.curr_code, i.discount, i.grand_total_price, i.invoice_code, i.invoice_code_auto, i.invoice_date, i.status, i.tax_id, i.total_price
FROM "InvoiceMain" AS i
WHERE i.client_id = @__client_id_0 AND i.invoice_id = @__req_invoice_id_1
LIMIT 2
[2025-06-12 16:48:56.484 +03:00  INF]  Executed DbCommand (3ms) [Parameters=[@p14='?' (DbType = Decimal), @p0='?' (DbType = Boolean), @p1='?', @p2='?', @p3='?', @p4='?' (DbType = Decimal), @p5='?', @p6='?' (DbType = Decimal), @p7='?' (DbType = Decimal), @p8='?', @p9='?', @p10='?' (DbType = DateTime2), @p11='?' (DbType = Int16), @p12='?' (DbType = Int32), @p13='?' (DbType = Decimal)], CommandType='"Text"', CommandTimeout='30']
UPDATE "InvoiceMain" SET active = @p0, client_email = @p1, client_id = @p2, client_name = @p3, copoun_id = @p4, curr_code = @p5, discount = @p6, grand_total_price = @p7, invoice_code = @p8, invoice_code_auto = @p9, invoice_date = @p10, status = @p11, tax_id = @p12, total_price = @p13
WHERE invoice_id = @p14;
[2025-06-12 16:48:56.486 +03:00  INF]  Executing OkObjectResult, writing value of type 'WaslaApp.Data.Models.global.ResponseCls'.
[2025-06-12 16:48:56.486 +03:00  INF]  Executed action Wasla_App.Controllers.WaslaClientController.RemoveInvoice (Wasla_App) in 57.8573ms
[2025-06-12 16:48:56.486 +03:00  INF]  Executed endpoint 'Wasla_App.Controllers.WaslaClientController.RemoveInvoice (Wasla_App)'
[2025-06-12 16:48:56.487 +03:00  INF]  Request finished HTTP/2 POST https://localhost:7283/api/WaslaClient/RemoveInvoice - 200 null application/json; charset=utf-8 88.6843ms
[2025-06-12 16:49:19.850 +03:00  INF]  Request starting HTTP/2 POST https://localhost:7283/api/WaslaClient/GetInvoicesByClient - null 0
[2025-06-12 16:49:19.851 +03:00  INF]  CORS policy execution successful.
[2025-06-12 16:49:19.866 +03:00  INF]  Executing endpoint 'Wasla_App.Controllers.WaslaClientController.GetInvoicesByClient (Wasla_App)'
[2025-06-12 16:49:19.873 +03:00  INF]  Route matched with {action = "GetInvoicesByClient", controller = "WaslaClient"}. Executing controller action with signature System.Threading.Tasks.Task`1[Microsoft.AspNetCore.Mvc.IActionResult] GetInvoicesByClient() on controller Wasla_App.Controllers.WaslaClientController (Wasla_App).
[2025-06-12 16:49:21.724 +03:00  INF]  Executed DbCommand (50ms) [Parameters=[@__client_id_0='?'], CommandType='"Text"', CommandTimeout='30']
SELECT i0.invoice_id, i0.curr_code, i0.discount, i0.total_price, i0.grand_total_price, c."productId" AS service_id, c.package_id, c.service_name, c.package_name, p.package_price, p.package_sale_price, p.package_desc, p.package_details, i0.invoice_code, i0.invoice_code_auto, i0.status
FROM "ClientServices" AS c
INNER JOIN (
    SELECT i.invoice_id, i.client_id, i.curr_code, i.discount, i.grand_total_price, i.invoice_code, i.invoice_code_auto, i.status, i.total_price
    FROM "InvoiceMain" AS i
    WHERE i.active
) AS i0 ON c.invoice_id = i0.invoice_id AND (c.client_id = i0.client_id OR (c.client_id IS NULL AND i0.client_id IS NULL))
INNER JOIN "PricingPackages" AS p ON c.package_id = p.package_id
WHERE c.client_id = @__client_id_0
[2025-06-12 16:49:21.741 +03:00  INF]  Executing OkObjectResult, writing value of type 'System.Collections.Generic.List`1[[WaslaApp.Data.Models.invoices.ClientInvoiceGrp, WaslaApp.Data, Version=1.0.0.0, Culture=neutral, PublicKeyToken=null]]'.
[2025-06-12 16:49:21.750 +03:00  INF]  Executed action Wasla_App.Controllers.WaslaClientController.GetInvoicesByClient (Wasla_App) in 1876.6712ms
[2025-06-12 16:49:21.750 +03:00  INF]  Executed endpoint 'Wasla_App.Controllers.WaslaClientController.GetInvoicesByClient (Wasla_App)'
[2025-06-12 16:49:21.751 +03:00  INF]  Request finished HTTP/2 POST https://localhost:7283/api/WaslaClient/GetInvoicesByClient - 200 null application/json; charset=utf-8 1905.5973ms
