[2025-06-15 10:14:06.564 +03:00  INF]  User profile is available. Using 'C:\Users\Pro\AppData\Local\ASP.NET\DataProtection-Keys' as key repository and Windows DPAPI to encrypt keys at rest.
[2025-06-15 10:14:07.383 +03:00  WRN]  The WebRootPath was not found: D:\waslaa\api\WaslaAPI\Wasla_App\wwwroot. Static files may be unavailable.
[2025-06-15 10:14:09.212 +03:00  INF]  Now listening on: https://localhost:7283
[2025-06-15 10:14:09.212 +03:00  INF]  Now listening on: http://localhost:5074
[2025-06-15 10:14:09.408 +03:00  INF]  Application started. Press Ctrl+C to shut down.
[2025-06-15 10:14:09.408 +03:00  INF]  Hosting environment: Development
[2025-06-15 10:14:09.408 +03:00  INF]  Content root path: D:\waslaa\api\WaslaAPI\Wasla_App
[2025-06-15 10:14:18.152 +03:00  INF]  Request starting HTTP/2 GET https://localhost:7283/swagger/index.html - null null
[2025-06-15 10:14:18.615 +03:00  INF]  Request finished HTTP/2 GET https://localhost:7283/swagger/index.html - 200 null text/html;charset=utf-8 477.0595ms
[2025-06-15 10:14:18.671 +03:00  INF]  Request starting HTTP/2 GET https://localhost:7283/_vs/browserLink - null null
[2025-06-15 10:14:18.672 +03:00  INF]  Request starting HTTP/2 GET https://localhost:7283/_framework/aspnetcore-browser-refresh.js - null null
[2025-06-15 10:14:18.684 +03:00  INF]  Request finished HTTP/2 GET https://localhost:7283/_framework/aspnetcore-browser-refresh.js - 200 16503 application/javascript; charset=utf-8 11.32ms
[2025-06-15 10:14:18.850 +03:00  INF]  Request finished HTTP/2 GET https://localhost:7283/_vs/browserLink - 200 null text/javascript; charset=UTF-8 178.7964ms
[2025-06-15 10:14:18.966 +03:00  INF]  Request starting HTTP/2 GET https://localhost:7283/swagger/v1/swagger.json - null null
[2025-06-15 10:14:19.003 +03:00  INF]  Request finished HTTP/2 GET https://localhost:7283/swagger/v1/swagger.json - 200 null application/json;charset=utf-8 37.6886ms
[2025-06-15 10:16:24.422 +03:00  INF]  User profile is available. Using 'C:\Users\Pro\AppData\Local\ASP.NET\DataProtection-Keys' as key repository and Windows DPAPI to encrypt keys at rest.
[2025-06-15 10:16:25.120 +03:00  WRN]  The WebRootPath was not found: D:\waslaa\api\WaslaAPI\Wasla_App\wwwroot. Static files may be unavailable.
[2025-06-15 10:16:25.682 +03:00  INF]  Now listening on: https://localhost:7283
[2025-06-15 10:16:25.683 +03:00  INF]  Now listening on: http://localhost:5074
[2025-06-15 10:16:26.201 +03:00  INF]  Application started. Press Ctrl+C to shut down.
[2025-06-15 10:16:26.202 +03:00  INF]  Hosting environment: Development
[2025-06-15 10:16:26.202 +03:00  INF]  Content root path: D:\waslaa\api\WaslaAPI\Wasla_App
[2025-06-15 10:18:07.643 +03:00  INF]  User profile is available. Using 'C:\Users\Pro\AppData\Local\ASP.NET\DataProtection-Keys' as key repository and Windows DPAPI to encrypt keys at rest.
[2025-06-15 10:18:08.029 +03:00  WRN]  The WebRootPath was not found: D:\waslaa\api\WaslaAPI\Wasla_App\wwwroot. Static files may be unavailable.
[2025-06-15 10:18:08.246 +03:00  INF]  Now listening on: https://localhost:7283
[2025-06-15 10:18:08.246 +03:00  INF]  Now listening on: http://localhost:5074
[2025-06-15 10:18:08.920 +03:00  INF]  Application started. Press Ctrl+C to shut down.
[2025-06-15 10:18:08.920 +03:00  INF]  Hosting environment: Development
[2025-06-15 10:18:08.920 +03:00  INF]  Content root path: D:\waslaa\api\WaslaAPI\Wasla_App
[2025-06-15 10:18:09.075 +03:00  INF]  Request starting HTTP/2 GET https://localhost:7283/swagger/index.html - null null
[2025-06-15 10:18:09.564 +03:00  INF]  Request finished HTTP/2 GET https://localhost:7283/swagger/index.html - 200 null text/html;charset=utf-8 500.5099ms
[2025-06-15 10:18:09.924 +03:00  INF]  Request starting HTTP/2 GET https://localhost:7283/_framework/aspnetcore-browser-refresh.js - null null
[2025-06-15 10:18:10.029 +03:00  INF]  Request starting HTTP/2 GET https://localhost:7283/_vs/browserLink - null null
[2025-06-15 10:18:10.101 +03:00  INF]  Request finished HTTP/2 GET https://localhost:7283/_framework/aspnetcore-browser-refresh.js - 200 16503 application/javascript; charset=utf-8 176.4495ms
[2025-06-15 10:18:10.279 +03:00  INF]  Request finished HTTP/2 GET https://localhost:7283/_vs/browserLink - 200 null text/javascript; charset=UTF-8 249.8045ms
[2025-06-15 10:18:10.371 +03:00  INF]  Request starting HTTP/2 GET https://localhost:7283/swagger/v1/swagger.json - null null
[2025-06-15 10:18:10.433 +03:00  INF]  Request finished HTTP/2 GET https://localhost:7283/swagger/v1/swagger.json - 200 null application/json;charset=utf-8 62.5742ms
[2025-06-15 10:18:39.609 +03:00  INF]  Request starting HTTP/2 OPTIONS https://localhost:7283/api/WaslaBrowse/GetPricingPackageWithService - null null
[2025-06-15 10:18:39.622 +03:00  INF]  CORS policy execution successful.
[2025-06-15 10:18:39.624 +03:00  INF]  Request finished HTTP/2 OPTIONS https://localhost:7283/api/WaslaBrowse/GetPricingPackageWithService - 204 null null 19.5974ms
[2025-06-15 10:18:39.626 +03:00  INF]  Request starting HTTP/2 POST https://localhost:7283/api/WaslaBrowse/GetPricingPackageWithService - application/json 82
[2025-06-15 10:18:39.628 +03:00  INF]  CORS policy execution successful.
[2025-06-15 10:18:41.899 +03:00  INF]  Executing endpoint 'Wasla_App.Controllers.WaslaBrowseController.GetPricingPackageWithService (Wasla_App)'
[2025-06-15 10:18:41.958 +03:00  INF]  Route matched with {action = "GetPricingPackageWithService", controller = "WaslaBrowse"}. Executing controller action with signature System.Threading.Tasks.Task`1[Microsoft.AspNetCore.Mvc.IActionResult] GetPricingPackageWithService(WaslaApp.Data.Models.global.LangReq) on controller Wasla_App.Controllers.WaslaBrowseController (Wasla_App).
[2025-06-15 10:18:46.008 +03:00  INF]  Executed DbCommand (111ms) [Parameters=[@__req_lang_0='?', @__ToLower_1='?'], CommandType='"Text"', CommandTimeout='30']
SELECT p.service_id, p.curr_code, p.lang_code, p.package_sale_price, p.active, p.discount_amount, p.discount_type, COALESCE(p.start_date::text, '') AS "end_dateStr", p.package_price, p.package_name, p.package_id, p.package_desc, p.start_date, p.end_date, p."order", p.package_details, s0."productName" AS service_name, p.is_recommend, p.package_code, FALSE AS "isSelected", s0.service_code
FROM "PricingPackages" AS p
INNER JOIN (
    SELECT s."productId", s."productName", s.service_code
    FROM "Services" AS s
    WHERE s.lang_code = @__req_lang_0
) AS s0 ON p.service_id = s0."productId"
WHERE p.lang_code = @__req_lang_0 AND lower(p.curr_code) = @__ToLower_1 AND p.active
[2025-06-15 10:18:46.168 +03:00  INF]  Executed DbCommand (7ms) [Parameters=[@__req_active_0='?' (DbType = Boolean), @__req_package_id_1='?' (DbType = Int32), @__req_lang_code_2='?'], CommandType='"Text"', CommandTimeout='30']
SELECT p.id, p.active, p.feature_desc, p.feature_name, p.lang_code, p.package_id
FROM "PricingPkgFeatures" AS p
WHERE p.active = @__req_active_0 AND p.package_id = @__req_package_id_1 AND p.lang_code = @__req_lang_code_2
[2025-06-15 10:18:46.270 +03:00  INF]  Executed DbCommand (1ms) [Parameters=[@__req_active_0='?' (DbType = Boolean), @__req_package_id_1='?' (DbType = Int32), @__req_lang_code_2='?'], CommandType='"Text"', CommandTimeout='30']
SELECT p.id, p.active, p.feature_desc, p.feature_name, p.lang_code, p.package_id
FROM "PricingPkgFeatures" AS p
WHERE p.active = @__req_active_0 AND p.package_id = @__req_package_id_1 AND p.lang_code = @__req_lang_code_2
[2025-06-15 10:18:46.271 +03:00  INF]  Executed DbCommand (1ms) [Parameters=[@__req_active_0='?' (DbType = Boolean), @__req_package_id_1='?' (DbType = Int32), @__req_lang_code_2='?'], CommandType='"Text"', CommandTimeout='30']
SELECT p.id, p.active, p.feature_desc, p.feature_name, p.lang_code, p.package_id
FROM "PricingPkgFeatures" AS p
WHERE p.active = @__req_active_0 AND p.package_id = @__req_package_id_1 AND p.lang_code = @__req_lang_code_2
[2025-06-15 10:18:46.273 +03:00  INF]  Executed DbCommand (1ms) [Parameters=[@__req_active_0='?' (DbType = Boolean), @__req_package_id_1='?' (DbType = Int32), @__req_lang_code_2='?'], CommandType='"Text"', CommandTimeout='30']
SELECT p.id, p.active, p.feature_desc, p.feature_name, p.lang_code, p.package_id
FROM "PricingPkgFeatures" AS p
WHERE p.active = @__req_active_0 AND p.package_id = @__req_package_id_1 AND p.lang_code = @__req_lang_code_2
[2025-06-15 10:18:46.274 +03:00  INF]  Executed DbCommand (1ms) [Parameters=[@__req_active_0='?' (DbType = Boolean), @__req_package_id_1='?' (DbType = Int32), @__req_lang_code_2='?'], CommandType='"Text"', CommandTimeout='30']
SELECT p.id, p.active, p.feature_desc, p.feature_name, p.lang_code, p.package_id
FROM "PricingPkgFeatures" AS p
WHERE p.active = @__req_active_0 AND p.package_id = @__req_package_id_1 AND p.lang_code = @__req_lang_code_2
[2025-06-15 10:18:46.276 +03:00  INF]  Executed DbCommand (1ms) [Parameters=[@__req_active_0='?' (DbType = Boolean), @__req_package_id_1='?' (DbType = Int32), @__req_lang_code_2='?'], CommandType='"Text"', CommandTimeout='30']
SELECT p.id, p.active, p.feature_desc, p.feature_name, p.lang_code, p.package_id
FROM "PricingPkgFeatures" AS p
WHERE p.active = @__req_active_0 AND p.package_id = @__req_package_id_1 AND p.lang_code = @__req_lang_code_2
[2025-06-15 10:18:46.298 +03:00  INF]  Executing OkObjectResult, writing value of type 'System.Collections.Generic.List`1[[WaslaApp.Data.Models.PackagesAndServices.ServicesWithPkg, WaslaApp.Data, Version=1.0.0.0, Culture=neutral, PublicKeyToken=null]]'.
[2025-06-15 10:18:46.359 +03:00  INF]  Executed action Wasla_App.Controllers.WaslaBrowseController.GetPricingPackageWithService (Wasla_App) in 4395.1877ms
[2025-06-15 10:18:46.360 +03:00  INF]  Executed endpoint 'Wasla_App.Controllers.WaslaBrowseController.GetPricingPackageWithService (Wasla_App)'
[2025-06-15 10:18:46.376 +03:00  INF]  Request finished HTTP/2 POST https://localhost:7283/api/WaslaBrowse/GetPricingPackageWithService - 200 null application/json; charset=utf-8 6748.5576ms
[2025-06-15 10:18:47.850 +03:00  INF]  Request starting HTTP/2 OPTIONS https://localhost:7283/api/WaslaBrowse/GetPricingPackageWithService - null null
[2025-06-15 10:18:47.851 +03:00  INF]  CORS policy execution successful.
[2025-06-15 10:18:47.852 +03:00  INF]  Request finished HTTP/2 OPTIONS https://localhost:7283/api/WaslaBrowse/GetPricingPackageWithService - 204 null null 1.8266ms
[2025-06-15 10:18:47.856 +03:00  INF]  Request starting HTTP/2 POST https://localhost:7283/api/WaslaBrowse/GetPricingPackageWithService - application/json 82
[2025-06-15 10:18:47.856 +03:00  INF]  CORS policy execution successful.
[2025-06-15 10:18:47.867 +03:00  INF]  Executing endpoint 'Wasla_App.Controllers.WaslaBrowseController.GetPricingPackageWithService (Wasla_App)'
[2025-06-15 10:18:47.868 +03:00  INF]  Route matched with {action = "GetPricingPackageWithService", controller = "WaslaBrowse"}. Executing controller action with signature System.Threading.Tasks.Task`1[Microsoft.AspNetCore.Mvc.IActionResult] GetPricingPackageWithService(WaslaApp.Data.Models.global.LangReq) on controller Wasla_App.Controllers.WaslaBrowseController (Wasla_App).
[2025-06-15 10:18:47.918 +03:00  INF]  Executed DbCommand (9ms) [Parameters=[@__req_lang_0='?', @__ToLower_1='?'], CommandType='"Text"', CommandTimeout='30']
SELECT p.service_id, p.curr_code, p.lang_code, p.package_sale_price, p.active, p.discount_amount, p.discount_type, COALESCE(p.start_date::text, '') AS "end_dateStr", p.package_price, p.package_name, p.package_id, p.package_desc, p.start_date, p.end_date, p."order", p.package_details, s0."productName" AS service_name, p.is_recommend, p.package_code, FALSE AS "isSelected", s0.service_code
FROM "PricingPackages" AS p
INNER JOIN (
    SELECT s."productId", s."productName", s.service_code
    FROM "Services" AS s
    WHERE s.lang_code = @__req_lang_0
) AS s0 ON p.service_id = s0."productId"
WHERE p.lang_code = @__req_lang_0 AND lower(p.curr_code) = @__ToLower_1 AND p.active
[2025-06-15 10:18:47.920 +03:00  INF]  Executed DbCommand (1ms) [Parameters=[@__req_active_0='?' (DbType = Boolean), @__req_package_id_1='?' (DbType = Int32), @__req_lang_code_2='?'], CommandType='"Text"', CommandTimeout='30']
SELECT p.id, p.active, p.feature_desc, p.feature_name, p.lang_code, p.package_id
FROM "PricingPkgFeatures" AS p
WHERE p.active = @__req_active_0 AND p.package_id = @__req_package_id_1 AND p.lang_code = @__req_lang_code_2
[2025-06-15 10:18:47.923 +03:00  INF]  Executed DbCommand (1ms) [Parameters=[@__req_active_0='?' (DbType = Boolean), @__req_package_id_1='?' (DbType = Int32), @__req_lang_code_2='?'], CommandType='"Text"', CommandTimeout='30']
SELECT p.id, p.active, p.feature_desc, p.feature_name, p.lang_code, p.package_id
FROM "PricingPkgFeatures" AS p
WHERE p.active = @__req_active_0 AND p.package_id = @__req_package_id_1 AND p.lang_code = @__req_lang_code_2
[2025-06-15 10:18:47.925 +03:00  INF]  Executing OkObjectResult, writing value of type 'System.Collections.Generic.List`1[[WaslaApp.Data.Models.PackagesAndServices.ServicesWithPkg, WaslaApp.Data, Version=1.0.0.0, Culture=neutral, PublicKeyToken=null]]'.
[2025-06-15 10:18:47.926 +03:00  INF]  Executed action Wasla_App.Controllers.WaslaBrowseController.GetPricingPackageWithService (Wasla_App) in 57.6069ms
[2025-06-15 10:18:47.926 +03:00  INF]  Executed endpoint 'Wasla_App.Controllers.WaslaBrowseController.GetPricingPackageWithService (Wasla_App)'
[2025-06-15 10:18:47.926 +03:00  INF]  Request finished HTTP/2 POST https://localhost:7283/api/WaslaBrowse/GetPricingPackageWithService - 200 null application/json; charset=utf-8 70.7064ms
[2025-06-15 10:18:58.993 +03:00  INF]  Request starting HTTP/2 OPTIONS https://localhost:7283/api/WaslaClient/MakeClientInvoiceForPackages - null null
[2025-06-15 10:18:58.994 +03:00  INF]  CORS policy execution successful.
[2025-06-15 10:18:58.994 +03:00  INF]  Request finished HTTP/2 OPTIONS https://localhost:7283/api/WaslaClient/MakeClientInvoiceForPackages - 204 null null 0.9833ms
[2025-06-15 10:18:58.996 +03:00  INF]  Request starting HTTP/2 POST https://localhost:7283/api/WaslaClient/MakeClientInvoiceForPackages - application/json 227
[2025-06-15 10:18:58.996 +03:00  INF]  CORS policy execution successful.
[2025-06-15 10:18:59.144 +03:00  INF]  Failed to validate the token.
Microsoft.IdentityModel.Tokens.SecurityTokenExpiredException: IDX10223: Lifetime validation failed. The token is expired. ValidTo (UTC): '6/14/2025 3:45:21 PM', Current time (UTC): '6/15/2025 7:18:59 AM'.
   at Microsoft.IdentityModel.Tokens.Validators.ValidateLifetime(Nullable`1 notBefore, Nullable`1 expires, SecurityToken securityToken, TokenValidationParameters validationParameters)
   at Microsoft.IdentityModel.JsonWebTokens.JsonWebTokenHandler.ValidateTokenPayloadAsync(JsonWebToken jsonWebToken, TokenValidationParameters validationParameters, BaseConfiguration configuration)
   at Microsoft.IdentityModel.JsonWebTokens.JsonWebTokenHandler.ValidateJWSAsync(JsonWebToken jsonWebToken, TokenValidationParameters validationParameters, BaseConfiguration configuration)
[2025-06-15 10:18:59.164 +03:00  INF]  Bearer was not authenticated. Failure message: IDX10223: Lifetime validation failed. The token is expired. ValidTo (UTC): '6/14/2025 3:45:21 PM', Current time (UTC): '6/15/2025 7:18:59 AM'.
[2025-06-15 10:18:59.172 +03:00  INF]  Authorization failed. These requirements were not met:
DenyAnonymousAuthorizationRequirement: Requires an authenticated user.
[2025-06-15 10:18:59.179 +03:00  INF]  AuthenticationScheme: Bearer was challenged.
[2025-06-15 10:18:59.180 +03:00  INF]  Request finished HTTP/2 POST https://localhost:7283/api/WaslaClient/MakeClientInvoiceForPackages - 401 0 null 184.2138ms
[2025-06-15 10:19:06.240 +03:00  INF]  Request starting HTTP/2 OPTIONS https://localhost:7283/api/WaslaBrowse/GetPricingPackageWithService - null null
[2025-06-15 10:19:06.241 +03:00  INF]  CORS policy execution successful.
[2025-06-15 10:19:06.241 +03:00  INF]  Request finished HTTP/2 OPTIONS https://localhost:7283/api/WaslaBrowse/GetPricingPackageWithService - 204 null null 0.4912ms
[2025-06-15 10:19:06.248 +03:00  INF]  Request starting HTTP/2 POST https://localhost:7283/api/WaslaBrowse/GetPricingPackageWithService - application/json 82
[2025-06-15 10:19:06.248 +03:00  INF]  CORS policy execution successful.
[2025-06-15 10:19:06.248 +03:00  INF]  Executing endpoint 'Wasla_App.Controllers.WaslaBrowseController.GetPricingPackageWithService (Wasla_App)'
[2025-06-15 10:19:06.248 +03:00  INF]  Route matched with {action = "GetPricingPackageWithService", controller = "WaslaBrowse"}. Executing controller action with signature System.Threading.Tasks.Task`1[Microsoft.AspNetCore.Mvc.IActionResult] GetPricingPackageWithService(WaslaApp.Data.Models.global.LangReq) on controller Wasla_App.Controllers.WaslaBrowseController (Wasla_App).
[2025-06-15 10:19:06.406 +03:00  INF]  Executed DbCommand (5ms) [Parameters=[@__req_lang_0='?', @__ToLower_1='?'], CommandType='"Text"', CommandTimeout='30']
SELECT p.service_id, p.curr_code, p.lang_code, p.package_sale_price, p.active, p.discount_amount, p.discount_type, COALESCE(p.start_date::text, '') AS "end_dateStr", p.package_price, p.package_name, p.package_id, p.package_desc, p.start_date, p.end_date, p."order", p.package_details, s0."productName" AS service_name, p.is_recommend, p.package_code, FALSE AS "isSelected", s0.service_code
FROM "PricingPackages" AS p
INNER JOIN (
    SELECT s."productId", s."productName", s.service_code
    FROM "Services" AS s
    WHERE s.lang_code = @__req_lang_0
) AS s0 ON p.service_id = s0."productId"
WHERE p.lang_code = @__req_lang_0 AND lower(p.curr_code) = @__ToLower_1 AND p.active
[2025-06-15 10:19:06.409 +03:00  INF]  Executed DbCommand (1ms) [Parameters=[@__req_active_0='?' (DbType = Boolean), @__req_package_id_1='?' (DbType = Int32), @__req_lang_code_2='?'], CommandType='"Text"', CommandTimeout='30']
SELECT p.id, p.active, p.feature_desc, p.feature_name, p.lang_code, p.package_id
FROM "PricingPkgFeatures" AS p
WHERE p.active = @__req_active_0 AND p.package_id = @__req_package_id_1 AND p.lang_code = @__req_lang_code_2
[2025-06-15 10:19:06.410 +03:00  INF]  Executed DbCommand (1ms) [Parameters=[@__req_active_0='?' (DbType = Boolean), @__req_package_id_1='?' (DbType = Int32), @__req_lang_code_2='?'], CommandType='"Text"', CommandTimeout='30']
SELECT p.id, p.active, p.feature_desc, p.feature_name, p.lang_code, p.package_id
FROM "PricingPkgFeatures" AS p
WHERE p.active = @__req_active_0 AND p.package_id = @__req_package_id_1 AND p.lang_code = @__req_lang_code_2
[2025-06-15 10:19:06.411 +03:00  INF]  Executing OkObjectResult, writing value of type 'System.Collections.Generic.List`1[[WaslaApp.Data.Models.PackagesAndServices.ServicesWithPkg, WaslaApp.Data, Version=1.0.0.0, Culture=neutral, PublicKeyToken=null]]'.
[2025-06-15 10:19:06.411 +03:00  INF]  Executed action Wasla_App.Controllers.WaslaBrowseController.GetPricingPackageWithService (Wasla_App) in 162.5552ms
[2025-06-15 10:19:06.411 +03:00  INF]  Executed endpoint 'Wasla_App.Controllers.WaslaBrowseController.GetPricingPackageWithService (Wasla_App)'
[2025-06-15 10:19:06.411 +03:00  INF]  Request finished HTTP/2 POST https://localhost:7283/api/WaslaBrowse/GetPricingPackageWithService - 200 null application/json; charset=utf-8 163.6741ms
[2025-06-15 10:19:12.244 +03:00  INF]  Request starting HTTP/2 OPTIONS https://localhost:7283/api/WaslaBrowse/GetPricingPackageWithService - null null
[2025-06-15 10:19:12.244 +03:00  INF]  CORS policy execution successful.
[2025-06-15 10:19:12.245 +03:00  INF]  Request finished HTTP/2 OPTIONS https://localhost:7283/api/WaslaBrowse/GetPricingPackageWithService - 204 null null 0.3878ms
[2025-06-15 10:19:12.267 +03:00  INF]  Request starting HTTP/2 POST https://localhost:7283/api/WaslaBrowse/GetPricingPackageWithService - application/json 82
[2025-06-15 10:19:12.268 +03:00  INF]  CORS policy execution successful.
[2025-06-15 10:19:12.268 +03:00  INF]  Executing endpoint 'Wasla_App.Controllers.WaslaBrowseController.GetPricingPackageWithService (Wasla_App)'
[2025-06-15 10:19:12.268 +03:00  INF]  Route matched with {action = "GetPricingPackageWithService", controller = "WaslaBrowse"}. Executing controller action with signature System.Threading.Tasks.Task`1[Microsoft.AspNetCore.Mvc.IActionResult] GetPricingPackageWithService(WaslaApp.Data.Models.global.LangReq) on controller Wasla_App.Controllers.WaslaBrowseController (Wasla_App).
[2025-06-15 10:19:12.272 +03:00  INF]  Executed DbCommand (2ms) [Parameters=[@__req_lang_0='?', @__ToLower_1='?'], CommandType='"Text"', CommandTimeout='30']
SELECT p.service_id, p.curr_code, p.lang_code, p.package_sale_price, p.active, p.discount_amount, p.discount_type, COALESCE(p.start_date::text, '') AS "end_dateStr", p.package_price, p.package_name, p.package_id, p.package_desc, p.start_date, p.end_date, p."order", p.package_details, s0."productName" AS service_name, p.is_recommend, p.package_code, FALSE AS "isSelected", s0.service_code
FROM "PricingPackages" AS p
INNER JOIN (
    SELECT s."productId", s."productName", s.service_code
    FROM "Services" AS s
    WHERE s.lang_code = @__req_lang_0
) AS s0 ON p.service_id = s0."productId"
WHERE p.lang_code = @__req_lang_0 AND lower(p.curr_code) = @__ToLower_1 AND p.active
[2025-06-15 10:19:12.275 +03:00  INF]  Executed DbCommand (1ms) [Parameters=[@__req_active_0='?' (DbType = Boolean), @__req_package_id_1='?' (DbType = Int32), @__req_lang_code_2='?'], CommandType='"Text"', CommandTimeout='30']
SELECT p.id, p.active, p.feature_desc, p.feature_name, p.lang_code, p.package_id
FROM "PricingPkgFeatures" AS p
WHERE p.active = @__req_active_0 AND p.package_id = @__req_package_id_1 AND p.lang_code = @__req_lang_code_2
[2025-06-15 10:19:12.276 +03:00  INF]  Executed DbCommand (0ms) [Parameters=[@__req_active_0='?' (DbType = Boolean), @__req_package_id_1='?' (DbType = Int32), @__req_lang_code_2='?'], CommandType='"Text"', CommandTimeout='30']
SELECT p.id, p.active, p.feature_desc, p.feature_name, p.lang_code, p.package_id
FROM "PricingPkgFeatures" AS p
WHERE p.active = @__req_active_0 AND p.package_id = @__req_package_id_1 AND p.lang_code = @__req_lang_code_2
[2025-06-15 10:19:12.277 +03:00  INF]  Executed DbCommand (0ms) [Parameters=[@__req_active_0='?' (DbType = Boolean), @__req_package_id_1='?' (DbType = Int32), @__req_lang_code_2='?'], CommandType='"Text"', CommandTimeout='30']
SELECT p.id, p.active, p.feature_desc, p.feature_name, p.lang_code, p.package_id
FROM "PricingPkgFeatures" AS p
WHERE p.active = @__req_active_0 AND p.package_id = @__req_package_id_1 AND p.lang_code = @__req_lang_code_2
[2025-06-15 10:19:12.278 +03:00  INF]  Executed DbCommand (0ms) [Parameters=[@__req_active_0='?' (DbType = Boolean), @__req_package_id_1='?' (DbType = Int32), @__req_lang_code_2='?'], CommandType='"Text"', CommandTimeout='30']
SELECT p.id, p.active, p.feature_desc, p.feature_name, p.lang_code, p.package_id
FROM "PricingPkgFeatures" AS p
WHERE p.active = @__req_active_0 AND p.package_id = @__req_package_id_1 AND p.lang_code = @__req_lang_code_2
[2025-06-15 10:19:12.279 +03:00  INF]  Executed DbCommand (0ms) [Parameters=[@__req_active_0='?' (DbType = Boolean), @__req_package_id_1='?' (DbType = Int32), @__req_lang_code_2='?'], CommandType='"Text"', CommandTimeout='30']
SELECT p.id, p.active, p.feature_desc, p.feature_name, p.lang_code, p.package_id
FROM "PricingPkgFeatures" AS p
WHERE p.active = @__req_active_0 AND p.package_id = @__req_package_id_1 AND p.lang_code = @__req_lang_code_2
[2025-06-15 10:19:12.280 +03:00  INF]  Executed DbCommand (1ms) [Parameters=[@__req_active_0='?' (DbType = Boolean), @__req_package_id_1='?' (DbType = Int32), @__req_lang_code_2='?'], CommandType='"Text"', CommandTimeout='30']
SELECT p.id, p.active, p.feature_desc, p.feature_name, p.lang_code, p.package_id
FROM "PricingPkgFeatures" AS p
WHERE p.active = @__req_active_0 AND p.package_id = @__req_package_id_1 AND p.lang_code = @__req_lang_code_2
[2025-06-15 10:19:12.280 +03:00  INF]  Executing OkObjectResult, writing value of type 'System.Collections.Generic.List`1[[WaslaApp.Data.Models.PackagesAndServices.ServicesWithPkg, WaslaApp.Data, Version=1.0.0.0, Culture=neutral, PublicKeyToken=null]]'.
[2025-06-15 10:19:12.281 +03:00  INF]  Executed action Wasla_App.Controllers.WaslaBrowseController.GetPricingPackageWithService (Wasla_App) in 12.6041ms
[2025-06-15 10:19:12.281 +03:00  INF]  Executed endpoint 'Wasla_App.Controllers.WaslaBrowseController.GetPricingPackageWithService (Wasla_App)'
[2025-06-15 10:19:12.281 +03:00  INF]  Request finished HTTP/2 POST https://localhost:7283/api/WaslaBrowse/GetPricingPackageWithService - 200 null application/json; charset=utf-8 14.9347ms
[2025-06-15 10:19:12.656 +03:00  INF]  Request starting HTTP/2 POST https://localhost:7283/api/WaslaBrowse/GetPricingPackageWithService - application/json 82
[2025-06-15 10:19:12.656 +03:00  INF]  CORS policy execution successful.
[2025-06-15 10:19:12.656 +03:00  INF]  Executing endpoint 'Wasla_App.Controllers.WaslaBrowseController.GetPricingPackageWithService (Wasla_App)'
[2025-06-15 10:19:12.656 +03:00  INF]  Route matched with {action = "GetPricingPackageWithService", controller = "WaslaBrowse"}. Executing controller action with signature System.Threading.Tasks.Task`1[Microsoft.AspNetCore.Mvc.IActionResult] GetPricingPackageWithService(WaslaApp.Data.Models.global.LangReq) on controller Wasla_App.Controllers.WaslaBrowseController (Wasla_App).
[2025-06-15 10:19:12.666 +03:00  INF]  Executed DbCommand (8ms) [Parameters=[@__req_lang_0='?', @__ToLower_1='?'], CommandType='"Text"', CommandTimeout='30']
SELECT p.service_id, p.curr_code, p.lang_code, p.package_sale_price, p.active, p.discount_amount, p.discount_type, COALESCE(p.start_date::text, '') AS "end_dateStr", p.package_price, p.package_name, p.package_id, p.package_desc, p.start_date, p.end_date, p."order", p.package_details, s0."productName" AS service_name, p.is_recommend, p.package_code, FALSE AS "isSelected", s0.service_code
FROM "PricingPackages" AS p
INNER JOIN (
    SELECT s."productId", s."productName", s.service_code
    FROM "Services" AS s
    WHERE s.lang_code = @__req_lang_0
) AS s0 ON p.service_id = s0."productId"
WHERE p.lang_code = @__req_lang_0 AND lower(p.curr_code) = @__ToLower_1 AND p.active
[2025-06-15 10:19:12.668 +03:00  INF]  Executed DbCommand (1ms) [Parameters=[@__req_active_0='?' (DbType = Boolean), @__req_package_id_1='?' (DbType = Int32), @__req_lang_code_2='?'], CommandType='"Text"', CommandTimeout='30']
SELECT p.id, p.active, p.feature_desc, p.feature_name, p.lang_code, p.package_id
FROM "PricingPkgFeatures" AS p
WHERE p.active = @__req_active_0 AND p.package_id = @__req_package_id_1 AND p.lang_code = @__req_lang_code_2
[2025-06-15 10:19:12.672 +03:00  INF]  Executed DbCommand (1ms) [Parameters=[@__req_active_0='?' (DbType = Boolean), @__req_package_id_1='?' (DbType = Int32), @__req_lang_code_2='?'], CommandType='"Text"', CommandTimeout='30']
SELECT p.id, p.active, p.feature_desc, p.feature_name, p.lang_code, p.package_id
FROM "PricingPkgFeatures" AS p
WHERE p.active = @__req_active_0 AND p.package_id = @__req_package_id_1 AND p.lang_code = @__req_lang_code_2
[2025-06-15 10:19:12.672 +03:00  INF]  Executing OkObjectResult, writing value of type 'System.Collections.Generic.List`1[[WaslaApp.Data.Models.PackagesAndServices.ServicesWithPkg, WaslaApp.Data, Version=1.0.0.0, Culture=neutral, PublicKeyToken=null]]'.
[2025-06-15 10:19:12.672 +03:00  INF]  Executed action Wasla_App.Controllers.WaslaBrowseController.GetPricingPackageWithService (Wasla_App) in 16.247ms
[2025-06-15 10:19:12.672 +03:00  INF]  Executed endpoint 'Wasla_App.Controllers.WaslaBrowseController.GetPricingPackageWithService (Wasla_App)'
[2025-06-15 10:19:12.673 +03:00  INF]  Request finished HTTP/2 POST https://localhost:7283/api/WaslaBrowse/GetPricingPackageWithService - 200 null application/json; charset=utf-8 16.9025ms
[2025-06-15 10:19:30.643 +03:00  INF]  Request starting HTTP/2 OPTIONS https://localhost:7283/api/WaslaBrowse/GetPricingPackageWithService - null null
[2025-06-15 10:19:30.643 +03:00  INF]  CORS policy execution successful.
[2025-06-15 10:19:30.643 +03:00  INF]  Request finished HTTP/2 OPTIONS https://localhost:7283/api/WaslaBrowse/GetPricingPackageWithService - 204 null null 1.1826ms
[2025-06-15 10:19:30.647 +03:00  INF]  Request starting HTTP/2 POST https://localhost:7283/api/WaslaBrowse/GetPricingPackageWithService - application/json 48
[2025-06-15 10:19:30.647 +03:00  INF]  CORS policy execution successful.
[2025-06-15 10:19:30.647 +03:00  INF]  Executing endpoint 'Wasla_App.Controllers.WaslaBrowseController.GetPricingPackageWithService (Wasla_App)'
[2025-06-15 10:19:30.648 +03:00  INF]  Route matched with {action = "GetPricingPackageWithService", controller = "WaslaBrowse"}. Executing controller action with signature System.Threading.Tasks.Task`1[Microsoft.AspNetCore.Mvc.IActionResult] GetPricingPackageWithService(WaslaApp.Data.Models.global.LangReq) on controller Wasla_App.Controllers.WaslaBrowseController (Wasla_App).
[2025-06-15 10:19:30.652 +03:00  INF]  Executed DbCommand (1ms) [Parameters=[@__req_lang_0='?', @__ToLower_1='?'], CommandType='"Text"', CommandTimeout='30']
SELECT p.service_id, p.curr_code, p.lang_code, p.package_sale_price, p.active, p.discount_amount, p.discount_type, COALESCE(p.start_date::text, '') AS "end_dateStr", p.package_price, p.package_name, p.package_id, p.package_desc, p.start_date, p.end_date, p."order", p.package_details, s0."productName" AS service_name, p.is_recommend, p.package_code, FALSE AS "isSelected", s0.service_code
FROM "PricingPackages" AS p
INNER JOIN (
    SELECT s."productId", s."productName", s.service_code
    FROM "Services" AS s
    WHERE s.lang_code = @__req_lang_0
) AS s0 ON p.service_id = s0."productId"
WHERE p.lang_code = @__req_lang_0 AND lower(p.curr_code) = @__ToLower_1 AND p.active
[2025-06-15 10:19:30.659 +03:00  INF]  Executed DbCommand (1ms) [Parameters=[@__req_active_0='?' (DbType = Boolean), @__req_package_id_1='?' (DbType = Int32), @__req_lang_code_2='?'], CommandType='"Text"', CommandTimeout='30']
SELECT p.id, p.active, p.feature_desc, p.feature_name, p.lang_code, p.package_id
FROM "PricingPkgFeatures" AS p
WHERE p.active = @__req_active_0 AND p.package_id = @__req_package_id_1 AND p.lang_code = @__req_lang_code_2
[2025-06-15 10:19:30.660 +03:00  INF]  Executed DbCommand (0ms) [Parameters=[@__req_active_0='?' (DbType = Boolean), @__req_package_id_1='?' (DbType = Int32), @__req_lang_code_2='?'], CommandType='"Text"', CommandTimeout='30']
SELECT p.id, p.active, p.feature_desc, p.feature_name, p.lang_code, p.package_id
FROM "PricingPkgFeatures" AS p
WHERE p.active = @__req_active_0 AND p.package_id = @__req_package_id_1 AND p.lang_code = @__req_lang_code_2
[2025-06-15 10:19:30.661 +03:00  INF]  Executed DbCommand (0ms) [Parameters=[@__req_active_0='?' (DbType = Boolean), @__req_package_id_1='?' (DbType = Int32), @__req_lang_code_2='?'], CommandType='"Text"', CommandTimeout='30']
SELECT p.id, p.active, p.feature_desc, p.feature_name, p.lang_code, p.package_id
FROM "PricingPkgFeatures" AS p
WHERE p.active = @__req_active_0 AND p.package_id = @__req_package_id_1 AND p.lang_code = @__req_lang_code_2
[2025-06-15 10:19:30.662 +03:00  INF]  Executed DbCommand (0ms) [Parameters=[@__req_active_0='?' (DbType = Boolean), @__req_package_id_1='?' (DbType = Int32), @__req_lang_code_2='?'], CommandType='"Text"', CommandTimeout='30']
SELECT p.id, p.active, p.feature_desc, p.feature_name, p.lang_code, p.package_id
FROM "PricingPkgFeatures" AS p
WHERE p.active = @__req_active_0 AND p.package_id = @__req_package_id_1 AND p.lang_code = @__req_lang_code_2
[2025-06-15 10:19:30.663 +03:00  INF]  Executed DbCommand (0ms) [Parameters=[@__req_active_0='?' (DbType = Boolean), @__req_package_id_1='?' (DbType = Int32), @__req_lang_code_2='?'], CommandType='"Text"', CommandTimeout='30']
SELECT p.id, p.active, p.feature_desc, p.feature_name, p.lang_code, p.package_id
FROM "PricingPkgFeatures" AS p
WHERE p.active = @__req_active_0 AND p.package_id = @__req_package_id_1 AND p.lang_code = @__req_lang_code_2
[2025-06-15 10:19:30.663 +03:00  INF]  Executed DbCommand (0ms) [Parameters=[@__req_active_0='?' (DbType = Boolean), @__req_package_id_1='?' (DbType = Int32), @__req_lang_code_2='?'], CommandType='"Text"', CommandTimeout='30']
SELECT p.id, p.active, p.feature_desc, p.feature_name, p.lang_code, p.package_id
FROM "PricingPkgFeatures" AS p
WHERE p.active = @__req_active_0 AND p.package_id = @__req_package_id_1 AND p.lang_code = @__req_lang_code_2
[2025-06-15 10:19:30.664 +03:00  INF]  Executing OkObjectResult, writing value of type 'System.Collections.Generic.List`1[[WaslaApp.Data.Models.PackagesAndServices.ServicesWithPkg, WaslaApp.Data, Version=1.0.0.0, Culture=neutral, PublicKeyToken=null]]'.
[2025-06-15 10:19:30.664 +03:00  INF]  Executed action Wasla_App.Controllers.WaslaBrowseController.GetPricingPackageWithService (Wasla_App) in 16.7848ms
[2025-06-15 10:19:30.664 +03:00  INF]  Executed endpoint 'Wasla_App.Controllers.WaslaBrowseController.GetPricingPackageWithService (Wasla_App)'
[2025-06-15 10:19:30.665 +03:00  INF]  Request finished HTTP/2 POST https://localhost:7283/api/WaslaBrowse/GetPricingPackageWithService - 200 null application/json; charset=utf-8 17.4263ms
[2025-06-15 10:19:32.083 +03:00  INF]  Request starting HTTP/2 POST https://localhost:7283/api/WaslaBrowse/GetPricingPackageWithService - application/json 48
[2025-06-15 10:19:32.083 +03:00  INF]  CORS policy execution successful.
[2025-06-15 10:19:32.084 +03:00  INF]  Executing endpoint 'Wasla_App.Controllers.WaslaBrowseController.GetPricingPackageWithService (Wasla_App)'
[2025-06-15 10:19:32.084 +03:00  INF]  Route matched with {action = "GetPricingPackageWithService", controller = "WaslaBrowse"}. Executing controller action with signature System.Threading.Tasks.Task`1[Microsoft.AspNetCore.Mvc.IActionResult] GetPricingPackageWithService(WaslaApp.Data.Models.global.LangReq) on controller Wasla_App.Controllers.WaslaBrowseController (Wasla_App).
[2025-06-15 10:19:32.120 +03:00  INF]  Executed DbCommand (26ms) [Parameters=[@__req_lang_0='?', @__ToLower_1='?'], CommandType='"Text"', CommandTimeout='30']
SELECT p.service_id, p.curr_code, p.lang_code, p.package_sale_price, p.active, p.discount_amount, p.discount_type, COALESCE(p.start_date::text, '') AS "end_dateStr", p.package_price, p.package_name, p.package_id, p.package_desc, p.start_date, p.end_date, p."order", p.package_details, s0."productName" AS service_name, p.is_recommend, p.package_code, FALSE AS "isSelected", s0.service_code
FROM "PricingPackages" AS p
INNER JOIN (
    SELECT s."productId", s."productName", s.service_code
    FROM "Services" AS s
    WHERE s.lang_code = @__req_lang_0
) AS s0 ON p.service_id = s0."productId"
WHERE p.lang_code = @__req_lang_0 AND lower(p.curr_code) = @__ToLower_1 AND p.active
[2025-06-15 10:19:32.122 +03:00  INF]  Executed DbCommand (0ms) [Parameters=[@__req_active_0='?' (DbType = Boolean), @__req_package_id_1='?' (DbType = Int32), @__req_lang_code_2='?'], CommandType='"Text"', CommandTimeout='30']
SELECT p.id, p.active, p.feature_desc, p.feature_name, p.lang_code, p.package_id
FROM "PricingPkgFeatures" AS p
WHERE p.active = @__req_active_0 AND p.package_id = @__req_package_id_1 AND p.lang_code = @__req_lang_code_2
[2025-06-15 10:19:32.123 +03:00  INF]  Executed DbCommand (1ms) [Parameters=[@__req_active_0='?' (DbType = Boolean), @__req_package_id_1='?' (DbType = Int32), @__req_lang_code_2='?'], CommandType='"Text"', CommandTimeout='30']
SELECT p.id, p.active, p.feature_desc, p.feature_name, p.lang_code, p.package_id
FROM "PricingPkgFeatures" AS p
WHERE p.active = @__req_active_0 AND p.package_id = @__req_package_id_1 AND p.lang_code = @__req_lang_code_2
[2025-06-15 10:19:32.123 +03:00  INF]  Executing OkObjectResult, writing value of type 'System.Collections.Generic.List`1[[WaslaApp.Data.Models.PackagesAndServices.ServicesWithPkg, WaslaApp.Data, Version=1.0.0.0, Culture=neutral, PublicKeyToken=null]]'.
[2025-06-15 10:19:32.124 +03:00  INF]  Executed action Wasla_App.Controllers.WaslaBrowseController.GetPricingPackageWithService (Wasla_App) in 39.229ms
[2025-06-15 10:19:32.124 +03:00  INF]  Executed endpoint 'Wasla_App.Controllers.WaslaBrowseController.GetPricingPackageWithService (Wasla_App)'
[2025-06-15 10:19:32.124 +03:00  INF]  Request finished HTTP/2 POST https://localhost:7283/api/WaslaBrowse/GetPricingPackageWithService - 200 null application/json; charset=utf-8 40.8336ms
[2025-06-15 10:19:49.236 +03:00  INF]  Request starting HTTP/2 OPTIONS https://localhost:7283/api/WaslaBrowse/GetPricingPackageWithService - null null
[2025-06-15 10:19:49.237 +03:00  INF]  CORS policy execution successful.
[2025-06-15 10:19:49.237 +03:00  INF]  Request finished HTTP/2 OPTIONS https://localhost:7283/api/WaslaBrowse/GetPricingPackageWithService - 204 null null 0.625ms
[2025-06-15 10:19:49.240 +03:00  INF]  Request starting HTTP/2 POST https://localhost:7283/api/WaslaBrowse/GetPricingPackageWithService - application/json 82
[2025-06-15 10:19:49.240 +03:00  INF]  CORS policy execution successful.
[2025-06-15 10:19:49.241 +03:00  INF]  Executing endpoint 'Wasla_App.Controllers.WaslaBrowseController.GetPricingPackageWithService (Wasla_App)'
[2025-06-15 10:19:49.241 +03:00  INF]  Route matched with {action = "GetPricingPackageWithService", controller = "WaslaBrowse"}. Executing controller action with signature System.Threading.Tasks.Task`1[Microsoft.AspNetCore.Mvc.IActionResult] GetPricingPackageWithService(WaslaApp.Data.Models.global.LangReq) on controller Wasla_App.Controllers.WaslaBrowseController (Wasla_App).
[2025-06-15 10:19:49.249 +03:00  INF]  Executed DbCommand (5ms) [Parameters=[@__req_lang_0='?', @__ToLower_1='?'], CommandType='"Text"', CommandTimeout='30']
SELECT p.service_id, p.curr_code, p.lang_code, p.package_sale_price, p.active, p.discount_amount, p.discount_type, COALESCE(p.start_date::text, '') AS "end_dateStr", p.package_price, p.package_name, p.package_id, p.package_desc, p.start_date, p.end_date, p."order", p.package_details, s0."productName" AS service_name, p.is_recommend, p.package_code, FALSE AS "isSelected", s0.service_code
FROM "PricingPackages" AS p
INNER JOIN (
    SELECT s."productId", s."productName", s.service_code
    FROM "Services" AS s
    WHERE s.lang_code = @__req_lang_0
) AS s0 ON p.service_id = s0."productId"
WHERE p.lang_code = @__req_lang_0 AND lower(p.curr_code) = @__ToLower_1 AND p.active
[2025-06-15 10:19:49.253 +03:00  INF]  Executed DbCommand (3ms) [Parameters=[@__req_active_0='?' (DbType = Boolean), @__req_package_id_1='?' (DbType = Int32), @__req_lang_code_2='?'], CommandType='"Text"', CommandTimeout='30']
SELECT p.id, p.active, p.feature_desc, p.feature_name, p.lang_code, p.package_id
FROM "PricingPkgFeatures" AS p
WHERE p.active = @__req_active_0 AND p.package_id = @__req_package_id_1 AND p.lang_code = @__req_lang_code_2
[2025-06-15 10:19:49.255 +03:00  INF]  Executed DbCommand (1ms) [Parameters=[@__req_active_0='?' (DbType = Boolean), @__req_package_id_1='?' (DbType = Int32), @__req_lang_code_2='?'], CommandType='"Text"', CommandTimeout='30']
SELECT p.id, p.active, p.feature_desc, p.feature_name, p.lang_code, p.package_id
FROM "PricingPkgFeatures" AS p
WHERE p.active = @__req_active_0 AND p.package_id = @__req_package_id_1 AND p.lang_code = @__req_lang_code_2
[2025-06-15 10:19:49.255 +03:00  INF]  Executing OkObjectResult, writing value of type 'System.Collections.Generic.List`1[[WaslaApp.Data.Models.PackagesAndServices.ServicesWithPkg, WaslaApp.Data, Version=1.0.0.0, Culture=neutral, PublicKeyToken=null]]'.
[2025-06-15 10:19:49.256 +03:00  INF]  Executed action Wasla_App.Controllers.WaslaBrowseController.GetPricingPackageWithService (Wasla_App) in 15.1969ms
[2025-06-15 10:19:49.256 +03:00  INF]  Executed endpoint 'Wasla_App.Controllers.WaslaBrowseController.GetPricingPackageWithService (Wasla_App)'
[2025-06-15 10:19:49.256 +03:00  INF]  Request finished HTTP/2 POST https://localhost:7283/api/WaslaBrowse/GetPricingPackageWithService - 200 null application/json; charset=utf-8 16.3346ms
[2025-06-15 10:19:57.303 +03:00  INF]  Request starting HTTP/2 OPTIONS https://localhost:7283/api/WaslaClient/MakeClientInvoiceForPackages - null null
[2025-06-15 10:19:57.304 +03:00  INF]  CORS policy execution successful.
[2025-06-15 10:19:57.304 +03:00  INF]  Request finished HTTP/2 OPTIONS https://localhost:7283/api/WaslaClient/MakeClientInvoiceForPackages - 204 null null 0.4016ms
[2025-06-15 10:19:57.312 +03:00  INF]  Request starting HTTP/2 POST https://localhost:7283/api/WaslaClient/MakeClientInvoiceForPackages - application/json 227
[2025-06-15 10:19:57.312 +03:00  INF]  CORS policy execution successful.
[2025-06-15 10:19:57.345 +03:00  INF]  Executing endpoint 'Wasla_App.Controllers.WaslaClientController.MakeClientInvoiceForPackages (Wasla_App)'
[2025-06-15 10:19:57.352 +03:00  INF]  Route matched with {action = "MakeClientInvoiceForPackages", controller = "WaslaClient"}. Executing controller action with signature System.Threading.Tasks.Task`1[Microsoft.AspNetCore.Mvc.IActionResult] MakeClientInvoiceForPackages(System.Collections.Generic.List`1[WaslaApp.Data.Models.invoices.InvoiceReq]) on controller Wasla_App.Controllers.WaslaClientController (Wasla_App).
[2025-06-15 10:20:09.020 +03:00  INF]  Executed DbCommand (6ms) [Parameters=[@__taxId_0='?' (DbType = Int32)], CommandType='"Text"', CommandTimeout='30']
SELECT a.tax_id, a.tax_amount, a.tax_code, a.tax_name, a.tax_sign
FROM "ApplyTax" AS a
WHERE a.tax_id = @__taxId_0
LIMIT 2
[2025-06-15 10:20:20.552 +03:00  INF]  Executed DbCommand (2ms) [Parameters=[], CommandType='"Text"', CommandTimeout='30']
SELECT count(*)::int
FROM "InvoiceMain" AS i
[2025-06-15 10:20:20.823 +03:00  INF]  Executed DbCommand (40ms) [Parameters=[@p0='?' (DbType = Decimal), @p1='?' (DbType = Boolean), @p2='?', @p3='?', @p4='?', @p5='?' (DbType = Decimal), @p6='?', @p7='?' (DbType = Decimal), @p8='?' (DbType = Decimal), @p9='?', @p10='?', @p11='?' (DbType = DateTime2), @p12='?' (DbType = Int16), @p13='?' (DbType = Int32), @p14='?' (DbType = Decimal)], CommandType='"Text"', CommandTimeout='30']
INSERT INTO "InvoiceMain" (invoice_id, active, client_email, client_id, client_name, copoun_id, curr_code, discount, grand_total_price, invoice_code, invoice_code_auto, invoice_date, status, tax_id, total_price)
VALUES (@p0, @p1, @p2, @p3, @p4, @p5, @p6, @p7, @p8, @p9, @p10, @p11, @p12, @p13, @p14);
[2025-06-15 10:20:20.838 +03:00  INF]  Executed DbCommand (1ms) [Parameters=[], CommandType='"Text"', CommandTimeout='30']
SELECT count(*)::int
FROM "ClientServices" AS c
[2025-06-15 10:20:20.874 +03:00  INF]  Executed DbCommand (3ms) [Parameters=[@p0='?' (DbType = Decimal), @p1='?' (DbType = Boolean), @p2='?', @p3='?' (DbType = Decimal), @p4='?' (DbType = Int32), @p5='?' (DbType = Int32)], CommandType='"Text"', CommandTimeout='30']
INSERT INTO "ClientServices" (id, active, client_id, invoice_id, package_id, "productId")
VALUES (@p0, @p1, @p2, @p3, @p4, @p5);
[2025-06-15 10:20:20.902 +03:00  INF]  Executed DbCommand (2ms) [Parameters=[@__clientId_0='?'], CommandType='"Text"', CommandTimeout='30']
SELECT c.client_birthday, c.client_email, c.client_id, c.client_name, c.fb_link, c.gender, c.lang, c.nation, c.pay_code, c.phone_number, c.profile_id, c.twitter_link, c.address
FROM "ClientProfile" AS c
WHERE c.client_id = @__clientId_0
[2025-06-15 10:20:27.810 +03:00  INF]  Executing OkObjectResult, writing value of type 'System.Boolean'.
[2025-06-15 10:20:27.813 +03:00  INF]  Executed action Wasla_App.Controllers.WaslaClientController.MakeClientInvoiceForPackages (Wasla_App) in 30460.407ms
[2025-06-15 10:20:27.813 +03:00  INF]  Executed endpoint 'Wasla_App.Controllers.WaslaClientController.MakeClientInvoiceForPackages (Wasla_App)'
[2025-06-15 10:20:27.814 +03:00  INF]  Request finished HTTP/2 POST https://localhost:7283/api/WaslaClient/MakeClientInvoiceForPackages - 200 null application/json; charset=utf-8 30502.2888ms
[2025-06-15 10:20:29.980 +03:00  INF]  Request starting HTTP/2 OPTIONS https://localhost:7283/api/WaslaBrowse/GetPricingPackageWithService - null null
[2025-06-15 10:20:29.980 +03:00  INF]  CORS policy execution successful.
[2025-06-15 10:20:29.980 +03:00  INF]  Request finished HTTP/2 OPTIONS https://localhost:7283/api/WaslaBrowse/GetPricingPackageWithService - 204 null null 0.331ms
[2025-06-15 10:20:30.018 +03:00  INF]  Request starting HTTP/2 POST https://localhost:7283/api/WaslaBrowse/GetPricingPackageWithService - application/json 82
[2025-06-15 10:20:30.019 +03:00  INF]  CORS policy execution successful.
[2025-06-15 10:20:30.019 +03:00  INF]  Executing endpoint 'Wasla_App.Controllers.WaslaBrowseController.GetPricingPackageWithService (Wasla_App)'
[2025-06-15 10:20:30.020 +03:00  INF]  Route matched with {action = "GetPricingPackageWithService", controller = "WaslaBrowse"}. Executing controller action with signature System.Threading.Tasks.Task`1[Microsoft.AspNetCore.Mvc.IActionResult] GetPricingPackageWithService(WaslaApp.Data.Models.global.LangReq) on controller Wasla_App.Controllers.WaslaBrowseController (Wasla_App).
[2025-06-15 10:20:30.044 +03:00  INF]  Executed DbCommand (21ms) [Parameters=[@__req_lang_0='?', @__ToLower_1='?'], CommandType='"Text"', CommandTimeout='30']
SELECT p.service_id, p.curr_code, p.lang_code, p.package_sale_price, p.active, p.discount_amount, p.discount_type, COALESCE(p.start_date::text, '') AS "end_dateStr", p.package_price, p.package_name, p.package_id, p.package_desc, p.start_date, p.end_date, p."order", p.package_details, s0."productName" AS service_name, p.is_recommend, p.package_code, FALSE AS "isSelected", s0.service_code
FROM "PricingPackages" AS p
INNER JOIN (
    SELECT s."productId", s."productName", s.service_code
    FROM "Services" AS s
    WHERE s.lang_code = @__req_lang_0
) AS s0 ON p.service_id = s0."productId"
WHERE p.lang_code = @__req_lang_0 AND lower(p.curr_code) = @__ToLower_1 AND p.active
[2025-06-15 10:20:30.046 +03:00  INF]  Executed DbCommand (1ms) [Parameters=[@__req_active_0='?' (DbType = Boolean), @__req_package_id_1='?' (DbType = Int32), @__req_lang_code_2='?'], CommandType='"Text"', CommandTimeout='30']
SELECT p.id, p.active, p.feature_desc, p.feature_name, p.lang_code, p.package_id
FROM "PricingPkgFeatures" AS p
WHERE p.active = @__req_active_0 AND p.package_id = @__req_package_id_1 AND p.lang_code = @__req_lang_code_2
[2025-06-15 10:20:30.048 +03:00  INF]  Executed DbCommand (0ms) [Parameters=[@__req_active_0='?' (DbType = Boolean), @__req_package_id_1='?' (DbType = Int32), @__req_lang_code_2='?'], CommandType='"Text"', CommandTimeout='30']
SELECT p.id, p.active, p.feature_desc, p.feature_name, p.lang_code, p.package_id
FROM "PricingPkgFeatures" AS p
WHERE p.active = @__req_active_0 AND p.package_id = @__req_package_id_1 AND p.lang_code = @__req_lang_code_2
[2025-06-15 10:20:30.048 +03:00  INF]  Executing OkObjectResult, writing value of type 'System.Collections.Generic.List`1[[WaslaApp.Data.Models.PackagesAndServices.ServicesWithPkg, WaslaApp.Data, Version=1.0.0.0, Culture=neutral, PublicKeyToken=null]]'.
[2025-06-15 10:20:30.048 +03:00  INF]  Executed action Wasla_App.Controllers.WaslaBrowseController.GetPricingPackageWithService (Wasla_App) in 27.6275ms
[2025-06-15 10:20:30.048 +03:00  INF]  Executed endpoint 'Wasla_App.Controllers.WaslaBrowseController.GetPricingPackageWithService (Wasla_App)'
[2025-06-15 10:20:30.048 +03:00  INF]  Request finished HTTP/2 POST https://localhost:7283/api/WaslaBrowse/GetPricingPackageWithService - 200 null application/json; charset=utf-8 30.0644ms
[2025-06-15 10:20:37.127 +03:00  INF]  Request starting HTTP/2 OPTIONS https://localhost:7283/api/WaslaClient/GetClientProfiles - null null
[2025-06-15 10:20:37.127 +03:00  INF]  CORS policy execution successful.
[2025-06-15 10:20:37.128 +03:00  INF]  Request finished HTTP/2 OPTIONS https://localhost:7283/api/WaslaClient/GetClientProfiles - 204 null null 0.4931ms
[2025-06-15 10:20:37.128 +03:00  INF]  Request starting HTTP/2 OPTIONS https://localhost:7283/api/WaslaClient/GetProfileImage - null null
[2025-06-15 10:20:37.128 +03:00  INF]  CORS policy execution successful.
[2025-06-15 10:20:37.128 +03:00  INF]  Request finished HTTP/2 OPTIONS https://localhost:7283/api/WaslaClient/GetProfileImage - 204 null null 0.2551ms
[2025-06-15 10:20:37.131 +03:00  INF]  Request starting HTTP/2 POST https://localhost:7283/api/WaslaClient/GetClientProfiles - application/json 2
[2025-06-15 10:20:37.131 +03:00  INF]  CORS policy execution successful.
[2025-06-15 10:20:37.138 +03:00  INF]  Executing endpoint 'Wasla_App.Controllers.WaslaClientController.GetClientProfiles (Wasla_App)'
[2025-06-15 10:20:37.144 +03:00  INF]  Request starting HTTP/2 POST https://localhost:7283/api/WaslaClient/GetProfileImage - application/json 2
[2025-06-15 10:20:37.144 +03:00  INF]  CORS policy execution successful.
[2025-06-15 10:20:37.145 +03:00  INF]  Executing endpoint 'Wasla_App.Controllers.WaslaClientController.GetProfileImage (Wasla_App)'
[2025-06-15 10:20:37.146 +03:00  INF]  Route matched with {action = "GetClientProfiles", controller = "WaslaClient"}. Executing controller action with signature System.Threading.Tasks.Task`1[Microsoft.AspNetCore.Mvc.IActionResult] GetClientProfiles() on controller Wasla_App.Controllers.WaslaClientController (Wasla_App).
[2025-06-15 10:20:37.152 +03:00  INF]  Route matched with {action = "GetProfileImage", controller = "WaslaClient"}. Executing controller action with signature System.Threading.Tasks.Task`1[Microsoft.AspNetCore.Mvc.IActionResult] GetProfileImage() on controller Wasla_App.Controllers.WaslaClientController (Wasla_App).
[2025-06-15 10:20:37.152 +03:00  INF]  Executed DbCommand (1ms) [Parameters=[@__clientId_0='?'], CommandType='"Text"', CommandTimeout='30']
SELECT c.client_birthday, c.client_email, c.client_id, c.client_name, c.fb_link, c.gender, c.lang, c.nation, c.pay_code, c.phone_number, c.profile_id, c.twitter_link, c.address
FROM "ClientProfile" AS c
WHERE c.client_id = @__clientId_0
[2025-06-15 10:20:37.153 +03:00  INF]  Executing OkObjectResult, writing value of type 'System.Collections.Generic.List`1[[WaslaApp.Data.Models.profile.ClientProfileCast, WaslaApp.Data, Version=1.0.0.0, Culture=neutral, PublicKeyToken=null]]'.
[2025-06-15 10:20:37.163 +03:00  INF]  Executed action Wasla_App.Controllers.WaslaClientController.GetClientProfiles (Wasla_App) in 17.0381ms
[2025-06-15 10:20:37.163 +03:00  INF]  Executed endpoint 'Wasla_App.Controllers.WaslaClientController.GetClientProfiles (Wasla_App)'
[2025-06-15 10:20:37.163 +03:00  INF]  Request finished HTTP/2 POST https://localhost:7283/api/WaslaClient/GetClientProfiles - 200 null application/json; charset=utf-8 31.8505ms
[2025-06-15 10:20:37.212 +03:00  INF]  Executed DbCommand (42ms) [Parameters=[@__clientId_0='?'], CommandType='"Text"', CommandTimeout='30']
SELECT c.id, c.client_id, c.img_name, c.type, 'https://waslaa.de:4431//' || COALESCE(c.img_path, '') AS img_path
FROM "ClientImages" AS c
WHERE c.client_id = @__clientId_0 AND c.type = 1
[2025-06-15 10:20:37.213 +03:00  INF]  Executing OkObjectResult, writing value of type 'System.Collections.Generic.List`1[[WaslaApp.Data.Entities.ClientImage, WaslaApp.Data, Version=1.0.0.0, Culture=neutral, PublicKeyToken=null]]'.
[2025-06-15 10:20:37.214 +03:00  INF]  Executed action Wasla_App.Controllers.WaslaClientController.GetProfileImage (Wasla_App) in 62.0337ms
[2025-06-15 10:20:37.214 +03:00  INF]  Executed endpoint 'Wasla_App.Controllers.WaslaClientController.GetProfileImage (Wasla_App)'
[2025-06-15 10:20:37.214 +03:00  INF]  Request finished HTTP/2 POST https://localhost:7283/api/WaslaClient/GetProfileImage - 200 null application/json; charset=utf-8 70.2397ms
[2025-06-15 10:20:41.179 +03:00  INF]  Request starting HTTP/2 OPTIONS https://localhost:7283/api/WaslaClient/GetInvoicesByClient - null null
[2025-06-15 10:20:41.179 +03:00  INF]  CORS policy execution successful.
[2025-06-15 10:20:41.179 +03:00  INF]  Request finished HTTP/2 OPTIONS https://localhost:7283/api/WaslaClient/GetInvoicesByClient - 204 null null 0.3209ms
[2025-06-15 10:20:41.183 +03:00  INF]  Request starting HTTP/2 POST https://localhost:7283/api/WaslaClient/GetInvoicesByClient - application/json 2
[2025-06-15 10:20:41.183 +03:00  INF]  CORS policy execution successful.
[2025-06-15 10:20:41.183 +03:00  INF]  Executing endpoint 'Wasla_App.Controllers.WaslaClientController.GetInvoicesByClient (Wasla_App)'
[2025-06-15 10:20:41.189 +03:00  INF]  Route matched with {action = "GetInvoicesByClient", controller = "WaslaClient"}. Executing controller action with signature System.Threading.Tasks.Task`1[Microsoft.AspNetCore.Mvc.IActionResult] GetInvoicesByClient() on controller Wasla_App.Controllers.WaslaClientController (Wasla_App).
[2025-06-15 10:20:41.226 +03:00  INF]  Executed DbCommand (3ms) [Parameters=[@__client_id_0='?'], CommandType='"Text"', CommandTimeout='30']
SELECT i0.invoice_id, i0.curr_code, i0.discount, i0.total_price, i0.grand_total_price, c."productId" AS service_id, c.package_id, s."productName" AS service_name, p.package_name, p.package_price, p.package_sale_price, p.package_desc, p.package_details, i0.invoice_code, i0.invoice_code_auto, i0.status, a.tax_amount, a.tax_code
FROM "ClientServices" AS c
INNER JOIN (
    SELECT i.invoice_id, i.client_id, i.curr_code, i.discount, i.grand_total_price, i.invoice_code, i.invoice_code_auto, i.status, i.tax_id, i.total_price
    FROM "InvoiceMain" AS i
    WHERE i.active AND i.status = 1
) AS i0 ON c.invoice_id = i0.invoice_id AND (c.client_id = i0.client_id OR (c.client_id IS NULL AND i0.client_id IS NULL))
INNER JOIN "ApplyTax" AS a ON i0.tax_id = a.tax_id
INNER JOIN "PricingPackages" AS p ON c.package_id = p.package_id
INNER JOIN "Services" AS s ON c."productId" = s."productId"
WHERE c.client_id = @__client_id_0 AND c.active
[2025-06-15 10:20:41.243 +03:00  INF]  Executing OkObjectResult, writing value of type 'System.Collections.Generic.List`1[[WaslaApp.Data.Models.invoices.ClientInvoiceGrp, WaslaApp.Data, Version=1.0.0.0, Culture=neutral, PublicKeyToken=null]]'.
[2025-06-15 10:20:41.254 +03:00  INF]  Executed action Wasla_App.Controllers.WaslaClientController.GetInvoicesByClient (Wasla_App) in 65.1579ms
[2025-06-15 10:20:41.254 +03:00  INF]  Executed endpoint 'Wasla_App.Controllers.WaslaClientController.GetInvoicesByClient (Wasla_App)'
[2025-06-15 10:20:41.254 +03:00  INF]  Request finished HTTP/2 POST https://localhost:7283/api/WaslaClient/GetInvoicesByClient - 200 null application/json; charset=utf-8 71.6489ms
[2025-06-15 10:22:29.311 +03:00  INF]  Request starting HTTP/2 OPTIONS https://localhost:7283/api/WaslaClient/GetInvoicesByClient - null null
[2025-06-15 10:22:29.312 +03:00  INF]  CORS policy execution successful.
[2025-06-15 10:22:29.316 +03:00  INF]  Request finished HTTP/2 OPTIONS https://localhost:7283/api/WaslaClient/GetInvoicesByClient - 204 null null 4.9703ms
[2025-06-15 10:22:29.319 +03:00  INF]  Request starting HTTP/2 POST https://localhost:7283/api/WaslaClient/GetInvoicesByClient - application/json 2
[2025-06-15 10:22:29.320 +03:00  INF]  CORS policy execution successful.
[2025-06-15 10:22:29.320 +03:00  INF]  Executing endpoint 'Wasla_App.Controllers.WaslaClientController.GetInvoicesByClient (Wasla_App)'
[2025-06-15 10:22:29.320 +03:00  INF]  Route matched with {action = "GetInvoicesByClient", controller = "WaslaClient"}. Executing controller action with signature System.Threading.Tasks.Task`1[Microsoft.AspNetCore.Mvc.IActionResult] GetInvoicesByClient() on controller Wasla_App.Controllers.WaslaClientController (Wasla_App).
[2025-06-15 10:22:29.327 +03:00  INF]  Executed DbCommand (2ms) [Parameters=[@__client_id_0='?'], CommandType='"Text"', CommandTimeout='30']
SELECT i0.invoice_id, i0.curr_code, i0.discount, i0.total_price, i0.grand_total_price, c."productId" AS service_id, c.package_id, s."productName" AS service_name, p.package_name, p.package_price, p.package_sale_price, p.package_desc, p.package_details, i0.invoice_code, i0.invoice_code_auto, i0.status, a.tax_amount, a.tax_code
FROM "ClientServices" AS c
INNER JOIN (
    SELECT i.invoice_id, i.client_id, i.curr_code, i.discount, i.grand_total_price, i.invoice_code, i.invoice_code_auto, i.status, i.tax_id, i.total_price
    FROM "InvoiceMain" AS i
    WHERE i.active AND i.status = 1
) AS i0 ON c.invoice_id = i0.invoice_id AND (c.client_id = i0.client_id OR (c.client_id IS NULL AND i0.client_id IS NULL))
INNER JOIN "ApplyTax" AS a ON i0.tax_id = a.tax_id
INNER JOIN "PricingPackages" AS p ON c.package_id = p.package_id
INNER JOIN "Services" AS s ON c."productId" = s."productId"
WHERE c.client_id = @__client_id_0 AND c.active
[2025-06-15 10:22:29.328 +03:00  INF]  Executing OkObjectResult, writing value of type 'System.Collections.Generic.List`1[[WaslaApp.Data.Models.invoices.ClientInvoiceGrp, WaslaApp.Data, Version=1.0.0.0, Culture=neutral, PublicKeyToken=null]]'.
[2025-06-15 10:22:29.328 +03:00  INF]  Executed action Wasla_App.Controllers.WaslaClientController.GetInvoicesByClient (Wasla_App) in 8.2084ms
[2025-06-15 10:22:29.329 +03:00  INF]  Executed endpoint 'Wasla_App.Controllers.WaslaClientController.GetInvoicesByClient (Wasla_App)'
[2025-06-15 10:22:29.329 +03:00  INF]  Request finished HTTP/2 POST https://localhost:7283/api/WaslaClient/GetInvoicesByClient - 200 null application/json; charset=utf-8 9.608ms
[2025-06-15 10:23:00.086 +03:00  INF]  Request starting HTTP/2 OPTIONS https://localhost:7283/api/WaslaClient/GetClientProfiles - null null
[2025-06-15 10:23:00.086 +03:00  INF]  CORS policy execution successful.
[2025-06-15 10:23:00.086 +03:00  INF]  Request finished HTTP/2 OPTIONS https://localhost:7283/api/WaslaClient/GetClientProfiles - 204 null null 0.3052ms
[2025-06-15 10:23:00.086 +03:00  INF]  Request starting HTTP/2 OPTIONS https://localhost:7283/api/WaslaClient/GetProfileImage - null null
[2025-06-15 10:23:00.087 +03:00  INF]  CORS policy execution successful.
[2025-06-15 10:23:00.087 +03:00  INF]  Request finished HTTP/2 OPTIONS https://localhost:7283/api/WaslaClient/GetProfileImage - 204 null null 0.2625ms
[2025-06-15 10:23:00.093 +03:00  INF]  Request starting HTTP/2 POST https://localhost:7283/api/WaslaClient/GetClientProfiles - application/json 2
[2025-06-15 10:23:00.093 +03:00  INF]  CORS policy execution successful.
[2025-06-15 10:23:00.094 +03:00  INF]  Executing endpoint 'Wasla_App.Controllers.WaslaClientController.GetClientProfiles (Wasla_App)'
[2025-06-15 10:23:00.094 +03:00  INF]  Route matched with {action = "GetClientProfiles", controller = "WaslaClient"}. Executing controller action with signature System.Threading.Tasks.Task`1[Microsoft.AspNetCore.Mvc.IActionResult] GetClientProfiles() on controller Wasla_App.Controllers.WaslaClientController (Wasla_App).
[2025-06-15 10:23:00.100 +03:00  INF]  Executed DbCommand (5ms) [Parameters=[@__clientId_0='?'], CommandType='"Text"', CommandTimeout='30']
SELECT c.client_birthday, c.client_email, c.client_id, c.client_name, c.fb_link, c.gender, c.lang, c.nation, c.pay_code, c.phone_number, c.profile_id, c.twitter_link, c.address
FROM "ClientProfile" AS c
WHERE c.client_id = @__clientId_0
[2025-06-15 10:23:00.101 +03:00  INF]  Executing OkObjectResult, writing value of type 'System.Collections.Generic.List`1[[WaslaApp.Data.Models.profile.ClientProfileCast, WaslaApp.Data, Version=1.0.0.0, Culture=neutral, PublicKeyToken=null]]'.
[2025-06-15 10:23:00.101 +03:00  INF]  Executed action Wasla_App.Controllers.WaslaClientController.GetClientProfiles (Wasla_App) in 7.2578ms
[2025-06-15 10:23:00.101 +03:00  INF]  Executed endpoint 'Wasla_App.Controllers.WaslaClientController.GetClientProfiles (Wasla_App)'
[2025-06-15 10:23:00.101 +03:00  INF]  Request finished HTTP/2 POST https://localhost:7283/api/WaslaClient/GetClientProfiles - 200 null application/json; charset=utf-8 8.4803ms
[2025-06-15 10:23:00.102 +03:00  INF]  Request starting HTTP/2 POST https://localhost:7283/api/WaslaClient/GetProfileImage - application/json 2
[2025-06-15 10:23:00.102 +03:00  INF]  CORS policy execution successful.
[2025-06-15 10:23:00.102 +03:00  INF]  Executing endpoint 'Wasla_App.Controllers.WaslaClientController.GetProfileImage (Wasla_App)'
[2025-06-15 10:23:00.102 +03:00  INF]  Route matched with {action = "GetProfileImage", controller = "WaslaClient"}. Executing controller action with signature System.Threading.Tasks.Task`1[Microsoft.AspNetCore.Mvc.IActionResult] GetProfileImage() on controller Wasla_App.Controllers.WaslaClientController (Wasla_App).
[2025-06-15 10:23:00.131 +03:00  INF]  Executed DbCommand (27ms) [Parameters=[@__clientId_0='?'], CommandType='"Text"', CommandTimeout='30']
SELECT c.id, c.client_id, c.img_name, c.type, 'https://waslaa.de:4431//' || COALESCE(c.img_path, '') AS img_path
FROM "ClientImages" AS c
WHERE c.client_id = @__clientId_0 AND c.type = 1
[2025-06-15 10:23:00.131 +03:00  INF]  Executing OkObjectResult, writing value of type 'System.Collections.Generic.List`1[[WaslaApp.Data.Entities.ClientImage, WaslaApp.Data, Version=1.0.0.0, Culture=neutral, PublicKeyToken=null]]'.
[2025-06-15 10:23:00.131 +03:00  INF]  Executed action Wasla_App.Controllers.WaslaClientController.GetProfileImage (Wasla_App) in 28.646ms
[2025-06-15 10:23:00.131 +03:00  INF]  Executed endpoint 'Wasla_App.Controllers.WaslaClientController.GetProfileImage (Wasla_App)'
[2025-06-15 10:23:00.131 +03:00  INF]  Request finished HTTP/2 POST https://localhost:7283/api/WaslaClient/GetProfileImage - 200 null application/json; charset=utf-8 29.5285ms
[2025-06-15 10:23:05.258 +03:00  INF]  Request starting HTTP/2 OPTIONS https://localhost:7283/api/WaslaClient/GetProfileImage - null null
[2025-06-15 10:23:05.258 +03:00  INF]  Request starting HTTP/2 OPTIONS https://localhost:7283/api/WaslaClient/GetClientProfiles - null null
[2025-06-15 10:23:05.258 +03:00  INF]  CORS policy execution successful.
[2025-06-15 10:23:05.258 +03:00  INF]  CORS policy execution successful.
[2025-06-15 10:23:05.258 +03:00  INF]  Request finished HTTP/2 OPTIONS https://localhost:7283/api/WaslaClient/GetClientProfiles - 204 null null 0.1723ms
[2025-06-15 10:23:05.258 +03:00  INF]  Request finished HTTP/2 OPTIONS https://localhost:7283/api/WaslaClient/GetProfileImage - 204 null null 0.2451ms
[2025-06-15 10:23:05.264 +03:00  INF]  Request starting HTTP/2 POST https://localhost:7283/api/WaslaClient/GetClientProfiles - application/json 2
[2025-06-15 10:23:05.264 +03:00  INF]  Request starting HTTP/2 POST https://localhost:7283/api/WaslaClient/GetProfileImage - application/json 2
[2025-06-15 10:23:05.264 +03:00  INF]  CORS policy execution successful.
[2025-06-15 10:23:05.264 +03:00  INF]  CORS policy execution successful.
[2025-06-15 10:23:05.264 +03:00  INF]  Executing endpoint 'Wasla_App.Controllers.WaslaClientController.GetClientProfiles (Wasla_App)'
[2025-06-15 10:23:05.264 +03:00  INF]  Executing endpoint 'Wasla_App.Controllers.WaslaClientController.GetProfileImage (Wasla_App)'
[2025-06-15 10:23:05.264 +03:00  INF]  Route matched with {action = "GetClientProfiles", controller = "WaslaClient"}. Executing controller action with signature System.Threading.Tasks.Task`1[Microsoft.AspNetCore.Mvc.IActionResult] GetClientProfiles() on controller Wasla_App.Controllers.WaslaClientController (Wasla_App).
[2025-06-15 10:23:05.264 +03:00  INF]  Route matched with {action = "GetProfileImage", controller = "WaslaClient"}. Executing controller action with signature System.Threading.Tasks.Task`1[Microsoft.AspNetCore.Mvc.IActionResult] GetProfileImage() on controller Wasla_App.Controllers.WaslaClientController (Wasla_App).
[2025-06-15 10:23:05.273 +03:00  INF]  Executed DbCommand (7ms) [Parameters=[@__clientId_0='?'], CommandType='"Text"', CommandTimeout='30']
SELECT c.client_birthday, c.client_email, c.client_id, c.client_name, c.fb_link, c.gender, c.lang, c.nation, c.pay_code, c.phone_number, c.profile_id, c.twitter_link, c.address
FROM "ClientProfile" AS c
WHERE c.client_id = @__clientId_0
[2025-06-15 10:23:05.276 +03:00  INF]  Executing OkObjectResult, writing value of type 'System.Collections.Generic.List`1[[WaslaApp.Data.Models.profile.ClientProfileCast, WaslaApp.Data, Version=1.0.0.0, Culture=neutral, PublicKeyToken=null]]'.
[2025-06-15 10:23:05.278 +03:00  INF]  Executed action Wasla_App.Controllers.WaslaClientController.GetClientProfiles (Wasla_App) in 13.3639ms
[2025-06-15 10:23:05.278 +03:00  INF]  Executed endpoint 'Wasla_App.Controllers.WaslaClientController.GetClientProfiles (Wasla_App)'
[2025-06-15 10:23:05.278 +03:00  INF]  Request finished HTTP/2 POST https://localhost:7283/api/WaslaClient/GetClientProfiles - 200 null application/json; charset=utf-8 14.3638ms
[2025-06-15 10:23:05.395 +03:00  INF]  Executed DbCommand (4ms) [Parameters=[@__clientId_0='?'], CommandType='"Text"', CommandTimeout='30']
SELECT c.id, c.client_id, c.img_name, c.type, 'https://waslaa.de:4431//' || COALESCE(c.img_path, '') AS img_path
FROM "ClientImages" AS c
WHERE c.client_id = @__clientId_0 AND c.type = 1
[2025-06-15 10:23:05.395 +03:00  INF]  Executing OkObjectResult, writing value of type 'System.Collections.Generic.List`1[[WaslaApp.Data.Entities.ClientImage, WaslaApp.Data, Version=1.0.0.0, Culture=neutral, PublicKeyToken=null]]'.
[2025-06-15 10:23:05.395 +03:00  INF]  Executed action Wasla_App.Controllers.WaslaClientController.GetProfileImage (Wasla_App) in 130.951ms
[2025-06-15 10:23:05.395 +03:00  INF]  Executed endpoint 'Wasla_App.Controllers.WaslaClientController.GetProfileImage (Wasla_App)'
[2025-06-15 10:23:05.396 +03:00  INF]  Request finished HTTP/2 POST https://localhost:7283/api/WaslaClient/GetProfileImage - 200 null application/json; charset=utf-8 131.8241ms
[2025-06-15 10:23:09.695 +03:00  INF]  Request starting HTTP/2 OPTIONS https://localhost:7283/api/WaslaClient/GetInvoicesByClient - null null
[2025-06-15 10:23:09.696 +03:00  INF]  CORS policy execution successful.
[2025-06-15 10:23:09.696 +03:00  INF]  Request finished HTTP/2 OPTIONS https://localhost:7283/api/WaslaClient/GetInvoicesByClient - 204 null null 0.3165ms
[2025-06-15 10:23:09.698 +03:00  INF]  Request starting HTTP/2 POST https://localhost:7283/api/WaslaClient/GetInvoicesByClient - application/json 2
[2025-06-15 10:23:09.698 +03:00  INF]  CORS policy execution successful.
[2025-06-15 10:23:09.701 +03:00  INF]  Executing endpoint 'Wasla_App.Controllers.WaslaClientController.GetInvoicesByClient (Wasla_App)'
[2025-06-15 10:23:09.701 +03:00  INF]  Route matched with {action = "GetInvoicesByClient", controller = "WaslaClient"}. Executing controller action with signature System.Threading.Tasks.Task`1[Microsoft.AspNetCore.Mvc.IActionResult] GetInvoicesByClient() on controller Wasla_App.Controllers.WaslaClientController (Wasla_App).
[2025-06-15 10:23:09.705 +03:00  INF]  Executed DbCommand (2ms) [Parameters=[@__client_id_0='?'], CommandType='"Text"', CommandTimeout='30']
SELECT i0.invoice_id, i0.curr_code, i0.discount, i0.total_price, i0.grand_total_price, c."productId" AS service_id, c.package_id, s."productName" AS service_name, p.package_name, p.package_price, p.package_sale_price, p.package_desc, p.package_details, i0.invoice_code, i0.invoice_code_auto, i0.status, a.tax_amount, a.tax_code
FROM "ClientServices" AS c
INNER JOIN (
    SELECT i.invoice_id, i.client_id, i.curr_code, i.discount, i.grand_total_price, i.invoice_code, i.invoice_code_auto, i.status, i.tax_id, i.total_price
    FROM "InvoiceMain" AS i
    WHERE i.active AND i.status = 1
) AS i0 ON c.invoice_id = i0.invoice_id AND (c.client_id = i0.client_id OR (c.client_id IS NULL AND i0.client_id IS NULL))
INNER JOIN "ApplyTax" AS a ON i0.tax_id = a.tax_id
INNER JOIN "PricingPackages" AS p ON c.package_id = p.package_id
INNER JOIN "Services" AS s ON c."productId" = s."productId"
WHERE c.client_id = @__client_id_0 AND c.active
[2025-06-15 10:23:09.707 +03:00  INF]  Executing OkObjectResult, writing value of type 'System.Collections.Generic.List`1[[WaslaApp.Data.Models.invoices.ClientInvoiceGrp, WaslaApp.Data, Version=1.0.0.0, Culture=neutral, PublicKeyToken=null]]'.
[2025-06-15 10:23:09.707 +03:00  INF]  Executed action Wasla_App.Controllers.WaslaClientController.GetInvoicesByClient (Wasla_App) in 5.5076ms
[2025-06-15 10:23:09.707 +03:00  INF]  Executed endpoint 'Wasla_App.Controllers.WaslaClientController.GetInvoicesByClient (Wasla_App)'
[2025-06-15 10:23:09.707 +03:00  INF]  Request finished HTTP/2 POST https://localhost:7283/api/WaslaClient/GetInvoicesByClient - 200 null application/json; charset=utf-8 8.979ms
[2025-06-15 10:24:13.308 +03:00  INF]  Request starting HTTP/2 OPTIONS https://localhost:7283/api/WaslaClient/GetInvoicesByClient - null null
[2025-06-15 10:24:13.308 +03:00  INF]  CORS policy execution successful.
[2025-06-15 10:24:13.308 +03:00  INF]  Request finished HTTP/2 OPTIONS https://localhost:7283/api/WaslaClient/GetInvoicesByClient - 204 null null 0.3755ms
[2025-06-15 10:24:13.322 +03:00  INF]  Request starting HTTP/2 POST https://localhost:7283/api/WaslaClient/GetInvoicesByClient - application/json 2
[2025-06-15 10:24:13.322 +03:00  INF]  CORS policy execution successful.
[2025-06-15 10:24:13.323 +03:00  INF]  Executing endpoint 'Wasla_App.Controllers.WaslaClientController.GetInvoicesByClient (Wasla_App)'
[2025-06-15 10:24:13.323 +03:00  INF]  Route matched with {action = "GetInvoicesByClient", controller = "WaslaClient"}. Executing controller action with signature System.Threading.Tasks.Task`1[Microsoft.AspNetCore.Mvc.IActionResult] GetInvoicesByClient() on controller Wasla_App.Controllers.WaslaClientController (Wasla_App).
[2025-06-15 10:24:13.356 +03:00  INF]  Executed DbCommand (31ms) [Parameters=[@__client_id_0='?'], CommandType='"Text"', CommandTimeout='30']
SELECT i0.invoice_id, i0.curr_code, i0.discount, i0.total_price, i0.grand_total_price, c."productId" AS service_id, c.package_id, s."productName" AS service_name, p.package_name, p.package_price, p.package_sale_price, p.package_desc, p.package_details, i0.invoice_code, i0.invoice_code_auto, i0.status, a.tax_amount, a.tax_code
FROM "ClientServices" AS c
INNER JOIN (
    SELECT i.invoice_id, i.client_id, i.curr_code, i.discount, i.grand_total_price, i.invoice_code, i.invoice_code_auto, i.status, i.tax_id, i.total_price
    FROM "InvoiceMain" AS i
    WHERE i.active AND i.status = 1
) AS i0 ON c.invoice_id = i0.invoice_id AND (c.client_id = i0.client_id OR (c.client_id IS NULL AND i0.client_id IS NULL))
INNER JOIN "ApplyTax" AS a ON i0.tax_id = a.tax_id
INNER JOIN "PricingPackages" AS p ON c.package_id = p.package_id
INNER JOIN "Services" AS s ON c."productId" = s."productId"
WHERE c.client_id = @__client_id_0 AND c.active
[2025-06-15 10:24:13.357 +03:00  INF]  Executing OkObjectResult, writing value of type 'System.Collections.Generic.List`1[[WaslaApp.Data.Models.invoices.ClientInvoiceGrp, WaslaApp.Data, Version=1.0.0.0, Culture=neutral, PublicKeyToken=null]]'.
[2025-06-15 10:24:13.357 +03:00  INF]  Executed action Wasla_App.Controllers.WaslaClientController.GetInvoicesByClient (Wasla_App) in 34.4451ms
[2025-06-15 10:24:13.357 +03:00  INF]  Executed endpoint 'Wasla_App.Controllers.WaslaClientController.GetInvoicesByClient (Wasla_App)'
[2025-06-15 10:24:13.357 +03:00  INF]  Request finished HTTP/2 POST https://localhost:7283/api/WaslaClient/GetInvoicesByClient - 200 null application/json; charset=utf-8 35.8824ms
[2025-06-15 10:24:24.103 +03:00  INF]  Request starting HTTP/2 OPTIONS https://localhost:7283/api/WaslaClient/GetClientProfiles - null null
[2025-06-15 10:24:24.103 +03:00  INF]  Request starting HTTP/2 OPTIONS https://localhost:7283/api/WaslaClient/GetProfileImage - null null
[2025-06-15 10:24:24.103 +03:00  INF]  CORS policy execution successful.
[2025-06-15 10:24:24.103 +03:00  INF]  Request finished HTTP/2 OPTIONS https://localhost:7283/api/WaslaClient/GetProfileImage - 204 null null 0.2392ms
[2025-06-15 10:24:24.105 +03:00  INF]  CORS policy execution successful.
[2025-06-15 10:24:24.105 +03:00  INF]  Request finished HTTP/2 OPTIONS https://localhost:7283/api/WaslaClient/GetClientProfiles - 204 null null 2.212ms
[2025-06-15 10:24:24.106 +03:00  INF]  Request starting HTTP/2 POST https://localhost:7283/api/WaslaClient/GetProfileImage - application/json 2
[2025-06-15 10:24:24.106 +03:00  INF]  CORS policy execution successful.
[2025-06-15 10:24:24.106 +03:00  INF]  Executing endpoint 'Wasla_App.Controllers.WaslaClientController.GetProfileImage (Wasla_App)'
[2025-06-15 10:24:24.106 +03:00  INF]  Route matched with {action = "GetProfileImage", controller = "WaslaClient"}. Executing controller action with signature System.Threading.Tasks.Task`1[Microsoft.AspNetCore.Mvc.IActionResult] GetProfileImage() on controller Wasla_App.Controllers.WaslaClientController (Wasla_App).
[2025-06-15 10:24:24.116 +03:00  INF]  Executed DbCommand (7ms) [Parameters=[@__clientId_0='?'], CommandType='"Text"', CommandTimeout='30']
SELECT c.id, c.client_id, c.img_name, c.type, 'https://waslaa.de:4431//' || COALESCE(c.img_path, '') AS img_path
FROM "ClientImages" AS c
WHERE c.client_id = @__clientId_0 AND c.type = 1
[2025-06-15 10:24:24.116 +03:00  INF]  Executing OkObjectResult, writing value of type 'System.Collections.Generic.List`1[[WaslaApp.Data.Entities.ClientImage, WaslaApp.Data, Version=1.0.0.0, Culture=neutral, PublicKeyToken=null]]'.
[2025-06-15 10:24:24.116 +03:00  INF]  Executed action Wasla_App.Controllers.WaslaClientController.GetProfileImage (Wasla_App) in 9.7798ms
[2025-06-15 10:24:24.116 +03:00  INF]  Executed endpoint 'Wasla_App.Controllers.WaslaClientController.GetProfileImage (Wasla_App)'
[2025-06-15 10:24:24.117 +03:00  INF]  Request finished HTTP/2 POST https://localhost:7283/api/WaslaClient/GetProfileImage - 200 null application/json; charset=utf-8 10.9639ms
[2025-06-15 10:24:24.122 +03:00  INF]  Request starting HTTP/2 POST https://localhost:7283/api/WaslaClient/GetClientProfiles - application/json 2
[2025-06-15 10:24:24.122 +03:00  INF]  CORS policy execution successful.
[2025-06-15 10:24:24.123 +03:00  INF]  Executing endpoint 'Wasla_App.Controllers.WaslaClientController.GetClientProfiles (Wasla_App)'
[2025-06-15 10:24:24.125 +03:00  INF]  Route matched with {action = "GetClientProfiles", controller = "WaslaClient"}. Executing controller action with signature System.Threading.Tasks.Task`1[Microsoft.AspNetCore.Mvc.IActionResult] GetClientProfiles() on controller Wasla_App.Controllers.WaslaClientController (Wasla_App).
[2025-06-15 10:24:24.137 +03:00  INF]  Executed DbCommand (9ms) [Parameters=[@__clientId_0='?'], CommandType='"Text"', CommandTimeout='30']
SELECT c.client_birthday, c.client_email, c.client_id, c.client_name, c.fb_link, c.gender, c.lang, c.nation, c.pay_code, c.phone_number, c.profile_id, c.twitter_link, c.address
FROM "ClientProfile" AS c
WHERE c.client_id = @__clientId_0
[2025-06-15 10:24:24.138 +03:00  INF]  Executing OkObjectResult, writing value of type 'System.Collections.Generic.List`1[[WaslaApp.Data.Models.profile.ClientProfileCast, WaslaApp.Data, Version=1.0.0.0, Culture=neutral, PublicKeyToken=null]]'.
[2025-06-15 10:24:24.138 +03:00  INF]  Executed action Wasla_App.Controllers.WaslaClientController.GetClientProfiles (Wasla_App) in 12.2948ms
[2025-06-15 10:24:24.138 +03:00  INF]  Executed endpoint 'Wasla_App.Controllers.WaslaClientController.GetClientProfiles (Wasla_App)'
[2025-06-15 10:24:24.138 +03:00  INF]  Request finished HTTP/2 POST https://localhost:7283/api/WaslaClient/GetClientProfiles - 200 null application/json; charset=utf-8 17.8868ms
[2025-06-15 10:24:28.300 +03:00  INF]  Request starting HTTP/2 OPTIONS https://localhost:7283/api/WaslaClient/GetInvoicesByClient - null null
[2025-06-15 10:24:28.300 +03:00  INF]  CORS policy execution successful.
[2025-06-15 10:24:28.300 +03:00  INF]  Request finished HTTP/2 OPTIONS https://localhost:7283/api/WaslaClient/GetInvoicesByClient - 204 null null 0.2604ms
[2025-06-15 10:24:28.304 +03:00  INF]  Request starting HTTP/2 POST https://localhost:7283/api/WaslaClient/GetInvoicesByClient - application/json 2
[2025-06-15 10:24:28.304 +03:00  INF]  CORS policy execution successful.
[2025-06-15 10:24:28.305 +03:00  INF]  Executing endpoint 'Wasla_App.Controllers.WaslaClientController.GetInvoicesByClient (Wasla_App)'
[2025-06-15 10:24:28.305 +03:00  INF]  Route matched with {action = "GetInvoicesByClient", controller = "WaslaClient"}. Executing controller action with signature System.Threading.Tasks.Task`1[Microsoft.AspNetCore.Mvc.IActionResult] GetInvoicesByClient() on controller Wasla_App.Controllers.WaslaClientController (Wasla_App).
[2025-06-15 10:24:28.318 +03:00  INF]  Executed DbCommand (6ms) [Parameters=[@__client_id_0='?'], CommandType='"Text"', CommandTimeout='30']
SELECT i0.invoice_id, i0.curr_code, i0.discount, i0.total_price, i0.grand_total_price, c."productId" AS service_id, c.package_id, s."productName" AS service_name, p.package_name, p.package_price, p.package_sale_price, p.package_desc, p.package_details, i0.invoice_code, i0.invoice_code_auto, i0.status, a.tax_amount, a.tax_code
FROM "ClientServices" AS c
INNER JOIN (
    SELECT i.invoice_id, i.client_id, i.curr_code, i.discount, i.grand_total_price, i.invoice_code, i.invoice_code_auto, i.status, i.tax_id, i.total_price
    FROM "InvoiceMain" AS i
    WHERE i.active AND i.status = 1
) AS i0 ON c.invoice_id = i0.invoice_id AND (c.client_id = i0.client_id OR (c.client_id IS NULL AND i0.client_id IS NULL))
INNER JOIN "ApplyTax" AS a ON i0.tax_id = a.tax_id
INNER JOIN "PricingPackages" AS p ON c.package_id = p.package_id
INNER JOIN "Services" AS s ON c."productId" = s."productId"
WHERE c.client_id = @__client_id_0 AND c.active
[2025-06-15 10:24:28.318 +03:00  INF]  Executing OkObjectResult, writing value of type 'System.Collections.Generic.List`1[[WaslaApp.Data.Models.invoices.ClientInvoiceGrp, WaslaApp.Data, Version=1.0.0.0, Culture=neutral, PublicKeyToken=null]]'.
[2025-06-15 10:24:28.318 +03:00  INF]  Executed action Wasla_App.Controllers.WaslaClientController.GetInvoicesByClient (Wasla_App) in 8.8394ms
[2025-06-15 10:24:28.318 +03:00  INF]  Executed endpoint 'Wasla_App.Controllers.WaslaClientController.GetInvoicesByClient (Wasla_App)'
[2025-06-15 10:24:28.325 +03:00  INF]  Request finished HTTP/2 POST https://localhost:7283/api/WaslaClient/GetInvoicesByClient - 200 null application/json; charset=utf-8 21.2146ms
[2025-06-15 10:25:30.460 +03:00  INF]  Request starting HTTP/2 OPTIONS https://localhost:7283/api/WaslaClient/GetInvoicesByClient - null null
[2025-06-15 10:25:30.461 +03:00  INF]  CORS policy execution successful.
[2025-06-15 10:25:30.461 +03:00  INF]  Request finished HTTP/2 OPTIONS https://localhost:7283/api/WaslaClient/GetInvoicesByClient - 204 null null 0.3231ms
[2025-06-15 10:25:30.463 +03:00  INF]  Request starting HTTP/2 POST https://localhost:7283/api/WaslaClient/GetInvoicesByClient - application/json 2
[2025-06-15 10:25:30.463 +03:00  INF]  CORS policy execution successful.
[2025-06-15 10:25:30.464 +03:00  INF]  Executing endpoint 'Wasla_App.Controllers.WaslaClientController.GetInvoicesByClient (Wasla_App)'
[2025-06-15 10:25:30.464 +03:00  INF]  Route matched with {action = "GetInvoicesByClient", controller = "WaslaClient"}. Executing controller action with signature System.Threading.Tasks.Task`1[Microsoft.AspNetCore.Mvc.IActionResult] GetInvoicesByClient() on controller Wasla_App.Controllers.WaslaClientController (Wasla_App).
[2025-06-15 10:25:30.477 +03:00  INF]  Executed DbCommand (11ms) [Parameters=[@__client_id_0='?'], CommandType='"Text"', CommandTimeout='30']
SELECT i0.invoice_id, i0.curr_code, i0.discount, i0.total_price, i0.grand_total_price, c."productId" AS service_id, c.package_id, s."productName" AS service_name, p.package_name, p.package_price, p.package_sale_price, p.package_desc, p.package_details, i0.invoice_code, i0.invoice_code_auto, i0.status, a.tax_amount, a.tax_code
FROM "ClientServices" AS c
INNER JOIN (
    SELECT i.invoice_id, i.client_id, i.curr_code, i.discount, i.grand_total_price, i.invoice_code, i.invoice_code_auto, i.status, i.tax_id, i.total_price
    FROM "InvoiceMain" AS i
    WHERE i.active AND i.status = 1
) AS i0 ON c.invoice_id = i0.invoice_id AND (c.client_id = i0.client_id OR (c.client_id IS NULL AND i0.client_id IS NULL))
INNER JOIN "ApplyTax" AS a ON i0.tax_id = a.tax_id
INNER JOIN "PricingPackages" AS p ON c.package_id = p.package_id
INNER JOIN "Services" AS s ON c."productId" = s."productId"
WHERE c.client_id = @__client_id_0 AND c.active
[2025-06-15 10:25:30.477 +03:00  INF]  Executing OkObjectResult, writing value of type 'System.Collections.Generic.List`1[[WaslaApp.Data.Models.invoices.ClientInvoiceGrp, WaslaApp.Data, Version=1.0.0.0, Culture=neutral, PublicKeyToken=null]]'.
[2025-06-15 10:25:30.478 +03:00  INF]  Executed action Wasla_App.Controllers.WaslaClientController.GetInvoicesByClient (Wasla_App) in 13.318ms
[2025-06-15 10:25:30.478 +03:00  INF]  Executed endpoint 'Wasla_App.Controllers.WaslaClientController.GetInvoicesByClient (Wasla_App)'
[2025-06-15 10:25:30.478 +03:00  INF]  Request finished HTTP/2 POST https://localhost:7283/api/WaslaClient/GetInvoicesByClient - 200 null application/json; charset=utf-8 14.5844ms
