[2025-05-15 10:42:53.038 +03:00  INF]  User profile is available. Using 'C:\Users\ICONS\AppData\Local\ASP.NET\DataProtection-Keys' as key repository and Windows DPAPI to encrypt keys at rest.
[2025-05-15 10:42:53.279 +03:00  WRN]  The WebRootPath was not found: D:\WaslaProjectApi\Wasla_App\Wasla_App\wwwroot. Static files may be unavailable.
[2025-05-15 10:42:53.896 +03:00  INF]  Now listening on: https://localhost:7283
[2025-05-15 10:42:53.897 +03:00  INF]  Now listening on: http://localhost:5074
[2025-05-15 10:42:54.580 +03:00  INF]  Application started. Press Ctrl+C to shut down.
[2025-05-15 10:42:54.581 +03:00  INF]  Hosting environment: Development
[2025-05-15 10:42:54.581 +03:00  INF]  Content root path: D:\WaslaProjectApi\Wasla_App\Wasla_App
[2025-05-15 10:42:57.370 +03:00  INF]  Request starting HTTP/2 GET https://localhost:7283/swagger - null null
[2025-05-15 10:42:57.637 +03:00  INF]  Request finished HTTP/2 GET https://localhost:7283/swagger - 301 0 null 283.2218ms
[2025-05-15 10:42:57.724 +03:00  INF]  Request starting HTTP/2 GET https://localhost:7283/swagger/index.html - null null
[2025-05-15 10:42:58.034 +03:00  INF]  Request starting HTTP/2 GET https://localhost:7283/swagger/swagger-ui.css - null null
[2025-05-15 10:42:58.038 +03:00  INF]  Request starting HTTP/2 GET https://localhost:7283/swagger/swagger-ui-bundle.js - null null
[2025-05-15 10:42:58.038 +03:00  INF]  Request finished HTTP/2 GET https://localhost:7283/swagger/index.html - 200 null text/html;charset=utf-8 314.204ms
[2025-05-15 10:42:58.039 +03:00  INF]  Request starting HTTP/2 GET https://localhost:7283/swagger/swagger-ui-standalone-preset.js - null null
[2025-05-15 10:42:58.126 +03:00  INF]  Request starting HTTP/2 GET https://localhost:7283/_framework/aspnetcore-browser-refresh.js - null null
[2025-05-15 10:42:58.132 +03:00  INF]  Sending file. Request path: '/swagger-ui.css'. Physical path: 'N/A'
[2025-05-15 10:42:58.133 +03:00  INF]  Request finished HTTP/2 GET https://localhost:7283/swagger/swagger-ui.css - 200 152034 text/css 98.2147ms
[2025-05-15 10:42:58.135 +03:00  INF]  Request starting HTTP/2 GET https://localhost:7283/_vs/browserLink - null null
[2025-05-15 10:42:58.143 +03:00  INF]  Sending file. Request path: '/swagger-ui-standalone-preset.js'. Physical path: 'N/A'
[2025-05-15 10:42:58.159 +03:00  INF]  Request finished HTTP/2 GET https://localhost:7283/swagger/swagger-ui-standalone-preset.js - 200 230280 text/javascript 120.5373ms
[2025-05-15 10:42:58.168 +03:00  INF]  Request finished HTTP/2 GET https://localhost:7283/_framework/aspnetcore-browser-refresh.js - 200 13770 application/javascript; charset=utf-8 42.0542ms
[2025-05-15 10:42:58.242 +03:00  INF]  Sending file. Request path: '/swagger-ui-bundle.js'. Physical path: 'N/A'
[2025-05-15 10:42:58.242 +03:00  INF]  Request finished HTTP/2 GET https://localhost:7283/swagger/swagger-ui-bundle.js - 200 1456926 text/javascript 204.4926ms
[2025-05-15 10:42:58.327 +03:00  INF]  Request finished HTTP/2 GET https://localhost:7283/_vs/browserLink - 200 null text/javascript; charset=UTF-8 192.4385ms
[2025-05-15 10:42:58.661 +03:00  INF]  Request starting HTTP/2 GET https://localhost:7283/swagger/v1/swagger.json - null null
[2025-05-15 10:42:58.704 +03:00  INF]  Request finished HTTP/2 GET https://localhost:7283/swagger/v1/swagger.json - 200 null application/json;charset=utf-8 43.5725ms
[2025-05-15 10:42:58.739 +03:00  INF]  Request starting HTTP/2 GET https://localhost:7283/swagger/favicon-32x32.png - null null
[2025-05-15 10:42:58.739 +03:00  INF]  Sending file. Request path: '/favicon-32x32.png'. Physical path: 'N/A'
[2025-05-15 10:42:58.740 +03:00  INF]  Request finished HTTP/2 GET https://localhost:7283/swagger/favicon-32x32.png - 200 628 image/png 1.3807ms
[2025-05-15 10:43:22.810 +03:00  INF]  Request starting HTTP/2 OPTIONS https://localhost:7283/api/WaslaClient/getAdminQuesList - null null
[2025-05-15 10:43:22.821 +03:00  INF]  CORS policy execution successful.
[2025-05-15 10:43:22.823 +03:00  INF]  Request finished HTTP/2 OPTIONS https://localhost:7283/api/WaslaClient/getAdminQuesList - 204 null null 16.3701ms
[2025-05-15 10:43:22.827 +03:00  INF]  Request starting HTTP/2 POST https://localhost:7283/api/WaslaClient/getAdminQuesList - application/json 14
[2025-05-15 10:43:22.828 +03:00  INF]  CORS policy execution successful.
[2025-05-15 10:43:25.001 +03:00  INF]  Request finished HTTP/2 POST https://localhost:7283/api/WaslaClient/getAdminQuesList - 404 0 null 2173.3674ms
[2025-05-15 10:43:25.012 +03:00  INF]  Request reached the end of the middleware pipeline without being handled by application code. Request path: POST https://localhost:7283/api/WaslaClient/getAdminQuesList, Response status code: 404
[2025-05-15 10:43:41.660 +03:00  INF]  Request starting HTTP/2 GET https://localhost:7283/api/WaslaClient/getAdminQuesList - null null
[2025-05-15 10:43:41.685 +03:00  INF]  Request finished HTTP/2 GET https://localhost:7283/api/WaslaClient/getAdminQuesList - 404 0 null 25.8429ms
[2025-05-15 10:43:41.685 +03:00  INF]  Request reached the end of the middleware pipeline without being handled by application code. Request path: GET https://localhost:7283/api/WaslaClient/getAdminQuesList, Response status code: 404
[2025-05-15 10:46:05.341 +03:00  INF]  Request starting HTTP/2 OPTIONS https://localhost:7283/api/WaslaAdmin/getAdminQuesList - null null
[2025-05-15 10:46:05.347 +03:00  INF]  CORS policy execution successful.
[2025-05-15 10:46:05.348 +03:00  INF]  Request finished HTTP/2 OPTIONS https://localhost:7283/api/WaslaAdmin/getAdminQuesList - 204 null null 6.6421ms
[2025-05-15 10:46:05.353 +03:00  INF]  Request starting HTTP/2 POST https://localhost:7283/api/WaslaAdmin/getAdminQuesList - application/json 14
[2025-05-15 10:46:05.353 +03:00  INF]  CORS policy execution successful.
[2025-05-15 10:46:05.390 +03:00  INF]  Authorization failed. These requirements were not met:
RolesAuthorizationRequirement:User.IsInRole must be true for one of the following roles: (Admin)
[2025-05-15 10:46:05.394 +03:00  INF]  AuthenticationScheme: Bearer was forbidden.
[2025-05-15 10:46:05.395 +03:00  INF]  Request finished HTTP/2 POST https://localhost:7283/api/WaslaAdmin/getAdminQuesList - 403 0 null 42.0601ms
[2025-05-15 10:46:30.205 +03:00  INF]  Request starting HTTP/2 OPTIONS https://localhost:7283/api/WaslaAdmin/getAdminQuesList - null null
[2025-05-15 10:46:30.209 +03:00  INF]  CORS policy execution successful.
[2025-05-15 10:46:30.211 +03:00  INF]  Request finished HTTP/2 OPTIONS https://localhost:7283/api/WaslaAdmin/getAdminQuesList - 204 null null 6.4401ms
[2025-05-15 10:46:30.218 +03:00  INF]  Request starting HTTP/2 POST https://localhost:7283/api/WaslaAdmin/getAdminQuesList - application/json 14
[2025-05-15 10:46:30.218 +03:00  INF]  CORS policy execution successful.
[2025-05-15 10:46:30.225 +03:00  INF]  Authorization failed. These requirements were not met:
RolesAuthorizationRequirement:User.IsInRole must be true for one of the following roles: (Admin)
[2025-05-15 10:46:30.226 +03:00  INF]  AuthenticationScheme: Bearer was forbidden.
[2025-05-15 10:46:30.226 +03:00  INF]  Request finished HTTP/2 POST https://localhost:7283/api/WaslaAdmin/getAdminQuesList - 403 0 null 7.6201ms
[2025-05-15 10:46:44.814 +03:00  INF]  Request starting HTTP/2 GET https://localhost:7283/api/WaslaAdmin/getAdminQuesList - null null
[2025-05-15 10:46:44.852 +03:00  INF]  Executing endpoint '405 HTTP Method Not Supported'
[2025-05-15 10:46:44.853 +03:00  INF]  Executed endpoint '405 HTTP Method Not Supported'
[2025-05-15 10:46:44.854 +03:00  INF]  Request finished HTTP/2 GET https://localhost:7283/api/WaslaAdmin/getAdminQuesList - 405 0 null 39.2103ms
[2025-05-15 10:49:30.526 +03:00  INF]  Request starting HTTP/2 OPTIONS https://localhost:7283/api/WaslaAdmin/getAdminQuesList - null null
[2025-05-15 10:49:30.529 +03:00  INF]  CORS policy execution successful.
[2025-05-15 10:49:30.566 +03:00  INF]  Request finished HTTP/2 OPTIONS https://localhost:7283/api/WaslaAdmin/getAdminQuesList - 204 null null 44.615ms
[2025-05-15 10:49:30.582 +03:00  INF]  Request starting HTTP/2 POST https://localhost:7283/api/WaslaAdmin/getAdminQuesList - application/json 14
[2025-05-15 10:49:30.583 +03:00  INF]  CORS policy execution successful.
[2025-05-15 10:49:30.605 +03:00  INF]  Authorization failed. These requirements were not met:
RolesAuthorizationRequirement:User.IsInRole must be true for one of the following roles: (Admin)
[2025-05-15 10:49:30.605 +03:00  INF]  AuthenticationScheme: Bearer was forbidden.
[2025-05-15 10:49:30.616 +03:00  INF]  Request finished HTTP/2 POST https://localhost:7283/api/WaslaAdmin/getAdminQuesList - 403 0 null 34.6705ms
[2025-05-15 10:50:50.618 +03:00  INF]  Request starting HTTP/2 OPTIONS https://localhost:7283/api/WaslaAdmin/getAdminQuesList - null null
[2025-05-15 10:50:50.619 +03:00  INF]  CORS policy execution successful.
[2025-05-15 10:50:50.625 +03:00  INF]  Request finished HTTP/2 OPTIONS https://localhost:7283/api/WaslaAdmin/getAdminQuesList - 204 null null 4.5206ms
[2025-05-15 10:50:50.641 +03:00  INF]  Request starting HTTP/2 POST https://localhost:7283/api/WaslaAdmin/getAdminQuesList - application/json 14
[2025-05-15 10:50:50.641 +03:00  INF]  CORS policy execution successful.
[2025-05-15 10:50:50.645 +03:00  INF]  Authorization failed. These requirements were not met:
RolesAuthorizationRequirement:User.IsInRole must be true for one of the following roles: (Admin)
[2025-05-15 10:50:50.647 +03:00  INF]  AuthenticationScheme: Bearer was forbidden.
[2025-05-15 10:50:50.649 +03:00  INF]  Request finished HTTP/2 POST https://localhost:7283/api/WaslaAdmin/getAdminQuesList - 403 0 null 7.8281ms
[2025-05-15 10:52:22.808 +03:00  INF]  Request starting HTTP/2 OPTIONS https://localhost:7283/api/WaslaAdmin/getAdminQuesList - null null
[2025-05-15 10:52:22.821 +03:00  INF]  CORS policy execution successful.
[2025-05-15 10:52:22.822 +03:00  INF]  Request finished HTTP/2 OPTIONS https://localhost:7283/api/WaslaAdmin/getAdminQuesList - 204 null null 15.7427ms
[2025-05-15 10:52:22.874 +03:00  INF]  Request starting HTTP/2 POST https://localhost:7283/api/WaslaAdmin/getAdminQuesList - application/json 14
[2025-05-15 10:52:22.875 +03:00  INF]  CORS policy execution successful.
[2025-05-15 10:52:22.878 +03:00  INF]  Authorization failed. These requirements were not met:
RolesAuthorizationRequirement:User.IsInRole must be true for one of the following roles: (Admin)
[2025-05-15 10:52:22.878 +03:00  INF]  AuthenticationScheme: Bearer was forbidden.
[2025-05-15 10:52:22.878 +03:00  INF]  Request finished HTTP/2 POST https://localhost:7283/api/WaslaAdmin/getAdminQuesList - 403 0 null 4.2528ms
[2025-05-15 10:52:34.676 +03:00  INF]  Request starting HTTP/2 OPTIONS https://localhost:7283/api/WaslaAdmin/getAdminQuesList - null null
[2025-05-15 10:52:34.680 +03:00  INF]  CORS policy execution successful.
[2025-05-15 10:52:34.684 +03:00  INF]  Request finished HTTP/2 OPTIONS https://localhost:7283/api/WaslaAdmin/getAdminQuesList - 204 null null 8.1953ms
[2025-05-15 10:52:34.689 +03:00  INF]  Request starting HTTP/2 POST https://localhost:7283/api/WaslaAdmin/getAdminQuesList - application/json 14
[2025-05-15 10:52:34.689 +03:00  INF]  CORS policy execution successful.
[2025-05-15 10:52:34.691 +03:00  INF]  Authorization failed. These requirements were not met:
RolesAuthorizationRequirement:User.IsInRole must be true for one of the following roles: (Admin)
[2025-05-15 10:52:34.692 +03:00  INF]  AuthenticationScheme: Bearer was forbidden.
[2025-05-15 10:52:34.693 +03:00  INF]  Request finished HTTP/2 POST https://localhost:7283/api/WaslaAdmin/getAdminQuesList - 403 0 null 4.1535ms
[2025-05-15 10:53:02.246 +03:00  INF]  Request starting HTTP/2 OPTIONS https://localhost:7283/api/WaslaAdmin/getAdminQuesList - null null
[2025-05-15 10:53:02.247 +03:00  INF]  CORS policy execution successful.
[2025-05-15 10:53:02.248 +03:00  INF]  Request finished HTTP/2 OPTIONS https://localhost:7283/api/WaslaAdmin/getAdminQuesList - 204 null null 1.1134ms
[2025-05-15 10:53:02.253 +03:00  INF]  Request starting HTTP/2 POST https://localhost:7283/api/WaslaAdmin/getAdminQuesList - application/json 14
[2025-05-15 10:53:02.253 +03:00  INF]  CORS policy execution successful.
[2025-05-15 10:53:02.254 +03:00  INF]  Authorization failed. These requirements were not met:
RolesAuthorizationRequirement:User.IsInRole must be true for one of the following roles: (Admin)
[2025-05-15 10:53:02.254 +03:00  INF]  AuthenticationScheme: Bearer was forbidden.
[2025-05-15 10:53:02.254 +03:00  INF]  Request finished HTTP/2 POST https://localhost:7283/api/WaslaAdmin/getAdminQuesList - 403 0 null 1.4877ms
[2025-05-15 11:01:32.533 +03:00  INF]  User profile is available. Using 'C:\Users\ICONS\AppData\Local\ASP.NET\DataProtection-Keys' as key repository and Windows DPAPI to encrypt keys at rest.
[2025-05-15 11:01:32.802 +03:00  WRN]  The WebRootPath was not found: D:\WaslaProjectApi\Wasla_App\Wasla_App\wwwroot. Static files may be unavailable.
[2025-05-15 11:01:33.070 +03:00  INF]  Now listening on: https://localhost:7283
[2025-05-15 11:01:33.070 +03:00  INF]  Now listening on: http://localhost:5074
[2025-05-15 11:01:33.630 +03:00  INF]  Application started. Press Ctrl+C to shut down.
[2025-05-15 11:01:33.631 +03:00  INF]  Hosting environment: Development
[2025-05-15 11:01:33.631 +03:00  INF]  Content root path: D:\WaslaProjectApi\Wasla_App\Wasla_App
[2025-05-15 11:01:35.637 +03:00  INF]  Request starting HTTP/2 GET https://localhost:7283/swagger/index.html - null null
[2025-05-15 11:01:36.196 +03:00  INF]  Request starting HTTP/2 GET https://localhost:7283/_framework/aspnetcore-browser-refresh.js - null null
[2025-05-15 11:01:36.196 +03:00  INF]  Request finished HTTP/2 GET https://localhost:7283/swagger/index.html - 200 null text/html;charset=utf-8 577.4254ms
[2025-05-15 11:01:36.204 +03:00  INF]  Request finished HTTP/2 GET https://localhost:7283/_framework/aspnetcore-browser-refresh.js - 200 13770 application/javascript; charset=utf-8 8.3874ms
[2025-05-15 11:01:36.579 +03:00  INF]  Request starting HTTP/2 GET https://localhost:7283/_vs/browserLink - null null
[2025-05-15 11:01:37.222 +03:00  INF]  Request finished HTTP/2 GET https://localhost:7283/_vs/browserLink - 200 null text/javascript; charset=UTF-8 644.5028ms
[2025-05-15 11:01:37.476 +03:00  INF]  Request starting HTTP/2 GET https://localhost:7283/swagger/v1/swagger.json - null null
[2025-05-15 11:01:37.509 +03:00  INF]  Request finished HTTP/2 GET https://localhost:7283/swagger/v1/swagger.json - 200 null application/json;charset=utf-8 33.5159ms
[2025-05-15 11:03:29.035 +03:00  INF]  Request starting HTTP/2 OPTIONS https://localhost:7283/api/WaslaAdmin/getAdminQuesList - null null
[2025-05-15 11:03:29.054 +03:00  INF]  CORS policy execution successful.
[2025-05-15 11:03:29.059 +03:00  INF]  Request finished HTTP/2 OPTIONS https://localhost:7283/api/WaslaAdmin/getAdminQuesList - 204 null null 23.1393ms
[2025-05-15 11:03:29.068 +03:00  INF]  Request starting HTTP/2 POST https://localhost:7283/api/WaslaAdmin/getAdminQuesList - application/json 14
[2025-05-15 11:03:29.073 +03:00  INF]  CORS policy execution successful.
[2025-05-15 11:03:29.535 +03:00  INF]  Executing endpoint 'Wasla_App.Controllers.WaslaAdminController.getQuesList (Wasla_App)'
[2025-05-15 11:03:29.591 +03:00  INF]  Route matched with {action = "getQuesList", controller = "WaslaAdmin"}. Executing controller action with signature System.Threading.Tasks.Task`1[Microsoft.AspNetCore.Mvc.IActionResult] getQuesList(WaslaApp.Data.Models.QuesLstReq) on controller Wasla_App.Controllers.WaslaAdminController (Wasla_App).
[2025-05-15 11:03:32.213 +03:00  INF]  Executed action Wasla_App.Controllers.WaslaAdminController.getQuesList (Wasla_App) in 2615.4144ms
[2025-05-15 11:03:32.216 +03:00  INF]  Executed endpoint 'Wasla_App.Controllers.WaslaAdminController.getQuesList (Wasla_App)'
[2025-05-15 11:03:32.221 +03:00  INF]  Request finished HTTP/2 POST https://localhost:7283/api/WaslaAdmin/getAdminQuesList - 499 null null 3154.581ms
[2025-05-15 11:03:45.019 +03:00  INF]  Request starting HTTP/2 OPTIONS https://localhost:7283/api/WaslaAdmin/getAdminQuesList - null null
[2025-05-15 11:03:45.074 +03:00  INF]  CORS policy execution successful.
[2025-05-15 11:03:45.076 +03:00  INF]  Request finished HTTP/2 OPTIONS https://localhost:7283/api/WaslaAdmin/getAdminQuesList - 204 null null 57.2105ms
[2025-05-15 11:03:45.080 +03:00  INF]  Request starting HTTP/2 POST https://localhost:7283/api/WaslaAdmin/getAdminQuesList - application/json 14
[2025-05-15 11:03:45.080 +03:00  INF]  CORS policy execution successful.
[2025-05-15 11:03:45.090 +03:00  INF]  Executing endpoint 'Wasla_App.Controllers.WaslaAdminController.getQuesList (Wasla_App)'
[2025-05-15 11:03:45.091 +03:00  INF]  Route matched with {action = "getQuesList", controller = "WaslaAdmin"}. Executing controller action with signature System.Threading.Tasks.Task`1[Microsoft.AspNetCore.Mvc.IActionResult] getQuesList(WaslaApp.Data.Models.QuesLstReq) on controller Wasla_App.Controllers.WaslaAdminController (Wasla_App).
[2025-05-15 11:04:23.308 +03:00  INF]  Executed DbCommand (92ms) [Parameters=[], CommandType='"Text"', CommandTimeout='30']
SELECT r.ques_id, r.lang_code, r."order", r.ques_title, r.ques_type
FROM "RegistrationQuestions" AS r
[2025-05-15 11:04:23.602 +03:00  INF]  Executing OkObjectResult, writing value of type 'System.Collections.Generic.List`1[[WaslaApp.Data.Entities.RegistrationQuestion, WaslaApp.Data, Version=1.0.0.0, Culture=neutral, PublicKeyToken=null]]'.
[2025-05-15 11:04:23.632 +03:00  INF]  Executed action Wasla_App.Controllers.WaslaAdminController.getQuesList (Wasla_App) in 38540.2085ms
[2025-05-15 11:04:23.633 +03:00  INF]  Executed endpoint 'Wasla_App.Controllers.WaslaAdminController.getQuesList (Wasla_App)'
[2025-05-15 11:04:23.644 +03:00  INF]  Request finished HTTP/2 POST https://localhost:7283/api/WaslaAdmin/getAdminQuesList - 499 null application/json; charset=utf-8 38563.7138ms
[2025-05-15 11:06:32.300 +03:00  INF]  Request starting HTTP/2 OPTIONS https://localhost:7283/api/WaslaAdmin/getAdminQuesList - null null
[2025-05-15 11:06:32.335 +03:00  INF]  CORS policy execution successful.
[2025-05-15 11:06:32.349 +03:00  INF]  Request finished HTTP/2 OPTIONS https://localhost:7283/api/WaslaAdmin/getAdminQuesList - 204 null null 57.3037ms
[2025-05-15 11:06:32.353 +03:00  INF]  Request starting HTTP/2 POST https://localhost:7283/api/WaslaAdmin/getAdminQuesList - application/json 14
[2025-05-15 11:06:32.357 +03:00  INF]  CORS policy execution successful.
[2025-05-15 11:06:32.435 +03:00  INF]  Executing endpoint 'Wasla_App.Controllers.WaslaAdminController.getQuesList (Wasla_App)'
[2025-05-15 11:06:32.451 +03:00  INF]  Route matched with {action = "getQuesList", controller = "WaslaAdmin"}. Executing controller action with signature System.Threading.Tasks.Task`1[Microsoft.AspNetCore.Mvc.IActionResult] getQuesList(WaslaApp.Data.Models.QuesLstReq) on controller Wasla_App.Controllers.WaslaAdminController (Wasla_App).
[2025-05-15 11:06:32.678 +03:00  INF]  Executed DbCommand (31ms) [Parameters=[], CommandType='"Text"', CommandTimeout='30']
SELECT r.ques_id, r.lang_code, r."order", r.ques_title, r.ques_type
FROM "RegistrationQuestions" AS r
[2025-05-15 11:06:32.701 +03:00  INF]  Executing OkObjectResult, writing value of type 'System.Collections.Generic.List`1[[WaslaApp.Data.Entities.RegistrationQuestion, WaslaApp.Data, Version=1.0.0.0, Culture=neutral, PublicKeyToken=null]]'.
[2025-05-15 11:06:32.708 +03:00  INF]  Executed action Wasla_App.Controllers.WaslaAdminController.getQuesList (Wasla_App) in 256.8993ms
[2025-05-15 11:06:32.708 +03:00  INF]  Executed endpoint 'Wasla_App.Controllers.WaslaAdminController.getQuesList (Wasla_App)'
[2025-05-15 11:06:32.709 +03:00  INF]  Request finished HTTP/2 POST https://localhost:7283/api/WaslaAdmin/getAdminQuesList - 200 null application/json; charset=utf-8 356.9128ms
[2025-05-15 11:06:40.825 +03:00  INF]  Request starting HTTP/2 OPTIONS https://localhost:7283/api/WaslaAdmin/GetProduct - null null
[2025-05-15 11:06:40.825 +03:00  INF]  CORS policy execution successful.
[2025-05-15 11:06:40.825 +03:00  INF]  Request finished HTTP/2 OPTIONS https://localhost:7283/api/WaslaAdmin/GetProduct - 204 null null 0.4422ms
[2025-05-15 11:06:40.873 +03:00  INF]  Request starting HTTP/2 POST https://localhost:7283/api/WaslaAdmin/GetProduct - application/json 26
[2025-05-15 11:06:40.873 +03:00  INF]  CORS policy execution successful.
[2025-05-15 11:06:40.878 +03:00  INF]  Executing endpoint 'Wasla_App.Controllers.WaslaAdminController.GetProduct (Wasla_App)'
[2025-05-15 11:06:40.918 +03:00  INF]  Route matched with {action = "GetProduct", controller = "WaslaAdmin"}. Executing controller action with signature System.Threading.Tasks.Task`1[Microsoft.AspNetCore.Mvc.IActionResult] GetProduct(WaslaApp.Data.Models.ProductReq) on controller Wasla_App.Controllers.WaslaAdminController (Wasla_App).
[2025-05-15 11:06:41.540 +03:00  INF]  Executed DbCommand (36ms) [Parameters=[@__req_active_0='?' (DbType = Boolean), @__req_parent_1='?' (DbType = Int32)], CommandType='"Text"', CommandTimeout='30']
SELECT p."productId", p.active, p."productName", p."productParent", p.product_desc
FROM "Product" AS p
WHERE p.active = @__req_active_0 AND p."productParent" = @__req_parent_1
[2025-05-15 11:06:41.561 +03:00  INF]  Executing OkObjectResult, writing value of type 'System.Collections.Generic.List`1[[WaslaApp.Data.Entities.Product, WaslaApp.Data, Version=1.0.0.0, Culture=neutral, PublicKeyToken=null]]'.
[2025-05-15 11:06:41.581 +03:00  INF]  Executed action Wasla_App.Controllers.WaslaAdminController.GetProduct (Wasla_App) in 662.4553ms
[2025-05-15 11:06:41.581 +03:00  INF]  Executed endpoint 'Wasla_App.Controllers.WaslaAdminController.GetProduct (Wasla_App)'
[2025-05-15 11:06:41.582 +03:00  INF]  Request finished HTTP/2 POST https://localhost:7283/api/WaslaAdmin/GetProduct - 200 null application/json; charset=utf-8 708.7792ms
[2025-05-15 11:06:41.643 +03:00  INF]  Request starting HTTP/2 OPTIONS https://localhost:7283/api/WaslaAdmin/GetProduct_Tree - null null
[2025-05-15 11:06:41.643 +03:00  INF]  CORS policy execution successful.
[2025-05-15 11:06:41.643 +03:00  INF]  Request finished HTTP/2 OPTIONS https://localhost:7283/api/WaslaAdmin/GetProduct_Tree - 204 null null 0.8246ms
[2025-05-15 11:06:41.647 +03:00  INF]  Request starting HTTP/2 POST https://localhost:7283/api/WaslaAdmin/GetProduct_Tree - application/json 2
[2025-05-15 11:06:41.648 +03:00  INF]  CORS policy execution successful.
[2025-05-15 11:06:41.649 +03:00  INF]  Executing endpoint 'Wasla_App.Controllers.WaslaAdminController.GetProduct_Tree (Wasla_App)'
[2025-05-15 11:06:41.656 +03:00  INF]  Route matched with {action = "GetProduct_Tree", controller = "WaslaAdmin"}. Executing controller action with signature System.Threading.Tasks.Task`1[Microsoft.AspNetCore.Mvc.IActionResult] GetProduct_Tree() on controller Wasla_App.Controllers.WaslaAdminController (Wasla_App).
[2025-05-15 11:06:41.685 +03:00  INF]  Executed DbCommand (9ms) [Parameters=[], CommandType='"Text"', CommandTimeout='30']
SELECT p."productId", p.active, p."productName", p."productParent", p.product_desc
FROM "Product" AS p
[2025-05-15 11:06:41.690 +03:00  INF]  Executing OkObjectResult, writing value of type 'System.Collections.Generic.List`1[[WaslaApp.Data.Models.Product_Tree, WaslaApp.Data, Version=1.0.0.0, Culture=neutral, PublicKeyToken=null]]'.
[2025-05-15 11:06:41.719 +03:00  INF]  Executed action Wasla_App.Controllers.WaslaAdminController.GetProduct_Tree (Wasla_App) in 63.3503ms
[2025-05-15 11:06:41.720 +03:00  INF]  Executed endpoint 'Wasla_App.Controllers.WaslaAdminController.GetProduct_Tree (Wasla_App)'
[2025-05-15 11:06:41.720 +03:00  INF]  Request finished HTTP/2 POST https://localhost:7283/api/WaslaAdmin/GetProduct_Tree - 200 null application/json; charset=utf-8 72.5863ms
[2025-05-15 11:06:49.243 +03:00  INF]  Request starting HTTP/2 OPTIONS https://localhost:7283/api/WaslaAdmin/getAdminQuesList - null null
[2025-05-15 11:06:49.243 +03:00  INF]  CORS policy execution successful.
[2025-05-15 11:06:49.243 +03:00  INF]  Request finished HTTP/2 OPTIONS https://localhost:7283/api/WaslaAdmin/getAdminQuesList - 204 null null 0.4892ms
[2025-05-15 11:06:49.248 +03:00  INF]  Request starting HTTP/2 POST https://localhost:7283/api/WaslaAdmin/getAdminQuesList - application/json 14
[2025-05-15 11:06:49.249 +03:00  INF]  CORS policy execution successful.
[2025-05-15 11:06:49.249 +03:00  INF]  Executing endpoint 'Wasla_App.Controllers.WaslaAdminController.getQuesList (Wasla_App)'
[2025-05-15 11:06:49.249 +03:00  INF]  Route matched with {action = "getQuesList", controller = "WaslaAdmin"}. Executing controller action with signature System.Threading.Tasks.Task`1[Microsoft.AspNetCore.Mvc.IActionResult] getQuesList(WaslaApp.Data.Models.QuesLstReq) on controller Wasla_App.Controllers.WaslaAdminController (Wasla_App).
[2025-05-15 11:06:49.261 +03:00  INF]  Executed DbCommand (4ms) [Parameters=[], CommandType='"Text"', CommandTimeout='30']
SELECT r.ques_id, r.lang_code, r."order", r.ques_title, r.ques_type
FROM "RegistrationQuestions" AS r
[2025-05-15 11:06:49.262 +03:00  INF]  Executing OkObjectResult, writing value of type 'System.Collections.Generic.List`1[[WaslaApp.Data.Entities.RegistrationQuestion, WaslaApp.Data, Version=1.0.0.0, Culture=neutral, PublicKeyToken=null]]'.
[2025-05-15 11:06:49.263 +03:00  INF]  Executed action Wasla_App.Controllers.WaslaAdminController.getQuesList (Wasla_App) in 13.166ms
[2025-05-15 11:06:49.263 +03:00  INF]  Executed endpoint 'Wasla_App.Controllers.WaslaAdminController.getQuesList (Wasla_App)'
[2025-05-15 11:06:49.263 +03:00  INF]  Request finished HTTP/2 POST https://localhost:7283/api/WaslaAdmin/getAdminQuesList - 200 null application/json; charset=utf-8 14.8632ms
[2025-05-15 11:07:24.419 +03:00  INF]  Request starting HTTP/2 OPTIONS https://localhost:7283/api/WaslaAdmin/saveQuestions - null null
[2025-05-15 11:07:24.420 +03:00  INF]  CORS policy execution successful.
[2025-05-15 11:07:24.420 +03:00  INF]  Request finished HTTP/2 OPTIONS https://localhost:7283/api/WaslaAdmin/saveQuestions - 204 null null 1.7462ms
[2025-05-15 11:07:24.424 +03:00  INF]  Request starting HTTP/2 POST https://localhost:7283/api/WaslaAdmin/saveQuestions - application/json 97
[2025-05-15 11:07:24.424 +03:00  INF]  CORS policy execution successful.
[2025-05-15 11:07:24.427 +03:00  INF]  Executing endpoint 'Wasla_App.Controllers.WaslaAdminController.saveQuestions (Wasla_App)'
[2025-05-15 11:07:24.433 +03:00  INF]  Route matched with {action = "saveQuestions", controller = "WaslaAdmin"}. Executing controller action with signature Microsoft.AspNetCore.Mvc.IActionResult saveQuestions(WaslaApp.Data.Entities.RegistrationQuestion) on controller Wasla_App.Controllers.WaslaAdminController (Wasla_App).
[2025-05-15 11:07:24.535 +03:00  INF]  Executed DbCommand (17ms) [Parameters=[], CommandType='"Text"', CommandTimeout='30']
SELECT max(r.ques_id)
FROM "RegistrationQuestions" AS r
[2025-05-15 11:07:24.695 +03:00  INF]  Executed DbCommand (22ms) [Parameters=[@p0='?' (DbType = Int32), @p1='?', @p2='?' (DbType = Int32), @p3='?', @p4='?'], CommandType='"Text"', CommandTimeout='30']
INSERT INTO "RegistrationQuestions" (ques_id, lang_code, "order", ques_title, ques_type)
VALUES (@p0, @p1, @p2, @p3, @p4);
[2025-05-15 11:07:24.711 +03:00  INF]  Executing OkObjectResult, writing value of type 'WaslaApp.Data.Models.ResponseCls'.
[2025-05-15 11:07:24.713 +03:00  INF]  Executed action Wasla_App.Controllers.WaslaAdminController.saveQuestions (Wasla_App) in 279.5035ms
[2025-05-15 11:07:24.713 +03:00  INF]  Executed endpoint 'Wasla_App.Controllers.WaslaAdminController.saveQuestions (Wasla_App)'
[2025-05-15 11:07:24.714 +03:00  INF]  Request finished HTTP/2 POST https://localhost:7283/api/WaslaAdmin/saveQuestions - 200 null application/json; charset=utf-8 289.7821ms
[2025-05-15 11:07:24.719 +03:00  INF]  Request starting HTTP/2 OPTIONS https://localhost:7283/api/WaslaAdmin/getAdminQuesList - null null
[2025-05-15 11:07:24.719 +03:00  INF]  CORS policy execution successful.
[2025-05-15 11:07:24.720 +03:00  INF]  Request finished HTTP/2 OPTIONS https://localhost:7283/api/WaslaAdmin/getAdminQuesList - 204 null null 0.4682ms
[2025-05-15 11:07:24.740 +03:00  INF]  Request starting HTTP/2 POST https://localhost:7283/api/WaslaAdmin/getAdminQuesList - application/json 14
[2025-05-15 11:07:24.740 +03:00  INF]  CORS policy execution successful.
[2025-05-15 11:07:24.741 +03:00  INF]  Executing endpoint 'Wasla_App.Controllers.WaslaAdminController.getQuesList (Wasla_App)'
[2025-05-15 11:07:24.741 +03:00  INF]  Route matched with {action = "getQuesList", controller = "WaslaAdmin"}. Executing controller action with signature System.Threading.Tasks.Task`1[Microsoft.AspNetCore.Mvc.IActionResult] getQuesList(WaslaApp.Data.Models.QuesLstReq) on controller Wasla_App.Controllers.WaslaAdminController (Wasla_App).
[2025-05-15 11:07:24.770 +03:00  INF]  Executed DbCommand (27ms) [Parameters=[], CommandType='"Text"', CommandTimeout='30']
SELECT r.ques_id, r.lang_code, r."order", r.ques_title, r.ques_type
FROM "RegistrationQuestions" AS r
[2025-05-15 11:07:24.783 +03:00  INF]  Executing OkObjectResult, writing value of type 'System.Collections.Generic.List`1[[WaslaApp.Data.Entities.RegistrationQuestion, WaslaApp.Data, Version=1.0.0.0, Culture=neutral, PublicKeyToken=null]]'.
[2025-05-15 11:07:24.784 +03:00  INF]  Executed action Wasla_App.Controllers.WaslaAdminController.getQuesList (Wasla_App) in 42.8421ms
[2025-05-15 11:07:24.784 +03:00  INF]  Executed endpoint 'Wasla_App.Controllers.WaslaAdminController.getQuesList (Wasla_App)'
[2025-05-15 11:07:24.786 +03:00  INF]  Request finished HTTP/2 POST https://localhost:7283/api/WaslaAdmin/getAdminQuesList - 200 null application/json; charset=utf-8 46.3648ms
[2025-05-15 11:07:30.571 +03:00  INF]  Request starting HTTP/2 OPTIONS https://localhost:7283/api/WaslaAdmin/getAdminQuesList - null null
[2025-05-15 11:07:30.577 +03:00  INF]  CORS policy execution successful.
[2025-05-15 11:07:30.578 +03:00  INF]  Request finished HTTP/2 OPTIONS https://localhost:7283/api/WaslaAdmin/getAdminQuesList - 204 null null 7.6694ms
[2025-05-15 11:07:30.583 +03:00  INF]  Request starting HTTP/2 POST https://localhost:7283/api/WaslaAdmin/getAdminQuesList - application/json 14
[2025-05-15 11:07:30.583 +03:00  INF]  CORS policy execution successful.
[2025-05-15 11:07:30.584 +03:00  INF]  Executing endpoint 'Wasla_App.Controllers.WaslaAdminController.getQuesList (Wasla_App)'
[2025-05-15 11:07:30.584 +03:00  INF]  Route matched with {action = "getQuesList", controller = "WaslaAdmin"}. Executing controller action with signature System.Threading.Tasks.Task`1[Microsoft.AspNetCore.Mvc.IActionResult] getQuesList(WaslaApp.Data.Models.QuesLstReq) on controller Wasla_App.Controllers.WaslaAdminController (Wasla_App).
[2025-05-15 11:07:30.590 +03:00  INF]  Executed DbCommand (3ms) [Parameters=[], CommandType='"Text"', CommandTimeout='30']
SELECT r.ques_id, r.lang_code, r."order", r.ques_title, r.ques_type
FROM "RegistrationQuestions" AS r
[2025-05-15 11:07:30.594 +03:00  INF]  Executing OkObjectResult, writing value of type 'System.Collections.Generic.List`1[[WaslaApp.Data.Entities.RegistrationQuestion, WaslaApp.Data, Version=1.0.0.0, Culture=neutral, PublicKeyToken=null]]'.
[2025-05-15 11:07:30.597 +03:00  INF]  Executed action Wasla_App.Controllers.WaslaAdminController.getQuesList (Wasla_App) in 13.1672ms
[2025-05-15 11:07:30.598 +03:00  INF]  Executed endpoint 'Wasla_App.Controllers.WaslaAdminController.getQuesList (Wasla_App)'
[2025-05-15 11:07:30.598 +03:00  INF]  Request finished HTTP/2 POST https://localhost:7283/api/WaslaAdmin/getAdminQuesList - 200 null application/json; charset=utf-8 14.7233ms
[2025-05-15 11:07:35.491 +03:00  INF]  Request starting HTTP/2 OPTIONS https://localhost:7283/api/WaslaAdmin/GetProduct - null null
[2025-05-15 11:07:35.492 +03:00  INF]  CORS policy execution successful.
[2025-05-15 11:07:35.492 +03:00  INF]  Request finished HTTP/2 OPTIONS https://localhost:7283/api/WaslaAdmin/GetProduct - 204 null null 1.5956ms
[2025-05-15 11:07:35.506 +03:00  INF]  Request starting HTTP/2 POST https://localhost:7283/api/WaslaAdmin/GetProduct - application/json 26
[2025-05-15 11:07:35.506 +03:00  INF]  CORS policy execution successful.
[2025-05-15 11:07:35.509 +03:00  INF]  Executing endpoint 'Wasla_App.Controllers.WaslaAdminController.GetProduct (Wasla_App)'
[2025-05-15 11:07:35.509 +03:00  INF]  Route matched with {action = "GetProduct", controller = "WaslaAdmin"}. Executing controller action with signature System.Threading.Tasks.Task`1[Microsoft.AspNetCore.Mvc.IActionResult] GetProduct(WaslaApp.Data.Models.ProductReq) on controller Wasla_App.Controllers.WaslaAdminController (Wasla_App).
[2025-05-15 11:07:35.534 +03:00  INF]  Executed DbCommand (7ms) [Parameters=[@__req_active_0='?' (DbType = Boolean), @__req_parent_1='?' (DbType = Int32)], CommandType='"Text"', CommandTimeout='30']
SELECT p."productId", p.active, p."productName", p."productParent", p.product_desc
FROM "Product" AS p
WHERE p.active = @__req_active_0 AND p."productParent" = @__req_parent_1
[2025-05-15 11:07:35.535 +03:00  INF]  Executing OkObjectResult, writing value of type 'System.Collections.Generic.List`1[[WaslaApp.Data.Entities.Product, WaslaApp.Data, Version=1.0.0.0, Culture=neutral, PublicKeyToken=null]]'.
[2025-05-15 11:07:35.536 +03:00  INF]  Executed action Wasla_App.Controllers.WaslaAdminController.GetProduct (Wasla_App) in 26.2646ms
[2025-05-15 11:07:35.536 +03:00  INF]  Executed endpoint 'Wasla_App.Controllers.WaslaAdminController.GetProduct (Wasla_App)'
[2025-05-15 11:07:35.538 +03:00  INF]  Request finished HTTP/2 POST https://localhost:7283/api/WaslaAdmin/GetProduct - 200 null application/json; charset=utf-8 31.0519ms
[2025-05-15 11:07:35.643 +03:00  INF]  Request starting HTTP/2 OPTIONS https://localhost:7283/api/WaslaAdmin/GetProduct_Tree - null null
[2025-05-15 11:07:35.643 +03:00  INF]  CORS policy execution successful.
[2025-05-15 11:07:35.643 +03:00  INF]  Request finished HTTP/2 OPTIONS https://localhost:7283/api/WaslaAdmin/GetProduct_Tree - 204 null null 0.3296ms
[2025-05-15 11:07:35.646 +03:00  INF]  Request starting HTTP/2 POST https://localhost:7283/api/WaslaAdmin/GetProduct_Tree - application/json 2
[2025-05-15 11:07:35.646 +03:00  INF]  CORS policy execution successful.
[2025-05-15 11:07:35.646 +03:00  INF]  Executing endpoint 'Wasla_App.Controllers.WaslaAdminController.GetProduct_Tree (Wasla_App)'
[2025-05-15 11:07:35.647 +03:00  INF]  Route matched with {action = "GetProduct_Tree", controller = "WaslaAdmin"}. Executing controller action with signature System.Threading.Tasks.Task`1[Microsoft.AspNetCore.Mvc.IActionResult] GetProduct_Tree() on controller Wasla_App.Controllers.WaslaAdminController (Wasla_App).
[2025-05-15 11:07:35.651 +03:00  INF]  Executed DbCommand (2ms) [Parameters=[], CommandType='"Text"', CommandTimeout='30']
SELECT p."productId", p.active, p."productName", p."productParent", p.product_desc
FROM "Product" AS p
[2025-05-15 11:07:35.737 +03:00  INF]  Executing OkObjectResult, writing value of type 'System.Collections.Generic.List`1[[WaslaApp.Data.Models.Product_Tree, WaslaApp.Data, Version=1.0.0.0, Culture=neutral, PublicKeyToken=null]]'.
[2025-05-15 11:07:35.738 +03:00  INF]  Executed action Wasla_App.Controllers.WaslaAdminController.GetProduct_Tree (Wasla_App) in 90.873ms
[2025-05-15 11:07:35.738 +03:00  INF]  Executed endpoint 'Wasla_App.Controllers.WaslaAdminController.GetProduct_Tree (Wasla_App)'
[2025-05-15 11:07:35.738 +03:00  INF]  Request finished HTTP/2 POST https://localhost:7283/api/WaslaAdmin/GetProduct_Tree - 200 null application/json; charset=utf-8 92.5378ms
[2025-05-15 11:17:00.336 +03:00  INF]  Request starting HTTP/2 OPTIONS https://localhost:7283/api/WaslaAdmin/getAdminQuesList - null null
[2025-05-15 11:17:00.343 +03:00  INF]  CORS policy execution successful.
[2025-05-15 11:17:00.345 +03:00  INF]  Request finished HTTP/2 OPTIONS https://localhost:7283/api/WaslaAdmin/getAdminQuesList - 204 null null 62.8763ms
[2025-05-15 11:17:00.350 +03:00  INF]  Request starting HTTP/2 POST https://localhost:7283/api/WaslaAdmin/getAdminQuesList - application/json 14
[2025-05-15 11:17:00.352 +03:00  INF]  CORS policy execution successful.
[2025-05-15 11:17:00.384 +03:00  INF]  Authorization failed. These requirements were not met:
RolesAuthorizationRequirement:User.IsInRole must be true for one of the following roles: (Admin)
[2025-05-15 11:17:00.405 +03:00  INF]  AuthenticationScheme: Bearer was forbidden.
[2025-05-15 11:17:00.406 +03:00  INF]  Request finished HTTP/2 POST https://localhost:7283/api/WaslaAdmin/getAdminQuesList - 403 0 null 56.7956ms
[2025-05-15 11:17:49.767 +03:00  INF]  Request starting HTTP/2 OPTIONS https://localhost:7283/api/WaslaAdmin/getAdminQuesList - null null
[2025-05-15 11:17:49.768 +03:00  INF]  CORS policy execution successful.
[2025-05-15 11:17:49.768 +03:00  INF]  Request finished HTTP/2 OPTIONS https://localhost:7283/api/WaslaAdmin/getAdminQuesList - 204 null null 0.4736ms
[2025-05-15 11:17:49.867 +03:00  INF]  Request starting HTTP/2 POST https://localhost:7283/api/WaslaAdmin/getAdminQuesList - application/json 14
[2025-05-15 11:17:49.871 +03:00  INF]  CORS policy execution successful.
[2025-05-15 11:17:49.883 +03:00  INF]  Executing endpoint 'Wasla_App.Controllers.WaslaAdminController.getQuesList (Wasla_App)'
[2025-05-15 11:17:49.964 +03:00  INF]  Route matched with {action = "getQuesList", controller = "WaslaAdmin"}. Executing controller action with signature System.Threading.Tasks.Task`1[Microsoft.AspNetCore.Mvc.IActionResult] getQuesList(WaslaApp.Data.Models.QuesLstReq) on controller Wasla_App.Controllers.WaslaAdminController (Wasla_App).
[2025-05-15 11:17:51.051 +03:00  INF]  Executed DbCommand (25ms) [Parameters=[], CommandType='"Text"', CommandTimeout='30']
SELECT r.ques_id, r.lang_code, r."order", r.ques_title, r.ques_type
FROM "RegistrationQuestions" AS r
[2025-05-15 11:17:51.057 +03:00  INF]  Executing OkObjectResult, writing value of type 'System.Collections.Generic.List`1[[WaslaApp.Data.Entities.RegistrationQuestion, WaslaApp.Data, Version=1.0.0.0, Culture=neutral, PublicKeyToken=null]]'.
[2025-05-15 11:17:51.060 +03:00  INF]  Executed action Wasla_App.Controllers.WaslaAdminController.getQuesList (Wasla_App) in 1095.4131ms
[2025-05-15 11:17:51.061 +03:00  INF]  Executed endpoint 'Wasla_App.Controllers.WaslaAdminController.getQuesList (Wasla_App)'
[2025-05-15 11:17:51.062 +03:00  INF]  Request finished HTTP/2 POST https://localhost:7283/api/WaslaAdmin/getAdminQuesList - 200 null application/json; charset=utf-8 1195.1069ms
[2025-05-15 11:18:09.206 +03:00  INF]  Request starting HTTP/2 OPTIONS https://localhost:7283/api/WaslaAdmin/getAdminQuesList - null null
[2025-05-15 11:18:09.206 +03:00  INF]  CORS policy execution successful.
[2025-05-15 11:18:09.207 +03:00  INF]  Request finished HTTP/2 OPTIONS https://localhost:7283/api/WaslaAdmin/getAdminQuesList - 204 null null 0.7168ms
[2025-05-15 11:18:09.219 +03:00  INF]  Request starting HTTP/2 POST https://localhost:7283/api/WaslaAdmin/getAdminQuesList - application/json 14
[2025-05-15 11:18:09.219 +03:00  INF]  CORS policy execution successful.
[2025-05-15 11:18:09.220 +03:00  INF]  Executing endpoint 'Wasla_App.Controllers.WaslaAdminController.getQuesList (Wasla_App)'
[2025-05-15 11:18:09.220 +03:00  INF]  Route matched with {action = "getQuesList", controller = "WaslaAdmin"}. Executing controller action with signature System.Threading.Tasks.Task`1[Microsoft.AspNetCore.Mvc.IActionResult] getQuesList(WaslaApp.Data.Models.QuesLstReq) on controller Wasla_App.Controllers.WaslaAdminController (Wasla_App).
[2025-05-15 11:18:09.229 +03:00  INF]  Executed DbCommand (6ms) [Parameters=[], CommandType='"Text"', CommandTimeout='30']
SELECT r.ques_id, r.lang_code, r."order", r.ques_title, r.ques_type
FROM "RegistrationQuestions" AS r
[2025-05-15 11:18:09.243 +03:00  INF]  Executing OkObjectResult, writing value of type 'System.Collections.Generic.List`1[[WaslaApp.Data.Entities.RegistrationQuestion, WaslaApp.Data, Version=1.0.0.0, Culture=neutral, PublicKeyToken=null]]'.
[2025-05-15 11:18:09.244 +03:00  INF]  Executed action Wasla_App.Controllers.WaslaAdminController.getQuesList (Wasla_App) in 23.4274ms
[2025-05-15 11:18:09.244 +03:00  INF]  Executed endpoint 'Wasla_App.Controllers.WaslaAdminController.getQuesList (Wasla_App)'
[2025-05-15 11:18:09.244 +03:00  INF]  Request finished HTTP/2 POST https://localhost:7283/api/WaslaAdmin/getAdminQuesList - 200 null application/json; charset=utf-8 25.5101ms
