[2025-05-31 20:46:30.342 +03:00  INF]  User profile is available. Using 'C:\Users\Pro\AppData\Local\ASP.NET\DataProtection-Keys' as key repository and Windows DPAPI to encrypt keys at rest.
[2025-05-31 20:46:30.819 +03:00  WRN]  The WebRootPath was not found: D:\waslaa\api\WaslaAPI\Wasla_App\wwwroot. Static files may be unavailable.
[2025-05-31 20:46:31.186 +03:00  INF]  Now listening on: https://localhost:7283
[2025-05-31 20:46:31.186 +03:00  INF]  Now listening on: http://localhost:5074
[2025-05-31 20:46:31.471 +03:00  INF]  Application started. Press Ctrl+C to shut down.
[2025-05-31 20:46:31.523 +03:00  INF]  Hosting environment: Development
[2025-05-31 20:46:31.524 +03:00  INF]  Content root path: D:\waslaa\api\WaslaAPI\Wasla_App
[2025-05-31 20:46:35.741 +03:00  INF]  Request starting HTTP/2 GET https://localhost:7283/swagger/index.html - null null
[2025-05-31 20:46:36.130 +03:00  INF]  Request finished HTTP/2 GET https://localhost:7283/swagger/index.html - 200 null text/html;charset=utf-8 402.3102ms
[2025-05-31 20:46:36.146 +03:00  INF]  Request starting HTTP/2 GET https://localhost:7283/_vs/browserLink - null null
[2025-05-31 20:46:36.146 +03:00  INF]  Request starting HTTP/2 GET https://localhost:7283/_framework/aspnetcore-browser-refresh.js - null null
[2025-05-31 20:46:36.171 +03:00  INF]  Request finished HTTP/2 GET https://localhost:7283/_framework/aspnetcore-browser-refresh.js - 200 16503 application/javascript; charset=utf-8 25.1278ms
[2025-05-31 20:46:36.344 +03:00  INF]  Request finished HTTP/2 GET https://localhost:7283/_vs/browserLink - 200 null text/javascript; charset=UTF-8 198.3793ms
[2025-05-31 20:46:36.411 +03:00  INF]  Request starting HTTP/2 GET https://localhost:7283/swagger/v1/swagger.json - null null
[2025-05-31 20:46:36.466 +03:00  INF]  Request finished HTTP/2 GET https://localhost:7283/swagger/v1/swagger.json - 200 null application/json;charset=utf-8 55.0564ms
[2025-05-31 20:47:07.577 +03:00  INF]  Request starting HTTP/2 POST https://localhost:7283/api/WaslaBrowse/GetPricingPackageWithService - application/json 40
[2025-05-31 20:47:07.606 +03:00  INF]  CORS policy execution successful.
[2025-05-31 20:47:09.212 +03:00  INF]  Executing endpoint 'Wasla_App.Controllers.WaslaBrowseController.GetPricingPackageWithService (Wasla_App)'
[2025-05-31 20:47:09.254 +03:00  INF]  Route matched with {action = "GetPricingPackageWithService", controller = "WaslaBrowse"}. Executing controller action with signature System.Threading.Tasks.Task`1[Microsoft.AspNetCore.Mvc.IActionResult] GetPricingPackageWithService(WaslaApp.Data.Models.LangReq) on controller Wasla_App.Controllers.WaslaBrowseController (Wasla_App).
[2025-05-31 20:47:11.608 +03:00  INF]  Executed DbCommand (110ms) [Parameters=[@__req_lang_0='?', @__ToLower_1='?'], CommandType='"Text"', CommandTimeout='30']
SELECT p3.curr_code, p.package_id, p3.discount_amount, p3.discount_type, p1.package_desc, p1.package_details, p1.package_name, p3.package_price, p3.package_sale_price, p.id AS servicepkg_id, p.service_id, p.service_name
FROM "PricingPkgServices" AS p
INNER JOIN (
    SELECT p0.package_id, p0.package_desc, p0.package_details, p0.package_name
    FROM "PricingPackages" AS p0
    WHERE p0.lang_code = @__req_lang_0
) AS p1 ON p.package_id = p1.package_id
INNER JOIN (
    SELECT p2.curr_code, p2.discount_amount, p2.discount_type, p2.package_id, p2.package_price, p2.package_sale_price
    FROM "PricingPkgCurrency" AS p2
    WHERE lower(p2.curr_code) = @__ToLower_1
) AS p3 ON p1.package_id = p3.package_id
[2025-05-31 20:47:11.688 +03:00  INF]  Executing OkObjectResult, writing value of type 'System.Collections.Generic.List`1[[WaslaApp.Data.Models.ServicesWithPkg, WaslaApp.Data, Version=1.0.0.0, Culture=neutral, PublicKeyToken=null]]'.
[2025-05-31 20:47:11.723 +03:00  INF]  Executed action Wasla_App.Controllers.WaslaBrowseController.GetPricingPackageWithService (Wasla_App) in 2462.7759ms
[2025-05-31 20:47:11.724 +03:00  INF]  Executed endpoint 'Wasla_App.Controllers.WaslaBrowseController.GetPricingPackageWithService (Wasla_App)'
[2025-05-31 20:47:11.737 +03:00  INF]  Request finished HTTP/2 POST https://localhost:7283/api/WaslaBrowse/GetPricingPackageWithService - 200 null application/json; charset=utf-8 4159.2425ms
[2025-05-31 20:49:32.986 +03:00  INF]  Request starting HTTP/2 POST https://localhost:7283/api/WaslaBrowse/GetPricingPackageWithService - application/json 40
[2025-05-31 20:49:32.995 +03:00  INF]  CORS policy execution successful.
[2025-05-31 20:49:33.006 +03:00  INF]  Executing endpoint 'Wasla_App.Controllers.WaslaBrowseController.GetPricingPackageWithService (Wasla_App)'
[2025-05-31 20:49:33.007 +03:00  INF]  Route matched with {action = "GetPricingPackageWithService", controller = "WaslaBrowse"}. Executing controller action with signature System.Threading.Tasks.Task`1[Microsoft.AspNetCore.Mvc.IActionResult] GetPricingPackageWithService(WaslaApp.Data.Models.LangReq) on controller Wasla_App.Controllers.WaslaBrowseController (Wasla_App).
[2025-05-31 20:49:33.059 +03:00  INF]  Executed DbCommand (7ms) [Parameters=[@__req_lang_0='?', @__ToLower_1='?'], CommandType='"Text"', CommandTimeout='30']
SELECT p3.curr_code, p.package_id, p3.discount_amount, p3.discount_type, p1.package_desc, p1.package_details, p1.package_name, p3.package_price, p3.package_sale_price, p.id AS servicepkg_id, p.service_id, p.service_name
FROM "PricingPkgServices" AS p
INNER JOIN (
    SELECT p0.package_id, p0.package_desc, p0.package_details, p0.package_name
    FROM "PricingPackages" AS p0
    WHERE p0.lang_code = @__req_lang_0
) AS p1 ON p.package_id = p1.package_id
INNER JOIN (
    SELECT p2.curr_code, p2.discount_amount, p2.discount_type, p2.package_id, p2.package_price, p2.package_sale_price
    FROM "PricingPkgCurrency" AS p2
    WHERE lower(p2.curr_code) = @__ToLower_1
) AS p3 ON p1.package_id = p3.package_id
[2025-05-31 20:49:33.062 +03:00  INF]  Executing OkObjectResult, writing value of type 'System.Collections.Generic.List`1[[WaslaApp.Data.Models.ServicesWithPkg, WaslaApp.Data, Version=1.0.0.0, Culture=neutral, PublicKeyToken=null]]'.
[2025-05-31 20:49:33.063 +03:00  INF]  Executed action Wasla_App.Controllers.WaslaBrowseController.GetPricingPackageWithService (Wasla_App) in 56.1264ms
[2025-05-31 20:49:33.063 +03:00  INF]  Executed endpoint 'Wasla_App.Controllers.WaslaBrowseController.GetPricingPackageWithService (Wasla_App)'
[2025-05-31 20:49:33.064 +03:00  INF]  Request finished HTTP/2 POST https://localhost:7283/api/WaslaBrowse/GetPricingPackageWithService - 200 null application/json; charset=utf-8 77.7114ms
[2025-05-31 20:50:06.698 +03:00  INF]  Request starting HTTP/2 POST https://localhost:7283/api/WaslaBrowse/GetPricingPackageWithService - application/json 40
[2025-05-31 20:50:06.699 +03:00  INF]  CORS policy execution successful.
[2025-05-31 20:50:06.716 +03:00  INF]  Executing endpoint 'Wasla_App.Controllers.WaslaBrowseController.GetPricingPackageWithService (Wasla_App)'
[2025-05-31 20:50:06.716 +03:00  INF]  Route matched with {action = "GetPricingPackageWithService", controller = "WaslaBrowse"}. Executing controller action with signature System.Threading.Tasks.Task`1[Microsoft.AspNetCore.Mvc.IActionResult] GetPricingPackageWithService(WaslaApp.Data.Models.LangReq) on controller Wasla_App.Controllers.WaslaBrowseController (Wasla_App).
[2025-05-31 20:50:06.824 +03:00  INF]  Executed DbCommand (6ms) [Parameters=[@__req_lang_0='?', @__ToLower_1='?'], CommandType='"Text"', CommandTimeout='30']
SELECT p3.curr_code, p.package_id, p3.discount_amount, p3.discount_type, p1.package_desc, p1.package_details, p1.package_name, p3.package_price, p3.package_sale_price, p.id AS servicepkg_id, p.service_id, p.service_name
FROM "PricingPkgServices" AS p
INNER JOIN (
    SELECT p0.package_id, p0.package_desc, p0.package_details, p0.package_name
    FROM "PricingPackages" AS p0
    WHERE p0.lang_code = @__req_lang_0
) AS p1 ON p.package_id = p1.package_id
INNER JOIN (
    SELECT p2.curr_code, p2.discount_amount, p2.discount_type, p2.package_id, p2.package_price, p2.package_sale_price
    FROM "PricingPkgCurrency" AS p2
    WHERE lower(p2.curr_code) = @__ToLower_1
) AS p3 ON p1.package_id = p3.package_id
[2025-05-31 20:50:06.828 +03:00  INF]  Executing OkObjectResult, writing value of type 'System.Collections.Generic.List`1[[WaslaApp.Data.Models.ServicesWithPkg, WaslaApp.Data, Version=1.0.0.0, Culture=neutral, PublicKeyToken=null]]'.
[2025-05-31 20:50:06.828 +03:00  INF]  Executed action Wasla_App.Controllers.WaslaBrowseController.GetPricingPackageWithService (Wasla_App) in 112.1818ms
[2025-05-31 20:50:06.828 +03:00  INF]  Executed endpoint 'Wasla_App.Controllers.WaslaBrowseController.GetPricingPackageWithService (Wasla_App)'
[2025-05-31 20:50:06.829 +03:00  INF]  Request finished HTTP/2 POST https://localhost:7283/api/WaslaBrowse/GetPricingPackageWithService - 200 null application/json; charset=utf-8 131.1103ms
[2025-05-31 20:50:17.072 +03:00  INF]  Request starting HTTP/2 POST https://localhost:7283/api/WaslaBrowse/GetPricingPackageWithService - application/json 40
[2025-05-31 20:50:17.074 +03:00  INF]  CORS policy execution successful.
[2025-05-31 20:50:17.074 +03:00  INF]  Executing endpoint 'Wasla_App.Controllers.WaslaBrowseController.GetPricingPackageWithService (Wasla_App)'
[2025-05-31 20:50:17.074 +03:00  INF]  Route matched with {action = "GetPricingPackageWithService", controller = "WaslaBrowse"}. Executing controller action with signature System.Threading.Tasks.Task`1[Microsoft.AspNetCore.Mvc.IActionResult] GetPricingPackageWithService(WaslaApp.Data.Models.LangReq) on controller Wasla_App.Controllers.WaslaBrowseController (Wasla_App).
[2025-05-31 20:50:17.082 +03:00  INF]  Executed DbCommand (6ms) [Parameters=[@__req_lang_0='?', @__ToLower_1='?'], CommandType='"Text"', CommandTimeout='30']
SELECT p3.curr_code, p.package_id, p3.discount_amount, p3.discount_type, p1.package_desc, p1.package_details, p1.package_name, p3.package_price, p3.package_sale_price, p.id AS servicepkg_id, p.service_id, p.service_name
FROM "PricingPkgServices" AS p
INNER JOIN (
    SELECT p0.package_id, p0.package_desc, p0.package_details, p0.package_name
    FROM "PricingPackages" AS p0
    WHERE p0.lang_code = @__req_lang_0
) AS p1 ON p.package_id = p1.package_id
INNER JOIN (
    SELECT p2.curr_code, p2.discount_amount, p2.discount_type, p2.package_id, p2.package_price, p2.package_sale_price
    FROM "PricingPkgCurrency" AS p2
    WHERE lower(p2.curr_code) = @__ToLower_1
) AS p3 ON p1.package_id = p3.package_id
[2025-05-31 20:50:17.082 +03:00  INF]  Executing OkObjectResult, writing value of type 'System.Collections.Generic.List`1[[WaslaApp.Data.Models.ServicesWithPkg, WaslaApp.Data, Version=1.0.0.0, Culture=neutral, PublicKeyToken=null]]'.
[2025-05-31 20:50:17.082 +03:00  INF]  Executed action Wasla_App.Controllers.WaslaBrowseController.GetPricingPackageWithService (Wasla_App) in 8.5815ms
[2025-05-31 20:50:17.083 +03:00  INF]  Executed endpoint 'Wasla_App.Controllers.WaslaBrowseController.GetPricingPackageWithService (Wasla_App)'
[2025-05-31 20:50:17.083 +03:00  INF]  Request finished HTTP/2 POST https://localhost:7283/api/WaslaBrowse/GetPricingPackageWithService - 200 null application/json; charset=utf-8 10.6152ms
