[2025-05-08 19:33:07.247 +03:00  INF]  User profile is available. Using 'C:\Users\ICONS\AppData\Local\ASP.NET\DataProtection-Keys' as key repository and Windows DPAPI to encrypt keys at rest.
[2025-05-08 19:33:07.564 +03:00  WRN]  The WebRootPath was not found: D:\WaslaProjectApi\Wasla_App\Wasla_App\wwwroot. Static files may be unavailable.
[2025-05-08 19:33:08.011 +03:00  INF]  Now listening on: https://localhost:7283
[2025-05-08 19:33:08.012 +03:00  INF]  Now listening on: http://localhost:5074
[2025-05-08 19:33:08.530 +03:00  INF]  Application started. Press Ctrl+C to shut down.
[2025-05-08 19:33:08.531 +03:00  INF]  Hosting environment: Development
[2025-05-08 19:33:08.531 +03:00  INF]  Content root path: D:\WaslaProjectApi\Wasla_App\Wasla_App
[2025-05-08 19:33:11.462 +03:00  INF]  Request starting HTTP/2 GET https://localhost:7283/swagger - null null
[2025-05-08 19:33:12.010 +03:00  INF]  Request finished HTTP/2 GET https://localhost:7283/swagger - 301 0 null 568.6969ms
[2025-05-08 19:33:12.039 +03:00  INF]  Request starting HTTP/2 GET https://localhost:7283/swagger/index.html - null null
[2025-05-08 19:33:12.351 +03:00  INF]  Request starting HTTP/2 GET https://localhost:7283/swagger/swagger-ui.css - null null
[2025-05-08 19:33:12.351 +03:00  INF]  Request starting HTTP/2 GET https://localhost:7283/swagger/swagger-ui-bundle.js - null null
[2025-05-08 19:33:12.353 +03:00  INF]  Request starting HTTP/2 GET https://localhost:7283/swagger/swagger-ui-standalone-preset.js - null null
[2025-05-08 19:33:12.355 +03:00  INF]  Request finished HTTP/2 GET https://localhost:7283/swagger/index.html - 200 null text/html;charset=utf-8 315.8074ms
[2025-05-08 19:33:12.375 +03:00  INF]  Request starting HTTP/2 GET https://localhost:7283/_framework/aspnetcore-browser-refresh.js - null null
[2025-05-08 19:33:12.387 +03:00  INF]  Request starting HTTP/2 GET https://localhost:7283/_vs/browserLink - null null
[2025-05-08 19:33:12.467 +03:00  INF]  Request finished HTTP/2 GET https://localhost:7283/_framework/aspnetcore-browser-refresh.js - 200 13770 application/javascript; charset=utf-8 92.1747ms
[2025-05-08 19:33:12.776 +03:00  INF]  Sending file. Request path: '/swagger-ui-standalone-preset.js'. Physical path: 'N/A'
[2025-05-08 19:33:12.780 +03:00  INF]  Request finished HTTP/2 GET https://localhost:7283/swagger/swagger-ui-standalone-preset.js - 200 230280 text/javascript 429.0791ms
[2025-05-08 19:33:12.782 +03:00  INF]  Sending file. Request path: '/swagger-ui.css'. Physical path: 'N/A'
[2025-05-08 19:33:12.783 +03:00  INF]  Request finished HTTP/2 GET https://localhost:7283/swagger/swagger-ui.css - 200 152034 text/css 432.4821ms
[2025-05-08 19:33:13.532 +03:00  INF]  Sending file. Request path: '/swagger-ui-bundle.js'. Physical path: 'N/A'
[2025-05-08 19:33:13.534 +03:00  INF]  Request finished HTTP/2 GET https://localhost:7283/swagger/swagger-ui-bundle.js - 200 1456926 text/javascript 1183.5594ms
[2025-05-08 19:33:13.538 +03:00  INF]  Request finished HTTP/2 GET https://localhost:7283/_vs/browserLink - 200 null text/javascript; charset=UTF-8 1151.3776ms
[2025-05-08 19:33:13.920 +03:00  INF]  Request starting HTTP/2 GET https://localhost:7283/swagger/v1/swagger.json - null null
[2025-05-08 19:33:13.973 +03:00  INF]  Request starting HTTP/2 GET https://localhost:7283/swagger/favicon-32x32.png - null null
[2025-05-08 19:33:13.974 +03:00  INF]  Sending file. Request path: '/favicon-32x32.png'. Physical path: 'N/A'
[2025-05-08 19:33:13.974 +03:00  INF]  Request finished HTTP/2 GET https://localhost:7283/swagger/favicon-32x32.png - 200 628 image/png 1.0098ms
[2025-05-08 19:33:14.020 +03:00  INF]  Request finished HTTP/2 GET https://localhost:7283/swagger/v1/swagger.json - 200 null application/json;charset=utf-8 100.5729ms
[2025-05-08 19:35:35.912 +03:00  INF]  Request starting HTTP/2 POST https://localhost:7283/api/WaslaClient/saveProfileImage - multipart/form-data; boundary=----WebKitFormBoundaryIDbBOYBFvRxNQEmD 30743
[2025-05-08 19:35:35.922 +03:00  INF]  CORS policy execution successful.
[2025-05-08 19:35:36.404 +03:00  INF]  Executing endpoint 'Wasla_App.Controllers.WaslaClientController.saveProfileImage (Wasla_App)'
[2025-05-08 19:35:36.496 +03:00  INF]  Route matched with {action = "saveProfileImage", controller = "WaslaClient"}. Executing controller action with signature Microsoft.AspNetCore.Mvc.IActionResult saveProfileImage(WaslaApp.Data.Models.ImgCls) on controller Wasla_App.Controllers.WaslaClientController (Wasla_App).
[2025-05-08 19:35:37.119 +03:00  INF]  image saved successfully
[2025-05-08 19:35:41.793 +03:00  INF]  Executed DbCommand (292ms) [Parameters=[@__image_client_id_0='?', @__image_type_1='?' (DbType = Int32)], CommandType='"Text"', CommandTimeout='30']
SELECT c.id, c.client_id, c.img_name, c.img_path, c.type
FROM "ClientImages" AS c
WHERE c.client_id = @__image_client_id_0 AND c.type = @__image_type_1
LIMIT 2
[2025-05-08 19:35:42.199 +03:00  INF]  Executed DbCommand (20ms) [Parameters=[@p4='?' (DbType = Decimal), @p0='?', @p1='?', @p2='?', @p3='?' (DbType = Int32)], CommandType='"Text"', CommandTimeout='30']
UPDATE "ClientImages" SET client_id = @p0, img_name = @p1, img_path = @p2, type = @p3
WHERE id = @p4;
[2025-05-08 19:35:42.224 +03:00  INF]  Executing OkObjectResult, writing value of type 'WaslaApp.Data.Models.ResponseCls'.
[2025-05-08 19:35:42.259 +03:00  INF]  Executed action Wasla_App.Controllers.WaslaClientController.saveProfileImage (Wasla_App) in 5754.8048ms
[2025-05-08 19:35:42.260 +03:00  INF]  Executed endpoint 'Wasla_App.Controllers.WaslaClientController.saveProfileImage (Wasla_App)'
[2025-05-08 19:35:42.275 +03:00  INF]  Request finished HTTP/2 POST https://localhost:7283/api/WaslaClient/saveProfileImage - 200 null application/json; charset=utf-8 6362.9614ms
