[2025-05-10 11:37:06.090 +03:00  INF]  User profile is available. Using 'C:\Users\ICONS\AppData\Local\ASP.NET\DataProtection-Keys' as key repository and Windows DPAPI to encrypt keys at rest.
[2025-05-10 11:37:06.510 +03:00  WRN]  The WebRootPath was not found: D:\WaslaProjectApi\Wasla_App\Wasla_App\wwwroot. Static files may be unavailable.
[2025-05-10 11:37:07.102 +03:00  INF]  Now listening on: https://localhost:7283
[2025-05-10 11:37:07.103 +03:00  INF]  Now listening on: http://localhost:5074
[2025-05-10 11:37:07.466 +03:00  INF]  Application started. Press Ctrl+C to shut down.
[2025-05-10 11:37:07.467 +03:00  INF]  Hosting environment: Development
[2025-05-10 11:37:07.467 +03:00  INF]  Content root path: D:\WaslaProjectApi\Wasla_App\Wasla_App
[2025-05-10 11:37:09.241 +03:00  INF]  Request starting HTTP/2 GET https://localhost:7283/swagger - null null
[2025-05-10 11:37:09.608 +03:00  INF]  Request finished HTTP/2 GET https://localhost:7283/swagger - 301 0 null 385.3321ms
[2025-05-10 11:37:09.637 +03:00  INF]  Request starting HTTP/2 GET https://localhost:7283/swagger/index.html - null null
[2025-05-10 11:37:09.823 +03:00  INF]  Request finished HTTP/2 GET https://localhost:7283/swagger/index.html - 200 null text/html;charset=utf-8 185.9068ms
[2025-05-10 11:37:10.103 +03:00  INF]  Request starting HTTP/2 GET https://localhost:7283/swagger/swagger-ui.css - null null
[2025-05-10 11:37:10.112 +03:00  INF]  Request starting HTTP/2 GET https://localhost:7283/swagger/swagger-ui-bundle.js - null null
[2025-05-10 11:37:10.132 +03:00  INF]  Request starting HTTP/2 GET https://localhost:7283/swagger/swagger-ui-standalone-preset.js - null null
[2025-05-10 11:37:10.276 +03:00  INF]  Sending file. Request path: '/swagger-ui.css'. Physical path: 'N/A'
[2025-05-10 11:37:10.281 +03:00  INF]  Request finished HTTP/2 GET https://localhost:7283/swagger/swagger-ui.css - 200 152034 text/css 177.9983ms
[2025-05-10 11:37:10.283 +03:00  INF]  Sending file. Request path: '/swagger-ui-standalone-preset.js'. Physical path: 'N/A'
[2025-05-10 11:37:10.284 +03:00  INF]  Request finished HTTP/2 GET https://localhost:7283/swagger/swagger-ui-standalone-preset.js - 200 230280 text/javascript 152.1115ms
[2025-05-10 11:37:10.359 +03:00  INF]  Sending file. Request path: '/swagger-ui-bundle.js'. Physical path: 'N/A'
[2025-05-10 11:37:10.360 +03:00  INF]  Request finished HTTP/2 GET https://localhost:7283/swagger/swagger-ui-bundle.js - 200 1456926 text/javascript 248.3107ms
[2025-05-10 11:37:10.625 +03:00  INF]  Request starting HTTP/2 GET https://localhost:7283/_framework/aspnetcore-browser-refresh.js - null null
[2025-05-10 11:37:10.631 +03:00  INF]  Request finished HTTP/2 GET https://localhost:7283/_framework/aspnetcore-browser-refresh.js - 200 13770 application/javascript; charset=utf-8 6.7562ms
[2025-05-10 11:37:10.751 +03:00  INF]  Request starting HTTP/2 GET https://localhost:7283/_vs/browserLink - null null
[2025-05-10 11:37:10.870 +03:00  INF]  Request finished HTTP/2 GET https://localhost:7283/_vs/browserLink - 200 null text/javascript; charset=UTF-8 119.0496ms
[2025-05-10 11:37:12.360 +03:00  INF]  Request starting HTTP/2 GET https://localhost:7283/swagger/v1/swagger.json - null null
[2025-05-10 11:37:12.376 +03:00  INF]  Request starting HTTP/2 GET https://localhost:7283/swagger/favicon-32x32.png - null null
[2025-05-10 11:37:12.377 +03:00  INF]  Sending file. Request path: '/favicon-32x32.png'. Physical path: 'N/A'
[2025-05-10 11:37:12.377 +03:00  INF]  Request finished HTTP/2 GET https://localhost:7283/swagger/favicon-32x32.png - 200 628 image/png 0.8962ms
[2025-05-10 11:37:12.397 +03:00  INF]  Request finished HTTP/2 GET https://localhost:7283/swagger/v1/swagger.json - 200 null application/json;charset=utf-8 37.2228ms
[2025-05-10 11:37:19.175 +03:00  INF]  Request starting HTTP/2 POST https://localhost:7283/api/WaslaAdmin/GetProduct_Tree - null 0
[2025-05-10 11:37:19.183 +03:00  INF]  CORS policy execution successful.
[2025-05-10 11:37:24.639 +03:00  INF]  Executing endpoint 'Wasla_App.Controllers.WaslaAdminController.GetProduct_Tree (Wasla_App)'
[2025-05-10 11:37:24.760 +03:00  INF]  Route matched with {action = "GetProduct_Tree", controller = "WaslaAdmin"}. Executing controller action with signature System.Threading.Tasks.Task`1[Microsoft.AspNetCore.Mvc.IActionResult] GetProduct_Tree() on controller Wasla_App.Controllers.WaslaAdminController (Wasla_App).
[2025-05-10 11:37:28.447 +03:00  INF]  Executed DbCommand (30ms) [Parameters=[], CommandType='"Text"', CommandTimeout='30']
SELECT p."productId", p.active, p."productName", p."productParent", p.product_desc
FROM "Product" AS p
[2025-05-10 11:37:28.608 +03:00  INF]  Executing OkObjectResult, writing value of type 'System.Collections.Generic.List`1[[WaslaApp.Data.Models.Product_Tree, WaslaApp.Data, Version=1.0.0.0, Culture=neutral, PublicKeyToken=null]]'.
[2025-05-10 11:37:28.642 +03:00  INF]  Executed action Wasla_App.Controllers.WaslaAdminController.GetProduct_Tree (Wasla_App) in 3875.4498ms
[2025-05-10 11:37:28.642 +03:00  INF]  Executed endpoint 'Wasla_App.Controllers.WaslaAdminController.GetProduct_Tree (Wasla_App)'
[2025-05-10 11:37:28.655 +03:00  INF]  Request finished HTTP/2 POST https://localhost:7283/api/WaslaAdmin/GetProduct_Tree - 200 null application/json; charset=utf-8 9480.1987ms
[2025-05-10 11:38:40.291 +03:00  INF]  Request starting HTTP/2 POST https://localhost:7283/api/WaslaClient/GetProduct_Tree - null 0
[2025-05-10 11:38:40.298 +03:00  INF]  CORS policy execution successful.
[2025-05-10 11:38:41.202 +03:00  INF]  Executing endpoint 'Wasla_App.Controllers.WaslaClientController.GetProduct_Tree (Wasla_App)'
[2025-05-10 11:38:41.308 +03:00  INF]  Route matched with {action = "GetProduct_Tree", controller = "WaslaClient"}. Executing controller action with signature System.Threading.Tasks.Task`1[Microsoft.AspNetCore.Mvc.IActionResult] GetProduct_Tree() on controller Wasla_App.Controllers.WaslaClientController (Wasla_App).
[2025-05-10 11:38:41.462 +03:00  INF]  Executed DbCommand (1ms) [Parameters=[], CommandType='"Text"', CommandTimeout='30']
SELECT p."productId", p.active, p."productName", p."productParent", p.product_desc
FROM "Product" AS p
WHERE p.active
[2025-05-10 11:38:41.526 +03:00  INF]  Executed DbCommand (23ms) [Parameters=[@__clientId_0='?', @__productId_1='?' (DbType = Int32)], CommandType='"Text"', CommandTimeout='30']
SELECT c.id, c.client_id, c."productId"
FROM "ClientServices" AS c
WHERE c.client_id = @__clientId_0 AND c."productId" = @__productId_1
LIMIT 2
[2025-05-10 11:38:41.573 +03:00  INF]  Executed DbCommand (2ms) [Parameters=[@__clientId_0='?', @__productId_1='?' (DbType = Int32)], CommandType='"Text"', CommandTimeout='30']
SELECT c.id, c.client_id, c."productId"
FROM "ClientServices" AS c
WHERE c.client_id = @__clientId_0 AND c."productId" = @__productId_1
LIMIT 2
[2025-05-10 11:38:41.577 +03:00  INF]  Executed DbCommand (2ms) [Parameters=[@__clientId_0='?', @__productId_1='?' (DbType = Int32)], CommandType='"Text"', CommandTimeout='30']
SELECT c.id, c.client_id, c."productId"
FROM "ClientServices" AS c
WHERE c.client_id = @__clientId_0 AND c."productId" = @__productId_1
LIMIT 2
[2025-05-10 11:38:41.580 +03:00  INF]  Executed DbCommand (2ms) [Parameters=[@__clientId_0='?', @__productId_1='?' (DbType = Int32)], CommandType='"Text"', CommandTimeout='30']
SELECT c.id, c.client_id, c."productId"
FROM "ClientServices" AS c
WHERE c.client_id = @__clientId_0 AND c."productId" = @__productId_1
LIMIT 2
[2025-05-10 11:38:41.583 +03:00  INF]  Executed DbCommand (1ms) [Parameters=[@__clientId_0='?', @__productId_1='?' (DbType = Int32)], CommandType='"Text"', CommandTimeout='30']
SELECT c.id, c.client_id, c."productId"
FROM "ClientServices" AS c
WHERE c.client_id = @__clientId_0 AND c."productId" = @__productId_1
LIMIT 2
[2025-05-10 11:38:41.586 +03:00  INF]  Executed DbCommand (1ms) [Parameters=[@__clientId_0='?', @__productId_1='?' (DbType = Int32)], CommandType='"Text"', CommandTimeout='30']
SELECT c.id, c.client_id, c."productId"
FROM "ClientServices" AS c
WHERE c.client_id = @__clientId_0 AND c."productId" = @__productId_1
LIMIT 2
[2025-05-10 11:38:41.589 +03:00  INF]  Executed DbCommand (2ms) [Parameters=[@__clientId_0='?', @__productId_1='?' (DbType = Int32)], CommandType='"Text"', CommandTimeout='30']
SELECT c.id, c.client_id, c."productId"
FROM "ClientServices" AS c
WHERE c.client_id = @__clientId_0 AND c."productId" = @__productId_1
LIMIT 2
[2025-05-10 11:38:46.425 +03:00  INF]  Executing OkObjectResult, writing value of type 'null'.
[2025-05-10 11:38:46.426 +03:00  INF]  Executed action Wasla_App.Controllers.WaslaClientController.GetProduct_Tree (Wasla_App) in 5117.1723ms
[2025-05-10 11:38:46.426 +03:00  INF]  Executed endpoint 'Wasla_App.Controllers.WaslaClientController.GetProduct_Tree (Wasla_App)'
[2025-05-10 11:38:46.426 +03:00  INF]  Request finished HTTP/2 POST https://localhost:7283/api/WaslaClient/GetProduct_Tree - 204 null null 6136.4054ms
[2025-05-10 11:38:52.403 +03:00  INF]  Request starting HTTP/2 POST https://localhost:7283/api/WaslaClient/GetProduct_Tree - null 0
[2025-05-10 11:38:52.433 +03:00  INF]  CORS policy execution successful.
[2025-05-10 11:38:52.441 +03:00  INF]  Executing endpoint 'Wasla_App.Controllers.WaslaClientController.GetProduct_Tree (Wasla_App)'
[2025-05-10 11:38:52.442 +03:00  INF]  Route matched with {action = "GetProduct_Tree", controller = "WaslaClient"}. Executing controller action with signature System.Threading.Tasks.Task`1[Microsoft.AspNetCore.Mvc.IActionResult] GetProduct_Tree() on controller Wasla_App.Controllers.WaslaClientController (Wasla_App).
[2025-05-10 11:38:52.542 +03:00  INF]  Executed DbCommand (1ms) [Parameters=[], CommandType='"Text"', CommandTimeout='30']
SELECT p."productId", p.active, p."productName", p."productParent", p.product_desc
FROM "Product" AS p
WHERE p.active
[2025-05-10 11:38:52.549 +03:00  INF]  Executed DbCommand (2ms) [Parameters=[@__clientId_0='?', @__productId_1='?' (DbType = Int32)], CommandType='"Text"', CommandTimeout='30']
SELECT c.id, c.client_id, c."productId"
FROM "ClientServices" AS c
WHERE c.client_id = @__clientId_0 AND c."productId" = @__productId_1
LIMIT 2
[2025-05-10 11:38:52.551 +03:00  INF]  Executed DbCommand (1ms) [Parameters=[@__clientId_0='?', @__productId_1='?' (DbType = Int32)], CommandType='"Text"', CommandTimeout='30']
SELECT c.id, c.client_id, c."productId"
FROM "ClientServices" AS c
WHERE c.client_id = @__clientId_0 AND c."productId" = @__productId_1
LIMIT 2
[2025-05-10 11:38:52.553 +03:00  INF]  Executed DbCommand (1ms) [Parameters=[@__clientId_0='?', @__productId_1='?' (DbType = Int32)], CommandType='"Text"', CommandTimeout='30']
SELECT c.id, c.client_id, c."productId"
FROM "ClientServices" AS c
WHERE c.client_id = @__clientId_0 AND c."productId" = @__productId_1
LIMIT 2
[2025-05-10 11:38:52.556 +03:00  INF]  Executed DbCommand (1ms) [Parameters=[@__clientId_0='?', @__productId_1='?' (DbType = Int32)], CommandType='"Text"', CommandTimeout='30']
SELECT c.id, c.client_id, c."productId"
FROM "ClientServices" AS c
WHERE c.client_id = @__clientId_0 AND c."productId" = @__productId_1
LIMIT 2
[2025-05-10 11:38:52.558 +03:00  INF]  Executed DbCommand (1ms) [Parameters=[@__clientId_0='?', @__productId_1='?' (DbType = Int32)], CommandType='"Text"', CommandTimeout='30']
SELECT c.id, c.client_id, c."productId"
FROM "ClientServices" AS c
WHERE c.client_id = @__clientId_0 AND c."productId" = @__productId_1
LIMIT 2
[2025-05-10 11:38:52.560 +03:00  INF]  Executed DbCommand (1ms) [Parameters=[@__clientId_0='?', @__productId_1='?' (DbType = Int32)], CommandType='"Text"', CommandTimeout='30']
SELECT c.id, c.client_id, c."productId"
FROM "ClientServices" AS c
WHERE c.client_id = @__clientId_0 AND c."productId" = @__productId_1
LIMIT 2
[2025-05-10 11:38:52.563 +03:00  INF]  Executed DbCommand (2ms) [Parameters=[@__clientId_0='?', @__productId_1='?' (DbType = Int32)], CommandType='"Text"', CommandTimeout='30']
SELECT c.id, c.client_id, c."productId"
FROM "ClientServices" AS c
WHERE c.client_id = @__clientId_0 AND c."productId" = @__productId_1
LIMIT 2
[2025-05-10 11:39:11.650 +03:00  INF]  Executing OkObjectResult, writing value of type 'null'.
[2025-05-10 11:39:11.650 +03:00  INF]  Executed action Wasla_App.Controllers.WaslaClientController.GetProduct_Tree (Wasla_App) in 19208.4698ms
[2025-05-10 11:39:11.650 +03:00  INF]  Executed endpoint 'Wasla_App.Controllers.WaslaClientController.GetProduct_Tree (Wasla_App)'
[2025-05-10 11:39:11.650 +03:00  INF]  Request finished HTTP/2 POST https://localhost:7283/api/WaslaClient/GetProduct_Tree - 204 null null 19247.676ms
[2025-05-10 11:39:15.137 +03:00  INF]  Request starting HTTP/2 POST https://localhost:7283/api/WaslaClient/GetProduct_Tree - null 0
[2025-05-10 11:39:15.137 +03:00  INF]  CORS policy execution successful.
[2025-05-10 11:39:15.140 +03:00  INF]  Executing endpoint 'Wasla_App.Controllers.WaslaClientController.GetProduct_Tree (Wasla_App)'
[2025-05-10 11:39:15.140 +03:00  INF]  Route matched with {action = "GetProduct_Tree", controller = "WaslaClient"}. Executing controller action with signature System.Threading.Tasks.Task`1[Microsoft.AspNetCore.Mvc.IActionResult] GetProduct_Tree() on controller Wasla_App.Controllers.WaslaClientController (Wasla_App).
[2025-05-10 11:39:15.146 +03:00  INF]  Executed DbCommand (4ms) [Parameters=[], CommandType='"Text"', CommandTimeout='30']
SELECT p."productId", p.active, p."productName", p."productParent", p.product_desc
FROM "Product" AS p
WHERE p.active
[2025-05-10 11:39:26.316 +03:00  INF]  Executed DbCommand (3ms) [Parameters=[@__clientId_0='?', @__productId_1='?' (DbType = Int32)], CommandType='"Text"', CommandTimeout='30']
SELECT c.id, c.client_id, c."productId"
FROM "ClientServices" AS c
WHERE c.client_id = @__clientId_0 AND c."productId" = @__productId_1
LIMIT 2
[2025-05-10 11:40:21.100 +03:00  INF]  User profile is available. Using 'C:\Users\ICONS\AppData\Local\ASP.NET\DataProtection-Keys' as key repository and Windows DPAPI to encrypt keys at rest.
[2025-05-10 11:40:21.377 +03:00  WRN]  The WebRootPath was not found: D:\WaslaProjectApi\Wasla_App\Wasla_App\wwwroot. Static files may be unavailable.
[2025-05-10 11:40:21.674 +03:00  INF]  Now listening on: https://localhost:7283
[2025-05-10 11:40:21.676 +03:00  INF]  Now listening on: http://localhost:5074
[2025-05-10 11:40:21.948 +03:00  INF]  Application started. Press Ctrl+C to shut down.
[2025-05-10 11:40:21.950 +03:00  INF]  Hosting environment: Development
[2025-05-10 11:40:21.950 +03:00  INF]  Content root path: D:\WaslaProjectApi\Wasla_App\Wasla_App
[2025-05-10 11:40:23.743 +03:00  INF]  Request starting HTTP/2 GET https://localhost:7283/swagger/index.html - null null
[2025-05-10 11:40:24.333 +03:00  INF]  Request finished HTTP/2 GET https://localhost:7283/swagger/index.html - 200 null text/html;charset=utf-8 604.0109ms
[2025-05-10 11:40:26.187 +03:00  INF]  Request starting HTTP/2 GET https://localhost:7283/_framework/aspnetcore-browser-refresh.js - null null
[2025-05-10 11:40:26.195 +03:00  INF]  Request finished HTTP/2 GET https://localhost:7283/_framework/aspnetcore-browser-refresh.js - 200 13770 application/javascript; charset=utf-8 8.7902ms
[2025-05-10 11:40:26.203 +03:00  INF]  Request starting HTTP/2 GET https://localhost:7283/_vs/browserLink - null null
[2025-05-10 11:40:26.269 +03:00  INF]  Request finished HTTP/2 GET https://localhost:7283/_vs/browserLink - 200 null text/javascript; charset=UTF-8 67.0518ms
[2025-05-10 11:40:27.204 +03:00  INF]  Request starting HTTP/2 GET https://localhost:7283/swagger/v1/swagger.json - null null
[2025-05-10 11:40:27.241 +03:00  INF]  Request finished HTTP/2 GET https://localhost:7283/swagger/v1/swagger.json - 200 null application/json;charset=utf-8 36.9307ms
[2025-05-10 11:41:41.423 +03:00  INF]  Request starting HTTP/2 POST https://localhost:7283/api/WaslaClient/GetProduct_Tree - null 0
[2025-05-10 11:41:41.428 +03:00  INF]  CORS policy execution successful.
[2025-05-10 11:41:41.658 +03:00  INF]  Executing endpoint 'Wasla_App.Controllers.WaslaClientController.GetProduct_Tree (Wasla_App)'
[2025-05-10 11:41:41.694 +03:00  INF]  Route matched with {action = "GetProduct_Tree", controller = "WaslaClient"}. Executing controller action with signature System.Threading.Tasks.Task`1[Microsoft.AspNetCore.Mvc.IActionResult] GetProduct_Tree() on controller Wasla_App.Controllers.WaslaClientController (Wasla_App).
[2025-05-10 11:41:43.677 +03:00  INF]  Executed DbCommand (28ms) [Parameters=[], CommandType='"Text"', CommandTimeout='30']
SELECT p."productId", p.active, p."productName", p."productParent", p.product_desc
FROM "Product" AS p
WHERE p.active
[2025-05-10 11:41:46.817 +03:00  INF]  Executed DbCommand (17ms) [Parameters=[@__clientId_0='?', @__productId_1='?' (DbType = Int32)], CommandType='"Text"', CommandTimeout='30']
SELECT c.id, c.client_id, c."productId"
FROM "ClientServices" AS c
WHERE c.client_id = @__clientId_0 AND c."productId" = @__productId_1
LIMIT 2
[2025-05-10 11:41:49.542 +03:00  INF]  Executed DbCommand (2ms) [Parameters=[@__clientId_0='?', @__productId_1='?' (DbType = Int32)], CommandType='"Text"', CommandTimeout='30']
SELECT c.id, c.client_id, c."productId"
FROM "ClientServices" AS c
WHERE c.client_id = @__clientId_0 AND c."productId" = @__productId_1
LIMIT 2
[2025-05-10 11:41:52.032 +03:00  INF]  Executed DbCommand (1ms) [Parameters=[@__clientId_0='?', @__productId_1='?' (DbType = Int32)], CommandType='"Text"', CommandTimeout='30']
SELECT c.id, c.client_id, c."productId"
FROM "ClientServices" AS c
WHERE c.client_id = @__clientId_0 AND c."productId" = @__productId_1
LIMIT 2
[2025-05-10 11:42:01.919 +03:00  INF]  Executed DbCommand (7ms) [Parameters=[@__clientId_0='?', @__productId_1='?' (DbType = Int32)], CommandType='"Text"', CommandTimeout='30']
SELECT c.id, c.client_id, c."productId"
FROM "ClientServices" AS c
WHERE c.client_id = @__clientId_0 AND c."productId" = @__productId_1
LIMIT 2
[2025-05-10 11:42:03.335 +03:00  INF]  Executed DbCommand (1ms) [Parameters=[@__clientId_0='?', @__productId_1='?' (DbType = Int32)], CommandType='"Text"', CommandTimeout='30']
SELECT c.id, c.client_id, c."productId"
FROM "ClientServices" AS c
WHERE c.client_id = @__clientId_0 AND c."productId" = @__productId_1
LIMIT 2
[2025-05-10 11:42:04.745 +03:00  INF]  Executed DbCommand (1ms) [Parameters=[@__clientId_0='?', @__productId_1='?' (DbType = Int32)], CommandType='"Text"', CommandTimeout='30']
SELECT c.id, c.client_id, c."productId"
FROM "ClientServices" AS c
WHERE c.client_id = @__clientId_0 AND c."productId" = @__productId_1
LIMIT 2
[2025-05-10 11:42:05.931 +03:00  INF]  Executed DbCommand (2ms) [Parameters=[@__clientId_0='?', @__productId_1='?' (DbType = Int32)], CommandType='"Text"', CommandTimeout='30']
SELECT c.id, c.client_id, c."productId"
FROM "ClientServices" AS c
WHERE c.client_id = @__clientId_0 AND c."productId" = @__productId_1
LIMIT 2
[2025-05-10 11:42:07.028 +03:00  INF]  Executed DbCommand (4ms) [Parameters=[@__clientId_0='?', @__productId_1='?' (DbType = Int32)], CommandType='"Text"', CommandTimeout='30']
SELECT c.id, c.client_id, c."productId"
FROM "ClientServices" AS c
WHERE c.client_id = @__clientId_0 AND c."productId" = @__productId_1
LIMIT 2
[2025-05-10 11:42:08.243 +03:00  INF]  Executed DbCommand (1ms) [Parameters=[@__clientId_0='?', @__productId_1='?' (DbType = Int32)], CommandType='"Text"', CommandTimeout='30']
SELECT c.id, c.client_id, c."productId"
FROM "ClientServices" AS c
WHERE c.client_id = @__clientId_0 AND c."productId" = @__productId_1
LIMIT 2
[2025-05-10 11:42:09.242 +03:00  INF]  Executed DbCommand (2ms) [Parameters=[@__clientId_0='?', @__productId_1='?' (DbType = Int32)], CommandType='"Text"', CommandTimeout='30']
SELECT c.id, c.client_id, c."productId"
FROM "ClientServices" AS c
WHERE c.client_id = @__clientId_0 AND c."productId" = @__productId_1
LIMIT 2
[2025-05-10 11:42:10.208 +03:00  INF]  Executed DbCommand (2ms) [Parameters=[@__clientId_0='?', @__productId_1='?' (DbType = Int32)], CommandType='"Text"', CommandTimeout='30']
SELECT c.id, c.client_id, c."productId"
FROM "ClientServices" AS c
WHERE c.client_id = @__clientId_0 AND c."productId" = @__productId_1
LIMIT 2
[2025-05-10 11:42:11.096 +03:00  INF]  Executed DbCommand (2ms) [Parameters=[@__clientId_0='?', @__productId_1='?' (DbType = Int32)], CommandType='"Text"', CommandTimeout='30']
SELECT c.id, c.client_id, c."productId"
FROM "ClientServices" AS c
WHERE c.client_id = @__clientId_0 AND c."productId" = @__productId_1
LIMIT 2
[2025-05-10 11:42:12.024 +03:00  INF]  Executed DbCommand (2ms) [Parameters=[@__clientId_0='?', @__productId_1='?' (DbType = Int32)], CommandType='"Text"', CommandTimeout='30']
SELECT c.id, c.client_id, c."productId"
FROM "ClientServices" AS c
WHERE c.client_id = @__clientId_0 AND c."productId" = @__productId_1
LIMIT 2
[2025-05-10 11:42:13.089 +03:00  INF]  Executed DbCommand (2ms) [Parameters=[@__clientId_0='?', @__productId_1='?' (DbType = Int32)], CommandType='"Text"', CommandTimeout='30']
SELECT c.id, c.client_id, c."productId"
FROM "ClientServices" AS c
WHERE c.client_id = @__clientId_0 AND c."productId" = @__productId_1
LIMIT 2
[2025-05-10 11:42:13.104 +03:00  INF]  Executing OkObjectResult, writing value of type 'System.Collections.Generic.List`1[[WaslaApp.Data.Models.Product_Tree, WaslaApp.Data, Version=1.0.0.0, Culture=neutral, PublicKeyToken=null]]'.
[2025-05-10 11:42:13.134 +03:00  INF]  Executed action Wasla_App.Controllers.WaslaClientController.GetProduct_Tree (Wasla_App) in 31433.8736ms
[2025-05-10 11:42:13.135 +03:00  INF]  Executed endpoint 'Wasla_App.Controllers.WaslaClientController.GetProduct_Tree (Wasla_App)'
[2025-05-10 11:42:13.148 +03:00  INF]  Request finished HTTP/2 POST https://localhost:7283/api/WaslaClient/GetProduct_Tree - 200 null application/json; charset=utf-8 31725.8347ms
[2025-05-10 11:45:00.759 +03:00  INF]  User profile is available. Using 'C:\Users\ICONS\AppData\Local\ASP.NET\DataProtection-Keys' as key repository and Windows DPAPI to encrypt keys at rest.
[2025-05-10 11:45:01.003 +03:00  WRN]  The WebRootPath was not found: D:\WaslaProjectApi\Wasla_App\Wasla_App\wwwroot. Static files may be unavailable.
[2025-05-10 11:45:01.218 +03:00  INF]  Now listening on: https://localhost:7283
[2025-05-10 11:45:01.218 +03:00  INF]  Now listening on: http://localhost:5074
[2025-05-10 11:45:01.865 +03:00  INF]  Application started. Press Ctrl+C to shut down.
[2025-05-10 11:45:01.866 +03:00  INF]  Hosting environment: Development
[2025-05-10 11:45:01.866 +03:00  INF]  Content root path: D:\WaslaProjectApi\Wasla_App\Wasla_App
[2025-05-10 11:45:03.010 +03:00  INF]  Request starting HTTP/2 GET https://localhost:7283/swagger/index.html - null null
[2025-05-10 11:45:03.503 +03:00  INF]  Request finished HTTP/2 GET https://localhost:7283/swagger/index.html - 200 null text/html;charset=utf-8 514.1997ms
[2025-05-10 11:45:05.013 +03:00  INF]  Request starting HTTP/2 GET https://localhost:7283/_framework/aspnetcore-browser-refresh.js - null null
[2025-05-10 11:45:05.013 +03:00  INF]  Request starting HTTP/2 GET https://localhost:7283/_vs/browserLink - null null
[2025-05-10 11:45:05.021 +03:00  INF]  Request finished HTTP/2 GET https://localhost:7283/_framework/aspnetcore-browser-refresh.js - 200 13770 application/javascript; charset=utf-8 8.4445ms
[2025-05-10 11:45:05.078 +03:00  INF]  Request finished HTTP/2 GET https://localhost:7283/_vs/browserLink - 200 null text/javascript; charset=UTF-8 64.4262ms
[2025-05-10 11:45:05.447 +03:00  INF]  Request starting HTTP/2 GET https://localhost:7283/swagger/v1/swagger.json - null null
[2025-05-10 11:45:05.470 +03:00  INF]  Request finished HTTP/2 GET https://localhost:7283/swagger/v1/swagger.json - 200 null application/json;charset=utf-8 23.1877ms
[2025-05-10 11:45:58.182 +03:00  INF]  Request starting HTTP/2 POST https://localhost:7283/api/WaslaClient/GetProduct_Tree - null 0
[2025-05-10 11:45:58.187 +03:00  INF]  CORS policy execution successful.
[2025-05-10 11:45:58.414 +03:00  INF]  Executing endpoint 'Wasla_App.Controllers.WaslaClientController.GetProduct_Tree (Wasla_App)'
[2025-05-10 11:45:58.449 +03:00  INF]  Route matched with {action = "GetProduct_Tree", controller = "WaslaClient"}. Executing controller action with signature System.Threading.Tasks.Task`1[Microsoft.AspNetCore.Mvc.IActionResult] GetProduct_Tree() on controller Wasla_App.Controllers.WaslaClientController (Wasla_App).
[2025-05-10 11:46:00.367 +03:00  INF]  Executed DbCommand (33ms) [Parameters=[], CommandType='"Text"', CommandTimeout='30']
SELECT p."productId", p.active, p."productName", p."productParent", p.product_desc
FROM "Product" AS p
WHERE p.active
[2025-05-10 11:46:05.455 +03:00  INF]  Executed DbCommand (24ms) [Parameters=[@__clientId_0='?', @__productId_1='?' (DbType = Int32)], CommandType='"Text"', CommandTimeout='30']
SELECT c.id, c.client_id, c."productId"
FROM "ClientServices" AS c
WHERE c.client_id = @__clientId_0 AND c."productId" = @__productId_1
LIMIT 2
[2025-05-10 11:46:05.493 +03:00  INF]  Executed DbCommand (1ms) [Parameters=[@__clientId_0='?', @__productId_1='?' (DbType = Int32)], CommandType='"Text"', CommandTimeout='30']
SELECT c.id, c.client_id, c."productId"
FROM "ClientServices" AS c
WHERE c.client_id = @__clientId_0 AND c."productId" = @__productId_1
LIMIT 2
[2025-05-10 11:46:05.497 +03:00  INF]  Executed DbCommand (1ms) [Parameters=[@__clientId_0='?', @__productId_1='?' (DbType = Int32)], CommandType='"Text"', CommandTimeout='30']
SELECT c.id, c.client_id, c."productId"
FROM "ClientServices" AS c
WHERE c.client_id = @__clientId_0 AND c."productId" = @__productId_1
LIMIT 2
[2025-05-10 11:46:05.500 +03:00  INF]  Executed DbCommand (1ms) [Parameters=[@__clientId_0='?', @__productId_1='?' (DbType = Int32)], CommandType='"Text"', CommandTimeout='30']
SELECT c.id, c.client_id, c."productId"
FROM "ClientServices" AS c
WHERE c.client_id = @__clientId_0 AND c."productId" = @__productId_1
LIMIT 2
[2025-05-10 11:46:05.502 +03:00  INF]  Executed DbCommand (1ms) [Parameters=[@__clientId_0='?', @__productId_1='?' (DbType = Int32)], CommandType='"Text"', CommandTimeout='30']
SELECT c.id, c.client_id, c."productId"
FROM "ClientServices" AS c
WHERE c.client_id = @__clientId_0 AND c."productId" = @__productId_1
LIMIT 2
[2025-05-10 11:46:05.504 +03:00  INF]  Executed DbCommand (1ms) [Parameters=[@__clientId_0='?', @__productId_1='?' (DbType = Int32)], CommandType='"Text"', CommandTimeout='30']
SELECT c.id, c.client_id, c."productId"
FROM "ClientServices" AS c
WHERE c.client_id = @__clientId_0 AND c."productId" = @__productId_1
LIMIT 2
[2025-05-10 11:46:05.507 +03:00  INF]  Executed DbCommand (1ms) [Parameters=[@__clientId_0='?', @__productId_1='?' (DbType = Int32)], CommandType='"Text"', CommandTimeout='30']
SELECT c.id, c.client_id, c."productId"
FROM "ClientServices" AS c
WHERE c.client_id = @__clientId_0 AND c."productId" = @__productId_1
LIMIT 2
[2025-05-10 11:46:05.509 +03:00  INF]  Executed DbCommand (1ms) [Parameters=[@__clientId_0='?', @__productId_1='?' (DbType = Int32)], CommandType='"Text"', CommandTimeout='30']
SELECT c.id, c.client_id, c."productId"
FROM "ClientServices" AS c
WHERE c.client_id = @__clientId_0 AND c."productId" = @__productId_1
LIMIT 2
[2025-05-10 11:46:05.511 +03:00  INF]  Executed DbCommand (1ms) [Parameters=[@__clientId_0='?', @__productId_1='?' (DbType = Int32)], CommandType='"Text"', CommandTimeout='30']
SELECT c.id, c.client_id, c."productId"
FROM "ClientServices" AS c
WHERE c.client_id = @__clientId_0 AND c."productId" = @__productId_1
LIMIT 2
[2025-05-10 11:46:05.514 +03:00  INF]  Executed DbCommand (1ms) [Parameters=[@__clientId_0='?', @__productId_1='?' (DbType = Int32)], CommandType='"Text"', CommandTimeout='30']
SELECT c.id, c.client_id, c."productId"
FROM "ClientServices" AS c
WHERE c.client_id = @__clientId_0 AND c."productId" = @__productId_1
LIMIT 2
[2025-05-10 11:46:05.516 +03:00  INF]  Executed DbCommand (1ms) [Parameters=[@__clientId_0='?', @__productId_1='?' (DbType = Int32)], CommandType='"Text"', CommandTimeout='30']
SELECT c.id, c.client_id, c."productId"
FROM "ClientServices" AS c
WHERE c.client_id = @__clientId_0 AND c."productId" = @__productId_1
LIMIT 2
[2025-05-10 11:46:05.518 +03:00  INF]  Executed DbCommand (1ms) [Parameters=[@__clientId_0='?', @__productId_1='?' (DbType = Int32)], CommandType='"Text"', CommandTimeout='30']
SELECT c.id, c.client_id, c."productId"
FROM "ClientServices" AS c
WHERE c.client_id = @__clientId_0 AND c."productId" = @__productId_1
LIMIT 2
[2025-05-10 11:46:05.520 +03:00  INF]  Executed DbCommand (1ms) [Parameters=[@__clientId_0='?', @__productId_1='?' (DbType = Int32)], CommandType='"Text"', CommandTimeout='30']
SELECT c.id, c.client_id, c."productId"
FROM "ClientServices" AS c
WHERE c.client_id = @__clientId_0 AND c."productId" = @__productId_1
LIMIT 2
[2025-05-10 11:46:05.522 +03:00  INF]  Executed DbCommand (1ms) [Parameters=[@__clientId_0='?', @__productId_1='?' (DbType = Int32)], CommandType='"Text"', CommandTimeout='30']
SELECT c.id, c.client_id, c."productId"
FROM "ClientServices" AS c
WHERE c.client_id = @__clientId_0 AND c."productId" = @__productId_1
LIMIT 2
[2025-05-10 11:46:05.533 +03:00  INF]  Executing OkObjectResult, writing value of type 'System.Collections.Generic.List`1[[WaslaApp.Data.Models.Product_Tree, WaslaApp.Data, Version=1.0.0.0, Culture=neutral, PublicKeyToken=null]]'.
[2025-05-10 11:46:05.559 +03:00  INF]  Executed action Wasla_App.Controllers.WaslaClientController.GetProduct_Tree (Wasla_App) in 7104.4247ms
[2025-05-10 11:46:05.560 +03:00  INF]  Executed endpoint 'Wasla_App.Controllers.WaslaClientController.GetProduct_Tree (Wasla_App)'
[2025-05-10 11:46:05.572 +03:00  INF]  Request finished HTTP/2 POST https://localhost:7283/api/WaslaClient/GetProduct_Tree - 200 null application/json; charset=utf-8 7390.5299ms
[2025-05-10 11:47:04.258 +03:00  INF]  User profile is available. Using 'C:\Users\ICONS\AppData\Local\ASP.NET\DataProtection-Keys' as key repository and Windows DPAPI to encrypt keys at rest.
[2025-05-10 11:47:04.552 +03:00  WRN]  The WebRootPath was not found: D:\WaslaProjectApi\Wasla_App\Wasla_App\wwwroot. Static files may be unavailable.
[2025-05-10 11:47:04.833 +03:00  INF]  Now listening on: https://localhost:7283
[2025-05-10 11:47:04.834 +03:00  INF]  Now listening on: http://localhost:5074
[2025-05-10 11:47:05.142 +03:00  INF]  Application started. Press Ctrl+C to shut down.
[2025-05-10 11:47:05.143 +03:00  INF]  Hosting environment: Development
[2025-05-10 11:47:05.143 +03:00  INF]  Content root path: D:\WaslaProjectApi\Wasla_App\Wasla_App
[2025-05-10 11:47:06.564 +03:00  INF]  Request starting HTTP/2 GET https://localhost:7283/swagger/index.html - null null
[2025-05-10 11:47:07.080 +03:00  INF]  Request finished HTTP/2 GET https://localhost:7283/swagger/index.html - 200 null text/html;charset=utf-8 534.6139ms
[2025-05-10 11:47:07.194 +03:00  INF]  Request starting HTTP/2 GET https://localhost:7283/_vs/browserLink - null null
[2025-05-10 11:47:07.194 +03:00  INF]  Request starting HTTP/2 GET https://localhost:7283/_framework/aspnetcore-browser-refresh.js - null null
[2025-05-10 11:47:07.216 +03:00  INF]  Request finished HTTP/2 GET https://localhost:7283/_framework/aspnetcore-browser-refresh.js - 200 13770 application/javascript; charset=utf-8 21.4614ms
[2025-05-10 11:47:07.296 +03:00  INF]  Request finished HTTP/2 GET https://localhost:7283/_vs/browserLink - 200 null text/javascript; charset=UTF-8 102.0152ms
[2025-05-10 11:47:07.370 +03:00  INF]  Request starting HTTP/2 GET https://localhost:7283/swagger/v1/swagger.json - null null
[2025-05-10 11:47:07.435 +03:00  INF]  Request finished HTTP/2 GET https://localhost:7283/swagger/v1/swagger.json - 200 null application/json;charset=utf-8 64.7833ms
[2025-05-10 11:47:54.219 +03:00  INF]  Request starting HTTP/2 POST https://localhost:7283/api/WaslaClient/GetProduct_Tree - null 0
[2025-05-10 11:47:54.233 +03:00  INF]  CORS policy execution successful.
[2025-05-10 11:47:54.449 +03:00  INF]  Executing endpoint 'Wasla_App.Controllers.WaslaClientController.GetProduct_Tree (Wasla_App)'
[2025-05-10 11:47:54.489 +03:00  INF]  Route matched with {action = "GetProduct_Tree", controller = "WaslaClient"}. Executing controller action with signature System.Threading.Tasks.Task`1[Microsoft.AspNetCore.Mvc.IActionResult] GetProduct_Tree() on controller Wasla_App.Controllers.WaslaClientController (Wasla_App).
[2025-05-10 11:47:56.237 +03:00  INF]  Executed DbCommand (30ms) [Parameters=[], CommandType='"Text"', CommandTimeout='30']
SELECT p."productId", p.active, p."productName", p."productParent", p.product_desc
FROM "Product" AS p
WHERE p.active
[2025-05-10 11:47:56.448 +03:00  INF]  Executed DbCommand (18ms) [Parameters=[@__clientId_0='?', @__productId_1='?' (DbType = Int32)], CommandType='"Text"', CommandTimeout='30']
SELECT c.id, c.client_id, c."productId"
FROM "ClientServices" AS c
WHERE c.client_id = @__clientId_0 AND c."productId" = @__productId_1
LIMIT 2
[2025-05-10 11:47:56.490 +03:00  INF]  Executed DbCommand (1ms) [Parameters=[@__clientId_0='?', @__productId_1='?' (DbType = Int32)], CommandType='"Text"', CommandTimeout='30']
SELECT c.id, c.client_id, c."productId"
FROM "ClientServices" AS c
WHERE c.client_id = @__clientId_0 AND c."productId" = @__productId_1
LIMIT 2
[2025-05-10 11:47:56.494 +03:00  INF]  Executed DbCommand (1ms) [Parameters=[@__clientId_0='?', @__productId_1='?' (DbType = Int32)], CommandType='"Text"', CommandTimeout='30']
SELECT c.id, c.client_id, c."productId"
FROM "ClientServices" AS c
WHERE c.client_id = @__clientId_0 AND c."productId" = @__productId_1
LIMIT 2
[2025-05-10 11:47:56.496 +03:00  INF]  Executed DbCommand (1ms) [Parameters=[@__clientId_0='?', @__productId_1='?' (DbType = Int32)], CommandType='"Text"', CommandTimeout='30']
SELECT c.id, c.client_id, c."productId"
FROM "ClientServices" AS c
WHERE c.client_id = @__clientId_0 AND c."productId" = @__productId_1
LIMIT 2
[2025-05-10 11:47:56.498 +03:00  INF]  Executed DbCommand (1ms) [Parameters=[@__clientId_0='?', @__productId_1='?' (DbType = Int32)], CommandType='"Text"', CommandTimeout='30']
SELECT c.id, c.client_id, c."productId"
FROM "ClientServices" AS c
WHERE c.client_id = @__clientId_0 AND c."productId" = @__productId_1
LIMIT 2
[2025-05-10 11:47:56.500 +03:00  INF]  Executed DbCommand (1ms) [Parameters=[@__clientId_0='?', @__productId_1='?' (DbType = Int32)], CommandType='"Text"', CommandTimeout='30']
SELECT c.id, c.client_id, c."productId"
FROM "ClientServices" AS c
WHERE c.client_id = @__clientId_0 AND c."productId" = @__productId_1
LIMIT 2
[2025-05-10 11:47:56.503 +03:00  INF]  Executed DbCommand (1ms) [Parameters=[@__clientId_0='?', @__productId_1='?' (DbType = Int32)], CommandType='"Text"', CommandTimeout='30']
SELECT c.id, c.client_id, c."productId"
FROM "ClientServices" AS c
WHERE c.client_id = @__clientId_0 AND c."productId" = @__productId_1
LIMIT 2
[2025-05-10 11:47:56.511 +03:00  INF]  Executed DbCommand (1ms) [Parameters=[@__clientId_0='?', @__productId_1='?' (DbType = Int32)], CommandType='"Text"', CommandTimeout='30']
SELECT c.id, c.client_id, c."productId"
FROM "ClientServices" AS c
WHERE c.client_id = @__clientId_0 AND c."productId" = @__productId_1
LIMIT 2
[2025-05-10 11:47:56.513 +03:00  INF]  Executed DbCommand (1ms) [Parameters=[@__clientId_0='?', @__productId_1='?' (DbType = Int32)], CommandType='"Text"', CommandTimeout='30']
SELECT c.id, c.client_id, c."productId"
FROM "ClientServices" AS c
WHERE c.client_id = @__clientId_0 AND c."productId" = @__productId_1
LIMIT 2
[2025-05-10 11:47:56.515 +03:00  INF]  Executed DbCommand (1ms) [Parameters=[@__clientId_0='?', @__productId_1='?' (DbType = Int32)], CommandType='"Text"', CommandTimeout='30']
SELECT c.id, c.client_id, c."productId"
FROM "ClientServices" AS c
WHERE c.client_id = @__clientId_0 AND c."productId" = @__productId_1
LIMIT 2
[2025-05-10 11:47:56.517 +03:00  INF]  Executed DbCommand (1ms) [Parameters=[@__clientId_0='?', @__productId_1='?' (DbType = Int32)], CommandType='"Text"', CommandTimeout='30']
SELECT c.id, c.client_id, c."productId"
FROM "ClientServices" AS c
WHERE c.client_id = @__clientId_0 AND c."productId" = @__productId_1
LIMIT 2
[2025-05-10 11:47:56.520 +03:00  INF]  Executed DbCommand (1ms) [Parameters=[@__clientId_0='?', @__productId_1='?' (DbType = Int32)], CommandType='"Text"', CommandTimeout='30']
SELECT c.id, c.client_id, c."productId"
FROM "ClientServices" AS c
WHERE c.client_id = @__clientId_0 AND c."productId" = @__productId_1
LIMIT 2
[2025-05-10 11:47:56.522 +03:00  INF]  Executed DbCommand (1ms) [Parameters=[@__clientId_0='?', @__productId_1='?' (DbType = Int32)], CommandType='"Text"', CommandTimeout='30']
SELECT c.id, c.client_id, c."productId"
FROM "ClientServices" AS c
WHERE c.client_id = @__clientId_0 AND c."productId" = @__productId_1
LIMIT 2
[2025-05-10 11:47:56.523 +03:00  INF]  Executed DbCommand (1ms) [Parameters=[@__clientId_0='?', @__productId_1='?' (DbType = Int32)], CommandType='"Text"', CommandTimeout='30']
SELECT c.id, c.client_id, c."productId"
FROM "ClientServices" AS c
WHERE c.client_id = @__clientId_0 AND c."productId" = @__productId_1
LIMIT 2
[2025-05-10 11:47:56.535 +03:00  INF]  Executing OkObjectResult, writing value of type 'System.Collections.Generic.List`1[[WaslaApp.Data.Models.Product_Tree, WaslaApp.Data, Version=1.0.0.0, Culture=neutral, PublicKeyToken=null]]'.
[2025-05-10 11:47:56.560 +03:00  INF]  Executed action Wasla_App.Controllers.WaslaClientController.GetProduct_Tree (Wasla_App) in 2066.4714ms
[2025-05-10 11:47:56.561 +03:00  INF]  Executed endpoint 'Wasla_App.Controllers.WaslaClientController.GetProduct_Tree (Wasla_App)'
[2025-05-10 11:47:56.573 +03:00  INF]  Request finished HTTP/2 POST https://localhost:7283/api/WaslaClient/GetProduct_Tree - 200 null application/json; charset=utf-8 2353.8849ms
